2025-07-28 15:53:09,632 - INFO - 기존 토큰을 재사용합니다. (만료: 2025-07-28 23:15:51)
2025-07-28 15:53:09,632 - INFO - 🚀 동적 종목선별 자동매매 시작!
2025-07-28 15:53:09,973 - INFO - 토큰 준비 완료 ✅
2025-07-28 15:53:09,974 - INFO - 장 시간 외 - 대기 중...
2025-07-28 15:53:17,268 - INFO - 사용자가 프로그램을 종료했습니다.
2025-07-28 15:53:17,609 - INFO - 동적 자동매매 프로그램 종료
2025-07-28 15:56:01,881 - INFO - 기존 토큰을 재사용합니다. (만료: 2025-07-28 23:15:51)
2025-07-28 15:56:01,882 - INFO - 🚀 동적 종목선별 자동매매 시작!
2025-07-28 15:56:02,362 - INFO - 토큰 준비 완료 ✅
2025-07-28 15:56:02,362 - INFO - 🎯 장 마감 시간입니다. 잠시 후 종목 선별을 시작합니다.
2025-07-28 15:56:02,363 - INFO - 🔍 일단위 종목 선별 시작...
2025-07-28 15:56:02,363 - INFO - 선별 대상: 30개 종목
2025-07-28 15:56:02,404 - INFO - 진행률: 1/30 - 005930: 0.00점
2025-07-28 15:56:02,530 - INFO - 진행률: 2/30 - 000660: 0.00점
2025-07-28 15:56:02,678 - INFO - 진행률: 3/30 - 035420: 0.00점
2025-07-28 15:56:02,807 - INFO - 진행률: 4/30 - 005380: 0.00점
2025-07-28 15:56:02,949 - INFO - 진행률: 5/30 - 006400: 0.00점
2025-07-28 15:56:03,100 - INFO - 진행률: 6/30 - 035720: 0.00점
2025-07-28 15:56:03,232 - INFO - 진행률: 7/30 - 051910: 0.00점
2025-07-28 15:56:03,367 - INFO - 진행률: 8/30 - 096770: 0.00점
2025-07-28 15:56:03,510 - INFO - 진행률: 9/30 - 068270: 0.00점
2025-07-28 15:56:03,651 - INFO - 진행률: 10/30 - 323410: 0.00점
2025-07-28 15:56:03,778 - INFO - 진행률: 11/30 - 207940: 0.00점
2025-07-28 15:56:03,916 - INFO - 진행률: 12/30 - 000270: 0.00점
2025-07-28 15:56:04,049 - INFO - 진행률: 13/30 - 028260: 0.00점
2025-07-28 15:56:04,181 - INFO - 진행률: 14/30 - 012330: 0.00점
2025-07-28 15:56:04,312 - INFO - 진행률: 15/30 - 066570: 0.00점
2025-07-28 15:56:04,452 - INFO - 진행률: 16/30 - 003550: 0.00점
2025-07-28 15:56:04,586 - INFO - 진행률: 17/30 - 017670: 0.00점
2025-07-28 15:56:04,720 - INFO - 진행률: 18/30 - 030200: 0.00점
2025-07-28 15:56:04,858 - INFO - 진행률: 19/30 - 034730: 0.00점
2025-07-28 15:56:04,995 - INFO - 진행률: 20/30 - 018260: 0.00점
2025-07-28 15:56:05,139 - INFO - 진행률: 21/30 - 032830: 0.00점
2025-07-28 15:56:05,270 - INFO - 진행률: 22/30 - 015760: 0.00점
2025-07-28 15:56:05,420 - INFO - 진행률: 23/30 - 003490: 0.00점
2025-07-28 15:56:05,559 - INFO - 진행률: 24/30 - 009150: 0.00점
2025-07-28 15:56:05,691 - INFO - 진행률: 25/30 - 011200: 0.00점
2025-07-28 15:56:05,821 - INFO - 진행률: 26/30 - 259960: 0.00점
2025-07-28 15:56:05,966 - INFO - 진행률: 27/30 - 036570: 0.00점
2025-07-28 15:56:06,119 - INFO - 진행률: 28/30 - 251270: 0.00점
2025-07-28 15:56:06,258 - INFO - 진행률: 29/30 - 352820: 0.00점
2025-07-28 15:56:06,400 - INFO - 진행률: 30/30 - 062040: 0.00점
2025-07-28 15:56:06,503 - INFO - ✅ 종목 선별 완료!
2025-07-28 15:56:06,503 - ERROR - 프로그램 실행 중 오류: 'momentum'
2025-07-28 15:56:06,504 - INFO - 동적 자동매매 프로그램 종료
2025-07-28 15:58:44,376 - INFO - 기존 토큰을 재사용합니다. (만료: 2025-07-28 23:15:51)
2025-07-28 15:58:44,376 - INFO - 🚀 동적 종목선별 자동매매 시작!
2025-07-28 15:58:44,739 - INFO - 토큰 준비 완료 ✅
2025-07-28 15:58:44,739 - INFO - 🎯 장 마감 시간입니다. 잠시 후 종목 선별을 시작합니다.
2025-07-28 15:58:44,739 - INFO - 🔍 일단위 종목 선별 시작...
2025-07-28 15:58:44,739 - INFO - 선별 대상: 30개 종목
2025-07-28 15:58:44,774 - INFO - 진행률: 1/30 - 005930: 0.00점
2025-07-28 15:58:44,927 - INFO - 진행률: 2/30 - 000660: 0.00점
2025-07-28 15:58:45,066 - INFO - 진행률: 3/30 - 035420: 0.00점
2025-07-28 15:58:45,207 - INFO - 진행률: 4/30 - 005380: 0.00점
2025-07-28 15:58:45,347 - INFO - 진행률: 5/30 - 006400: 0.00점
2025-07-28 15:58:45,477 - INFO - 진행률: 6/30 - 035720: 0.00점
2025-07-28 15:58:45,610 - INFO - 진행률: 7/30 - 051910: 0.00점
2025-07-28 15:58:45,734 - INFO - 진행률: 8/30 - 096770: 0.00점
2025-07-28 15:58:45,868 - INFO - 진행률: 9/30 - 068270: 0.00점
2025-07-28 15:58:46,000 - INFO - 진행률: 10/30 - 323410: 0.00점
2025-07-28 15:58:46,134 - INFO - 진행률: 11/30 - 207940: 0.00점
2025-07-28 15:58:46,269 - INFO - 진행률: 12/30 - 000270: 0.00점
2025-07-28 15:58:46,398 - INFO - 진행률: 13/30 - 028260: 0.00점
2025-07-28 15:58:46,552 - INFO - 진행률: 14/30 - 012330: 0.00점
2025-07-28 15:58:46,694 - INFO - 진행률: 15/30 - 066570: 0.00점
2025-07-28 15:58:46,833 - INFO - 진행률: 16/30 - 003550: 0.00점
2025-07-28 15:58:46,966 - INFO - 진행률: 17/30 - 017670: 0.00점
2025-07-28 15:58:47,106 - INFO - 진행률: 18/30 - 030200: 0.00점
2025-07-28 15:58:47,229 - INFO - 진행률: 19/30 - 034730: 0.00점
2025-07-28 15:58:47,362 - INFO - 진행률: 20/30 - 018260: 0.00점
2025-07-28 15:58:47,495 - INFO - 진행률: 21/30 - 032830: 0.00점
2025-07-28 15:58:47,630 - INFO - 진행률: 22/30 - 015760: 0.00점
2025-07-28 15:58:47,769 - INFO - 진행률: 23/30 - 003490: 0.00점
2025-07-28 15:58:47,907 - INFO - 진행률: 24/30 - 009150: 0.00점
2025-07-28 15:58:48,053 - INFO - 진행률: 25/30 - 011200: 0.00점
2025-07-28 15:58:48,183 - INFO - 진행률: 26/30 - 259960: 0.00점
2025-07-28 15:58:48,318 - INFO - 진행률: 27/30 - 036570: 0.00점
2025-07-28 15:58:48,459 - INFO - 진행률: 28/30 - 251270: 0.00점
2025-07-28 15:58:48,591 - INFO - 진행률: 29/30 - 352820: 0.00점
2025-07-28 15:58:48,726 - INFO - 진행률: 30/30 - 062040: 0.00점
2025-07-28 15:58:48,836 - WARNING - 모든 종목 점수가 0점입니다. 첫 번째 종목을 기본 선택합니다.
2025-07-28 15:58:48,837 - INFO - ✅ 종목 선별 완료!
2025-07-28 15:58:48,837 - INFO - 1위. 005930: 0.00점 (오류: insufficient_data)
2025-07-28 15:58:48,837 - ERROR - 프로그램 실행 중 오류: 'momentum'
2025-07-28 15:58:48,837 - INFO - 동적 자동매매 프로그램 종료
2025-07-28 16:08:07,987 - INFO - 기존 토큰을 재사용합니다. (만료: 2025-07-28 23:15:51)
2025-07-28 16:08:07,987 - INFO - 🚀 동적 종목선별 자동매매 시작!
2025-07-28 16:08:08,404 - INFO - 토큰 준비 완료 ✅
2025-07-28 16:08:08,404 - INFO - 🎯 지금 바로 내일 거래를 위한 종목 선별이 가능합니다.
2025-07-28 16:08:08,404 - INFO - 🔍 일단위 종목 선별 시작...
2025-07-28 16:08:08,405 - INFO - 선별 대상: 30개 종목
2025-07-28 16:08:08,460 - INFO - 진행률: 1/30 - 005930: 10.62점
2025-07-28 16:08:08,618 - INFO - 진행률: 2/30 - 000660: -12.98점
2025-07-28 16:08:08,778 - INFO - 진행률: 3/30 - 035420: -17.00점
2025-07-28 16:08:08,934 - INFO - 진행률: 4/30 - 005380: 10.00점
2025-07-28 16:08:09,079 - INFO - 진행률: 5/30 - 006400: 11.40점
2025-07-28 16:08:09,217 - INFO - 진행률: 6/30 - 035720: -13.99점
2025-07-28 16:08:09,357 - INFO - 진행률: 7/30 - 051910: 9.83점
2025-07-28 16:08:09,493 - INFO - 진행률: 8/30 - 096770: -18.00점
2025-07-28 16:08:09,645 - INFO - 진행률: 9/30 - 068270: 7.73점
2025-07-28 16:08:09,797 - INFO - 진행률: 10/30 - 323410: -12.19점
2025-07-28 16:08:09,953 - INFO - 진행률: 11/30 - 207940: 11.75점
2025-07-28 16:08:10,100 - INFO - 진행률: 12/30 - 000270: 13.41점
2025-07-28 16:08:10,263 - INFO - 진행률: 13/30 - 028260: -3.63점
2025-07-28 16:08:10,420 - INFO - 진행률: 14/30 - 012330: 3.01점
2025-07-28 16:08:10,564 - INFO - 진행률: 15/30 - 066570: 5.96점
2025-07-28 16:08:10,711 - INFO - 진행률: 16/30 - 003550: -10.73점
2025-07-28 16:08:10,857 - INFO - 진행률: 17/30 - 017670: -7.51점
2025-07-28 16:08:10,999 - INFO - 진행률: 18/30 - 030200: -7.88점
2025-07-28 16:08:11,152 - INFO - 진행률: 19/30 - 034730: -17.38점
2025-07-28 16:08:11,303 - INFO - 진행률: 20/30 - 018260: -11.56점
2025-07-28 16:08:11,458 - INFO - 진행률: 21/30 - 032830: -7.17점
2025-07-28 16:08:11,615 - INFO - 진행률: 22/30 - 015760: -1.10점
2025-07-28 16:08:11,769 - INFO - 진행률: 23/30 - 003490: 0.48점
2025-07-28 16:08:11,921 - INFO - 진행률: 24/30 - 009150: -0.98점
2025-07-28 16:08:12,074 - INFO - 진행률: 25/30 - 011200: -2.14점
2025-07-28 16:08:12,221 - INFO - 진행률: 26/30 - 259960: -11.91점
2025-07-28 16:08:12,358 - INFO - 진행률: 27/30 - 036570: -11.63점
2025-07-28 16:08:12,506 - INFO - 진행률: 28/30 - 251270: -0.42점
2025-07-28 16:08:12,645 - INFO - 진행률: 29/30 - 352820: -10.46점
2025-07-28 16:08:12,809 - INFO - 진행률: 30/30 - 062040: 8.88점
2025-07-28 16:08:12,915 - INFO - ✅ 종목 선별 완료!
2025-07-28 16:08:12,916 - INFO - 1위. 000270: 13.41점 (모멘텀:6.9, 거래량:5.0, 변동성:-0.5, 기술:2.0)
2025-07-28 16:08:12,916 - INFO - 2위. 207940: 11.75점 (모멘텀:6.4, 거래량:3.4, 변동성:-0.0, 기술:2.0)
2025-07-28 16:08:12,916 - INFO - 3위. 006400: 11.40점 (모멘텀:9.1, 거래량:1.2, 변동성:-0.9, 기술:2.0)
2025-07-28 16:08:12,916 - INFO - 4위. 005930: 10.62점 (모멘텀:10.0, 거래량:-0.8, 변동성:-0.6, 기술:2.0)
2025-07-28 16:08:12,916 - INFO - 5위. 005380: 10.00점 (모멘텀:4.0, 거래량:5.0, 변동성:-1.0, 기술:2.0)
2025-07-28 16:08:13,331 - INFO - 🌙 장 마감 후 - 내일 거래 준비 완료
2025-07-28 16:10:28,341 - INFO - 사용자가 프로그램을 종료했습니다.
2025-07-28 16:10:28,707 - INFO - 동적 자동매매 프로그램 종료
2025-07-28 16:10:41,286 - INFO - 기존 토큰을 재사용합니다. (만료: 2025-07-28 23:15:51)
2025-07-28 16:10:41,286 - INFO - 🚀 동적 종목선별 자동매매 시작!
2025-07-28 16:10:41,705 - INFO - 토큰 준비 완료 ✅
2025-07-28 16:10:41,705 - INFO - 🎯 지금 바로 내일 거래를 위한 종목 선별이 가능합니다.
2025-07-28 16:10:41,705 - INFO - 🔍 일단위 종목 선별 시작...
2025-07-28 16:10:41,706 - INFO - 선별 대상: 30개 종목
2025-07-28 16:10:41,757 - INFO - 진행률: 1/30 - 005930: 10.62점
2025-07-28 16:10:41,905 - INFO - 진행률: 2/30 - 000660: -12.98점
2025-07-28 16:10:42,065 - INFO - 진행률: 3/30 - 035420: -17.00점
2025-07-28 16:10:42,212 - INFO - 진행률: 4/30 - 005380: 10.00점
2025-07-28 16:10:42,367 - INFO - 진행률: 5/30 - 006400: 11.40점
2025-07-28 16:10:42,530 - INFO - 진행률: 6/30 - 035720: -13.99점
2025-07-28 16:10:42,688 - INFO - 진행률: 7/30 - 051910: 9.83점
2025-07-28 16:10:42,837 - INFO - 진행률: 8/30 - 096770: -18.00점
2025-07-28 16:10:42,990 - INFO - 진행률: 9/30 - 068270: 7.73점
2025-07-28 16:10:43,140 - INFO - 진행률: 10/30 - 323410: -12.19점
2025-07-28 16:10:43,298 - INFO - 진행률: 11/30 - 207940: 11.75점
2025-07-28 16:10:43,457 - INFO - 진행률: 12/30 - 000270: 13.41점
2025-07-28 16:10:43,608 - INFO - 진행률: 13/30 - 028260: -3.63점
2025-07-28 16:10:43,763 - INFO - 진행률: 14/30 - 012330: 3.01점
2025-07-28 16:10:43,916 - INFO - 진행률: 15/30 - 066570: 5.96점
2025-07-28 16:10:44,075 - INFO - 진행률: 16/30 - 003550: -10.73점
2025-07-28 16:10:44,235 - INFO - 진행률: 17/30 - 017670: -7.51점
2025-07-28 16:10:44,391 - INFO - 진행률: 18/30 - 030200: -7.88점
2025-07-28 16:10:44,552 - INFO - 진행률: 19/30 - 034730: -17.38점
2025-07-28 16:10:44,707 - INFO - 진행률: 20/30 - 018260: -11.56점
2025-07-28 16:10:44,855 - INFO - 진행률: 21/30 - 032830: -7.17점
2025-07-28 16:10:45,011 - INFO - 진행률: 22/30 - 015760: -1.10점
2025-07-28 16:10:45,167 - INFO - 진행률: 23/30 - 003490: 0.48점
2025-07-28 16:10:45,327 - INFO - 진행률: 24/30 - 009150: -0.98점
2025-07-28 16:10:45,485 - INFO - 진행률: 25/30 - 011200: -2.14점
2025-07-28 16:10:45,631 - INFO - 진행률: 26/30 - 259960: -11.91점
2025-07-28 16:10:45,788 - INFO - 진행률: 27/30 - 036570: -11.63점
2025-07-28 16:10:45,945 - INFO - 진행률: 28/30 - 251270: -0.42점
2025-07-28 16:10:46,100 - INFO - 진행률: 29/30 - 352820: -10.46점
2025-07-28 16:10:46,258 - INFO - 진행률: 30/30 - 062040: 8.88점
2025-07-28 16:10:46,368 - INFO - ✅ 종목 선별 완료!
2025-07-28 16:10:46,516 - INFO - 1위. 000270(000270): 13.41점 (모멘텀:6.9, 거래량:5.0, 변동성:-0.5, 기술:2.0)
2025-07-28 16:10:46,517 - INFO - 2위. 207940(207940): 11.75점 (모멘텀:6.4, 거래량:3.4, 변동성:-0.0, 기술:2.0)
2025-07-28 16:10:46,517 - INFO - 3위. 006400(006400): 11.40점 (모멘텀:9.1, 거래량:1.2, 변동성:-0.9, 기술:2.0)
2025-07-28 16:10:46,517 - INFO - 4위. 005930(005930): 10.62점 (모멘텀:10.0, 거래량:-0.8, 변동성:-0.6, 기술:2.0)
2025-07-28 16:10:46,517 - INFO - 5위. 005380(005380): 10.00점 (모멘텀:4.0, 거래량:5.0, 변동성:-1.0, 기술:2.0)
2025-07-28 16:10:46,950 - INFO - 🌙 장 마감 후 - 내일 거래 준비 완료
2025-07-28 16:11:39,231 - INFO - 사용자가 프로그램을 종료했습니다.
2025-07-28 16:11:39,609 - INFO - 동적 자동매매 프로그램 종료
2025-07-28 16:12:25,566 - INFO - 기존 토큰을 재사용합니다. (만료: 2025-07-28 23:15:51)
2025-07-28 16:12:25,566 - INFO - 🚀 동적 종목선별 자동매매 시작!
2025-07-28 16:12:25,974 - INFO - 토큰 준비 완료 ✅
2025-07-28 16:12:25,975 - INFO - 🎯 지금 바로 내일 거래를 위한 종목 선별이 가능합니다.
2025-07-28 16:12:25,975 - INFO - 🔍 일단위 종목 선별 시작...
2025-07-28 16:12:25,975 - INFO - 선별 대상: 30개 종목
2025-07-28 16:12:26,013 - INFO - 진행률: 1/30 - 005930: 10.62점
2025-07-28 16:12:26,160 - INFO - 진행률: 2/30 - 000660: -12.98점
2025-07-28 16:12:26,308 - INFO - 진행률: 3/30 - 035420: -17.00점
2025-07-28 16:12:26,465 - INFO - 진행률: 4/30 - 005380: 10.00점
2025-07-28 16:12:26,621 - INFO - 진행률: 5/30 - 006400: 11.40점
2025-07-28 16:12:26,772 - INFO - 진행률: 6/30 - 035720: -13.99점
2025-07-28 16:12:26,926 - INFO - 진행률: 7/30 - 051910: 9.83점
2025-07-28 16:12:27,080 - INFO - 진행률: 8/30 - 096770: -18.00점
2025-07-28 16:12:27,240 - INFO - 진행률: 9/30 - 068270: 7.73점
2025-07-28 16:12:27,394 - INFO - 진행률: 10/30 - 323410: -12.19점
2025-07-28 16:12:27,538 - INFO - 진행률: 11/30 - 207940: 11.75점
2025-07-28 16:12:27,676 - INFO - 진행률: 12/30 - 000270: 13.41점
2025-07-28 16:12:27,825 - INFO - 진행률: 13/30 - 028260: -3.63점
2025-07-28 16:12:27,966 - INFO - 진행률: 14/30 - 012330: 3.01점
2025-07-28 16:12:28,110 - INFO - 진행률: 15/30 - 066570: 5.96점
2025-07-28 16:12:28,267 - INFO - 진행률: 16/30 - 003550: -10.73점
2025-07-28 16:12:28,418 - INFO - 진행률: 17/30 - 017670: -7.51점
2025-07-28 16:12:28,574 - INFO - 진행률: 18/30 - 030200: -7.88점
2025-07-28 16:12:28,729 - INFO - 진행률: 19/30 - 034730: -17.38점
2025-07-28 16:12:28,875 - INFO - 진행률: 20/30 - 018260: -11.56점
2025-07-28 16:12:29,034 - INFO - 진행률: 21/30 - 032830: -7.17점
2025-07-28 16:12:29,174 - INFO - 진행률: 22/30 - 015760: -1.10점
2025-07-28 16:12:29,317 - INFO - 진행률: 23/30 - 003490: 0.48점
2025-07-28 16:12:29,454 - INFO - 진행률: 24/30 - 009150: -0.98점
2025-07-28 16:12:29,609 - INFO - 진행률: 25/30 - 011200: -2.14점
2025-07-28 16:12:29,758 - INFO - 진행률: 26/30 - 259960: -11.91점
2025-07-28 16:12:29,923 - INFO - 진행률: 27/30 - 036570: -11.63점
2025-07-28 16:12:30,084 - INFO - 진행률: 28/30 - 251270: -0.42점
2025-07-28 16:12:30,242 - INFO - 진행률: 29/30 - 352820: -10.46점
2025-07-28 16:12:30,397 - INFO - 진행률: 30/30 - 062040: 8.88점
2025-07-28 16:12:30,504 - INFO - ✅ 종목 선별 완료!
2025-07-28 16:12:30,807 - INFO - 1위. 000270(기아): 13.41점 (모멘텀:6.9, 거래량:5.0, 변동성:-0.5, 기술:2.0)
2025-07-28 16:12:30,807 - INFO - 2위. 207940(삼성바이오로직스): 11.75점 (모멘텀:6.4, 거래량:3.4, 변동성:-0.0, 기술:2.0)
2025-07-28 16:12:30,807 - INFO - 3위. 006400(삼성SDI): 11.40점 (모멘텀:9.1, 거래량:1.2, 변동성:-0.9, 기술:2.0)
2025-07-28 16:12:30,808 - INFO - 4위. 005930(삼성전자): 10.62점 (모멘텀:10.0, 거래량:-0.8, 변동성:-0.6, 기술:2.0)
2025-07-28 16:12:30,808 - INFO - 5위. 005380(현대차): 10.00점 (모멘텀:4.0, 거래량:5.0, 변동성:-1.0, 기술:2.0)
2025-07-28 16:12:31,233 - INFO - 🌙 장 마감 후 - 내일 거래 준비 완료
2025-07-28 16:17:24,164 - INFO - 사용자가 프로그램을 종료했습니다.
2025-07-28 16:17:24,627 - INFO - 동적 자동매매 프로그램 종료
2025-07-28 16:17:28,776 - INFO - 기존 토큰을 재사용합니다. (만료: 2025-07-28 23:15:51)
2025-07-28 16:17:28,776 - INFO - 🚀 동적 종목선별 자동매매 시작!
2025-07-28 16:17:29,191 - INFO - 토큰 준비 완료 ✅
2025-07-28 16:17:29,191 - INFO - 🎯 지금 바로 내일 거래를 위한 종목 선별이 가능합니다.
2025-07-28 16:17:29,191 - INFO - 🔍 일단위 종목 선별 시작...
2025-07-28 16:17:29,192 - INFO - 선별 대상: 30개 종목
2025-07-28 16:17:29,238 - INFO - 진행률: 1/30 - 005930: 10.62점
2025-07-28 16:17:29,386 - INFO - 진행률: 2/30 - 000660: -12.98점
2025-07-28 16:17:29,522 - INFO - 진행률: 3/30 - 035420: -17.00점
2025-07-28 16:17:29,630 - INFO - 사용자가 프로그램을 종료했습니다.
2025-07-28 16:17:29,954 - INFO - 동적 자동매매 프로그램 종료
2025-07-28 16:26:12,812 - INFO - 기존 토큰을 재사용합니다. (만료: 2025-07-28 23:15:51)
2025-07-28 16:26:12,812 - INFO - 🚀 동적 종목선별 자동매매 시작!
2025-07-28 16:26:13,236 - INFO - 토큰 준비 완료 ✅
2025-07-28 16:26:13,236 - INFO - 🌙 장 마감 후 - 야간거래 시간 (일부 종목 20:00까지 거래)
2025-07-28 16:26:13,236 - INFO - 💡 장 마감 후입니다. 07/29 오전 8시에 종목 선별 예정입니다.
2025-07-28 16:26:15,462 - INFO - 사용자가 프로그램을 종료했습니다.
2025-07-28 16:26:15,880 - INFO - 동적 자동매매 프로그램 종료
2025-07-28 16:50:24,397 - INFO - 기존 토큰을 재사용합니다. (만료: 2025-07-28 23:15:51)
2025-07-28 16:50:24,397 - INFO - 🚀 동적 종목선별 자동매매 시작!
2025-07-28 16:50:24,912 - INFO - 토큰 준비 완료 ✅
2025-07-28 16:50:24,912 - INFO - 🌙 장 마감 후 - 야간거래 시간 (일부 종목 20:00까지 거래)
2025-07-28 16:50:24,912 - INFO - 💡 장 마감 후입니다. 07/29 오전 8시에 종목 선별 예정입니다.
2025-07-28 16:50:27,526 - INFO - 사용자가 프로그램을 종료했습니다.
2025-07-28 16:50:27,933 - INFO - 동적 자동매매 프로그램 종료
