2025-08-01 09:33:14,921 - INFO - 📚 종목명 7개 로드 완료
2025-08-01 09:33:14,927 - INFO - 백테스트 결과에서 종목 로드: ['042660', '062040', '272210', '348210']
2025-08-01 09:33:14,927 - INFO -   - 042660 (한화오션): 수익률 50.3%, 승률 56.0%, 전략: scalping
2025-08-01 09:33:14,927 - INFO -   - 062040 (산일전기): 수익률 26.97%, 승률 75.0%, 전략: momentum
2025-08-01 09:33:14,927 - INFO -   - 272210 (한화시스템): 수익률 22.25%, 승률 63.0%, 전략: scalping
2025-08-01 09:33:14,927 - INFO -   - 348210 (348210): 수익률 7.67%, 승률 56.0%, 전략: scalping
2025-08-01 09:33:15,295 - INFO - 기존 토큰을 재사용합니다. (만료: 2025-08-02 09:15:48)
2025-08-01 09:33:15,295 - INFO - 🔄 종목명 업데이트 시작...
2025-08-01 09:33:15,296 - INFO - 📝 348210 종목명 업데이트 중...
2025-08-01 09:33:15,798 - INFO - ✅ 모든 종목명이 이미 설정되어 있습니다
2025-08-01 09:33:15,799 - INFO - 📋 포지션 이력 로드: 2개 종목
2025-08-01 09:33:15,815 - INFO - 📊 포지션 관리 설정:
2025-08-01 09:33:15,815 - INFO -   - 종목당 최대 매수 횟수: 5회
2025-08-01 09:33:15,816 - INFO -   - 종목당 최대 보유 수량: 10주
2025-08-01 09:33:15,816 - INFO -   - 최소 보유 기간: 24시간
2025-08-01 09:33:15,816 - INFO -   - 재매수 금지 기간: 3시간
2025-08-01 09:33:15,816 - INFO - ✅ KIS API 연결 테스트 성공
2025-08-01 09:33:15,816 - INFO - 🚀 실행 모드: 일반, 개선된
2025-08-01 09:33:15,816 - INFO - 🚀 정확한 장시간 적용 자동매매 시작!
2025-08-01 09:33:15,816 - INFO - 📊 한국 증시 시간: 평일 09:00 ~ 15:30
2025-08-01 09:33:15,816 - INFO - 토큰 준비 완료 ✅
2025-08-01 09:33:15,816 - INFO - 📈 현재 장 상태: 장 시간 중 (마감까지 5:56:44)
2025-08-01 09:33:15,817 - INFO - 📊 거래 사이클 시작 - 2025-08-01 09:33:15
2025-08-01 09:33:15,817 - INFO - 📈 장 시간 중 (마감까지 5:56:44)
2025-08-01 09:33:15,817 - INFO - 🔄 개선된 거래 사이클 시작
2025-08-01 09:33:15,817 - INFO - 1️⃣ 포지션 업데이트 중...
2025-08-01 09:33:15,817 - INFO - 📋 전체 보유 종목 조회 중...
2025-08-01 09:33:15,896 - INFO - 보유종목 리스트 크기: 4
2025-08-01 09:33:15,896 - INFO - 📈 보유 종목: 042660(한화오션) - 1주 @ 111,900.0원 (손익: +1.16%)
2025-08-01 09:33:15,896 - INFO - 📈 보유 종목: 272210(한화시스템) - 3주 @ 59,800.0원 (손익: -0.66%)
2025-08-01 09:33:15,896 - INFO - 📈 보유 종목: 278470(에이피알) - 2주 @ 171,500.0원 (손익: +2.68%)
2025-08-01 09:33:15,896 - INFO - ✅ 전체 보유 종목 3개 조회 완료
2025-08-01 09:33:15,896 - INFO - 💼 포지션 업데이트 완료:
2025-08-01 09:33:15,897 - INFO -   - 거래 대상 보유: 2개 (이전: 0)
2025-08-01 09:33:15,897 - INFO -   - 전체 보유: 3개 (이전: 0)
2025-08-01 09:33:15,897 - INFO - 📋 거래 대상 외 보유 종목: ['278470']
2025-08-01 09:33:15,897 - INFO - 2️⃣ 매도 신호 처리 중...
2025-08-01 09:33:15,897 - INFO -    매도 분석 대상: 3개 종목
2025-08-01 09:33:15,897 - INFO - 💸 매도 신호 처리 시작
2025-08-01 09:33:15,897 - INFO - 💎 042660(한화오션) 매도 분석:
2025-08-01 09:33:15,897 - INFO -   - 보유: 1주 @ 111,900.0원
2025-08-01 09:33:15,897 - INFO -   - 현재가: 113,200.0원
2025-08-01 09:33:15,897 - INFO -   - 손익: +1.16%
2025-08-01 09:33:16,446 - INFO - 💎 272210(한화시스템) 매도 분석:
2025-08-01 09:33:16,446 - INFO -   - 보유: 3주 @ 59,800.0원
2025-08-01 09:33:16,446 - INFO -   - 현재가: 59,400.0원
2025-08-01 09:33:16,447 - INFO -   - 손익: -0.66%
2025-08-01 09:33:17,011 - INFO - 💎 278470(에이피알) 매도 분석:
2025-08-01 09:33:17,011 - INFO -   - 보유: 2주 @ 171,500.0원
2025-08-01 09:33:17,011 - INFO -   - 현재가: 176,100.0원
2025-08-01 09:33:17,011 - INFO -   - 손익: +2.68%
2025-08-01 09:33:17,514 - INFO - 3️⃣ 매수 신호 처리 중...
2025-08-01 09:33:17,515 - INFO -    매수 분석 대상: ['042660', '062040', '272210', '348210']
2025-08-01 09:33:17,562 - INFO - 주문가능현금 (ord_psbl_cash): 185,644.0원
2025-08-01 09:33:17,563 - INFO - 최대매수금액 (max_buy_amt): 183,284.0원
2025-08-01 09:33:17,563 - INFO - 미수없는매수금액 (nrcvb_buy_amt): 183,284.0원
2025-08-01 09:33:17,563 - INFO - 💵 가용자금: 185,644.0원
2025-08-01 09:33:17,563 - INFO -    💵 현재 가용 자금: 185,644.0원
2025-08-01 09:33:17,563 - INFO - 🛒 매수 신호 처리 시작
2025-08-01 09:33:17,564 - INFO - 📋 분석 대상 종목: ['042660', '062040', '272210', '348210']
2025-08-01 09:33:17,564 - INFO - 🔍 [1/4] 042660 매수 분석 중...
2025-08-01 09:33:17,564 - INFO - 📌 042660 - 이미 보유 중이지만 추가 매수 검토
2025-08-01 09:33:17,640 - INFO - 📊 042660(한화오션) 매수 분석 결과:
2025-08-01 09:33:17,641 - INFO -   - 전략: scalping
2025-08-01 09:33:17,641 - INFO -   - 신호: HOLD
2025-08-01 09:33:17,641 - INFO -   - 강도: 0.00
2025-08-01 09:33:17,641 - INFO -   - 현재가: 113,100.0원
2025-08-01 09:33:17,641 - INFO -   - 보유 여부: 예
2025-08-01 09:33:17,641 - INFO - 📉 042660 - 매수 신호 없음 (HOLD)
2025-08-01 09:33:18,148 - INFO - 🔍 [2/4] 062040 매수 분석 중...
2025-08-01 09:33:18,180 - INFO - 📊 062040(산일전기) 매수 분석 결과:
2025-08-01 09:33:18,181 - INFO -   - 전략: momentum
2025-08-01 09:33:18,181 - INFO -   - 신호: HOLD
2025-08-01 09:33:18,181 - INFO -   - 강도: 0.00
2025-08-01 09:33:18,181 - INFO -   - 현재가: 0원
2025-08-01 09:33:18,181 - INFO -   - 보유 여부: 아니오
2025-08-01 09:33:18,181 - INFO - 📉 062040 - 매수 신호 없음 (HOLD)
2025-08-01 09:33:18,686 - INFO - 🔍 [3/4] 272210 매수 분석 중...
2025-08-01 09:33:18,686 - INFO - 📌 272210 - 이미 보유 중이지만 추가 매수 검토
2025-08-01 09:33:18,726 - INFO - 📊 272210(한화시스템) 매수 분석 결과:
2025-08-01 09:33:18,726 - INFO -   - 전략: scalping
2025-08-01 09:33:18,727 - INFO -   - 신호: HOLD
2025-08-01 09:33:18,727 - INFO -   - 강도: 0.00
2025-08-01 09:33:18,727 - INFO -   - 현재가: 59,300.0원
2025-08-01 09:33:18,727 - INFO -   - 보유 여부: 예
2025-08-01 09:33:18,727 - INFO - 📉 272210 - 매수 신호 없음 (HOLD)
2025-08-01 09:33:19,237 - INFO - 🔍 [4/4] 348210 매수 분석 중...
2025-08-01 09:33:19,299 - INFO - 📊 348210(348210) 매수 분석 결과:
2025-08-01 09:33:19,300 - INFO -   - 전략: scalping
2025-08-01 09:33:19,300 - INFO -   - 신호: HOLD
2025-08-01 09:33:19,300 - INFO -   - 강도: 0.00
2025-08-01 09:33:19,300 - INFO -   - 현재가: 46,550.0원
2025-08-01 09:33:19,300 - INFO -   - 보유 여부: 아니오
2025-08-01 09:33:19,300 - INFO - 📉 348210 - 매수 신호 없음 (HOLD)
2025-08-01 09:33:19,807 - INFO - ✅ 매수 신호 처리 완료
2025-08-01 09:33:19,807 - INFO - 4️⃣ 성과 데이터 저장 중...
2025-08-01 09:33:19,814 - INFO - ✅ 거래 사이클 완료
2025-08-01 09:33:19,814 - INFO - 다음 거래 체크: 09:38:15
2025-08-01 09:38:19,831 - INFO - 📊 거래 사이클 시작 - 2025-08-01 09:38:19
2025-08-01 09:38:19,832 - INFO - 📈 장 시간 중 (마감까지 5:51:40)
2025-08-01 09:38:19,832 - INFO - 🔄 개선된 거래 사이클 시작
2025-08-01 09:38:19,832 - INFO - 1️⃣ 포지션 업데이트 중...
2025-08-01 09:38:19,833 - INFO - 📋 전체 보유 종목 조회 중...
2025-08-01 09:38:19,920 - INFO - 보유종목 리스트 크기: 4
2025-08-01 09:38:19,920 - INFO - 📈 보유 종목: 042660(한화오션) - 1주 @ 111,900.0원 (손익: +1.42%)
2025-08-01 09:38:19,921 - INFO - 📈 보유 종목: 272210(한화시스템) - 3주 @ 59,800.0원 (손익: -1.50%)
2025-08-01 09:38:19,921 - INFO - 📈 보유 종목: 278470(에이피알) - 2주 @ 171,500.0원 (손익: +2.85%)
2025-08-01 09:38:19,921 - INFO - ✅ 전체 보유 종목 3개 조회 완료
2025-08-01 09:38:19,921 - INFO - 💼 포지션 업데이트 완료:
2025-08-01 09:38:19,921 - INFO -   - 거래 대상 보유: 2개 (이전: 2)
2025-08-01 09:38:19,921 - INFO -   - 전체 보유: 3개 (이전: 3)
2025-08-01 09:38:19,921 - INFO - 📋 거래 대상 외 보유 종목: ['278470']
2025-08-01 09:38:19,921 - INFO - 2️⃣ 매도 신호 처리 중...
2025-08-01 09:38:19,922 - INFO -    매도 분석 대상: 3개 종목
2025-08-01 09:38:19,922 - INFO - 💸 매도 신호 처리 시작
2025-08-01 09:38:19,922 - INFO - 💎 042660(한화오션) 매도 분석:
2025-08-01 09:38:19,922 - INFO -   - 보유: 1주 @ 111,900.0원
2025-08-01 09:38:19,922 - INFO -   - 현재가: 113,500.0원
2025-08-01 09:38:19,922 - INFO -   - 손익: +1.42%
2025-08-01 09:38:20,474 - INFO - 💎 272210(한화시스템) 매도 분석:
2025-08-01 09:38:20,475 - INFO -   - 보유: 3주 @ 59,800.0원
2025-08-01 09:38:20,475 - INFO -   - 현재가: 58,900.0원
2025-08-01 09:38:20,475 - INFO -   - 손익: -1.50%
2025-08-01 09:38:21,356 - INFO - 💎 278470(에이피알) 매도 분석:
2025-08-01 09:38:21,356 - INFO -   - 보유: 2주 @ 171,500.0원
2025-08-01 09:38:21,356 - INFO -   - 현재가: 176,400.0원
2025-08-01 09:38:21,356 - INFO -   - 손익: +2.85%
2025-08-01 09:38:21,866 - INFO - 3️⃣ 매수 신호 처리 중...
2025-08-01 09:38:21,867 - INFO -    매수 분석 대상: ['042660', '062040', '272210', '348210']
2025-08-01 09:38:21,950 - INFO - 주문가능현금 (ord_psbl_cash): 185,644.0원
2025-08-01 09:38:21,951 - INFO - 최대매수금액 (max_buy_amt): 183,284.0원
2025-08-01 09:38:21,951 - INFO - 미수없는매수금액 (nrcvb_buy_amt): 183,284.0원
2025-08-01 09:38:21,951 - INFO - 💵 가용자금: 185,644.0원
2025-08-01 09:38:21,952 - INFO -    💵 현재 가용 자금: 185,644.0원
2025-08-01 09:38:21,952 - INFO - 🛒 매수 신호 처리 시작
2025-08-01 09:38:21,952 - INFO - 📋 분석 대상 종목: ['042660', '062040', '272210', '348210']
2025-08-01 09:38:21,952 - INFO - 🔍 [1/4] 042660 매수 분석 중...
2025-08-01 09:38:21,952 - INFO - 📌 042660 - 이미 보유 중이지만 추가 매수 검토
2025-08-01 09:38:22,025 - INFO - 📊 042660(한화오션) 매수 분석 결과:
2025-08-01 09:38:22,026 - INFO -   - 전략: scalping
2025-08-01 09:38:22,026 - INFO -   - 신호: HOLD
2025-08-01 09:38:22,026 - INFO -   - 강도: 0.00
2025-08-01 09:38:22,026 - INFO -   - 현재가: 113,600.0원
2025-08-01 09:38:22,026 - INFO -   - 보유 여부: 예
2025-08-01 09:38:22,026 - INFO - 📉 042660 - 매수 신호 없음 (HOLD)
2025-08-01 09:38:22,537 - INFO - 🔍 [2/4] 062040 매수 분석 중...
2025-08-01 09:38:22,601 - INFO - 📊 062040(산일전기) 매수 분석 결과:
2025-08-01 09:38:22,601 - INFO -   - 전략: momentum
2025-08-01 09:38:22,601 - INFO -   - 신호: HOLD
2025-08-01 09:38:22,601 - INFO -   - 강도: 0.00
2025-08-01 09:38:22,602 - INFO -   - 현재가: 0원
2025-08-01 09:38:22,602 - INFO -   - 보유 여부: 아니오
2025-08-01 09:38:22,602 - INFO - 📉 062040 - 매수 신호 없음 (HOLD)
2025-08-01 09:38:23,109 - INFO - 🔍 [3/4] 272210 매수 분석 중...
2025-08-01 09:38:23,110 - INFO - 📌 272210 - 이미 보유 중이지만 추가 매수 검토
2025-08-01 09:38:23,173 - INFO - 📊 272210(한화시스템) 매수 분석 결과:
2025-08-01 09:38:23,174 - INFO -   - 전략: scalping
2025-08-01 09:38:23,174 - INFO -   - 신호: HOLD
2025-08-01 09:38:23,174 - INFO -   - 강도: 0.00
2025-08-01 09:38:23,174 - INFO -   - 현재가: 59,000.0원
2025-08-01 09:38:23,175 - INFO -   - 보유 여부: 예
2025-08-01 09:38:23,175 - INFO - 📉 272210 - 매수 신호 없음 (HOLD)
2025-08-01 09:38:23,684 - INFO - 🔍 [4/4] 348210 매수 분석 중...
2025-08-01 09:38:23,736 - INFO - 📊 348210(348210) 매수 분석 결과:
2025-08-01 09:38:23,737 - INFO -   - 전략: scalping
2025-08-01 09:38:23,737 - INFO -   - 신호: HOLD
2025-08-01 09:38:23,737 - INFO -   - 강도: 0.00
2025-08-01 09:38:23,737 - INFO -   - 현재가: 46,250.0원
2025-08-01 09:38:23,738 - INFO -   - 보유 여부: 아니오
2025-08-01 09:38:23,738 - INFO - 📉 348210 - 매수 신호 없음 (HOLD)
2025-08-01 09:38:24,248 - INFO - ✅ 매수 신호 처리 완료
2025-08-01 09:38:24,248 - INFO - 4️⃣ 성과 데이터 저장 중...
2025-08-01 09:38:24,253 - INFO - ✅ 거래 사이클 완료
2025-08-01 09:38:24,254 - INFO - 다음 거래 체크: 09:43:19
2025-08-01 09:43:24,261 - INFO - 📊 거래 사이클 시작 - 2025-08-01 09:43:24
2025-08-01 09:43:24,262 - INFO - 📈 장 시간 중 (마감까지 5:46:35)
2025-08-01 09:43:24,262 - INFO - 🔄 개선된 거래 사이클 시작
2025-08-01 09:43:24,262 - INFO - 1️⃣ 포지션 업데이트 중...
2025-08-01 09:43:24,262 - INFO - 📋 전체 보유 종목 조회 중...
2025-08-01 09:43:24,358 - INFO - 보유종목 리스트 크기: 4
2025-08-01 09:43:24,358 - INFO - 📈 보유 종목: 042660(한화오션) - 1주 @ 111,900.0원 (손익: +1.34%)
2025-08-01 09:43:24,358 - INFO - 📈 보유 종목: 272210(한화시스템) - 3주 @ 59,800.0원 (손익: -2.00%)
2025-08-01 09:43:24,359 - INFO - 📈 보유 종목: 278470(에이피알) - 2주 @ 171,500.0원 (손익: +1.86%)
2025-08-01 09:43:24,359 - INFO - ✅ 전체 보유 종목 3개 조회 완료
2025-08-01 09:43:24,359 - INFO - 💼 포지션 업데이트 완료:
2025-08-01 09:43:24,359 - INFO -   - 거래 대상 보유: 2개 (이전: 2)
2025-08-01 09:43:24,359 - INFO -   - 전체 보유: 3개 (이전: 3)
2025-08-01 09:43:24,359 - INFO - 📋 거래 대상 외 보유 종목: ['278470']
2025-08-01 09:43:24,359 - INFO - 2️⃣ 매도 신호 처리 중...
2025-08-01 09:43:24,359 - INFO -    매도 분석 대상: 3개 종목
2025-08-01 09:43:24,359 - INFO - 💸 매도 신호 처리 시작
2025-08-01 09:43:24,359 - INFO - 💎 042660(한화오션) 매도 분석:
2025-08-01 09:43:24,360 - INFO -   - 보유: 1주 @ 111,900.0원
2025-08-01 09:43:24,360 - INFO -   - 현재가: 112,900.0원
2025-08-01 09:43:24,360 - INFO -   - 손익: +1.34%
2025-08-01 09:43:24,905 - INFO - 💎 272210(한화시스템) 매도 분석:
2025-08-01 09:43:24,906 - INFO -   - 보유: 3주 @ 59,800.0원
2025-08-01 09:43:24,906 - INFO -   - 현재가: 58,800.0원
2025-08-01 09:43:24,906 - INFO -   - 손익: -2.00%
2025-08-01 09:43:25,499 - INFO - 💎 278470(에이피알) 매도 분석:
2025-08-01 09:43:25,500 - INFO -   - 보유: 2주 @ 171,500.0원
2025-08-01 09:43:25,500 - INFO -   - 현재가: 174,700.0원
2025-08-01 09:43:25,500 - INFO -   - 손익: +1.86%
2025-08-01 09:43:26,010 - INFO - 3️⃣ 매수 신호 처리 중...
2025-08-01 09:43:26,011 - INFO -    매수 분석 대상: ['042660', '062040', '272210', '348210']
2025-08-01 09:43:26,052 - INFO - 주문가능현금 (ord_psbl_cash): 185,644.0원
2025-08-01 09:43:26,052 - INFO - 최대매수금액 (max_buy_amt): 183,284.0원
2025-08-01 09:43:26,052 - INFO - 미수없는매수금액 (nrcvb_buy_amt): 183,284.0원
2025-08-01 09:43:26,052 - INFO - 💵 가용자금: 185,644.0원
2025-08-01 09:43:26,053 - INFO -    💵 현재 가용 자금: 185,644.0원
2025-08-01 09:43:26,053 - INFO - 🛒 매수 신호 처리 시작
2025-08-01 09:43:26,054 - INFO - 📋 분석 대상 종목: ['042660', '062040', '272210', '348210']
2025-08-01 09:43:26,054 - INFO - 🔍 [1/4] 042660 매수 분석 중...
2025-08-01 09:43:26,054 - INFO - 📌 042660 - 이미 보유 중이지만 추가 매수 검토
2025-08-01 09:43:26,138 - INFO - 📊 042660(한화오션) 매수 분석 결과:
2025-08-01 09:43:26,139 - INFO -   - 전략: scalping
2025-08-01 09:43:26,139 - INFO -   - 신호: HOLD
2025-08-01 09:43:26,139 - INFO -   - 강도: 0.00
2025-08-01 09:43:26,139 - INFO -   - 현재가: 112,900.0원
2025-08-01 09:43:26,139 - INFO -   - 보유 여부: 예
2025-08-01 09:43:26,140 - INFO - 📉 042660 - 매수 신호 없음 (HOLD)
2025-08-01 09:43:26,650 - INFO - 🔍 [2/4] 062040 매수 분석 중...
2025-08-01 09:43:26,709 - INFO - 📊 062040(산일전기) 매수 분석 결과:
2025-08-01 09:43:26,709 - INFO -   - 전략: momentum
2025-08-01 09:43:26,709 - INFO -   - 신호: HOLD
2025-08-01 09:43:26,709 - INFO -   - 강도: 0.00
2025-08-01 09:43:26,709 - INFO -   - 현재가: 0원
2025-08-01 09:43:26,710 - INFO -   - 보유 여부: 아니오
2025-08-01 09:43:26,710 - INFO - 📉 062040 - 매수 신호 없음 (HOLD)
2025-08-01 09:43:27,220 - INFO - 🔍 [3/4] 272210 매수 분석 중...
2025-08-01 09:43:27,220 - INFO - 📌 272210 - 이미 보유 중이지만 추가 매수 검토
2025-08-01 09:43:27,264 - INFO - 📊 272210(한화시스템) 매수 분석 결과:
2025-08-01 09:43:27,264 - INFO -   - 전략: scalping
2025-08-01 09:43:27,264 - INFO -   - 신호: HOLD
2025-08-01 09:43:27,264 - INFO -   - 강도: 0.00
2025-08-01 09:43:27,264 - INFO -   - 현재가: 58,800.0원
2025-08-01 09:43:27,264 - INFO -   - 보유 여부: 예
2025-08-01 09:43:27,264 - INFO - 📉 272210 - 매수 신호 없음 (HOLD)
2025-08-01 09:43:27,770 - INFO - 🔍 [4/4] 348210 매수 분석 중...
2025-08-01 09:43:27,857 - INFO - 📊 348210(348210) 매수 분석 결과:
2025-08-01 09:43:27,857 - INFO -   - 전략: scalping
2025-08-01 09:43:27,858 - INFO -   - 신호: HOLD
2025-08-01 09:43:27,858 - INFO -   - 강도: 0.00
2025-08-01 09:43:27,858 - INFO -   - 현재가: 46,050.0원
2025-08-01 09:43:27,858 - INFO -   - 보유 여부: 아니오
2025-08-01 09:43:27,858 - INFO - 📉 348210 - 매수 신호 없음 (HOLD)
2025-08-01 09:43:28,368 - INFO - ✅ 매수 신호 처리 완료
2025-08-01 09:43:28,369 - INFO - 4️⃣ 성과 데이터 저장 중...
2025-08-01 09:43:28,374 - INFO - ✅ 거래 사이클 완료
2025-08-01 09:43:28,375 - INFO - 다음 거래 체크: 09:48:24
2025-08-01 09:48:28,387 - INFO - 📊 거래 사이클 시작 - 2025-08-01 09:48:28
2025-08-01 09:48:28,390 - INFO - 📈 장 시간 중 (마감까지 5:41:31)
2025-08-01 09:48:28,390 - INFO - 🔄 개선된 거래 사이클 시작
2025-08-01 09:48:28,390 - INFO - 1️⃣ 포지션 업데이트 중...
2025-08-01 09:48:28,390 - INFO - 📋 전체 보유 종목 조회 중...
2025-08-01 09:48:28,491 - INFO - 보유종목 리스트 크기: 4
2025-08-01 09:48:28,492 - INFO - 📈 보유 종목: 042660(한화오션) - 1주 @ 111,900.0원 (손익: +0.62%)
2025-08-01 09:48:28,492 - INFO - 📈 보유 종목: 272210(한화시스템) - 3주 @ 59,800.0원 (손익: -2.17%)
2025-08-01 09:48:28,492 - INFO - 📈 보유 종목: 278470(에이피알) - 2주 @ 171,500.0원 (손익: +1.16%)
2025-08-01 09:48:28,492 - INFO - ✅ 전체 보유 종목 3개 조회 완료
2025-08-01 09:48:28,493 - INFO - 💼 포지션 업데이트 완료:
2025-08-01 09:48:28,493 - INFO -   - 거래 대상 보유: 2개 (이전: 2)
2025-08-01 09:48:28,493 - INFO -   - 전체 보유: 3개 (이전: 3)
2025-08-01 09:48:28,493 - INFO - 📋 거래 대상 외 보유 종목: ['278470']
2025-08-01 09:48:28,493 - INFO - 2️⃣ 매도 신호 처리 중...
2025-08-01 09:48:28,493 - INFO -    매도 분석 대상: 3개 종목
2025-08-01 09:48:28,493 - INFO - 💸 매도 신호 처리 시작
2025-08-01 09:48:28,493 - INFO - 💎 042660(한화오션) 매도 분석:
2025-08-01 09:48:28,493 - INFO -   - 보유: 1주 @ 111,900.0원
2025-08-01 09:48:28,493 - INFO -   - 현재가: 112,600.0원
2025-08-01 09:48:28,493 - INFO -   - 손익: +0.62%
2025-08-01 09:48:29,059 - INFO - 💎 272210(한화시스템) 매도 분석:
2025-08-01 09:48:29,060 - INFO -   - 보유: 3주 @ 59,800.0원
2025-08-01 09:48:29,060 - INFO -   - 현재가: 58,500.0원
2025-08-01 09:48:29,061 - INFO -   - 손익: -2.17%
2025-08-01 09:48:29,626 - INFO - 💎 278470(에이피알) 매도 분석:
2025-08-01 09:48:29,627 - INFO -   - 보유: 2주 @ 171,500.0원
2025-08-01 09:48:29,627 - INFO -   - 현재가: 173,500.0원
2025-08-01 09:48:29,627 - INFO -   - 손익: +1.16%
2025-08-01 09:48:30,135 - INFO - 3️⃣ 매수 신호 처리 중...
2025-08-01 09:48:30,136 - INFO -    매수 분석 대상: ['042660', '062040', '272210', '348210']
2025-08-01 09:48:30,196 - INFO - 주문가능현금 (ord_psbl_cash): 185,644.0원
2025-08-01 09:48:30,197 - INFO - 최대매수금액 (max_buy_amt): 183,284.0원
2025-08-01 09:48:30,197 - INFO - 미수없는매수금액 (nrcvb_buy_amt): 183,284.0원
2025-08-01 09:48:30,197 - INFO - 💵 가용자금: 185,644.0원
2025-08-01 09:48:30,198 - INFO -    💵 현재 가용 자금: 185,644.0원
2025-08-01 09:48:30,198 - INFO - 🛒 매수 신호 처리 시작
2025-08-01 09:48:30,198 - INFO - 📋 분석 대상 종목: ['042660', '062040', '272210', '348210']
2025-08-01 09:48:30,198 - INFO - 🔍 [1/4] 042660 매수 분석 중...
2025-08-01 09:48:30,198 - INFO - 📌 042660 - 이미 보유 중이지만 추가 매수 검토
2025-08-01 09:48:30,248 - INFO - 📊 042660(한화오션) 매수 분석 결과:
2025-08-01 09:48:30,248 - INFO -   - 전략: scalping
2025-08-01 09:48:30,249 - INFO -   - 신호: HOLD
2025-08-01 09:48:30,249 - INFO -   - 강도: 0.00
2025-08-01 09:48:30,249 - INFO -   - 현재가: 112,500.0원
2025-08-01 09:48:30,249 - INFO -   - 보유 여부: 예
2025-08-01 09:48:30,249 - INFO - 📉 042660 - 매수 신호 없음 (HOLD)
2025-08-01 09:48:30,759 - INFO - 🔍 [2/4] 062040 매수 분석 중...
2025-08-01 09:48:30,809 - INFO - 📊 062040(산일전기) 매수 분석 결과:
2025-08-01 09:48:30,810 - INFO -   - 전략: momentum
2025-08-01 09:48:30,810 - INFO -   - 신호: HOLD
2025-08-01 09:48:30,810 - INFO -   - 강도: 0.00
2025-08-01 09:48:30,810 - INFO -   - 현재가: 0원
2025-08-01 09:48:30,810 - INFO -   - 보유 여부: 아니오
2025-08-01 09:48:30,811 - INFO - 📉 062040 - 매수 신호 없음 (HOLD)
2025-08-01 09:48:31,321 - INFO - 🔍 [3/4] 272210 매수 분석 중...
2025-08-01 09:48:31,321 - INFO - 📌 272210 - 이미 보유 중이지만 추가 매수 검토
2025-08-01 09:48:31,393 - INFO - 📊 272210(한화시스템) 매수 분석 결과:
2025-08-01 09:48:31,393 - INFO -   - 전략: scalping
2025-08-01 09:48:31,393 - INFO -   - 신호: HOLD
2025-08-01 09:48:31,393 - INFO -   - 강도: 0.00
2025-08-01 09:48:31,393 - INFO -   - 현재가: 58,400.0원
2025-08-01 09:48:31,393 - INFO -   - 보유 여부: 예
2025-08-01 09:48:31,393 - INFO - 📉 272210 - 매수 신호 없음 (HOLD)
2025-08-01 09:48:31,896 - INFO - 🔍 [4/4] 348210 매수 분석 중...
2025-08-01 09:48:31,963 - INFO - 📊 348210(348210) 매수 분석 결과:
2025-08-01 09:48:31,963 - INFO -   - 전략: scalping
2025-08-01 09:48:31,963 - INFO -   - 신호: HOLD
2025-08-01 09:48:31,963 - INFO -   - 강도: 0.00
2025-08-01 09:48:31,963 - INFO -   - 현재가: 45,900.0원
2025-08-01 09:48:31,964 - INFO -   - 보유 여부: 아니오
2025-08-01 09:48:31,964 - INFO - 📉 348210 - 매수 신호 없음 (HOLD)
2025-08-01 09:48:32,468 - INFO - ✅ 매수 신호 처리 완료
2025-08-01 09:48:32,469 - INFO - 4️⃣ 성과 데이터 저장 중...
2025-08-01 09:48:32,476 - INFO - ✅ 거래 사이클 완료
2025-08-01 09:48:32,477 - INFO - 다음 거래 체크: 09:53:28
2025-08-01 09:53:32,493 - INFO - 📊 거래 사이클 시작 - 2025-08-01 09:53:32
2025-08-01 09:53:32,496 - INFO - 📈 장 시간 중 (마감까지 5:36:27)
2025-08-01 09:53:32,496 - INFO - 🔄 개선된 거래 사이클 시작
2025-08-01 09:53:32,497 - INFO - 1️⃣ 포지션 업데이트 중...
2025-08-01 09:53:32,497 - INFO - 📋 전체 보유 종목 조회 중...
2025-08-01 09:53:32,580 - INFO - 보유종목 리스트 크기: 4
2025-08-01 09:53:32,581 - INFO - 📈 보유 종목: 042660(한화오션) - 1주 @ 111,900.0원 (손익: -0.08%)
2025-08-01 09:53:32,581 - INFO - 📈 보유 종목: 272210(한화시스템) - 3주 @ 59,800.0원 (손익: -3.51%)
2025-08-01 09:53:32,581 - INFO - 📈 보유 종목: 278470(에이피알) - 2주 @ 171,500.0원 (손익: +0.87%)
2025-08-01 09:53:32,581 - INFO - ✅ 전체 보유 종목 3개 조회 완료
2025-08-01 09:53:32,582 - INFO - 💼 포지션 업데이트 완료:
2025-08-01 09:53:32,582 - INFO -   - 거래 대상 보유: 2개 (이전: 2)
2025-08-01 09:53:32,582 - INFO -   - 전체 보유: 3개 (이전: 3)
2025-08-01 09:53:32,582 - INFO - 📋 거래 대상 외 보유 종목: ['278470']
2025-08-01 09:53:32,582 - INFO - 2️⃣ 매도 신호 처리 중...
2025-08-01 09:53:32,583 - INFO -    매도 분석 대상: 3개 종목
2025-08-01 09:53:32,583 - INFO - 💸 매도 신호 처리 시작
2025-08-01 09:53:32,583 - INFO - 💎 042660(한화오션) 매도 분석:
2025-08-01 09:53:32,583 - INFO -   - 보유: 1주 @ 111,900.0원
2025-08-01 09:53:32,583 - INFO -   - 현재가: 111,800.0원
2025-08-01 09:53:32,583 - INFO -   - 손익: -0.08%
2025-08-01 09:53:33,132 - INFO - 💎 272210(한화시스템) 매도 분석:
2025-08-01 09:53:33,133 - INFO -   - 보유: 3주 @ 59,800.0원
2025-08-01 09:53:33,133 - INFO -   - 현재가: 57,700.0원
2025-08-01 09:53:33,133 - INFO -   - 손익: -3.51%
2025-08-01 09:53:33,750 - INFO - 💎 278470(에이피알) 매도 분석:
2025-08-01 09:53:33,751 - INFO -   - 보유: 2주 @ 171,500.0원
2025-08-01 09:53:33,751 - INFO -   - 현재가: 173,000.0원
2025-08-01 09:53:33,751 - INFO -   - 손익: +0.87%
2025-08-01 09:53:34,258 - INFO - 3️⃣ 매수 신호 처리 중...
2025-08-01 09:53:34,259 - INFO -    매수 분석 대상: ['042660', '062040', '272210', '348210']
2025-08-01 09:53:34,304 - INFO - 주문가능현금 (ord_psbl_cash): 185,644.0원
2025-08-01 09:53:34,304 - INFO - 최대매수금액 (max_buy_amt): 183,284.0원
2025-08-01 09:53:34,305 - INFO - 미수없는매수금액 (nrcvb_buy_amt): 183,284.0원
2025-08-01 09:53:34,305 - INFO - 💵 가용자금: 185,644.0원
2025-08-01 09:53:34,305 - INFO -    💵 현재 가용 자금: 185,644.0원
2025-08-01 09:53:34,305 - INFO - 🛒 매수 신호 처리 시작
2025-08-01 09:53:34,306 - INFO - 📋 분석 대상 종목: ['042660', '062040', '272210', '348210']
2025-08-01 09:53:34,306 - INFO - 🔍 [1/4] 042660 매수 분석 중...
2025-08-01 09:53:34,306 - INFO - 📌 042660 - 이미 보유 중이지만 추가 매수 검토
2025-08-01 09:53:34,380 - INFO - 📊 042660(한화오션) 매수 분석 결과:
2025-08-01 09:53:34,380 - INFO -   - 전략: scalping
2025-08-01 09:53:34,381 - INFO -   - 신호: HOLD
2025-08-01 09:53:34,381 - INFO -   - 강도: 0.00
2025-08-01 09:53:34,381 - INFO -   - 현재가: 111,800.0원
2025-08-01 09:53:34,381 - INFO -   - 보유 여부: 예
2025-08-01 09:53:34,381 - INFO - 📉 042660 - 매수 신호 없음 (HOLD)
2025-08-01 09:53:34,891 - INFO - 🔍 [2/4] 062040 매수 분석 중...
2025-08-01 09:53:34,955 - INFO - 📊 062040(산일전기) 매수 분석 결과:
2025-08-01 09:53:34,955 - INFO -   - 전략: momentum
2025-08-01 09:53:34,956 - INFO -   - 신호: HOLD
2025-08-01 09:53:34,956 - INFO -   - 강도: 0.00
2025-08-01 09:53:34,956 - INFO -   - 현재가: 0원
2025-08-01 09:53:34,956 - INFO -   - 보유 여부: 아니오
2025-08-01 09:53:34,956 - INFO - 📉 062040 - 매수 신호 없음 (HOLD)
2025-08-01 09:53:35,466 - INFO - 🔍 [3/4] 272210 매수 분석 중...
2025-08-01 09:53:35,467 - INFO - 📌 272210 - 이미 보유 중이지만 추가 매수 검토
2025-08-01 09:53:35,527 - INFO - 📊 272210(한화시스템) 매수 분석 결과:
2025-08-01 09:53:35,527 - INFO -   - 전략: scalping
2025-08-01 09:53:35,527 - INFO -   - 신호: HOLD
2025-08-01 09:53:35,528 - INFO -   - 강도: 0.00
2025-08-01 09:53:35,528 - INFO -   - 현재가: 57,800.0원
2025-08-01 09:53:35,528 - INFO -   - 보유 여부: 예
2025-08-01 09:53:35,528 - INFO - 📉 272210 - 매수 신호 없음 (HOLD)
2025-08-01 09:53:36,033 - INFO - 🔍 [4/4] 348210 매수 분석 중...
2025-08-01 09:53:36,090 - INFO - 📊 348210(348210) 매수 분석 결과:
2025-08-01 09:53:36,091 - INFO -   - 전략: scalping
2025-08-01 09:53:36,091 - INFO -   - 신호: HOLD
2025-08-01 09:53:36,091 - INFO -   - 강도: 0.00
2025-08-01 09:53:36,091 - INFO -   - 현재가: 45,800.0원
2025-08-01 09:53:36,091 - INFO -   - 보유 여부: 아니오
2025-08-01 09:53:36,091 - INFO - 📉 348210 - 매수 신호 없음 (HOLD)
2025-08-01 09:53:36,602 - INFO - ✅ 매수 신호 처리 완료
2025-08-01 09:53:36,602 - INFO - 4️⃣ 성과 데이터 저장 중...
2025-08-01 09:53:36,614 - INFO - ✅ 거래 사이클 완료
2025-08-01 09:53:36,614 - INFO - 다음 거래 체크: 09:58:32
2025-08-01 09:58:36,623 - INFO - 📊 거래 사이클 시작 - 2025-08-01 09:58:36
2025-08-01 09:58:36,625 - INFO - 📈 장 시간 중 (마감까지 5:31:23)
2025-08-01 09:58:36,625 - INFO - 🔄 개선된 거래 사이클 시작
2025-08-01 09:58:36,625 - INFO - 1️⃣ 포지션 업데이트 중...
2025-08-01 09:58:36,625 - INFO - 📋 전체 보유 종목 조회 중...
2025-08-01 09:58:36,711 - INFO - 보유종목 리스트 크기: 4
2025-08-01 09:58:36,712 - INFO - 📈 보유 종목: 042660(한화오션) - 1주 @ 111,900.0원 (손익: -0.89%)
2025-08-01 09:58:36,712 - INFO - 📈 보유 종목: 272210(한화시스템) - 3주 @ 59,800.0원 (손익: -4.01%)
2025-08-01 09:58:36,712 - INFO - 📈 보유 종목: 278470(에이피알) - 2주 @ 171,500.0원 (손익: +0.81%)
2025-08-01 09:58:36,712 - INFO - ✅ 전체 보유 종목 3개 조회 완료
2025-08-01 09:58:36,712 - INFO - 💼 포지션 업데이트 완료:
2025-08-01 09:58:36,713 - INFO -   - 거래 대상 보유: 2개 (이전: 2)
2025-08-01 09:58:36,713 - INFO -   - 전체 보유: 3개 (이전: 3)
2025-08-01 09:58:36,713 - INFO - 📋 거래 대상 외 보유 종목: ['278470']
2025-08-01 09:58:36,713 - INFO - 2️⃣ 매도 신호 처리 중...
2025-08-01 09:58:36,713 - INFO -    매도 분석 대상: 3개 종목
2025-08-01 09:58:36,713 - INFO - 💸 매도 신호 처리 시작
2025-08-01 09:58:36,713 - INFO - 💎 042660(한화오션) 매도 분석:
2025-08-01 09:58:36,713 - INFO -   - 보유: 1주 @ 111,900.0원
2025-08-01 09:58:36,713 - INFO -   - 현재가: 110,900.0원
2025-08-01 09:58:36,713 - INFO -   - 손익: -0.89%
2025-08-01 09:58:37,257 - INFO - 💎 272210(한화시스템) 매도 분석:
2025-08-01 09:58:37,257 - INFO -   - 보유: 3주 @ 59,800.0원
2025-08-01 09:58:37,257 - INFO -   - 현재가: 57,400.0원
2025-08-01 09:58:37,257 - INFO -   - 손익: -4.01%
2025-08-01 09:58:37,806 - INFO - 💎 278470(에이피알) 매도 분석:
2025-08-01 09:58:37,806 - INFO -   - 보유: 2주 @ 171,500.0원
2025-08-01 09:58:37,806 - INFO -   - 현재가: 172,900.0원
2025-08-01 09:58:37,806 - INFO -   - 손익: +0.81%
2025-08-01 09:58:38,308 - INFO - 3️⃣ 매수 신호 처리 중...
2025-08-01 09:58:38,308 - INFO -    매수 분석 대상: ['042660', '062040', '272210', '348210']
2025-08-01 09:58:38,338 - INFO - 주문가능현금 (ord_psbl_cash): 185,644.0원
2025-08-01 09:58:38,339 - INFO - 최대매수금액 (max_buy_amt): 183,284.0원
2025-08-01 09:58:38,339 - INFO - 미수없는매수금액 (nrcvb_buy_amt): 183,284.0원
2025-08-01 09:58:38,339 - INFO - 💵 가용자금: 185,644.0원
2025-08-01 09:58:38,340 - INFO -    💵 현재 가용 자금: 185,644.0원
2025-08-01 09:58:38,340 - INFO - 🛒 매수 신호 처리 시작
2025-08-01 09:58:38,340 - INFO - 📋 분석 대상 종목: ['042660', '062040', '272210', '348210']
2025-08-01 09:58:38,340 - INFO - 🔍 [1/4] 042660 매수 분석 중...
2025-08-01 09:58:38,340 - INFO - 📌 042660 - 이미 보유 중이지만 추가 매수 검토
2025-08-01 09:58:38,402 - INFO - 📊 042660(한화오션) 매수 분석 결과:
2025-08-01 09:58:38,402 - INFO -   - 전략: scalping
2025-08-01 09:58:38,402 - INFO -   - 신호: HOLD
2025-08-01 09:58:38,402 - INFO -   - 강도: 0.00
2025-08-01 09:58:38,402 - INFO -   - 현재가: 110,800.0원
2025-08-01 09:58:38,403 - INFO -   - 보유 여부: 예
2025-08-01 09:58:38,403 - INFO - 📉 042660 - 매수 신호 없음 (HOLD)
2025-08-01 09:58:38,913 - INFO - 🔍 [2/4] 062040 매수 분석 중...
2025-08-01 09:58:38,974 - INFO - 📊 062040(산일전기) 매수 분석 결과:
2025-08-01 09:58:38,974 - INFO -   - 전략: momentum
2025-08-01 09:58:38,974 - INFO -   - 신호: HOLD
2025-08-01 09:58:38,975 - INFO -   - 강도: 0.00
2025-08-01 09:58:38,975 - INFO -   - 현재가: 0원
2025-08-01 09:58:38,975 - INFO -   - 보유 여부: 아니오
2025-08-01 09:58:38,975 - INFO - 📉 062040 - 매수 신호 없음 (HOLD)
2025-08-01 09:58:39,483 - INFO - 🔍 [3/4] 272210 매수 분석 중...
2025-08-01 09:58:39,483 - INFO - 📌 272210 - 이미 보유 중이지만 추가 매수 검토
2025-08-01 09:58:39,533 - INFO - 📊 272210(한화시스템) 매수 분석 결과:
2025-08-01 09:58:39,533 - INFO -   - 전략: scalping
2025-08-01 09:58:39,533 - INFO -   - 신호: HOLD
2025-08-01 09:58:39,534 - INFO -   - 강도: 0.00
2025-08-01 09:58:39,534 - INFO -   - 현재가: 57,400.0원
2025-08-01 09:58:39,534 - INFO -   - 보유 여부: 예
2025-08-01 09:58:39,534 - INFO - 📉 272210 - 매수 신호 없음 (HOLD)
2025-08-01 09:58:40,042 - INFO - 🔍 [4/4] 348210 매수 분석 중...
2025-08-01 09:58:40,129 - INFO - 📊 348210(348210) 매수 분석 결과:
2025-08-01 09:58:40,129 - INFO -   - 전략: scalping
2025-08-01 09:58:40,130 - INFO -   - 신호: HOLD
2025-08-01 09:58:40,130 - INFO -   - 강도: 0.00
2025-08-01 09:58:40,130 - INFO -   - 현재가: 45,800.0원
2025-08-01 09:58:40,130 - INFO -   - 보유 여부: 아니오
2025-08-01 09:58:40,130 - INFO - 📉 348210 - 매수 신호 없음 (HOLD)
2025-08-01 09:58:40,641 - INFO - ✅ 매수 신호 처리 완료
2025-08-01 09:58:40,641 - INFO - 4️⃣ 성과 데이터 저장 중...
2025-08-01 09:58:40,651 - INFO - ✅ 거래 사이클 완료
2025-08-01 09:58:40,652 - INFO - 다음 거래 체크: 10:03:36
2025-08-01 10:03:40,668 - INFO - 📊 거래 사이클 시작 - 2025-08-01 10:03:40
2025-08-01 10:03:40,673 - INFO - 📈 장 시간 중 (마감까지 5:26:19)
2025-08-01 10:03:40,673 - INFO - 🔄 개선된 거래 사이클 시작
2025-08-01 10:03:40,673 - INFO - 1️⃣ 포지션 업데이트 중...
2025-08-01 10:03:40,673 - INFO - 📋 전체 보유 종목 조회 중...
2025-08-01 10:03:40,745 - INFO - 보유종목 리스트 크기: 4
2025-08-01 10:03:40,746 - INFO - 📈 보유 종목: 042660(한화오션) - 1주 @ 111,900.0원 (손익: -1.51%)
2025-08-01 10:03:40,746 - INFO - 📈 보유 종목: 272210(한화시스템) - 3주 @ 59,800.0원 (손익: -3.92%)
2025-08-01 10:03:40,746 - INFO - 📈 보유 종목: 278470(에이피알) - 2주 @ 171,500.0원 (손익: +0.52%)
2025-08-01 10:03:40,746 - INFO - ✅ 전체 보유 종목 3개 조회 완료
2025-08-01 10:03:40,747 - INFO - 💼 포지션 업데이트 완료:
2025-08-01 10:03:40,747 - INFO -   - 거래 대상 보유: 2개 (이전: 2)
2025-08-01 10:03:40,747 - INFO -   - 전체 보유: 3개 (이전: 3)
2025-08-01 10:03:40,748 - INFO - 📋 거래 대상 외 보유 종목: ['278470']
2025-08-01 10:03:40,748 - INFO - 2️⃣ 매도 신호 처리 중...
2025-08-01 10:03:40,748 - INFO -    매도 분석 대상: 3개 종목
2025-08-01 10:03:40,748 - INFO - 💸 매도 신호 처리 시작
2025-08-01 10:03:40,748 - INFO - 💎 042660(한화오션) 매도 분석:
2025-08-01 10:03:40,748 - INFO -   - 보유: 1주 @ 111,900.0원
2025-08-01 10:03:40,749 - INFO -   - 현재가: 110,600.0원
2025-08-01 10:03:40,749 - INFO -   - 손익: -1.51%
2025-08-01 10:03:41,320 - INFO - 💎 272210(한화시스템) 매도 분석:
2025-08-01 10:03:41,321 - INFO -   - 보유: 3주 @ 59,800.0원
2025-08-01 10:03:41,321 - INFO -   - 현재가: 57,700.0원
2025-08-01 10:03:41,321 - INFO -   - 손익: -3.92%
2025-08-01 10:03:41,903 - INFO - 💎 278470(에이피알) 매도 분석:
2025-08-01 10:03:41,904 - INFO -   - 보유: 2주 @ 171,500.0원
2025-08-01 10:03:41,904 - INFO -   - 현재가: 172,600.0원
2025-08-01 10:03:41,904 - INFO -   - 손익: +0.52%
2025-08-01 10:03:42,414 - INFO - 3️⃣ 매수 신호 처리 중...
2025-08-01 10:03:42,415 - INFO -    매수 분석 대상: ['042660', '062040', '272210', '348210']
2025-08-01 10:03:42,469 - INFO - 주문가능현금 (ord_psbl_cash): 185,644.0원
2025-08-01 10:03:42,469 - INFO - 최대매수금액 (max_buy_amt): 183,284.0원
2025-08-01 10:03:42,469 - INFO - 미수없는매수금액 (nrcvb_buy_amt): 183,284.0원
2025-08-01 10:03:42,469 - INFO - 💵 가용자금: 185,644.0원
2025-08-01 10:03:42,470 - INFO -    💵 현재 가용 자금: 185,644.0원
2025-08-01 10:03:42,470 - INFO - 🛒 매수 신호 처리 시작
2025-08-01 10:03:42,471 - INFO - 📋 분석 대상 종목: ['042660', '062040', '272210', '348210']
2025-08-01 10:03:42,471 - INFO - 🔍 [1/4] 042660 매수 분석 중...
2025-08-01 10:03:42,471 - INFO - 📌 042660 - 이미 보유 중이지만 추가 매수 검토
2025-08-01 10:03:42,526 - INFO - 📊 042660(한화오션) 매수 분석 결과:
2025-08-01 10:03:42,527 - INFO -   - 전략: scalping
2025-08-01 10:03:42,527 - INFO -   - 신호: HOLD
2025-08-01 10:03:42,527 - INFO -   - 강도: 0.00
2025-08-01 10:03:42,527 - INFO -   - 현재가: 110,500.0원
2025-08-01 10:03:42,527 - INFO -   - 보유 여부: 예
2025-08-01 10:03:42,527 - INFO - 📉 042660 - 매수 신호 없음 (HOLD)
2025-08-01 10:03:43,033 - INFO - 🔍 [2/4] 062040 매수 분석 중...
2025-08-01 10:03:43,083 - INFO - 📊 062040(산일전기) 매수 분석 결과:
2025-08-01 10:03:43,083 - INFO -   - 전략: momentum
2025-08-01 10:03:43,083 - INFO -   - 신호: HOLD
2025-08-01 10:03:43,083 - INFO -   - 강도: 0.00
2025-08-01 10:03:43,083 - INFO -   - 현재가: 0원
2025-08-01 10:03:43,084 - INFO -   - 보유 여부: 아니오
2025-08-01 10:03:43,084 - INFO - 📉 062040 - 매수 신호 없음 (HOLD)
2025-08-01 10:03:43,587 - INFO - 🔍 [3/4] 272210 매수 분석 중...
2025-08-01 10:03:43,588 - INFO - 📌 272210 - 이미 보유 중이지만 추가 매수 검토
2025-08-01 10:03:43,635 - INFO - 📊 272210(한화시스템) 매수 분석 결과:
2025-08-01 10:03:43,635 - INFO -   - 전략: scalping
2025-08-01 10:03:43,635 - INFO -   - 신호: BUY
2025-08-01 10:03:43,636 - INFO -   - 강도: 1.00
2025-08-01 10:03:43,636 - INFO -   - 현재가: 57,700.0원
2025-08-01 10:03:43,636 - INFO -   - 보유 여부: 예
2025-08-01 10:03:43,636 - INFO - 📐 272210 - 포지션 크기 계산 상세 분석
2025-08-01 10:03:43,636 - INFO -   입력값:
2025-08-01 10:03:43,636 - INFO -     현재가: 57,700.0원
2025-08-01 10:03:43,637 - INFO -     신호강도: 1.00
2025-08-01 10:03:43,637 - INFO -     최대투자비율: 30.0%
2025-08-01 10:03:43,707 - INFO - 주문가능현금 (ord_psbl_cash): 185,644.0원
2025-08-01 10:03:43,708 - INFO - 최대매수금액 (max_buy_amt): 183,284.0원
2025-08-01 10:03:43,708 - INFO - 미수없는매수금액 (nrcvb_buy_amt): 183,284.0원
2025-08-01 10:03:43,708 - INFO - 💵 가용자금: 185,644.0원
2025-08-01 10:03:43,708 - INFO -   💵 가용 자금: 185,644.0원
2025-08-01 10:03:43,709 - INFO -   최대 투자 가능 금액: 55,693.2원 (비율: 30.0%)
2025-08-01 10:03:43,709 - INFO -   양호한 신호 - 50% 투자
2025-08-01 10:03:43,709 - INFO -   포지션 비율: 50.0%
2025-08-01 10:03:43,709 - INFO -   조정된 투자 금액: 27,846.6원
2025-08-01 10:03:43,709 - INFO -   계산 과정:
2025-08-01 10:03:43,709 - INFO -     27,846.6원 ÷ 57,700.0원 = 0.483주
2025-08-01 10:03:43,710 - INFO -     정수화: 0주
2025-08-01 10:03:43,710 - WARNING -   ⚠️ 투자 금액이 최소 기준 미달: 27,846.6원 < 100,000원
2025-08-01 10:03:43,710 - INFO -   최소 투자 금액으로 조정: 100,000원 → 1주
2025-08-01 10:03:43,710 - INFO - 📊 최종 계산된 주문 수량: 1주
2025-08-01 10:03:43,710 - INFO -   예상 투자 금액: 57,700.0원
2025-08-01 10:03:43,710 - INFO - 💰 272210 추가 매수 실행: 1주 (limit)
2025-08-01 10:03:43,745 - INFO - 📊 272210 현재가 조회 성공: 57,700.0원 (상한가: 77,200.0원, 하한가: 41,600.0원)
2025-08-01 10:03:43,746 - INFO - 📊 272210 가격 정보:
2025-08-01 10:03:43,746 - INFO -   - 현재가: 57,700.0원
2025-08-01 10:03:43,747 - INFO -   - 상한가: 77,200.0원
2025-08-01 10:03:43,747 - INFO -   - 하한가: 41,600.0원
2025-08-01 10:03:43,786 - INFO - 💰 272210 BUY 안전 지정가: 57,800원 (현재가 대비 +0.17%)
2025-08-01 10:03:43,786 - INFO - 📊 안전 지정가 주문: 272210 BUY 1주 @ 57,800원
2025-08-01 10:03:43,837 - INFO - ✅ 안전 지정가 주문 성공: 272210 BUY 1주 @ 57,800원
2025-08-01 10:03:44,179 - INFO - 📝 매수 기록: 272210 1주 @ 57,800원 (누적: 1주)
2025-08-01 10:03:44,180 - INFO - ✅ 272210 추가 매수 완료: 1주 @ 57,800원
2025-08-01 10:03:44,690 - INFO - 🔍 [4/4] 348210 매수 분석 중...
2025-08-01 10:03:44,767 - INFO - 📊 348210(348210) 매수 분석 결과:
2025-08-01 10:03:44,767 - INFO -   - 전략: scalping
2025-08-01 10:03:44,767 - INFO -   - 신호: BUY
2025-08-01 10:03:44,767 - INFO -   - 강도: 1.00
2025-08-01 10:03:44,767 - INFO -   - 현재가: 45,850.0원
2025-08-01 10:03:44,767 - INFO -   - 보유 여부: 아니오
2025-08-01 10:03:44,767 - INFO - 📐 348210 - 포지션 크기 계산 상세 분석
2025-08-01 10:03:44,767 - INFO -   입력값:
2025-08-01 10:03:44,767 - INFO -     현재가: 45,850.0원
2025-08-01 10:03:44,768 - INFO -     신호강도: 1.00
2025-08-01 10:03:44,768 - INFO -     최대투자비율: 30.0%
2025-08-01 10:03:44,808 - INFO - 주문가능현금 (ord_psbl_cash): 127,944.0원
2025-08-01 10:03:44,808 - INFO - 최대매수금액 (max_buy_amt): 125,583.0원
2025-08-01 10:03:44,808 - INFO - 미수없는매수금액 (nrcvb_buy_amt): 125,583.0원
2025-08-01 10:03:44,808 - INFO - 💵 가용자금: 127,944.0원
2025-08-01 10:03:44,808 - INFO -   💵 가용 자금: 127,944.0원
2025-08-01 10:03:44,808 - INFO -   최대 투자 가능 금액: 38,383.2원 (비율: 30.0%)
2025-08-01 10:03:44,808 - INFO -   양호한 신호 - 50% 투자
2025-08-01 10:03:44,809 - INFO -   포지션 비율: 50.0%
2025-08-01 10:03:44,809 - INFO -   조정된 투자 금액: 19,191.6원
2025-08-01 10:03:44,809 - INFO -   계산 과정:
2025-08-01 10:03:44,809 - INFO -     19,191.6원 ÷ 45,850.0원 = 0.419주
2025-08-01 10:03:44,809 - INFO -     정수화: 0주
2025-08-01 10:03:44,809 - WARNING -   ⚠️ 투자 금액이 최소 기준 미달: 19,191.6원 < 100,000원
2025-08-01 10:03:44,809 - INFO -   최소 투자 금액으로 조정: 100,000원 → 2주
2025-08-01 10:03:44,809 - INFO - 📊 최종 계산된 주문 수량: 2주
2025-08-01 10:03:44,809 - INFO -   예상 투자 금액: 91,700.0원
2025-08-01 10:03:44,809 - INFO - 💰 348210 신규 매수 실행: 2주 (limit)
2025-08-01 10:03:44,838 - INFO - 📊 348210 현재가 조회 성공: 45,850.0원 (상한가: 61,600.0원, 하한가: 33,250.0원)
2025-08-01 10:03:44,839 - INFO - 📊 348210 가격 정보:
2025-08-01 10:03:44,839 - INFO -   - 현재가: 45,850.0원
2025-08-01 10:03:44,839 - INFO -   - 상한가: 61,600.0원
2025-08-01 10:03:44,839 - INFO -   - 하한가: 33,250.0원
2025-08-01 10:03:44,874 - INFO - 💰 348210 BUY 안전 지정가: 45,900원 (현재가 대비 +0.11%)
2025-08-01 10:03:44,874 - INFO - 📊 안전 지정가 주문: 348210 BUY 2주 @ 45,900원
2025-08-01 10:03:44,922 - INFO - ✅ 안전 지정가 주문 성공: 348210 BUY 2주 @ 45,900원
2025-08-01 10:03:45,272 - INFO - 📝 매수 기록: 348210 2주 @ 45,900원 (누적: 2주)
2025-08-01 10:03:45,272 - INFO - ✅ 348210 신규 매수 완료: 2주 @ 45,900원
2025-08-01 10:03:45,782 - INFO - ✅ 매수 신호 처리 완료
2025-08-01 10:03:45,783 - INFO - 4️⃣ 성과 데이터 저장 중...
2025-08-01 10:03:45,793 - INFO - ✅ 거래 사이클 완료
2025-08-01 10:03:45,793 - INFO - 다음 거래 체크: 10:08:40
2025-08-01 10:08:45,726 - INFO - 📊 거래 사이클 시작 - 2025-08-01 10:08:45
2025-08-01 10:08:45,729 - INFO - 📈 장 시간 중 (마감까지 5:21:14)
2025-08-01 10:08:45,730 - INFO - 🔄 개선된 거래 사이클 시작
2025-08-01 10:08:45,730 - INFO - 1️⃣ 포지션 업데이트 중...
2025-08-01 10:08:45,730 - INFO - 📋 전체 보유 종목 조회 중...
2025-08-01 10:08:45,827 - INFO - 보유종목 리스트 크기: 5
2025-08-01 10:08:45,828 - INFO - 📈 보유 종목: 042660(한화오션) - 1주 @ 111,900.0원 (손익: -1.96%)
2025-08-01 10:08:45,828 - INFO - 📈 보유 종목: 272210(한화시스템) - 4주 @ 59,275.0원 (손익: -3.83%)
2025-08-01 10:08:45,828 - INFO - 📈 보유 종목: 278470(에이피알) - 2주 @ 171,500.0원 (손익: +0.34%)
2025-08-01 10:08:45,828 - INFO - 📈 보유 종목: 348210(넥스틴) - 2주 @ 45,850.0원 (손익: -0.10%)
2025-08-01 10:08:45,829 - INFO - ✅ 전체 보유 종목 4개 조회 완료
2025-08-01 10:08:45,829 - INFO - 💼 포지션 업데이트 완료:
2025-08-01 10:08:45,830 - INFO -   - 거래 대상 보유: 3개 (이전: 3)
2025-08-01 10:08:45,830 - INFO -   - 전체 보유: 4개 (이전: 3)
2025-08-01 10:08:45,830 - INFO - 📋 거래 대상 외 보유 종목: ['278470']
2025-08-01 10:08:45,830 - INFO - 2️⃣ 매도 신호 처리 중...
2025-08-01 10:08:45,830 - INFO -    매도 분석 대상: 4개 종목
2025-08-01 10:08:45,830 - INFO - 💸 매도 신호 처리 시작
2025-08-01 10:08:45,831 - INFO - 💎 042660(한화오션) 매도 분석:
2025-08-01 10:08:45,831 - INFO -   - 보유: 1주 @ 111,900.0원
2025-08-01 10:08:45,831 - INFO -   - 현재가: 109,800.0원
2025-08-01 10:08:45,831 - INFO -   - 손익: -1.96%
2025-08-01 10:08:46,397 - INFO - 💎 272210(한화시스템) 매도 분석:
2025-08-01 10:08:46,397 - INFO -   - 보유: 4주 @ 59,275.0원
2025-08-01 10:08:46,397 - INFO -   - 현재가: 57,000.0원
2025-08-01 10:08:46,397 - INFO -   - 손익: -3.83%
2025-08-01 10:08:46,953 - INFO - 💎 278470(에이피알) 매도 분석:
2025-08-01 10:08:46,953 - INFO -   - 보유: 2주 @ 171,500.0원
2025-08-01 10:08:46,953 - INFO -   - 현재가: 172,100.0원
2025-08-01 10:08:46,953 - INFO -   - 손익: +0.34%
2025-08-01 10:08:47,462 - INFO - 💎 348210(348210) 매도 분석:
2025-08-01 10:08:47,463 - INFO -   - 보유: 2주 @ 45,850.0원
2025-08-01 10:08:47,463 - INFO -   - 현재가: 45,800.0원
2025-08-01 10:08:47,463 - INFO -   - 손익: -0.10%
2025-08-01 10:08:48,024 - INFO - 3️⃣ 매수 신호 처리 중...
2025-08-01 10:08:48,024 - INFO -    매수 분석 대상: ['042660', '062040', '272210', '348210']
2025-08-01 10:08:48,079 - INFO - 주문가능현금 (ord_psbl_cash): 36,244.0원
2025-08-01 10:08:48,080 - INFO - 최대매수금액 (max_buy_amt): 33,881.0원
2025-08-01 10:08:48,080 - INFO - 미수없는매수금액 (nrcvb_buy_amt): 33,881.0원
2025-08-01 10:08:48,080 - INFO - 💵 가용자금: 36,244.0원
2025-08-01 10:08:48,081 - INFO -    💵 현재 가용 자금: 36,244.0원
2025-08-01 10:08:48,081 - INFO - 🛒 매수 신호 처리 시작
2025-08-01 10:08:48,081 - INFO - 📋 분석 대상 종목: ['042660', '062040', '272210', '348210']
2025-08-01 10:08:48,081 - INFO - 🔍 [1/4] 042660 매수 분석 중...
2025-08-01 10:08:48,081 - INFO - 📌 042660 - 이미 보유 중이지만 추가 매수 검토
2025-08-01 10:08:48,127 - INFO - 📊 042660(한화오션) 매수 분석 결과:
2025-08-01 10:08:48,127 - INFO -   - 전략: scalping
2025-08-01 10:08:48,127 - INFO -   - 신호: HOLD
2025-08-01 10:08:48,127 - INFO -   - 강도: 0.00
2025-08-01 10:08:48,127 - INFO -   - 현재가: 109,800.0원
2025-08-01 10:08:48,127 - INFO -   - 보유 여부: 예
2025-08-01 10:08:48,128 - INFO - 📉 042660 - 매수 신호 없음 (HOLD)
2025-08-01 10:08:48,638 - INFO - 🔍 [2/4] 062040 매수 분석 중...
2025-08-01 10:08:48,683 - INFO - 📊 062040(산일전기) 매수 분석 결과:
2025-08-01 10:08:48,683 - INFO -   - 전략: momentum
2025-08-01 10:08:48,683 - INFO -   - 신호: HOLD
2025-08-01 10:08:48,684 - INFO -   - 강도: 0.00
2025-08-01 10:08:48,684 - INFO -   - 현재가: 0원
2025-08-01 10:08:48,684 - INFO -   - 보유 여부: 아니오
2025-08-01 10:08:48,684 - INFO - 📉 062040 - 매수 신호 없음 (HOLD)
2025-08-01 10:08:49,194 - INFO - 🔍 [3/4] 272210 매수 분석 중...
2025-08-01 10:08:49,195 - INFO - 🚫 272210 - 재매수 금지 기간 중 (남은 시간: 2.9시간)
2025-08-01 10:08:49,698 - INFO - 🔍 [4/4] 348210 매수 분석 중...
2025-08-01 10:08:49,699 - INFO - 🚫 348210 - 재매수 금지 기간 중 (남은 시간: 2.9시간)
2025-08-01 10:08:50,209 - INFO - ✅ 매수 신호 처리 완료
2025-08-01 10:08:50,209 - INFO - 4️⃣ 성과 데이터 저장 중...
2025-08-01 10:08:50,220 - INFO - ✅ 거래 사이클 완료
2025-08-01 10:08:50,220 - INFO - 다음 거래 체크: 10:13:45
2025-08-01 10:13:50,229 - INFO - 📊 거래 사이클 시작 - 2025-08-01 10:13:50
2025-08-01 10:13:50,233 - INFO - 📈 장 시간 중 (마감까지 5:16:09)
2025-08-01 10:13:50,234 - INFO - 🔄 개선된 거래 사이클 시작
2025-08-01 10:13:50,234 - INFO - 1️⃣ 포지션 업데이트 중...
2025-08-01 10:13:50,234 - INFO - 📋 전체 보유 종목 조회 중...
2025-08-01 10:13:50,330 - INFO - 보유종목 리스트 크기: 5
2025-08-01 10:13:50,331 - INFO - 📈 보유 종목: 042660(한화오션) - 1주 @ 111,900.0원 (손익: +0.71%)
2025-08-01 10:13:50,331 - INFO - 📈 보유 종목: 272210(한화시스템) - 4주 @ 59,275.0원 (손익: -1.98%)
2025-08-01 10:13:50,331 - INFO - 📈 보유 종목: 278470(에이피알) - 2주 @ 171,500.0원 (손익: +0.81%)
2025-08-01 10:13:50,331 - INFO - 📈 보유 종목: 348210(넥스틴) - 2주 @ 45,850.0원 (손익: +0.10%)
2025-08-01 10:13:50,332 - INFO - ✅ 전체 보유 종목 4개 조회 완료
2025-08-01 10:13:50,332 - INFO - 💼 포지션 업데이트 완료:
2025-08-01 10:13:50,333 - INFO -   - 거래 대상 보유: 3개 (이전: 3)
2025-08-01 10:13:50,333 - INFO -   - 전체 보유: 4개 (이전: 4)
2025-08-01 10:13:50,333 - INFO - 📋 거래 대상 외 보유 종목: ['278470']
2025-08-01 10:13:50,333 - INFO - 2️⃣ 매도 신호 처리 중...
2025-08-01 10:13:50,333 - INFO -    매도 분석 대상: 4개 종목
2025-08-01 10:13:50,333 - INFO - 💸 매도 신호 처리 시작
2025-08-01 10:13:50,334 - INFO - 💎 042660(한화오션) 매도 분석:
2025-08-01 10:13:50,334 - INFO -   - 보유: 1주 @ 111,900.0원
2025-08-01 10:13:50,334 - INFO -   - 현재가: 112,700.0원
2025-08-01 10:13:50,334 - INFO -   - 손익: +0.71%
2025-08-01 10:13:51,036 - INFO - 💎 272210(한화시스템) 매도 분석:
2025-08-01 10:13:51,036 - INFO -   - 보유: 4주 @ 59,275.0원
2025-08-01 10:13:51,036 - INFO -   - 현재가: 58,100.0원
2025-08-01 10:13:51,037 - INFO -   - 손익: -1.98%
2025-08-01 10:13:51,611 - INFO - 💎 278470(에이피알) 매도 분석:
2025-08-01 10:13:51,612 - INFO -   - 보유: 2주 @ 171,500.0원
2025-08-01 10:13:51,612 - INFO -   - 현재가: 172,900.0원
2025-08-01 10:13:51,612 - INFO -   - 손익: +0.81%
2025-08-01 10:13:52,114 - INFO - 💎 348210(348210) 매도 분석:
2025-08-01 10:13:52,115 - INFO -   - 보유: 2주 @ 45,850.0원
2025-08-01 10:13:52,115 - INFO -   - 현재가: 45,900.0원
2025-08-01 10:13:52,115 - INFO -   - 손익: +0.10%
2025-08-01 10:13:52,662 - INFO - 3️⃣ 매수 신호 처리 중...
2025-08-01 10:13:52,663 - INFO -    매수 분석 대상: ['042660', '062040', '272210', '348210']
2025-08-01 10:13:52,728 - INFO - 주문가능현금 (ord_psbl_cash): 36,244.0원
2025-08-01 10:13:52,728 - INFO - 최대매수금액 (max_buy_amt): 33,881.0원
2025-08-01 10:13:52,729 - INFO - 미수없는매수금액 (nrcvb_buy_amt): 33,881.0원
2025-08-01 10:13:52,729 - INFO - 💵 가용자금: 36,244.0원
2025-08-01 10:13:52,729 - INFO -    💵 현재 가용 자금: 36,244.0원
2025-08-01 10:13:52,729 - INFO - 🛒 매수 신호 처리 시작
2025-08-01 10:13:52,730 - INFO - 📋 분석 대상 종목: ['042660', '062040', '272210', '348210']
2025-08-01 10:13:52,730 - INFO - 🔍 [1/4] 042660 매수 분석 중...
2025-08-01 10:13:52,730 - INFO - 📌 042660 - 이미 보유 중이지만 추가 매수 검토
2025-08-01 10:13:52,777 - INFO - 📊 042660(한화오션) 매수 분석 결과:
2025-08-01 10:13:52,777 - INFO -   - 전략: scalping
2025-08-01 10:13:52,777 - INFO -   - 신호: HOLD
2025-08-01 10:13:52,778 - INFO -   - 강도: 0.00
2025-08-01 10:13:52,778 - INFO -   - 현재가: 112,600.0원
2025-08-01 10:13:52,778 - INFO -   - 보유 여부: 예
2025-08-01 10:13:52,778 - INFO - 📉 042660 - 매수 신호 없음 (HOLD)
2025-08-01 10:13:53,283 - INFO - 🔍 [2/4] 062040 매수 분석 중...
2025-08-01 10:13:53,352 - INFO - 📊 062040(산일전기) 매수 분석 결과:
2025-08-01 10:13:53,352 - INFO -   - 전략: momentum
2025-08-01 10:13:53,352 - INFO -   - 신호: HOLD
2025-08-01 10:13:53,352 - INFO -   - 강도: 0.00
2025-08-01 10:13:53,352 - INFO -   - 현재가: 0원
2025-08-01 10:13:53,352 - INFO -   - 보유 여부: 아니오
2025-08-01 10:13:53,352 - INFO - 📉 062040 - 매수 신호 없음 (HOLD)
2025-08-01 10:13:53,862 - INFO - 🔍 [3/4] 272210 매수 분석 중...
2025-08-01 10:13:53,863 - INFO - 🚫 272210 - 재매수 금지 기간 중 (남은 시간: 2.8시간)
2025-08-01 10:13:54,373 - INFO - 🔍 [4/4] 348210 매수 분석 중...
2025-08-01 10:13:54,374 - INFO - 🚫 348210 - 재매수 금지 기간 중 (남은 시간: 2.8시간)
2025-08-01 10:13:54,883 - INFO - ✅ 매수 신호 처리 완료
2025-08-01 10:13:54,883 - INFO - 4️⃣ 성과 데이터 저장 중...
2025-08-01 10:13:54,894 - INFO - ✅ 거래 사이클 완료
2025-08-01 10:13:54,894 - INFO - 다음 거래 체크: 10:18:50
2025-08-01 10:18:54,904 - INFO - 📊 거래 사이클 시작 - 2025-08-01 10:18:54
2025-08-01 10:18:54,904 - INFO - 📈 장 시간 중 (마감까지 5:11:05)
2025-08-01 10:18:54,904 - INFO - 🔄 개선된 거래 사이클 시작
2025-08-01 10:18:54,905 - INFO - 1️⃣ 포지션 업데이트 중...
2025-08-01 10:18:54,905 - INFO - 📋 전체 보유 종목 조회 중...
2025-08-01 10:18:55,034 - INFO - 보유종목 리스트 크기: 5
2025-08-01 10:18:55,034 - INFO - 📈 보유 종목: 042660(한화오션) - 1주 @ 111,900.0원 (손익: +0.80%)
2025-08-01 10:18:55,034 - INFO - 📈 보유 종목: 272210(한화시스템) - 4주 @ 59,275.0원 (손익: -1.30%)
2025-08-01 10:18:55,034 - INFO - 📈 보유 종목: 278470(에이피알) - 2주 @ 171,500.0원 (손익: +1.04%)
2025-08-01 10:18:55,035 - INFO - 📈 보유 종목: 348210(넥스틴) - 2주 @ 45,850.0원 (손익: +0.21%)
2025-08-01 10:18:55,035 - INFO - ✅ 전체 보유 종목 4개 조회 완료
2025-08-01 10:18:55,035 - INFO - 💼 포지션 업데이트 완료:
2025-08-01 10:18:55,035 - INFO -   - 거래 대상 보유: 3개 (이전: 3)
2025-08-01 10:18:55,036 - INFO -   - 전체 보유: 4개 (이전: 4)
2025-08-01 10:18:55,036 - INFO - 📋 거래 대상 외 보유 종목: ['278470']
2025-08-01 10:18:55,036 - INFO - 2️⃣ 매도 신호 처리 중...
2025-08-01 10:18:55,036 - INFO -    매도 분석 대상: 4개 종목
2025-08-01 10:18:55,036 - INFO - 💸 매도 신호 처리 시작
2025-08-01 10:18:55,036 - INFO - 💎 042660(한화오션) 매도 분석:
2025-08-01 10:18:55,036 - INFO -   - 보유: 1주 @ 111,900.0원
2025-08-01 10:18:55,036 - INFO -   - 현재가: 112,800.0원
2025-08-01 10:18:55,037 - INFO -   - 손익: +0.80%
2025-08-01 10:18:55,589 - INFO - 💎 272210(한화시스템) 매도 분석:
2025-08-01 10:18:55,590 - INFO -   - 보유: 4주 @ 59,275.0원
2025-08-01 10:18:55,590 - INFO -   - 현재가: 58,500.0원
2025-08-01 10:18:55,590 - INFO -   - 손익: -1.30%
2025-08-01 10:18:56,150 - INFO - 💎 278470(에이피알) 매도 분석:
2025-08-01 10:18:56,151 - INFO -   - 보유: 2주 @ 171,500.0원
2025-08-01 10:18:56,151 - INFO -   - 현재가: 173,300.0원
2025-08-01 10:18:56,151 - INFO -   - 손익: +1.04%
2025-08-01 10:18:56,661 - INFO - 💎 348210(348210) 매도 분석:
2025-08-01 10:18:56,662 - INFO -   - 보유: 2주 @ 45,850.0원
2025-08-01 10:18:56,662 - INFO -   - 현재가: 45,950.0원
2025-08-01 10:18:56,662 - INFO -   - 손익: +0.21%
2025-08-01 10:18:56,756 - INFO - 🚫 348210 매도 신호 있지만 제한: 최소 보유 기간 미충족 (남은 시간: 23.7시간)
2025-08-01 10:18:57,264 - INFO - 3️⃣ 매수 신호 처리 중...
2025-08-01 10:18:57,265 - INFO -    매수 분석 대상: ['042660', '062040', '272210', '348210']
2025-08-01 10:18:57,304 - INFO - 주문가능현금 (ord_psbl_cash): 36,244.0원
2025-08-01 10:18:57,305 - INFO - 최대매수금액 (max_buy_amt): 33,881.0원
2025-08-01 10:18:57,305 - INFO - 미수없는매수금액 (nrcvb_buy_amt): 33,881.0원
2025-08-01 10:18:57,305 - INFO - 💵 가용자금: 36,244.0원
2025-08-01 10:18:57,306 - INFO -    💵 현재 가용 자금: 36,244.0원
2025-08-01 10:18:57,306 - INFO - 🛒 매수 신호 처리 시작
2025-08-01 10:18:57,306 - INFO - 📋 분석 대상 종목: ['042660', '062040', '272210', '348210']
2025-08-01 10:18:57,306 - INFO - 🔍 [1/4] 042660 매수 분석 중...
2025-08-01 10:18:57,306 - INFO - 📌 042660 - 이미 보유 중이지만 추가 매수 검토
2025-08-01 10:18:57,365 - INFO - 📊 042660(한화오션) 매수 분석 결과:
2025-08-01 10:18:57,365 - INFO -   - 전략: scalping
2025-08-01 10:18:57,366 - INFO -   - 신호: HOLD
2025-08-01 10:18:57,366 - INFO -   - 강도: 0.00
2025-08-01 10:18:57,366 - INFO -   - 현재가: 112,800.0원
2025-08-01 10:18:57,366 - INFO -   - 보유 여부: 예
2025-08-01 10:18:57,366 - INFO - 📉 042660 - 매수 신호 없음 (HOLD)
2025-08-01 10:18:57,875 - INFO - 🔍 [2/4] 062040 매수 분석 중...
2025-08-01 10:18:57,936 - INFO - 📊 062040(산일전기) 매수 분석 결과:
2025-08-01 10:18:57,937 - INFO -   - 전략: momentum
2025-08-01 10:18:57,937 - INFO -   - 신호: HOLD
2025-08-01 10:18:57,937 - INFO -   - 강도: 0.00
2025-08-01 10:18:57,937 - INFO -   - 현재가: 0원
2025-08-01 10:18:57,937 - INFO -   - 보유 여부: 아니오
2025-08-01 10:18:57,937 - INFO - 📉 062040 - 매수 신호 없음 (HOLD)
2025-08-01 10:18:58,439 - INFO - 🔍 [3/4] 272210 매수 분석 중...
2025-08-01 10:18:58,440 - INFO - 🚫 272210 - 재매수 금지 기간 중 (남은 시간: 2.7시간)
2025-08-01 10:18:58,942 - INFO - 🔍 [4/4] 348210 매수 분석 중...
2025-08-01 10:18:58,943 - INFO - 🚫 348210 - 재매수 금지 기간 중 (남은 시간: 2.7시간)
2025-08-01 10:18:59,453 - INFO - ✅ 매수 신호 처리 완료
2025-08-01 10:18:59,453 - INFO - 4️⃣ 성과 데이터 저장 중...
2025-08-01 10:18:59,464 - INFO - ✅ 거래 사이클 완료
2025-08-01 10:18:59,464 - INFO - 다음 거래 체크: 10:23:54
2025-08-01 10:23:59,473 - INFO - 📊 거래 사이클 시작 - 2025-08-01 10:23:59
2025-08-01 10:23:59,474 - INFO - 📈 장 시간 중 (마감까지 5:06:00)
2025-08-01 10:23:59,474 - INFO - 🔄 개선된 거래 사이클 시작
2025-08-01 10:23:59,474 - INFO - 1️⃣ 포지션 업데이트 중...
2025-08-01 10:23:59,475 - INFO - 📋 전체 보유 종목 조회 중...
2025-08-01 10:23:59,561 - INFO - 보유종목 리스트 크기: 5
2025-08-01 10:23:59,562 - INFO - 📈 보유 종목: 042660(한화오션) - 1주 @ 111,900.0원 (손익: +0.53%)
2025-08-01 10:23:59,562 - INFO - 📈 보유 종목: 272210(한화시스템) - 4주 @ 59,275.0원 (손익: -1.47%)
2025-08-01 10:23:59,562 - INFO - 📈 보유 종목: 278470(에이피알) - 2주 @ 171,500.0원 (손익: +0.52%)
2025-08-01 10:23:59,562 - INFO - 📈 보유 종목: 348210(넥스틴) - 2주 @ 45,850.0원 (손익: -0.21%)
2025-08-01 10:23:59,562 - INFO - ✅ 전체 보유 종목 4개 조회 완료
2025-08-01 10:23:59,563 - INFO - 💼 포지션 업데이트 완료:
2025-08-01 10:23:59,563 - INFO -   - 거래 대상 보유: 3개 (이전: 3)
2025-08-01 10:23:59,563 - INFO -   - 전체 보유: 4개 (이전: 4)
2025-08-01 10:23:59,564 - INFO - 📋 거래 대상 외 보유 종목: ['278470']
2025-08-01 10:23:59,564 - INFO - 2️⃣ 매도 신호 처리 중...
2025-08-01 10:23:59,564 - INFO -    매도 분석 대상: 4개 종목
2025-08-01 10:23:59,564 - INFO - 💸 매도 신호 처리 시작
2025-08-01 10:23:59,564 - INFO - 💎 042660(한화오션) 매도 분석:
2025-08-01 10:23:59,564 - INFO -   - 보유: 1주 @ 111,900.0원
2025-08-01 10:23:59,564 - INFO -   - 현재가: 112,500.0원
2025-08-01 10:23:59,565 - INFO -   - 손익: +0.53%
2025-08-01 10:23:59,622 - INFO - 📉 042660 매도 신호 감지 (강도: 4.00)
2025-08-01 10:23:59,622 - INFO - 💸 042660 매도 실행: 1주 (urgent) - 매도 신호
2025-08-01 10:23:59,649 - INFO - 📊 042660 현재가 조회 성공: 112,500.0원 (상한가: 145,900.0원, 하한가: 78,700.0원)
2025-08-01 10:23:59,650 - INFO - 📊 042660 가격 정보:
2025-08-01 10:23:59,650 - INFO -   - 현재가: 112,500.0원
2025-08-01 10:23:59,650 - INFO -   - 상한가: 145,900.0원
2025-08-01 10:23:59,650 - INFO -   - 하한가: 78,700.0원
2025-08-01 10:23:59,689 - INFO - 💰 042660 SELL 안전 지정가: 110,000원 (현재가 대비 -2.22%)
2025-08-01 10:23:59,689 - INFO - 📊 안전 지정가 주문: 042660 SELL 1주 @ 110,000원
2025-08-01 10:23:59,761 - INFO - ✅ 안전 지정가 주문 성공: 042660 SELL 1주 @ 110,000원
2025-08-01 10:24:00,207 - INFO - ✅ 042660 매도 완료: 1주 @ 110,000원 - 매도 신호
2025-08-01 10:24:00,717 - INFO - 💎 272210(한화시스템) 매도 분석:
2025-08-01 10:24:00,718 - INFO -   - 보유: 4주 @ 59,275.0원
2025-08-01 10:24:00,718 - INFO -   - 현재가: 58,400.0원
2025-08-01 10:24:00,718 - INFO -   - 손익: -1.47%
2025-08-01 10:24:01,274 - INFO - 💎 278470(에이피알) 매도 분석:
2025-08-01 10:24:01,274 - INFO -   - 보유: 2주 @ 171,500.0원
2025-08-01 10:24:01,274 - INFO -   - 현재가: 172,400.0원
2025-08-01 10:24:01,274 - INFO -   - 손익: +0.52%
2025-08-01 10:24:01,780 - INFO - 💎 348210(348210) 매도 분석:
2025-08-01 10:24:01,780 - INFO -   - 보유: 2주 @ 45,850.0원
2025-08-01 10:24:01,780 - INFO -   - 현재가: 45,750.0원
2025-08-01 10:24:01,780 - INFO -   - 손익: -0.21%
2025-08-01 10:24:02,360 - INFO - 3️⃣ 매수 신호 처리 중...
2025-08-01 10:24:02,360 - INFO -    매수 분석 대상: ['042660', '062040', '272210', '348210']
2025-08-01 10:24:02,430 - INFO - 주문가능현금 (ord_psbl_cash): 147,956.0원
2025-08-01 10:24:02,430 - INFO - 최대매수금액 (max_buy_amt): 145,040.0원
2025-08-01 10:24:02,431 - INFO - 미수없는매수금액 (nrcvb_buy_amt): 145,040.0원
2025-08-01 10:24:02,431 - INFO - 💵 가용자금: 147,956.0원
2025-08-01 10:24:02,431 - INFO -    💵 현재 가용 자금: 147,956.0원
2025-08-01 10:24:02,431 - INFO - 🛒 매수 신호 처리 시작
2025-08-01 10:24:02,431 - INFO - 📋 분석 대상 종목: ['042660', '062040', '272210', '348210']
2025-08-01 10:24:02,431 - INFO - 🔍 [1/4] 042660 매수 분석 중...
2025-08-01 10:24:02,522 - INFO - 📊 042660(한화오션) 매수 분석 결과:
2025-08-01 10:24:02,522 - INFO -   - 전략: scalping
2025-08-01 10:24:02,522 - INFO -   - 신호: HOLD
2025-08-01 10:24:02,522 - INFO -   - 강도: 0.00
2025-08-01 10:24:02,523 - INFO -   - 현재가: 112,500.0원
2025-08-01 10:24:02,523 - INFO -   - 보유 여부: 아니오
2025-08-01 10:24:02,523 - INFO - 📉 042660 - 매수 신호 없음 (HOLD)
2025-08-01 10:24:03,033 - INFO - 🔍 [2/4] 062040 매수 분석 중...
2025-08-01 10:24:03,071 - INFO - 📊 062040(산일전기) 매수 분석 결과:
2025-08-01 10:24:03,072 - INFO -   - 전략: momentum
2025-08-01 10:24:03,072 - INFO -   - 신호: HOLD
2025-08-01 10:24:03,072 - INFO -   - 강도: 0.00
2025-08-01 10:24:03,072 - INFO -   - 현재가: 0원
2025-08-01 10:24:03,072 - INFO -   - 보유 여부: 아니오
2025-08-01 10:24:03,072 - INFO - 📉 062040 - 매수 신호 없음 (HOLD)
2025-08-01 10:24:03,583 - INFO - 🔍 [3/4] 272210 매수 분석 중...
2025-08-01 10:24:03,583 - INFO - 🚫 272210 - 재매수 금지 기간 중 (남은 시간: 2.7시간)
2025-08-01 10:24:04,093 - INFO - 🔍 [4/4] 348210 매수 분석 중...
2025-08-01 10:24:04,094 - INFO - 🚫 348210 - 재매수 금지 기간 중 (남은 시간: 2.7시간)
2025-08-01 10:24:04,600 - INFO - ✅ 매수 신호 처리 완료
2025-08-01 10:24:04,600 - INFO - 4️⃣ 성과 데이터 저장 중...
2025-08-01 10:24:04,609 - INFO - ✅ 거래 사이클 완료
2025-08-01 10:24:04,610 - INFO - 다음 거래 체크: 10:28:59
2025-08-01 10:29:04,617 - INFO - 📊 거래 사이클 시작 - 2025-08-01 10:29:04
2025-08-01 10:29:04,618 - INFO - 📈 장 시간 중 (마감까지 5:00:55)
2025-08-01 10:29:04,618 - INFO - 🔄 개선된 거래 사이클 시작
2025-08-01 10:29:04,619 - INFO - 1️⃣ 포지션 업데이트 중...
2025-08-01 10:29:04,619 - INFO - 📋 전체 보유 종목 조회 중...
2025-08-01 10:29:04,726 - INFO - 보유종목 리스트 크기: 5
2025-08-01 10:29:04,726 - INFO - 📈 보유 종목: 272210(한화시스템) - 4주 @ 59,275.0원 (손익: -1.64%)
2025-08-01 10:29:04,726 - INFO - 📈 보유 종목: 278470(에이피알) - 2주 @ 171,500.0원 (손익: +0.40%)
2025-08-01 10:29:04,727 - INFO - 📈 보유 종목: 348210(넥스틴) - 2주 @ 45,850.0원 (손익: +0.00%)
2025-08-01 10:29:04,727 - INFO - ✅ 전체 보유 종목 3개 조회 완료
2025-08-01 10:29:04,727 - INFO - 💼 포지션 업데이트 완료:
2025-08-01 10:29:04,728 - INFO -   - 거래 대상 보유: 2개 (이전: 2)
2025-08-01 10:29:04,728 - INFO -   - 전체 보유: 3개 (이전: 3)
2025-08-01 10:29:04,728 - INFO - 📋 거래 대상 외 보유 종목: ['278470']
2025-08-01 10:29:04,728 - INFO - 2️⃣ 매도 신호 처리 중...
2025-08-01 10:29:04,728 - INFO -    매도 분석 대상: 3개 종목
2025-08-01 10:29:04,728 - INFO - 💸 매도 신호 처리 시작
2025-08-01 10:29:04,729 - INFO - 💎 272210(한화시스템) 매도 분석:
2025-08-01 10:29:04,729 - INFO -   - 보유: 4주 @ 59,275.0원
2025-08-01 10:29:04,729 - INFO -   - 현재가: 58,300.0원
2025-08-01 10:29:04,729 - INFO -   - 손익: -1.64%
2025-08-01 10:29:05,304 - INFO - 💎 278470(에이피알) 매도 분석:
2025-08-01 10:29:05,304 - INFO -   - 보유: 2주 @ 171,500.0원
2025-08-01 10:29:05,304 - INFO -   - 현재가: 173,400.0원
2025-08-01 10:29:05,305 - INFO -   - 손익: +0.40%
2025-08-01 10:29:05,814 - INFO - 💎 348210(348210) 매도 분석:
2025-08-01 10:29:05,815 - INFO -   - 보유: 2주 @ 45,850.0원
2025-08-01 10:29:05,815 - INFO -   - 현재가: 46,000.0원
2025-08-01 10:29:05,815 - INFO -   - 손익: +0.00%
2025-08-01 10:29:06,378 - INFO - 3️⃣ 매수 신호 처리 중...
2025-08-01 10:29:06,379 - INFO -    매수 분석 대상: ['042660', '062040', '272210', '348210']
2025-08-01 10:29:06,414 - INFO - 주문가능현금 (ord_psbl_cash): 147,956.0원
2025-08-01 10:29:06,415 - INFO - 최대매수금액 (max_buy_amt): 145,040.0원
2025-08-01 10:29:06,415 - INFO - 미수없는매수금액 (nrcvb_buy_amt): 145,040.0원
2025-08-01 10:29:06,415 - INFO - 💵 가용자금: 147,956.0원
2025-08-01 10:29:06,415 - INFO -    💵 현재 가용 자금: 147,956.0원
2025-08-01 10:29:06,416 - INFO - 🛒 매수 신호 처리 시작
2025-08-01 10:29:06,416 - INFO - 📋 분석 대상 종목: ['042660', '062040', '272210', '348210']
2025-08-01 10:29:06,416 - INFO - 🔍 [1/4] 042660 매수 분석 중...
2025-08-01 10:29:06,475 - INFO - 📊 042660(한화오션) 매수 분석 결과:
2025-08-01 10:29:06,476 - INFO -   - 전략: scalping
2025-08-01 10:29:06,476 - INFO -   - 신호: HOLD
2025-08-01 10:29:06,476 - INFO -   - 강도: 0.00
2025-08-01 10:29:06,476 - INFO -   - 현재가: 112,900.0원
2025-08-01 10:29:06,476 - INFO -   - 보유 여부: 아니오
2025-08-01 10:29:06,476 - INFO - 📉 042660 - 매수 신호 없음 (HOLD)
2025-08-01 10:29:06,984 - INFO - 🔍 [2/4] 062040 매수 분석 중...
2025-08-01 10:29:07,030 - INFO - 📊 062040(산일전기) 매수 분석 결과:
2025-08-01 10:29:07,030 - INFO -   - 전략: momentum
2025-08-01 10:29:07,030 - INFO -   - 신호: HOLD
2025-08-01 10:29:07,030 - INFO -   - 강도: 0.00
2025-08-01 10:29:07,031 - INFO -   - 현재가: 0원
2025-08-01 10:29:07,031 - INFO -   - 보유 여부: 아니오
2025-08-01 10:29:07,031 - INFO - 📉 062040 - 매수 신호 없음 (HOLD)
2025-08-01 10:29:07,532 - INFO - 🔍 [3/4] 272210 매수 분석 중...
2025-08-01 10:29:07,532 - INFO - 🚫 272210 - 재매수 금지 기간 중 (남은 시간: 2.6시간)
2025-08-01 10:29:08,039 - INFO - 🔍 [4/4] 348210 매수 분석 중...
2025-08-01 10:29:08,040 - INFO - 🚫 348210 - 재매수 금지 기간 중 (남은 시간: 2.6시간)
2025-08-01 10:29:08,545 - INFO - ✅ 매수 신호 처리 완료
2025-08-01 10:29:08,546 - INFO - 4️⃣ 성과 데이터 저장 중...
2025-08-01 10:29:08,557 - INFO - ✅ 거래 사이클 완료
2025-08-01 10:29:08,557 - INFO - 다음 거래 체크: 10:34:04
2025-08-01 10:34:08,560 - INFO - 📊 거래 사이클 시작 - 2025-08-01 10:34:08
2025-08-01 10:34:08,563 - INFO - 📈 장 시간 중 (마감까지 4:55:51)
2025-08-01 10:34:08,563 - INFO - 🔄 개선된 거래 사이클 시작
2025-08-01 10:34:08,563 - INFO - 1️⃣ 포지션 업데이트 중...
2025-08-01 10:34:08,563 - INFO - 📋 전체 보유 종목 조회 중...
2025-08-01 10:34:08,650 - INFO - 보유종목 리스트 크기: 5
2025-08-01 10:34:08,650 - INFO - 📈 보유 종목: 272210(한화시스템) - 4주 @ 59,275.0원 (손익: -1.30%)
2025-08-01 10:34:08,650 - INFO - 📈 보유 종목: 278470(에이피알) - 2주 @ 171,500.0원 (손익: +1.22%)
2025-08-01 10:34:08,650 - INFO - 📈 보유 종목: 348210(넥스틴) - 2주 @ 45,850.0원 (손익: +0.10%)
2025-08-01 10:34:08,650 - INFO - ✅ 전체 보유 종목 3개 조회 완료
2025-08-01 10:34:08,651 - INFO - 💼 포지션 업데이트 완료:
2025-08-01 10:34:08,651 - INFO -   - 거래 대상 보유: 2개 (이전: 2)
2025-08-01 10:34:08,651 - INFO -   - 전체 보유: 3개 (이전: 3)
2025-08-01 10:34:08,651 - INFO - 📋 거래 대상 외 보유 종목: ['278470']
2025-08-01 10:34:08,651 - INFO - 2️⃣ 매도 신호 처리 중...
2025-08-01 10:34:08,651 - INFO -    매도 분석 대상: 3개 종목
2025-08-01 10:34:08,651 - INFO - 💸 매도 신호 처리 시작
2025-08-01 10:34:08,651 - INFO - 💎 272210(한화시스템) 매도 분석:
2025-08-01 10:34:08,651 - INFO -   - 보유: 4주 @ 59,275.0원
2025-08-01 10:34:08,651 - INFO -   - 현재가: 58,500.0원
2025-08-01 10:34:08,651 - INFO -   - 손익: -1.30%
2025-08-01 10:34:09,216 - INFO - 💎 278470(에이피알) 매도 분석:
2025-08-01 10:34:09,216 - INFO -   - 보유: 2주 @ 171,500.0원
2025-08-01 10:34:09,217 - INFO -   - 현재가: 173,600.0원
2025-08-01 10:34:09,217 - INFO -   - 손익: +1.22%
2025-08-01 10:34:09,722 - INFO - 💎 348210(348210) 매도 분석:
2025-08-01 10:34:09,723 - INFO -   - 보유: 2주 @ 45,850.0원
2025-08-01 10:34:09,723 - INFO -   - 현재가: 45,900.0원
2025-08-01 10:34:09,723 - INFO -   - 손익: +0.10%
2025-08-01 10:34:10,275 - INFO - 3️⃣ 매수 신호 처리 중...
2025-08-01 10:34:10,276 - INFO -    매수 분석 대상: ['042660', '062040', '272210', '348210']
2025-08-01 10:34:10,325 - INFO - 주문가능현금 (ord_psbl_cash): 147,956.0원
2025-08-01 10:34:10,325 - INFO - 최대매수금액 (max_buy_amt): 145,040.0원
2025-08-01 10:34:10,326 - INFO - 미수없는매수금액 (nrcvb_buy_amt): 145,040.0원
2025-08-01 10:34:10,326 - INFO - 💵 가용자금: 147,956.0원
2025-08-01 10:34:10,326 - INFO -    💵 현재 가용 자금: 147,956.0원
2025-08-01 10:34:10,327 - INFO - 🛒 매수 신호 처리 시작
2025-08-01 10:34:10,327 - INFO - 📋 분석 대상 종목: ['042660', '062040', '272210', '348210']
2025-08-01 10:34:10,327 - INFO - 🔍 [1/4] 042660 매수 분석 중...
2025-08-01 10:34:10,399 - INFO - 📊 042660(한화오션) 매수 분석 결과:
2025-08-01 10:34:10,400 - INFO -   - 전략: scalping
2025-08-01 10:34:10,400 - INFO -   - 신호: HOLD
2025-08-01 10:34:10,400 - INFO -   - 강도: 0.00
2025-08-01 10:34:10,400 - INFO -   - 현재가: 113,200.0원
2025-08-01 10:34:10,400 - INFO -   - 보유 여부: 아니오
2025-08-01 10:34:10,401 - INFO - 📉 042660 - 매수 신호 없음 (HOLD)
2025-08-01 10:34:10,910 - INFO - 🔍 [2/4] 062040 매수 분석 중...
2025-08-01 10:34:10,992 - INFO - 📊 062040(산일전기) 매수 분석 결과:
2025-08-01 10:34:10,992 - INFO -   - 전략: momentum
2025-08-01 10:34:10,992 - INFO -   - 신호: HOLD
2025-08-01 10:34:10,992 - INFO -   - 강도: 0.00
2025-08-01 10:34:10,993 - INFO -   - 현재가: 0원
2025-08-01 10:34:10,993 - INFO -   - 보유 여부: 아니오
2025-08-01 10:34:10,993 - INFO - 📉 062040 - 매수 신호 없음 (HOLD)
2025-08-01 10:34:11,503 - INFO - 🔍 [3/4] 272210 매수 분석 중...
2025-08-01 10:34:11,504 - INFO - 🚫 272210 - 재매수 금지 기간 중 (남은 시간: 2.5시간)
2025-08-01 10:34:12,014 - INFO - 🔍 [4/4] 348210 매수 분석 중...
2025-08-01 10:34:12,015 - INFO - 🚫 348210 - 재매수 금지 기간 중 (남은 시간: 2.5시간)
2025-08-01 10:34:12,523 - INFO - ✅ 매수 신호 처리 완료
2025-08-01 10:34:12,523 - INFO - 4️⃣ 성과 데이터 저장 중...
2025-08-01 10:34:12,530 - INFO - ✅ 거래 사이클 완료
2025-08-01 10:34:12,530 - INFO - 다음 거래 체크: 10:39:08
2025-08-01 10:39:12,534 - INFO - 📊 거래 사이클 시작 - 2025-08-01 10:39:12
2025-08-01 10:39:12,536 - INFO - 📈 장 시간 중 (마감까지 4:50:47)
2025-08-01 10:39:12,536 - INFO - 🔄 개선된 거래 사이클 시작
2025-08-01 10:39:12,536 - INFO - 1️⃣ 포지션 업데이트 중...
2025-08-01 10:39:12,536 - INFO - 📋 전체 보유 종목 조회 중...
2025-08-01 10:39:12,612 - INFO - 보유종목 리스트 크기: 5
2025-08-01 10:39:12,613 - INFO - 📈 보유 종목: 272210(한화시스템) - 4주 @ 59,275.0원 (손익: -0.12%)
2025-08-01 10:39:12,613 - INFO - 📈 보유 종목: 278470(에이피알) - 2주 @ 171,500.0원 (손익: +1.39%)
2025-08-01 10:39:12,613 - INFO - 📈 보유 종목: 348210(넥스틴) - 2주 @ 45,850.0원 (손익: +0.00%)
2025-08-01 10:39:12,613 - INFO - ✅ 전체 보유 종목 3개 조회 완료
2025-08-01 10:39:12,613 - INFO - 💼 포지션 업데이트 완료:
2025-08-01 10:39:12,614 - INFO -   - 거래 대상 보유: 2개 (이전: 2)
2025-08-01 10:39:12,614 - INFO -   - 전체 보유: 3개 (이전: 3)
2025-08-01 10:39:12,614 - INFO - 📋 거래 대상 외 보유 종목: ['278470']
2025-08-01 10:39:12,614 - INFO - 2️⃣ 매도 신호 처리 중...
2025-08-01 10:39:12,614 - INFO -    매도 분석 대상: 3개 종목
2025-08-01 10:39:12,614 - INFO - 💸 매도 신호 처리 시작
2025-08-01 10:39:12,614 - INFO - 💎 272210(한화시스템) 매도 분석:
2025-08-01 10:39:12,614 - INFO -   - 보유: 4주 @ 59,275.0원
2025-08-01 10:39:12,614 - INFO -   - 현재가: 59,200.0원
2025-08-01 10:39:12,614 - INFO -   - 손익: -0.12%
2025-08-01 10:39:13,178 - INFO - 💎 278470(에이피알) 매도 분석:
2025-08-01 10:39:13,179 - INFO -   - 보유: 2주 @ 171,500.0원
2025-08-01 10:39:13,179 - INFO -   - 현재가: 173,900.0원
2025-08-01 10:39:13,179 - INFO -   - 손익: +1.39%
2025-08-01 10:39:13,689 - INFO - 💎 348210(348210) 매도 분석:
2025-08-01 10:39:13,690 - INFO -   - 보유: 2주 @ 45,850.0원
2025-08-01 10:39:13,690 - INFO -   - 현재가: 45,850.0원
2025-08-01 10:39:13,690 - INFO -   - 손익: +0.00%
2025-08-01 10:39:13,743 - INFO - 🚫 348210 매도 신호 있지만 제한: 최소 보유 기간 미충족 (남은 시간: 23.4시간)
2025-08-01 10:39:14,251 - INFO - 3️⃣ 매수 신호 처리 중...
2025-08-01 10:39:14,251 - INFO -    매수 분석 대상: ['042660', '062040', '272210', '348210']
2025-08-01 10:39:14,298 - INFO - 주문가능현금 (ord_psbl_cash): 147,956.0원
2025-08-01 10:39:14,298 - INFO - 최대매수금액 (max_buy_amt): 145,040.0원
2025-08-01 10:39:14,298 - INFO - 미수없는매수금액 (nrcvb_buy_amt): 145,040.0원
2025-08-01 10:39:14,298 - INFO - 💵 가용자금: 147,956.0원
2025-08-01 10:39:14,299 - INFO -    💵 현재 가용 자금: 147,956.0원
2025-08-01 10:39:14,299 - INFO - 🛒 매수 신호 처리 시작
2025-08-01 10:39:14,299 - INFO - 📋 분석 대상 종목: ['042660', '062040', '272210', '348210']
2025-08-01 10:39:14,299 - INFO - 🔍 [1/4] 042660 매수 분석 중...
2025-08-01 10:39:14,359 - INFO - 📊 042660(한화오션) 매수 분석 결과:
2025-08-01 10:39:14,360 - INFO -   - 전략: scalping
2025-08-01 10:39:14,360 - INFO -   - 신호: HOLD
2025-08-01 10:39:14,360 - INFO -   - 강도: 0.00
2025-08-01 10:39:14,360 - INFO -   - 현재가: 113,700.0원
2025-08-01 10:39:14,360 - INFO -   - 보유 여부: 아니오
2025-08-01 10:39:14,360 - INFO - 📉 042660 - 매수 신호 없음 (HOLD)
2025-08-01 10:39:14,871 - INFO - 🔍 [2/4] 062040 매수 분석 중...
2025-08-01 10:39:14,953 - INFO - 📊 062040(산일전기) 매수 분석 결과:
2025-08-01 10:39:14,954 - INFO -   - 전략: momentum
2025-08-01 10:39:14,954 - INFO -   - 신호: HOLD
2025-08-01 10:39:14,954 - INFO -   - 강도: 0.00
2025-08-01 10:39:14,954 - INFO -   - 현재가: 0원
2025-08-01 10:39:14,954 - INFO -   - 보유 여부: 아니오
2025-08-01 10:39:14,954 - INFO - 📉 062040 - 매수 신호 없음 (HOLD)
2025-08-01 10:39:15,461 - INFO - 🔍 [3/4] 272210 매수 분석 중...
2025-08-01 10:39:15,462 - INFO - 🚫 272210 - 재매수 금지 기간 중 (남은 시간: 2.4시간)
2025-08-01 10:39:15,971 - INFO - 🔍 [4/4] 348210 매수 분석 중...
2025-08-01 10:39:15,972 - INFO - 🚫 348210 - 재매수 금지 기간 중 (남은 시간: 2.4시간)
2025-08-01 10:39:16,477 - INFO - ✅ 매수 신호 처리 완료
2025-08-01 10:39:16,477 - INFO - 4️⃣ 성과 데이터 저장 중...
2025-08-01 10:39:16,484 - INFO - ✅ 거래 사이클 완료
2025-08-01 10:39:16,484 - INFO - 다음 거래 체크: 10:44:12
2025-08-01 10:44:16,491 - INFO - 📊 거래 사이클 시작 - 2025-08-01 10:44:16
2025-08-01 10:44:16,496 - INFO - 📈 장 시간 중 (마감까지 4:45:43)
2025-08-01 10:44:16,496 - INFO - 🔄 개선된 거래 사이클 시작
2025-08-01 10:44:16,496 - INFO - 1️⃣ 포지션 업데이트 중...
2025-08-01 10:44:16,497 - INFO - 📋 전체 보유 종목 조회 중...
2025-08-01 10:44:16,585 - INFO - 보유종목 리스트 크기: 5
2025-08-01 10:44:16,585 - INFO - 📈 보유 종목: 272210(한화시스템) - 4주 @ 59,275.0원 (손익: +0.04%)
2025-08-01 10:44:16,585 - INFO - 📈 보유 종목: 278470(에이피알) - 2주 @ 171,500.0원 (손익: +1.39%)
2025-08-01 10:44:16,586 - INFO - 📈 보유 종목: 348210(넥스틴) - 2주 @ 45,850.0원 (손익: +0.32%)
2025-08-01 10:44:16,586 - INFO - ✅ 전체 보유 종목 3개 조회 완료
2025-08-01 10:44:16,586 - INFO - 💼 포지션 업데이트 완료:
2025-08-01 10:44:16,587 - INFO -   - 거래 대상 보유: 2개 (이전: 2)
2025-08-01 10:44:16,587 - INFO -   - 전체 보유: 3개 (이전: 3)
2025-08-01 10:44:16,587 - INFO - 📋 거래 대상 외 보유 종목: ['278470']
2025-08-01 10:44:16,587 - INFO - 2️⃣ 매도 신호 처리 중...
2025-08-01 10:44:16,587 - INFO -    매도 분석 대상: 3개 종목
2025-08-01 10:44:16,587 - INFO - 💸 매도 신호 처리 시작
2025-08-01 10:44:16,588 - INFO - 💎 272210(한화시스템) 매도 분석:
2025-08-01 10:44:16,588 - INFO -   - 보유: 4주 @ 59,275.0원
2025-08-01 10:44:16,588 - INFO -   - 현재가: 59,300.0원
2025-08-01 10:44:16,588 - INFO -   - 손익: +0.04%
2025-08-01 10:44:17,159 - INFO - 💎 278470(에이피알) 매도 분석:
2025-08-01 10:44:17,159 - INFO -   - 보유: 2주 @ 171,500.0원
2025-08-01 10:44:17,159 - INFO -   - 현재가: 173,900.0원
2025-08-01 10:44:17,159 - INFO -   - 손익: +1.39%
2025-08-01 10:44:17,668 - INFO - 💎 348210(348210) 매도 분석:
2025-08-01 10:44:17,668 - INFO -   - 보유: 2주 @ 45,850.0원
2025-08-01 10:44:17,668 - INFO -   - 현재가: 46,000.0원
2025-08-01 10:44:17,668 - INFO -   - 손익: +0.32%
2025-08-01 10:44:18,234 - INFO - 3️⃣ 매수 신호 처리 중...
2025-08-01 10:44:18,234 - INFO -    매수 분석 대상: ['042660', '062040', '272210', '348210']
2025-08-01 10:44:18,274 - INFO - 주문가능현금 (ord_psbl_cash): 147,956.0원
2025-08-01 10:44:18,275 - INFO - 최대매수금액 (max_buy_amt): 145,040.0원
2025-08-01 10:44:18,275 - INFO - 미수없는매수금액 (nrcvb_buy_amt): 145,040.0원
2025-08-01 10:44:18,275 - INFO - 💵 가용자금: 147,956.0원
2025-08-01 10:44:18,275 - INFO -    💵 현재 가용 자금: 147,956.0원
2025-08-01 10:44:18,275 - INFO - 🛒 매수 신호 처리 시작
2025-08-01 10:44:18,275 - INFO - 📋 분석 대상 종목: ['042660', '062040', '272210', '348210']
2025-08-01 10:44:18,275 - INFO - 🔍 [1/4] 042660 매수 분석 중...
2025-08-01 10:44:18,306 - INFO - 📊 042660(한화오션) 매수 분석 결과:
2025-08-01 10:44:18,306 - INFO -   - 전략: scalping
2025-08-01 10:44:18,306 - INFO -   - 신호: HOLD
2025-08-01 10:44:18,306 - INFO -   - 강도: 0.00
2025-08-01 10:44:18,306 - INFO -   - 현재가: 114,200.0원
2025-08-01 10:44:18,306 - INFO -   - 보유 여부: 아니오
2025-08-01 10:44:18,307 - INFO - 📉 042660 - 매수 신호 없음 (HOLD)
2025-08-01 10:44:18,817 - INFO - 🔍 [2/4] 062040 매수 분석 중...
2025-08-01 10:44:18,880 - INFO - 📊 062040(산일전기) 매수 분석 결과:
2025-08-01 10:44:18,880 - INFO -   - 전략: momentum
2025-08-01 10:44:18,880 - INFO -   - 신호: HOLD
2025-08-01 10:44:18,881 - INFO -   - 강도: 0.00
2025-08-01 10:44:18,881 - INFO -   - 현재가: 0원
2025-08-01 10:44:18,881 - INFO -   - 보유 여부: 아니오
2025-08-01 10:44:18,881 - INFO - 📉 062040 - 매수 신호 없음 (HOLD)
2025-08-01 10:44:19,391 - INFO - 🔍 [3/4] 272210 매수 분석 중...
2025-08-01 10:44:19,392 - INFO - 🚫 272210 - 재매수 금지 기간 중 (남은 시간: 2.3시간)
2025-08-01 10:44:19,897 - INFO - 🔍 [4/4] 348210 매수 분석 중...
2025-08-01 10:44:19,898 - INFO - 🚫 348210 - 재매수 금지 기간 중 (남은 시간: 2.3시간)
2025-08-01 10:44:20,407 - INFO - ✅ 매수 신호 처리 완료
2025-08-01 10:44:20,408 - INFO - 4️⃣ 성과 데이터 저장 중...
2025-08-01 10:44:20,421 - INFO - ✅ 거래 사이클 완료
2025-08-01 10:44:20,422 - INFO - 다음 거래 체크: 10:49:16
2025-08-01 10:49:20,504 - INFO - 📊 거래 사이클 시작 - 2025-08-01 10:49:20
2025-08-01 10:49:20,507 - INFO - 📈 장 시간 중 (마감까지 4:40:39)
2025-08-01 10:49:20,508 - INFO - 🔄 개선된 거래 사이클 시작
2025-08-01 10:49:20,508 - INFO - 1️⃣ 포지션 업데이트 중...
2025-08-01 10:49:20,508 - INFO - 📋 전체 보유 종목 조회 중...
2025-08-01 10:49:20,580 - INFO - 보유종목 리스트 크기: 5
2025-08-01 10:49:20,580 - INFO - 📈 보유 종목: 272210(한화시스템) - 4주 @ 59,275.0원 (손익: -1.30%)
2025-08-01 10:49:20,581 - INFO - 📈 보유 종목: 278470(에이피알) - 2주 @ 171,500.0원 (손익: +0.81%)
2025-08-01 10:49:20,581 - INFO - 📈 보유 종목: 348210(넥스틴) - 2주 @ 45,850.0원 (손익: +0.00%)
2025-08-01 10:49:20,581 - INFO - ✅ 전체 보유 종목 3개 조회 완료
2025-08-01 10:49:20,582 - INFO - 💼 포지션 업데이트 완료:
2025-08-01 10:49:20,582 - INFO -   - 거래 대상 보유: 2개 (이전: 2)
2025-08-01 10:49:20,582 - INFO -   - 전체 보유: 3개 (이전: 3)
2025-08-01 10:49:20,582 - INFO - 📋 거래 대상 외 보유 종목: ['278470']
2025-08-01 10:49:20,582 - INFO - 2️⃣ 매도 신호 처리 중...
2025-08-01 10:49:20,583 - INFO -    매도 분석 대상: 3개 종목
2025-08-01 10:49:20,583 - INFO - 💸 매도 신호 처리 시작
2025-08-01 10:49:20,583 - INFO - 💎 272210(한화시스템) 매도 분석:
2025-08-01 10:49:20,583 - INFO -   - 보유: 4주 @ 59,275.0원
2025-08-01 10:49:20,583 - INFO -   - 현재가: 58,500.0원
2025-08-01 10:49:20,583 - INFO -   - 손익: -1.30%
2025-08-01 10:49:21,154 - INFO - 💎 278470(에이피알) 매도 분석:
2025-08-01 10:49:21,155 - INFO -   - 보유: 2주 @ 171,500.0원
2025-08-01 10:49:21,155 - INFO -   - 현재가: 172,900.0원
2025-08-01 10:49:21,155 - INFO -   - 손익: +0.81%
2025-08-01 10:49:21,665 - INFO - 💎 348210(348210) 매도 분석:
2025-08-01 10:49:21,666 - INFO -   - 보유: 2주 @ 45,850.0원
2025-08-01 10:49:21,666 - INFO -   - 현재가: 45,850.0원
2025-08-01 10:49:21,666 - INFO -   - 손익: +0.00%
2025-08-01 10:49:22,224 - INFO - 3️⃣ 매수 신호 처리 중...
2025-08-01 10:49:22,224 - INFO -    매수 분석 대상: ['042660', '062040', '272210', '348210']
2025-08-01 10:49:22,279 - INFO - 주문가능현금 (ord_psbl_cash): 147,956.0원
2025-08-01 10:49:22,280 - INFO - 최대매수금액 (max_buy_amt): 145,040.0원
2025-08-01 10:49:22,280 - INFO - 미수없는매수금액 (nrcvb_buy_amt): 145,040.0원
2025-08-01 10:49:22,280 - INFO - 💵 가용자금: 147,956.0원
2025-08-01 10:49:22,281 - INFO -    💵 현재 가용 자금: 147,956.0원
2025-08-01 10:49:22,281 - INFO - 🛒 매수 신호 처리 시작
2025-08-01 10:49:22,281 - INFO - 📋 분석 대상 종목: ['042660', '062040', '272210', '348210']
2025-08-01 10:49:22,281 - INFO - 🔍 [1/4] 042660 매수 분석 중...
2025-08-01 10:49:22,327 - INFO - 📊 042660(한화오션) 매수 분석 결과:
2025-08-01 10:49:22,328 - INFO -   - 전략: scalping
2025-08-01 10:49:22,328 - INFO -   - 신호: HOLD
2025-08-01 10:49:22,328 - INFO -   - 강도: 0.00
2025-08-01 10:49:22,328 - INFO -   - 현재가: 113,600.0원
2025-08-01 10:49:22,328 - INFO -   - 보유 여부: 아니오
2025-08-01 10:49:22,328 - INFO - 📉 042660 - 매수 신호 없음 (HOLD)
2025-08-01 10:49:22,835 - INFO - 🔍 [2/4] 062040 매수 분석 중...
2025-08-01 10:49:22,893 - INFO - 📊 062040(산일전기) 매수 분석 결과:
2025-08-01 10:49:22,894 - INFO -   - 전략: momentum
2025-08-01 10:49:22,894 - INFO -   - 신호: HOLD
2025-08-01 10:49:22,894 - INFO -   - 강도: 0.00
2025-08-01 10:49:22,894 - INFO -   - 현재가: 0원
2025-08-01 10:49:22,894 - INFO -   - 보유 여부: 아니오
2025-08-01 10:49:22,894 - INFO - 📉 062040 - 매수 신호 없음 (HOLD)
2025-08-01 10:49:23,404 - INFO - 🔍 [3/4] 272210 매수 분석 중...
2025-08-01 10:49:23,405 - INFO - 🚫 272210 - 재매수 금지 기간 중 (남은 시간: 2.2시간)
2025-08-01 10:49:23,913 - INFO - 🔍 [4/4] 348210 매수 분석 중...
2025-08-01 10:49:23,913 - INFO - 🚫 348210 - 재매수 금지 기간 중 (남은 시간: 2.2시간)
2025-08-01 10:49:24,424 - INFO - ✅ 매수 신호 처리 완료
2025-08-01 10:49:24,424 - INFO - 4️⃣ 성과 데이터 저장 중...
2025-08-01 10:49:24,438 - INFO - ✅ 거래 사이클 완료
2025-08-01 10:49:24,438 - INFO - 다음 거래 체크: 10:54:20
2025-08-01 10:54:24,450 - INFO - 📊 거래 사이클 시작 - 2025-08-01 10:54:24
2025-08-01 10:54:24,452 - INFO - 📈 장 시간 중 (마감까지 4:35:35)
2025-08-01 10:54:24,452 - INFO - 🔄 개선된 거래 사이클 시작
2025-08-01 10:54:24,452 - INFO - 1️⃣ 포지션 업데이트 중...
2025-08-01 10:54:24,452 - INFO - 📋 전체 보유 종목 조회 중...
2025-08-01 10:54:24,551 - INFO - 보유종목 리스트 크기: 5
2025-08-01 10:54:24,551 - INFO - 📈 보유 종목: 272210(한화시스템) - 4주 @ 59,275.0원 (손익: -0.97%)
2025-08-01 10:54:24,551 - INFO - 📈 보유 종목: 278470(에이피알) - 2주 @ 171,500.0원 (손익: +1.51%)
2025-08-01 10:54:24,551 - INFO - 📈 보유 종목: 348210(넥스틴) - 2주 @ 45,850.0원 (손익: +0.21%)
2025-08-01 10:54:24,551 - INFO - ✅ 전체 보유 종목 3개 조회 완료
2025-08-01 10:54:24,552 - INFO - 💼 포지션 업데이트 완료:
2025-08-01 10:54:24,552 - INFO -   - 거래 대상 보유: 2개 (이전: 2)
2025-08-01 10:54:24,552 - INFO -   - 전체 보유: 3개 (이전: 3)
2025-08-01 10:54:24,552 - INFO - 📋 거래 대상 외 보유 종목: ['278470']
2025-08-01 10:54:24,552 - INFO - 2️⃣ 매도 신호 처리 중...
2025-08-01 10:54:24,552 - INFO -    매도 분석 대상: 3개 종목
2025-08-01 10:54:24,552 - INFO - 💸 매도 신호 처리 시작
2025-08-01 10:54:24,552 - INFO - 💎 272210(한화시스템) 매도 분석:
2025-08-01 10:54:24,553 - INFO -   - 보유: 4주 @ 59,275.0원
2025-08-01 10:54:24,553 - INFO -   - 현재가: 58,700.0원
2025-08-01 10:54:24,553 - INFO -   - 손익: -0.97%
2025-08-01 10:54:25,120 - INFO - 💎 278470(에이피알) 매도 분석:
2025-08-01 10:54:25,121 - INFO -   - 보유: 2주 @ 171,500.0원
2025-08-01 10:54:25,121 - INFO -   - 현재가: 174,100.0원
2025-08-01 10:54:25,121 - INFO -   - 손익: +1.51%
2025-08-01 10:54:25,630 - INFO - 💎 348210(348210) 매도 분석:
2025-08-01 10:54:25,630 - INFO -   - 보유: 2주 @ 45,850.0원
2025-08-01 10:54:25,630 - INFO -   - 현재가: 45,950.0원
2025-08-01 10:54:25,631 - INFO -   - 손익: +0.21%
2025-08-01 10:54:26,182 - INFO - 3️⃣ 매수 신호 처리 중...
2025-08-01 10:54:26,182 - INFO -    매수 분석 대상: ['042660', '062040', '272210', '348210']
2025-08-01 10:54:26,243 - INFO - 주문가능현금 (ord_psbl_cash): 147,956.0원
2025-08-01 10:54:26,243 - INFO - 최대매수금액 (max_buy_amt): 145,040.0원
2025-08-01 10:54:26,244 - INFO - 미수없는매수금액 (nrcvb_buy_amt): 145,040.0원
2025-08-01 10:54:26,244 - INFO - 💵 가용자금: 147,956.0원
2025-08-01 10:54:26,244 - INFO -    💵 현재 가용 자금: 147,956.0원
2025-08-01 10:54:26,245 - INFO - 🛒 매수 신호 처리 시작
2025-08-01 10:54:26,245 - INFO - 📋 분석 대상 종목: ['042660', '062040', '272210', '348210']
2025-08-01 10:54:26,245 - INFO - 🔍 [1/4] 042660 매수 분석 중...
2025-08-01 10:54:26,298 - INFO - 📊 042660(한화오션) 매수 분석 결과:
2025-08-01 10:54:26,298 - INFO -   - 전략: scalping
2025-08-01 10:54:26,299 - INFO -   - 신호: BUY
2025-08-01 10:54:26,299 - INFO -   - 강도: 1.00
2025-08-01 10:54:26,299 - INFO -   - 현재가: 114,150.0원
2025-08-01 10:54:26,299 - INFO -   - 보유 여부: 아니오
2025-08-01 10:54:26,299 - INFO - 📐 042660 - 포지션 크기 계산 상세 분석
2025-08-01 10:54:26,299 - INFO -   입력값:
2025-08-01 10:54:26,300 - INFO -     현재가: 114,150.0원
2025-08-01 10:54:26,300 - INFO -     신호강도: 1.00
2025-08-01 10:54:26,300 - INFO -     최대투자비율: 30.0%
2025-08-01 10:54:26,341 - INFO - 주문가능현금 (ord_psbl_cash): 147,956.0원
2025-08-01 10:54:26,341 - INFO - 최대매수금액 (max_buy_amt): 145,040.0원
2025-08-01 10:54:26,341 - INFO - 미수없는매수금액 (nrcvb_buy_amt): 145,040.0원
2025-08-01 10:54:26,342 - INFO - 💵 가용자금: 147,956.0원
2025-08-01 10:54:26,342 - INFO -   💵 가용 자금: 147,956.0원
2025-08-01 10:54:26,342 - INFO -   최대 투자 가능 금액: 44,386.799999999996원 (비율: 30.0%)
2025-08-01 10:54:26,343 - INFO -   양호한 신호 - 50% 투자
2025-08-01 10:54:26,343 - INFO -   포지션 비율: 50.0%
2025-08-01 10:54:26,343 - INFO -   조정된 투자 금액: 22,193.399999999998원
2025-08-01 10:54:26,343 - INFO -   계산 과정:
2025-08-01 10:54:26,343 - INFO -     22,193.399999999998원 ÷ 114,150.0원 = 0.194주
2025-08-01 10:54:26,343 - INFO -     정수화: 0주
2025-08-01 10:54:26,344 - WARNING -   ⚠️ 투자 금액이 최소 기준 미달: 22,193.399999999998원 < 100,000원
2025-08-01 10:54:26,344 - INFO -   최소 투자 금액으로 조정: 100,000원 → 0주
2025-08-01 10:54:26,344 - INFO - 📊 최종 계산된 주문 수량: 0주
2025-08-01 10:54:26,344 - INFO -   예상 투자 금액: 0.0원
2025-08-01 10:54:26,344 - WARNING - ⚠️ 042660 - 매수 수량이 0입니다.
2025-08-01 10:54:26,855 - INFO - 🔍 [2/4] 062040 매수 분석 중...
2025-08-01 10:54:26,908 - INFO - 📊 062040(산일전기) 매수 분석 결과:
2025-08-01 10:54:26,909 - INFO -   - 전략: momentum
2025-08-01 10:54:26,909 - INFO -   - 신호: HOLD
2025-08-01 10:54:26,909 - INFO -   - 강도: 0.00
2025-08-01 10:54:26,909 - INFO -   - 현재가: 0원
2025-08-01 10:54:26,909 - INFO -   - 보유 여부: 아니오
2025-08-01 10:54:26,909 - INFO - 📉 062040 - 매수 신호 없음 (HOLD)
2025-08-01 10:54:27,417 - INFO - 🔍 [3/4] 272210 매수 분석 중...
2025-08-01 10:54:27,418 - INFO - 🚫 272210 - 재매수 금지 기간 중 (남은 시간: 2.2시간)
2025-08-01 10:54:27,928 - INFO - 🔍 [4/4] 348210 매수 분석 중...
2025-08-01 10:54:27,928 - INFO - 🚫 348210 - 재매수 금지 기간 중 (남은 시간: 2.2시간)
2025-08-01 10:54:28,438 - INFO - ✅ 매수 신호 처리 완료
2025-08-01 10:54:28,439 - INFO - 4️⃣ 성과 데이터 저장 중...
2025-08-01 10:54:28,445 - INFO - ✅ 거래 사이클 완료
2025-08-01 10:54:28,446 - INFO - 다음 거래 체크: 10:59:24
2025-08-01 10:59:28,465 - INFO - 📊 거래 사이클 시작 - 2025-08-01 10:59:28
2025-08-01 10:59:28,468 - INFO - 📈 장 시간 중 (마감까지 4:30:31)
2025-08-01 10:59:28,468 - INFO - 🔄 개선된 거래 사이클 시작
2025-08-01 10:59:28,468 - INFO - 1️⃣ 포지션 업데이트 중...
2025-08-01 10:59:28,468 - INFO - 📋 전체 보유 종목 조회 중...
2025-08-01 10:59:28,549 - INFO - 보유종목 리스트 크기: 5
2025-08-01 10:59:28,549 - INFO - 📈 보유 종목: 272210(한화시스템) - 4주 @ 59,275.0원 (손익: -0.46%)
2025-08-01 10:59:28,549 - INFO - 📈 보유 종목: 278470(에이피알) - 2주 @ 171,500.0원 (손익: +1.63%)
2025-08-01 10:59:28,549 - INFO - 📈 보유 종목: 348210(넥스틴) - 2주 @ 45,850.0원 (손익: +0.10%)
2025-08-01 10:59:28,550 - INFO - ✅ 전체 보유 종목 3개 조회 완료
2025-08-01 10:59:28,550 - INFO - 💼 포지션 업데이트 완료:
2025-08-01 10:59:28,551 - INFO -   - 거래 대상 보유: 2개 (이전: 2)
2025-08-01 10:59:28,551 - INFO -   - 전체 보유: 3개 (이전: 3)
2025-08-01 10:59:28,551 - INFO - 📋 거래 대상 외 보유 종목: ['278470']
2025-08-01 10:59:28,551 - INFO - 2️⃣ 매도 신호 처리 중...
2025-08-01 10:59:28,551 - INFO -    매도 분석 대상: 3개 종목
2025-08-01 10:59:28,551 - INFO - 💸 매도 신호 처리 시작
2025-08-01 10:59:28,552 - INFO - 💎 272210(한화시스템) 매도 분석:
2025-08-01 10:59:28,552 - INFO -   - 보유: 4주 @ 59,275.0원
2025-08-01 10:59:28,552 - INFO -   - 현재가: 59,000.0원
2025-08-01 10:59:28,552 - INFO -   - 손익: -0.46%
2025-08-01 10:59:29,097 - INFO - 💎 278470(에이피알) 매도 분석:
2025-08-01 10:59:29,099 - INFO -   - 보유: 2주 @ 171,500.0원
2025-08-01 10:59:29,099 - INFO -   - 현재가: 173,900.0원
2025-08-01 10:59:29,099 - INFO -   - 손익: +1.63%
2025-08-01 10:59:29,605 - INFO - 💎 348210(348210) 매도 분석:
2025-08-01 10:59:29,606 - INFO -   - 보유: 2주 @ 45,850.0원
2025-08-01 10:59:29,606 - INFO -   - 현재가: 45,850.0원
2025-08-01 10:59:29,606 - INFO -   - 손익: +0.10%
2025-08-01 10:59:30,177 - INFO - 3️⃣ 매수 신호 처리 중...
2025-08-01 10:59:30,178 - INFO -    매수 분석 대상: ['042660', '062040', '272210', '348210']
2025-08-01 10:59:30,213 - INFO - 주문가능현금 (ord_psbl_cash): 147,956.0원
2025-08-01 10:59:30,214 - INFO - 최대매수금액 (max_buy_amt): 145,040.0원
2025-08-01 10:59:30,214 - INFO - 미수없는매수금액 (nrcvb_buy_amt): 145,040.0원
2025-08-01 10:59:30,214 - INFO - 💵 가용자금: 147,956.0원
2025-08-01 10:59:30,214 - INFO -    💵 현재 가용 자금: 147,956.0원
2025-08-01 10:59:30,214 - INFO - 🛒 매수 신호 처리 시작
2025-08-01 10:59:30,214 - INFO - 📋 분석 대상 종목: ['042660', '062040', '272210', '348210']
2025-08-01 10:59:30,214 - INFO - 🔍 [1/4] 042660 매수 분석 중...
2025-08-01 10:59:30,261 - INFO - 📊 042660(한화오션) 매수 분석 결과:
2025-08-01 10:59:30,262 - INFO -   - 전략: scalping
2025-08-01 10:59:30,262 - INFO -   - 신호: HOLD
2025-08-01 10:59:30,262 - INFO -   - 강도: 0.00
2025-08-01 10:59:30,262 - INFO -   - 현재가: 114,800.0원
2025-08-01 10:59:30,262 - INFO -   - 보유 여부: 아니오
2025-08-01 10:59:30,262 - INFO - 📉 042660 - 매수 신호 없음 (HOLD)
2025-08-01 10:59:30,770 - INFO - 🔍 [2/4] 062040 매수 분석 중...
2025-08-01 10:59:30,824 - INFO - 📊 062040(산일전기) 매수 분석 결과:
2025-08-01 10:59:30,825 - INFO -   - 전략: momentum
2025-08-01 10:59:30,825 - INFO -   - 신호: HOLD
2025-08-01 10:59:30,825 - INFO -   - 강도: 0.00
2025-08-01 10:59:30,825 - INFO -   - 현재가: 0원
2025-08-01 10:59:30,825 - INFO -   - 보유 여부: 아니오
2025-08-01 10:59:30,826 - INFO - 📉 062040 - 매수 신호 없음 (HOLD)
2025-08-01 10:59:31,331 - INFO - 🔍 [3/4] 272210 매수 분석 중...
2025-08-01 10:59:31,331 - INFO - 🚫 272210 - 재매수 금지 기간 중 (남은 시간: 2.1시간)
2025-08-01 10:59:31,838 - INFO - 🔍 [4/4] 348210 매수 분석 중...
2025-08-01 10:59:31,839 - INFO - 🚫 348210 - 재매수 금지 기간 중 (남은 시간: 2.1시간)
2025-08-01 10:59:32,349 - INFO - ✅ 매수 신호 처리 완료
2025-08-01 10:59:32,349 - INFO - 4️⃣ 성과 데이터 저장 중...
2025-08-01 10:59:32,363 - INFO - ✅ 거래 사이클 완료
2025-08-01 10:59:32,363 - INFO - 다음 거래 체크: 11:04:28
2025-08-01 11:04:32,383 - INFO - 📊 거래 사이클 시작 - 2025-08-01 11:04:32
2025-08-01 11:04:32,386 - INFO - 📈 장 시간 중 (마감까지 4:25:27)
2025-08-01 11:04:32,386 - INFO - 🔄 개선된 거래 사이클 시작
2025-08-01 11:04:32,387 - INFO - 1️⃣ 포지션 업데이트 중...
2025-08-01 11:04:32,387 - INFO - 📋 전체 보유 종목 조회 중...
2025-08-01 11:04:32,491 - INFO - 보유종목 리스트 크기: 5
2025-08-01 11:04:32,492 - INFO - 📈 보유 종목: 272210(한화시스템) - 4주 @ 59,275.0원 (손익: -0.80%)
2025-08-01 11:04:32,492 - INFO - 📈 보유 종목: 278470(에이피알) - 2주 @ 171,500.0원 (손익: +1.45%)
2025-08-01 11:04:32,492 - INFO - 📈 보유 종목: 348210(넥스틴) - 2주 @ 45,850.0원 (손익: +0.21%)
2025-08-01 11:04:32,493 - INFO - ✅ 전체 보유 종목 3개 조회 완료
2025-08-01 11:04:32,493 - INFO - 💼 포지션 업데이트 완료:
2025-08-01 11:04:32,493 - INFO -   - 거래 대상 보유: 2개 (이전: 2)
2025-08-01 11:04:32,493 - INFO -   - 전체 보유: 3개 (이전: 3)
2025-08-01 11:04:32,494 - INFO - 📋 거래 대상 외 보유 종목: ['278470']
2025-08-01 11:04:32,494 - INFO - 2️⃣ 매도 신호 처리 중...
2025-08-01 11:04:32,494 - INFO -    매도 분석 대상: 3개 종목
2025-08-01 11:04:32,494 - INFO - 💸 매도 신호 처리 시작
2025-08-01 11:04:32,494 - INFO - 💎 272210(한화시스템) 매도 분석:
2025-08-01 11:04:32,494 - INFO -   - 보유: 4주 @ 59,275.0원
2025-08-01 11:04:32,495 - INFO -   - 현재가: 58,800.0원
2025-08-01 11:04:32,495 - INFO -   - 손익: -0.80%
2025-08-01 11:04:32,538 - INFO - 🚫 272210 매도 신호 있지만 제한: 최소 보유 기간 미충족 (남은 시간: 23.0시간)
2025-08-01 11:04:33,048 - INFO - 💎 278470(에이피알) 매도 분석:
2025-08-01 11:04:33,049 - INFO -   - 보유: 2주 @ 171,500.0원
2025-08-01 11:04:33,049 - INFO -   - 현재가: 174,000.0원
2025-08-01 11:04:33,049 - INFO -   - 손익: +1.45%
2025-08-01 11:04:33,549 - INFO - 💎 348210(348210) 매도 분석:
2025-08-01 11:04:33,550 - INFO -   - 보유: 2주 @ 45,850.0원
2025-08-01 11:04:33,550 - INFO -   - 현재가: 45,950.0원
2025-08-01 11:04:33,550 - INFO -   - 손익: +0.21%
2025-08-01 11:04:34,140 - INFO - 3️⃣ 매수 신호 처리 중...
2025-08-01 11:04:34,140 - INFO -    매수 분석 대상: ['042660', '062040', '272210', '348210']
2025-08-01 11:04:34,190 - INFO - 주문가능현금 (ord_psbl_cash): 147,956.0원
2025-08-01 11:04:34,191 - INFO - 최대매수금액 (max_buy_amt): 145,040.0원
2025-08-01 11:04:34,191 - INFO - 미수없는매수금액 (nrcvb_buy_amt): 145,040.0원
2025-08-01 11:04:34,191 - INFO - 💵 가용자금: 147,956.0원
2025-08-01 11:04:34,192 - INFO -    💵 현재 가용 자금: 147,956.0원
2025-08-01 11:04:34,192 - INFO - 🛒 매수 신호 처리 시작
2025-08-01 11:04:34,192 - INFO - 📋 분석 대상 종목: ['042660', '062040', '272210', '348210']
2025-08-01 11:04:34,192 - INFO - 🔍 [1/4] 042660 매수 분석 중...
2025-08-01 11:04:34,246 - INFO - 📊 042660(한화오션) 매수 분석 결과:
2025-08-01 11:04:34,246 - INFO -   - 전략: scalping
2025-08-01 11:04:34,246 - INFO -   - 신호: HOLD
2025-08-01 11:04:34,246 - INFO -   - 강도: 0.00
2025-08-01 11:04:34,247 - INFO -   - 현재가: 114,300.0원
2025-08-01 11:04:34,247 - INFO -   - 보유 여부: 아니오
2025-08-01 11:04:34,247 - INFO - 📉 042660 - 매수 신호 없음 (HOLD)
2025-08-01 11:04:34,757 - INFO - 🔍 [2/4] 062040 매수 분석 중...
2025-08-01 11:04:34,827 - INFO - 📊 062040(산일전기) 매수 분석 결과:
2025-08-01 11:04:34,827 - INFO -   - 전략: momentum
2025-08-01 11:04:34,827 - INFO -   - 신호: HOLD
2025-08-01 11:04:34,827 - INFO -   - 강도: 0.00
2025-08-01 11:04:34,827 - INFO -   - 현재가: 0원
2025-08-01 11:04:34,828 - INFO -   - 보유 여부: 아니오
2025-08-01 11:04:34,828 - INFO - 📉 062040 - 매수 신호 없음 (HOLD)
2025-08-01 11:04:35,338 - INFO - 🔍 [3/4] 272210 매수 분석 중...
2025-08-01 11:04:35,339 - INFO - 🚫 272210 - 재매수 금지 기간 중 (남은 시간: 2.0시간)
2025-08-01 11:04:35,848 - INFO - 🔍 [4/4] 348210 매수 분석 중...
2025-08-01 11:04:35,849 - INFO - 🚫 348210 - 재매수 금지 기간 중 (남은 시간: 2.0시간)
2025-08-01 11:04:36,357 - INFO - ✅ 매수 신호 처리 완료
2025-08-01 11:04:36,357 - INFO - 4️⃣ 성과 데이터 저장 중...
2025-08-01 11:04:36,370 - INFO - ✅ 거래 사이클 완료
2025-08-01 11:04:36,371 - INFO - 다음 거래 체크: 11:09:32
