❌ KIS API 외국인 순매수 조회 오류: ('Connection aborted.', ConnectionResetError(54, 'Connection reset by peer'))
🔧 사용 가능한 전략:
  - 'all': 모든 신호가 발생해야 매도 추천
  - 'any': 하나의 신호라도 발생하면 매도 추천
============================================================
📊 보유 주식 매도 시점 분석 시작
============================================================

1️⃣ 보유 주식 조회 중...
✅ 보유 주식 1개 발견
     code   name quantity   avg_price eval_profit
0  069960  현대백화점        1  72800.0000        -900

2️⃣ 각 주식별 매도 신호 분석 중... (전략: any)
------------------------------------------------------------

📈 [069960] 현대백화점 분석 중...
   💰 현재가: 71,900원
   📊 매수가: 72,800.0원
   📈 수익률: -100.0%
   📡 개별신호: MACD Cross Down: 🟢 | RSI Overbought: 🟢 | Bollinger Band Break: 🟢
   ✅ 매도 신호 없음

============================================================
📋 매도 추천 종목 요약
============================================================

✅ 현재 매도 신호가 발생한 종목이 없습니다.
   모든 보유 종목을 계속 보유하세요.

============================================================
✅ 분석 완료!
============================================================
❌ KIS API 기관 추세 분석 오류: ('Connection aborted.', ConnectionResetError(54, 'Connection reset by peer'))
❌ KIS API 기관 추세 분석 오류: ('Connection aborted.', ConnectionResetError(54, 'Connection reset by peer'))
