2025-07-31 10:10:02,087 [INFO] 📊 시가총액 상위 200개 종목 분석 시작...
2025-07-31 10:10:02,295 [INFO] 삼성전자: 시가총액 상위 종목 제외(1)
2025-07-31 10:10:02,295 [INFO] SK하이닉스: 시가총액 상위 종목 제외(2)
2025-07-31 10:10:02,295 [INFO] LG에너지솔루션: 시가총액 상위 종목 제외(3)
2025-07-31 10:10:02,295 [INFO] 삼성바이오로직스: 시가총액 상위 종목 제외(4)
2025-07-31 10:10:02,295 [INFO] 한화에어로스페이스: 시가총액 상위 종목 제외(5)
2025-07-31 10:10:02,296 [INFO] 현대차: 시가총액 상위 종목 제외(6)
2025-07-31 10:10:02,296 [INFO] HD현대중공업: 시가총액 상위 종목 제외(7)
2025-07-31 10:10:02,296 [INFO] KB금융: 시가총액 상위 종목 제외(8)
2025-07-31 10:10:02,296 [INFO] 기아: 시가총액 상위 종목 제외(9)
2025-07-31 10:10:02,296 [INFO] 셀트리온: 시가총액 상위 종목 제외(10)
2025-07-31 10:10:02,297 [INFO] 두산에너빌리티: 시가총액 상위 종목 제외(11)
2025-07-31 10:10:02,297 [INFO] NAVER: 시가총액 상위 종목 제외(12)
2025-07-31 10:10:02,297 [INFO] 신한지주: 시가총액 상위 종목 제외(13)
2025-07-31 10:10:02,297 [INFO] 한화오션: 시가총액 상위 종목 제외(14)
2025-07-31 10:10:02,297 [INFO] 삼성물산: 시가총액 상위 종목 제외(15)
2025-07-31 10:10:02,297 [INFO] 현대모비스: 시가총액 상위 종목 제외(16)
2025-07-31 10:10:02,297 [INFO] POSCO홀딩스: 시가총액 상위 종목 제외(17)
2025-07-31 10:10:02,297 [INFO] HD한국조선해양: 시가총액 상위 종목 제외(18)
2025-07-31 10:10:02,298 [INFO] 삼성생명: 시가총액 상위 종목 제외(19)
2025-07-31 10:10:02,298 [INFO] 카카오: 시가총액 상위 종목 제외(20)
2025-07-31 10:10:02,298 [INFO] 한국전력: 시가총액 상위 종목 제외(21)
2025-07-31 10:10:02,298 [INFO] HMM: 시가총액 상위 종목 제외(22)
2025-07-31 10:10:02,298 [INFO] 하나금융지주: 시가총액 상위 종목 제외(23)
2025-07-31 10:10:02,298 [INFO] 현대로템: 시가총액 상위 종목 제외(24)
2025-07-31 10:10:02,298 [INFO] LG화학: 시가총액 상위 종목 제외(25)
2025-07-31 10:10:02,299 [INFO] 삼성화재: 시가총액 상위 종목 제외(26)
2025-07-31 10:10:02,299 [INFO] SK스퀘어: 시가총액 상위 종목 제외(27)
2025-07-31 10:10:02,299 [INFO] HD현대일렉트릭: 시가총액 상위 종목 제외(28)
2025-07-31 10:10:02,299 [INFO] 삼성중공업: 시가총액 상위 종목 제외(29)
2025-07-31 10:10:02,299 [INFO] SK이노베이션: 시가총액 상위 종목 제외(30)
2025-07-31 10:10:02,299 [INFO] 삼성SDI: 시가총액 상위 종목 제외(31)
2025-07-31 10:10:02,299 [INFO] 고려아연: 시가총액 상위 종목 제외(32)
2025-07-31 10:10:02,300 [INFO] KT&G: 시가총액 상위 종목 제외(33)
2025-07-31 10:10:02,300 [INFO] 크래프톤: 시가총액 상위 종목 제외(34)
2025-07-31 10:10:02,300 [INFO] 기업은행: 시가총액 상위 종목 제외(35)
2025-07-31 10:10:02,300 [INFO] SK: 시가총액 상위 종목 제외(36)
2025-07-31 10:10:02,300 [INFO] LIG넥스원: 시가총액 상위 종목 제외(37)
2025-07-31 10:10:02,300 [INFO] KT: 시가총액 상위 종목 제외(38)
2025-07-31 10:10:02,300 [INFO] 카카오뱅크: 시가총액 상위 종목 제외(39)
2025-07-31 10:10:02,301 [INFO] LG전자: 시가총액 상위 종목 제외(40)
2025-07-31 10:10:02,301 [INFO] LG: 시가총액 상위 종목 제외(41)
2025-07-31 10:10:02,301 [INFO] 삼성에스디에스: 시가총액 상위 종목 제외(42)
2025-07-31 10:10:02,301 [INFO] SK텔레콤: 시가총액 상위 종목 제외(43)
2025-07-31 10:10:02,301 [INFO] 한화시스템: 시가총액 상위 종목 제외(44)
2025-07-31 10:10:02,301 [INFO] 효성중공업: 시가총액 상위 종목 제외(45)
2025-07-31 10:10:02,301 [INFO] 포스코퓨처엠: 시가총액 상위 종목 제외(46)
2025-07-31 10:10:02,301 [INFO] HD현대: 시가총액 상위 종목 제외(47)
2025-07-31 10:10:02,477 [INFO] 삼성전기: 시가총액 상위 종목 제외(48)
2025-07-31 10:10:02,478 [INFO] 현대글로비스: 시가총액 상위 종목 제외(49)
2025-07-31 10:10:02,478 [INFO] 미래에셋증권: 시가총액 상위 종목 제외(50)
2025-07-31 10:13:46,686 [INFO] 💡 **[단일 매수신호 (1점)]**
- F&F (383220) - 1점
  📊 [엔벨로프반등]
- 호텔신라 (008770) - 1점
  📊 [볼린저밴드복귀]
- 한화투자증권 (003530) - 1점
  📊 [엔벨로프반등]
- 코오롱인더 (120110) - 1점
  📊 [볼린저밴드복귀]
- 효성티앤씨 (298020) - 1점
  📊 [볼린저밴드복귀]
- 동아쏘시오홀딩스 (000640) - 1점
  📊 [볼린저밴드복귀]
- 코오롱 (002020) - 1점
  📊 [엔벨로프반등]
- E1 (017940) - 1점
  📊 [엔벨로프반등]
- SPC삼립 (005610) - 1점
  📊 [볼린저밴드복귀]
2025-07-31 10:13:47,572 [INFO] single 종목: 9개
2025-07-31 10:13:47,572 [INFO] 📈 **[다중신호 종목 요약]**
🚀 초강력 신호: 0개
🔥 강력 신호: 0개
⭐ 보통 신호: 0개
⚡ 약한 신호: 0개
💡 단일 신호: 9개
📊 **총 다중신호 종목: 0개**
2025-07-31 10:13:48,569 [INFO] 분석 완료!
2025-07-31 12:10:02,029 [INFO] 📊 시가총액 상위 200개 종목 분석 시작...
2025-07-31 12:10:02,226 [INFO] 삼성전자: 시가총액 상위 종목 제외(1)
2025-07-31 12:10:02,226 [INFO] SK하이닉스: 시가총액 상위 종목 제외(2)
2025-07-31 12:10:02,226 [INFO] LG에너지솔루션: 시가총액 상위 종목 제외(3)
2025-07-31 12:10:02,227 [INFO] 삼성바이오로직스: 시가총액 상위 종목 제외(4)
2025-07-31 12:10:02,227 [INFO] 한화에어로스페이스: 시가총액 상위 종목 제외(5)
2025-07-31 12:10:02,227 [INFO] HD현대중공업: 시가총액 상위 종목 제외(6)
2025-07-31 12:10:02,227 [INFO] 현대차: 시가총액 상위 종목 제외(7)
2025-07-31 12:10:02,227 [INFO] KB금융: 시가총액 상위 종목 제외(8)
2025-07-31 12:10:02,227 [INFO] 셀트리온: 시가총액 상위 종목 제외(9)
2025-07-31 12:10:02,228 [INFO] 기아: 시가총액 상위 종목 제외(10)
2025-07-31 12:10:02,228 [INFO] 두산에너빌리티: 시가총액 상위 종목 제외(11)
2025-07-31 12:10:02,228 [INFO] NAVER: 시가총액 상위 종목 제외(12)
2025-07-31 12:10:02,228 [INFO] 한화오션: 시가총액 상위 종목 제외(13)
2025-07-31 12:10:02,228 [INFO] 신한지주: 시가총액 상위 종목 제외(14)
2025-07-31 12:10:02,228 [INFO] 삼성물산: 시가총액 상위 종목 제외(15)
2025-07-31 12:10:02,228 [INFO] 현대모비스: 시가총액 상위 종목 제외(16)
2025-07-31 12:10:02,228 [INFO] HD한국조선해양: 시가총액 상위 종목 제외(17)
2025-07-31 12:10:02,229 [INFO] POSCO홀딩스: 시가총액 상위 종목 제외(18)
2025-07-31 12:10:02,229 [INFO] 삼성생명: 시가총액 상위 종목 제외(19)
2025-07-31 12:10:02,229 [INFO] 카카오: 시가총액 상위 종목 제외(20)
2025-07-31 12:10:02,229 [INFO] 한국전력: 시가총액 상위 종목 제외(21)
2025-07-31 12:10:02,229 [INFO] 하나금융지주: 시가총액 상위 종목 제외(22)
2025-07-31 12:10:02,229 [INFO] HMM: 시가총액 상위 종목 제외(23)
2025-07-31 12:10:02,229 [INFO] 현대로템: 시가총액 상위 종목 제외(24)
2025-07-31 12:10:02,230 [INFO] LG화학: 시가총액 상위 종목 제외(25)
2025-07-31 12:10:02,230 [INFO] SK스퀘어: 시가총액 상위 종목 제외(26)
2025-07-31 12:10:02,230 [INFO] 삼성화재: 시가총액 상위 종목 제외(27)
2025-07-31 12:10:02,230 [INFO] HD현대일렉트릭: 시가총액 상위 종목 제외(28)
2025-07-31 12:10:02,230 [INFO] 삼성중공업: 시가총액 상위 종목 제외(29)
2025-07-31 12:10:02,230 [INFO] SK이노베이션: 시가총액 상위 종목 제외(30)
2025-07-31 12:10:02,231 [INFO] 삼성SDI: 시가총액 상위 종목 제외(31)
2025-07-31 12:10:02,231 [INFO] 고려아연: 시가총액 상위 종목 제외(32)
2025-07-31 12:10:02,231 [INFO] KT&G: 시가총액 상위 종목 제외(33)
2025-07-31 12:10:02,231 [INFO] 크래프톤: 시가총액 상위 종목 제외(34)
2025-07-31 12:10:02,231 [INFO] 기업은행: 시가총액 상위 종목 제외(35)
2025-07-31 12:10:02,231 [INFO] SK: 시가총액 상위 종목 제외(36)
2025-07-31 12:10:02,231 [INFO] LIG넥스원: 시가총액 상위 종목 제외(37)
2025-07-31 12:10:02,232 [INFO] KT: 시가총액 상위 종목 제외(38)
2025-07-31 12:10:02,232 [INFO] 카카오뱅크: 시가총액 상위 종목 제외(39)
2025-07-31 12:10:02,232 [INFO] LG전자: 시가총액 상위 종목 제외(40)
2025-07-31 12:10:02,232 [INFO] LG: 시가총액 상위 종목 제외(41)
2025-07-31 12:10:02,232 [INFO] 삼성에스디에스: 시가총액 상위 종목 제외(42)
2025-07-31 12:10:02,232 [INFO] SK텔레콤: 시가총액 상위 종목 제외(43)
2025-07-31 12:10:02,232 [INFO] 한화시스템: 시가총액 상위 종목 제외(44)
2025-07-31 12:10:02,232 [INFO] 효성중공업: 시가총액 상위 종목 제외(45)
2025-07-31 12:10:02,232 [INFO] 포스코퓨처엠: 시가총액 상위 종목 제외(46)
2025-07-31 12:10:02,233 [INFO] HD현대: 시가총액 상위 종목 제외(47)
2025-07-31 12:10:02,410 [INFO] 삼성전기: 시가총액 상위 종목 제외(48)
2025-07-31 12:10:02,410 [INFO] 현대글로비스: 시가총액 상위 종목 제외(49)
2025-07-31 12:10:02,410 [INFO] 미래에셋증권: 시가총액 상위 종목 제외(50)
2025-07-31 12:13:45,445 [INFO] 💡 **[단일 매수신호 (1점)]**
- 강원랜드 (035250) - 1점
  📊 [볼린저밴드복귀]
- 롯데지주 (004990) - 1점
  📊 [엔벨로프반등]
- F&F (383220) - 1점
  📊 [엔벨로프반등]
- 호텔신라 (008770) - 1점
  📊 [볼린저밴드복귀]
- 한화투자증권 (003530) - 1점
  📊 [엔벨로프반등]
- 코오롱인더 (120110) - 1점
  📊 [볼린저밴드복귀]
- 동아쏘시오홀딩스 (000640) - 1점
  📊 [볼린저밴드복귀]
- LX홀딩스 (383800) - 1점
  📊 [엔벨로프반등]
- 코오롱 (002020) - 1점
  📊 [엔벨로프반등]
- SPC삼립 (005610) - 1점
  📊 [볼린저밴드복귀]
2025-07-31 12:13:46,461 [INFO] single 종목: 10개
2025-07-31 12:13:46,461 [INFO] 📈 **[다중신호 종목 요약]**
🚀 초강력 신호: 0개
🔥 강력 신호: 0개
⭐ 보통 신호: 0개
⚡ 약한 신호: 0개
💡 단일 신호: 10개
📊 **총 다중신호 종목: 0개**
2025-07-31 12:13:47,471 [INFO] 분석 완료!
