2025-07-22 09:00:01,842 [INFO] 🔍 모니터링 시작 - 키워드: 와스프로, 에어로드, AEROAD, WASP, Aeroad, wasp
2025-07-22 09:00:02,410 [INFO] 📊 현재 발견된 상품: 0개
2025-07-22 09:00:02,411 [INFO] 🆕 새로운 상품: 0개
2025-07-22 09:00:02,411 [INFO] 📭 새로운 상품이 없습니다.
2025-07-22 09:10:01,019 [INFO] 🔍 모니터링 시작 - 키워드: 와스프로, 에어로드, AEROAD, WASP, Aeroad, wasp
2025-07-22 09:10:01,616 [INFO] 📊 현재 발견된 상품: 0개
2025-07-22 09:10:01,617 [INFO] 🆕 새로운 상품: 0개
2025-07-22 09:10:01,617 [INFO] 📭 새로운 상품이 없습니다.
2025-07-22 09:20:01,407 [INFO] 🔍 모니터링 시작 - 키워드: 와스프로, 에어로드, AEROAD, WASP, Aeroad, wasp
2025-07-22 09:20:01,942 [INFO] 📊 현재 발견된 상품: 0개
2025-07-22 09:20:01,943 [INFO] 🆕 새로운 상품: 0개
2025-07-22 09:20:01,943 [INFO] 📭 새로운 상품이 없습니다.
2025-07-22 09:30:03,637 [INFO] 🔍 모니터링 시작 - 키워드: 와스프로, 에어로드, AEROAD, WASP, Aeroad, wasp
2025-07-22 09:30:04,204 [INFO] 📊 현재 발견된 상품: 0개
2025-07-22 09:30:04,205 [INFO] 🆕 새로운 상품: 0개
2025-07-22 09:30:04,206 [INFO] 📭 새로운 상품이 없습니다.
2025-07-22 09:40:01,132 [INFO] 🔍 모니터링 시작 - 키워드: 와스프로, 에어로드, AEROAD, WASP, Aeroad, wasp
2025-07-22 09:40:01,693 [INFO] 📊 현재 발견된 상품: 0개
2025-07-22 09:40:01,695 [INFO] 🆕 새로운 상품: 0개
2025-07-22 09:40:01,695 [INFO] 📭 새로운 상품이 없습니다.
2025-07-22 09:50:01,169 [INFO] 🔍 모니터링 시작 - 키워드: 와스프로, 에어로드, AEROAD, WASP, Aeroad, wasp
2025-07-22 09:50:01,741 [INFO] 📊 현재 발견된 상품: 0개
2025-07-22 09:50:01,742 [INFO] 🆕 새로운 상품: 0개
2025-07-22 09:50:01,742 [INFO] 📭 새로운 상품이 없습니다.
2025-07-22 10:00:01,540 [INFO] 🔍 모니터링 시작 - 키워드: 와스프로, 에어로드, AEROAD, WASP, Aeroad, wasp
2025-07-22 10:00:02,187 [INFO] 📊 현재 발견된 상품: 0개
2025-07-22 10:00:02,188 [INFO] 🆕 새로운 상품: 0개
2025-07-22 10:00:02,188 [INFO] 📭 새로운 상품이 없습니다.
2025-07-22 10:10:01,516 [INFO] 🔍 모니터링 시작 - 키워드: 와스프로, 에어로드, AEROAD, WASP, Aeroad, wasp
2025-07-22 10:10:02,089 [INFO] 📊 현재 발견된 상품: 0개
2025-07-22 10:10:02,090 [INFO] 🆕 새로운 상품: 0개
2025-07-22 10:10:02,090 [INFO] 📭 새로운 상품이 없습니다.
2025-07-22 10:20:00,652 [INFO] 🔍 모니터링 시작 - 키워드: 와스프로, 에어로드, AEROAD, WASP, Aeroad, wasp
2025-07-22 10:20:01,234 [INFO] 📊 현재 발견된 상품: 0개
2025-07-22 10:20:01,234 [INFO] 🆕 새로운 상품: 0개
2025-07-22 10:20:01,234 [INFO] 📭 새로운 상품이 없습니다.
2025-07-22 10:30:01,215 [INFO] 🔍 모니터링 시작 - 키워드: 와스프로, 에어로드, AEROAD, WASP, Aeroad, wasp
2025-07-22 10:30:01,786 [INFO] 📊 현재 발견된 상품: 0개
2025-07-22 10:30:01,787 [INFO] 🆕 새로운 상품: 0개
2025-07-22 10:30:01,787 [INFO] 📭 새로운 상품이 없습니다.
2025-07-22 10:40:00,611 [INFO] 🔍 모니터링 시작 - 키워드: 와스프로, 에어로드, AEROAD, WASP, Aeroad, wasp
2025-07-22 10:40:01,195 [INFO] 📊 현재 발견된 상품: 0개
2025-07-22 10:40:01,196 [INFO] 🆕 새로운 상품: 0개
2025-07-22 10:40:01,196 [INFO] 📭 새로운 상품이 없습니다.
2025-07-22 10:50:00,931 [INFO] 🔍 모니터링 시작 - 키워드: 와스프로, 에어로드, AEROAD, WASP, Aeroad, wasp
2025-07-22 10:50:01,467 [INFO] 📊 현재 발견된 상품: 0개
2025-07-22 10:50:01,468 [INFO] 🆕 새로운 상품: 0개
2025-07-22 10:50:01,468 [INFO] 📭 새로운 상품이 없습니다.
2025-07-22 11:00:01,394 [INFO] 🔍 모니터링 시작 - 키워드: 와스프로, 에어로드, AEROAD, WASP, Aeroad, wasp
2025-07-22 11:00:02,000 [INFO] 📊 현재 발견된 상품: 1개
2025-07-22 11:00:02,002 [INFO] 🆕 새로운 상품: 1개
2025-07-22 11:00:02,634 [INFO] ✅ 1개 새상품 알림 전송 완료
