2025-10-16 11:28:03,735 [INFO] π€ μ λ€μ΅°κ±΄ ν•„ν„°λ§ μ£Όμ‹ λ¶„μ„ μ‹μ‘
2025-10-16 11:28:03,735 [INFO] π“ μ λ€μ΅°κ±΄ ν•„ν„°λ§ μ μ© - μ‹κ°€μ΄μ•΅ μƒμ„ 200κ° μΆ…λ© λ¶„μ„ μ‹μ‘...
2025-10-16 11:28:03,735 [INFO] π”’ μ λ€μ΅°κ±΄: β‘ ν„μ¬κ°€κ°€ 20μΌμ„  μ•„λ β‘΅μ™Έκµ­μΈ λ§¤λ„μ„Έ μ μ™Έ
2025-10-16 11:28:06,139 [INFO] π“ μ΄ 350κ° μΆ…λ© μ΅°ν μ™„λ£
2025-10-16 11:33:41,581 [INFO] λ¶„μ„ μ™„λ£: μ„±κ³µ 350κ°, μ¤λ¥ 0κ°, μ λ€μ΅°κ±΄ ν†µκ³Ό 0κ°, μ λ€μ΅°κ±΄ λ―Έν†µκ³Ό 350κ°
2025-10-16 11:33:42,473 [WARNING] β οΈ μ €μ¥ν•  ν›„λ³΄ μΆ…λ©μ΄ μ—†μµλ‹λ‹¤.
2025-10-16 11:33:42,474 [INFO] π“ μ‚­μ ν•  κΈ°μ΅΄ νμΌμ΄ μ—†μµλ‹λ‹¤.
2025-10-16 11:33:42,474 [INFO] π“ === μ λ€μ΅°κ±΄ ν•„ν„°λ§ ν†µκ³„ ===
2025-10-16 11:33:42,474 [INFO] β… μ λ€μ΅°κ±΄ ν†µκ³Ό: 0κ°
2025-10-16 11:33:42,474 [INFO] π« μ λ€μ΅°κ±΄ λ―Έν†µκ³Ό: 350κ°
2025-10-16 11:33:42,474 [INFO] π“ μ λ€μ΅°κ±΄ ν†µκ³Όμ¨: 0.0%
2025-10-16 11:33:42,475 [INFO] π”’ μ μ©λ μ λ€μ΅°κ±΄:
2025-10-16 11:33:42,475 [INFO]    β‘  ν„μ¬κ°€κ°€ 20μΌμ„  μ•„λμ— μ„μΉ
2025-10-16 11:33:42,475 [INFO]    β‘΅ μ™Έκµ­μΈ λ§¤λ„ μ¶”μ„Έ μ μ™Έ
2025-10-16 11:33:42,475 [INFO] β… μ λ€μ΅°κ±΄ ν•„ν„°λ§ λ¶„μ„ μ™„λ£!
2025-10-16 11:33:42,475 [INFO] π“± λ©”μ‹ μ €μ—λ” μ λ€μ΅°κ±΄ ν†µκ³Ό μΆ…λ©λ§ μ „μ†΅λμ—μµλ‹λ‹¤.
π“ μ§„ν–‰: 50/350 (μ„±κ³µ: 50, μ¤λ¥: 0) β…ν†µκ³Ό: 0, π«λ―Έν†µκ³Ό: 50 μ²λ¦¬μ¨: 63.2κ°/λ¶„
π“ μ§„ν–‰: 100/350 (μ„±κ³µ: 100, μ¤λ¥: 0) β…ν†µκ³Ό: 0, π«λ―Έν†µκ³Ό: 100 μ²λ¦¬μ¨: 62.9κ°/λ¶„
π“ μ§„ν–‰: 150/350 (μ„±κ³µ: 150, μ¤λ¥: 0) β…ν†µκ³Ό: 0, π«λ―Έν†µκ³Ό: 150 μ²λ¦¬μ¨: 62.9κ°/λ¶„
π“ μ§„ν–‰: 200/350 (μ„±κ³µ: 200, μ¤λ¥: 0) β…ν†µκ³Ό: 0, π«λ―Έν†µκ³Ό: 200 μ²λ¦¬μ¨: 62.8κ°/λ¶„
π“ μ§„ν–‰: 250/350 (μ„±κ³µ: 250, μ¤λ¥: 0) β…ν†µκ³Ό: 0, π«λ―Έν†µκ³Ό: 250 μ²λ¦¬μ¨: 62.7κ°/λ¶„
π“ μ§„ν–‰: 300/350 (μ„±κ³µ: 300, μ¤λ¥: 0) β…ν†µκ³Ό: 0, π«λ―Έν†µκ³Ό: 300 μ²λ¦¬μ¨: 62.7κ°/λ¶„
π“ μ§„ν–‰: 350/350 (μ„±κ³µ: 350, μ¤λ¥: 0) β…ν†µκ³Ό: 0, π«λ―Έν†µκ³Ό: 350 μ²λ¦¬μ¨: 62.7κ°/λ¶„
π“ **[μ λ€μ΅°κ±΄ ν•„ν„°λ§ μ μ© λ§¤μμ‹ νΈ μ”μ•½]**
π”’ **μ λ€μ΅°κ±΄**: ν„μ¬κ°€<20μΌμ„  + μ™Έκµ­μΈλ§¤λ„μ„Έμ μ™Έ

π€ μ΄κ°•λ ¥ μ‹ νΈ: 0κ°
π”¥ κ°•λ ¥ μ‹ νΈ: 0κ°
β­ λ³΄ν†µ μ‹ νΈ: 0κ°

π“ **μ λ€μ΅°κ±΄ ν†µκ³Ό: 0κ°**
π« μ λ€μ΅°κ±΄ λ―Έν†µκ³Ό: 350κ°
π“ μ „μ²΄ μ‹ νΈ λ°μƒ: 0κ°

β±οΈ λ¶„μ„μ‹κ°„: 5.6λ¶„
