2025-07-28 14:34:50,807 - INFO - 기존 토큰을 재사용합니다. (만료: 2025-07-28 23:15:51)
2025-07-28 14:34:50,808 - INFO - 🚀 KIS API 모멘텀 자동매매 시작!
2025-07-28 14:34:50,808 - INFO - 대상 종목: 005930, 062040, 035420, 062040, 278470
2025-07-28 14:34:50,808 - INFO - 실행 간격: 5분
2025-07-28 14:34:50,808 - INFO - 토큰 준비 완료 ✅
2025-07-28 14:34:50,808 - INFO - 📊 거래 사이클 시작 - 2025-07-28 14:34:50
2025-07-28 14:34:50,921 - INFO - 005930 - 신호: HOLD, 강도: 0.00, 모멘텀: 0.36%, 현재가: 69,850원
2025-07-28 14:34:51,973 - INFO - 062040 - 신호: HOLD, 강도: 0.00, 모멘텀: 1.53%, 현재가: 113,000원
2025-07-28 14:34:53,040 - INFO - 035420 - 신호: SELL, 강도: 0.00, 모멘텀: 0.00%, 현재가: 236,000원
2025-07-28 14:34:54,088 - INFO - 062040 - 신호: HOLD, 강도: 0.00, 모멘텀: 1.53%, 현재가: 113,000원
2025-07-28 14:34:55,131 - INFO - 278470 - 신호: HOLD, 강도: 0.00, 모멘텀: 0.06%, 현재가: 166,400원
2025-07-28 14:34:56,141 - INFO - ✅ 거래 사이클 완료

2025-07-28 14:35:27,108 - INFO - 사용자가 프로그램을 종료했습니다.
2025-07-28 14:35:27,109 - INFO - 자동매매 프로그램 종료
2025-07-28 14:35:56,332 - INFO - 기존 토큰을 재사용합니다. (만료: 2025-07-28 23:15:51)
2025-07-28 14:35:56,332 - INFO - 🚀 KIS API 모멘텀 자동매매 시작!
2025-07-28 14:35:56,332 - INFO - 대상 종목: 005930, 062040, 278470
2025-07-28 14:35:56,332 - INFO - 실행 간격: 5분
2025-07-28 14:35:56,332 - INFO - 토큰 준비 완료 ✅
2025-07-28 14:35:56,332 - INFO - 📊 거래 사이클 시작 - 2025-07-28 14:35:56
2025-07-28 14:35:56,389 - INFO - 005930 - 신호: HOLD, 강도: 0.00, 모멘텀: 0.29%, 현재가: 69,800원
2025-07-28 14:35:57,454 - INFO - 062040 - 신호: HOLD, 강도: 0.00, 모멘텀: 1.35%, 현재가: 112,600원
2025-07-28 14:35:58,498 - INFO - 278470 - 신호: HOLD, 강도: 0.00, 모멘텀: 0.00%, 현재가: 166,400원
2025-07-28 14:35:59,506 - INFO - ✅ 거래 사이클 완료

2025-07-28 14:40:59,521 - INFO - 📊 거래 사이클 시작 - 2025-07-28 14:40:59
2025-07-28 14:40:59,619 - INFO - 005930 - 신호: HOLD, 강도: 0.00, 모멘텀: 0.36%, 현재가: 69,850원
2025-07-28 14:41:00,686 - INFO - 062040 - 신호: HOLD, 강도: 0.00, 모멘텀: 1.17%, 현재가: 112,500원
2025-07-28 14:41:01,746 - INFO - 278470 - 신호: SELL, 강도: 0.15, 모멘텀: -0.30%, 현재가: 166,000원
2025-07-28 14:41:02,754 - INFO - ✅ 거래 사이클 완료

2025-07-28 14:44:45,171 - INFO - 기존 토큰을 재사용합니다. (만료: 2025-07-28 23:15:51)
2025-07-28 14:44:45,171 - INFO - 🚀 KIS API 모멘텀 자동매매 시작!
2025-07-28 14:44:45,171 - INFO - 대상 종목: 005930, 062040, 278470
2025-07-28 14:44:45,171 - INFO - 실행 간격: 5분
2025-07-28 14:44:45,171 - INFO - 토큰 준비 완료 ✅
2025-07-28 14:44:45,171 - INFO - 📊 거래 사이클 시작 - 2025-07-28 14:44:45
2025-07-28 14:44:45,232 - INFO - 005930 - 신호: HOLD, 강도: 0.00, 모멘텀: 0.36%, 현재가: 69,900원
2025-07-28 14:44:46,279 - INFO - 062040 - 신호: HOLD, 강도: 0.00, 모멘텀: 0.53%, 현재가: 112,800원
2025-07-28 14:44:47,345 - INFO - 278470 - 신호: SELL, 강도: 0.06, 모멘텀: -0.12%, 현재가: 165,900원
2025-07-28 14:44:48,345 - INFO - ✅ 거래 사이클 완료

2025-07-28 14:49:48,361 - INFO - 📊 거래 사이클 시작 - 2025-07-28 14:49:48
2025-07-28 14:49:48,455 - INFO - 005930 - 신호: HOLD, 강도: 0.00, 모멘텀: 0.00%, 현재가: 69,800원
2025-07-28 14:49:49,514 - INFO - 062040 - 신호: HOLD, 강도: 0.00, 모멘텀: 0.36%, 현재가: 112,700원
2025-07-28 14:49:50,557 - INFO - 278470 - 신호: SELL, 강도: 0.06, 모멘텀: -0.12%, 현재가: 165,800원
2025-07-28 14:49:51,562 - INFO - ✅ 거래 사이클 완료

2025-07-28 14:54:51,576 - INFO - 📊 거래 사이클 시작 - 2025-07-28 14:54:51
2025-07-28 14:54:51,643 - INFO - 005930 - 신호: SELL, 강도: 0.00, 모멘텀: 0.00%, 현재가: 69,900원
2025-07-28 14:54:52,686 - INFO - 062040 - 신호: HOLD, 강도: 0.00, 모멘텀: -0.18%, 현재가: 112,800원
2025-07-28 14:54:53,745 - INFO - 278470 - 신호: HOLD, 강도: 0.00, 모멘텀: 1.56%, 현재가: 169,000원
2025-07-28 14:54:54,755 - INFO - ✅ 거래 사이클 완료

2025-07-28 14:59:54,789 - INFO - 📊 거래 사이클 시작 - 2025-07-28 14:59:54
2025-07-28 14:59:54,865 - INFO - 005930 - 신호: HOLD, 강도: 0.00, 모멘텀: 0.14%, 현재가: 69,900원
2025-07-28 14:59:55,927 - INFO - 062040 - 신호: SELL, 강도: 0.13, 모멘텀: -0.27%, 현재가: 112,500원
2025-07-28 14:59:56,980 - INFO - 278470 - 신호: HOLD, 강도: 0.00, 모멘텀: 0.12%, 현재가: 166,500원
2025-07-28 14:59:57,990 - INFO - ✅ 거래 사이클 완료

2025-07-28 15:04:57,997 - INFO - 📊 거래 사이클 시작 - 2025-07-28 15:04:57
2025-07-28 15:04:58,084 - INFO - 005930 - 신호: SELL, 강도: 0.07, 모멘텀: -0.14%, 현재가: 69,800원
2025-07-28 15:04:59,135 - INFO - 062040 - 신호: SELL, 강도: 0.18, 모멘텀: -0.35%, 현재가: 112,400원
2025-07-28 15:05:00,192 - INFO - 278470 - 신호: HOLD, 강도: 0.00, 모멘텀: 1.21%, 현재가: 167,800원
2025-07-28 15:05:01,197 - INFO - ✅ 거래 사이클 완료

2025-07-28 15:10:01,209 - INFO - 📊 거래 사이클 시작 - 2025-07-28 15:10:01
2025-07-28 15:10:01,285 - INFO - 005930 - 신호: HOLD, 강도: 0.00, 모멘텀: 0.29%, 현재가: 70,000원
2025-07-28 15:10:02,325 - INFO - 062040 - 신호: SELL, 강도: 0.31, 모멘텀: -0.62%, 현재가: 112,100원
2025-07-28 15:10:03,382 - INFO - 278470 - 신호: HOLD, 강도: 0.00, 모멘텀: 1.27%, 현재가: 167,700원
2025-07-28 15:10:04,392 - INFO - ✅ 거래 사이클 완료

2025-07-28 15:15:04,410 - INFO - 📊 거래 사이클 시작 - 2025-07-28 15:15:04
2025-07-28 15:15:04,607 - INFO - 005930 - 신호: HOLD, 강도: 0.00, 모멘텀: 0.14%, 현재가: 70,000원
2025-07-28 15:15:05,663 - INFO - 062040 - 신호: SELL, 강도: 0.49, 모멘텀: -0.98%, 현재가: 111,700원
2025-07-28 15:15:06,720 - INFO - 278470 - 신호: HOLD, 강도: 0.00, 모멘텀: -0.30%, 현재가: 167,300원
2025-07-28 15:15:07,727 - INFO - ✅ 거래 사이클 완료

2025-07-28 15:20:07,726 - INFO - 📊 거래 사이클 시작 - 2025-07-28 15:20:07
2025-07-28 15:20:07,808 - INFO - 005930 - 신호: HOLD, 강도: 0.00, 모멘텀: 0.29%, 현재가: 70,000원
2025-07-28 15:20:08,856 - INFO - 062040 - 신호: SELL, 강도: 0.04, 모멘텀: -0.09%, 현재가: 112,100원
2025-07-28 15:20:09,916 - INFO - 278470 - 신호: HOLD, 강도: 0.00, 모멘텀: 1.38%, 현재가: 168,900원
2025-07-28 15:20:10,926 - INFO - ✅ 거래 사이클 완료

2025-07-28 15:25:10,941 - INFO - 📊 거래 사이클 시작 - 2025-07-28 15:25:10
2025-07-28 15:25:11,014 - INFO - 005930 - 신호: HOLD, 강도: 0.00, 모멘텀: 0.29%, 현재가: 70,000원
2025-07-28 15:25:12,082 - INFO - 062040 - 신호: HOLD, 강도: 0.00, 모멘텀: -0.27%, 현재가: 112,100원
2025-07-28 15:25:13,140 - INFO - 278470 - 신호: HOLD, 강도: 0.00, 모멘텀: 0.60%, 현재가: 168,900원
2025-07-28 15:25:14,151 - INFO - ✅ 거래 사이클 완료

2025-07-28 15:30:14,167 - INFO - 📊 거래 사이클 시작 - 2025-07-28 15:30:14
2025-07-28 15:30:14,235 - INFO - 005930 - 신호: HOLD, 강도: 0.00, 모멘텀: 0.57%, 현재가: 70,400원
2025-07-28 15:30:15,278 - INFO - 062040 - 신호: HOLD, 강도: 0.00, 모멘텀: 0.09%, 현재가: 112,100원
2025-07-28 15:30:16,334 - INFO - 278470 - 신호: HOLD, 강도: 0.00, 모멘텀: -0.42%, 현재가: 167,500원
2025-07-28 15:30:17,344 - INFO - ✅ 거래 사이클 완료

2025-07-28 15:31:02,951 - INFO - 사용자가 프로그램을 종료했습니다.
2025-07-28 15:31:02,951 - INFO - 자동매매 프로그램 종료
2025-07-28 15:38:06,217 - INFO - 기존 토큰을 재사용합니다. (만료: 2025-07-28 23:15:51)
2025-07-28 15:38:06,217 - INFO - 🚀 KIS API 모멘텀 자동매매 시작!
2025-07-28 15:38:06,217 - INFO - 대상 종목: 005930, 062040, 278470
2025-07-28 15:38:06,217 - INFO - 실행 간격: 5분
2025-07-28 15:38:06,531 - ERROR - 디스코드 알림 전송 실패: 401
2025-07-28 15:38:06,532 - INFO - 토큰 준비 완료 ✅
2025-07-28 15:38:06,532 - INFO - 장 시간 외 - 대기 중...
2025-07-28 15:38:07,218 - INFO - 사용자가 프로그램을 종료했습니다.
2025-07-28 15:38:07,516 - ERROR - 디스코드 알림 전송 실패: 401
2025-07-28 15:38:07,517 - INFO - 자동매매 프로그램 종료
2025-07-28 15:38:17,881 - INFO - 기존 토큰을 재사용합니다. (만료: 2025-07-28 23:15:51)
2025-07-28 15:38:17,881 - INFO - 🚀 KIS API 모멘텀 자동매매 시작!
2025-07-28 15:38:17,881 - INFO - 대상 종목: 005930, 062040, 278470
2025-07-28 15:38:17,881 - INFO - 실행 간격: 5분
2025-07-28 15:38:18,173 - ERROR - 디스코드 알림 전송 실패: 401
2025-07-28 15:38:18,174 - INFO - 토큰 준비 완료 ✅
2025-07-28 15:38:18,174 - INFO - 장 시간 외 - 대기 중...
2025-07-28 15:38:25,418 - INFO - 사용자가 프로그램을 종료했습니다.
2025-07-28 15:38:25,745 - ERROR - 디스코드 알림 전송 실패: 401
2025-07-28 15:38:25,746 - INFO - 자동매매 프로그램 종료
2025-07-28 15:41:31,342 - INFO - 기존 토큰을 재사용합니다. (만료: 2025-07-28 23:15:51)
2025-07-28 15:41:31,342 - INFO - 🚀 KIS API 모멘텀 자동매매 시작!
2025-07-28 15:41:31,342 - INFO - 대상 종목: 005930, 062040, 278470
2025-07-28 15:41:31,342 - INFO - 실행 간격: 5분
2025-07-28 15:41:31,653 - INFO - 토큰 준비 완료 ✅
2025-07-28 15:41:31,653 - INFO - 장 시간 외 - 대기 중...
2025-07-28 15:41:32,356 - INFO - 사용자가 프로그램을 종료했습니다.
2025-07-28 15:41:32,788 - INFO - 자동매매 프로그램 종료
2025-07-28 15:41:39,249 - INFO - 기존 토큰을 재사용합니다. (만료: 2025-07-28 23:15:51)
2025-07-28 15:41:39,249 - INFO - 🚀 KIS API 모멘텀 자동매매 시작!
2025-07-28 15:41:39,249 - INFO - 대상 종목: 005930, 062040, 278470
2025-07-28 15:41:39,249 - INFO - 실행 간격: 5분
2025-07-28 15:41:39,560 - INFO - 토큰 준비 완료 ✅
2025-07-28 15:41:39,561 - INFO - 장 시간 외 - 대기 중...
2025-07-28 15:41:44,578 - INFO - 사용자가 프로그램을 종료했습니다.
2025-07-28 15:41:45,127 - INFO - 자동매매 프로그램 종료
2025-07-28 22:29:12,554 - INFO - 백테스트 결과에서 종목 로드: ['062040']
2025-07-28 22:29:12,554 - INFO -   - 062040: 수익률 23.0%, 승률 60.0%, 전략: momentum
2025-07-28 22:29:13,243 - INFO - 기존 토큰을 재사용합니다. (만료: 2025-07-29 22:20:02)
2025-07-28 22:29:13,243 - INFO - 🚀 KIS API 모멘텀 자동매매 시작!
2025-07-28 22:29:13,243 - INFO - 대상 종목: 062040
2025-07-28 22:29:13,243 - INFO - 실행 간격: 5분
2025-07-28 22:29:13,582 - INFO - 토큰 준비 완료 ✅
2025-07-28 22:29:13,582 - INFO - 장 시간 외 - 대기 중...
2025-07-28 22:29:57,233 - INFO - 사용자가 프로그램을 종료했습니다.
2025-07-28 22:29:57,558 - INFO - 자동매매 프로그램 종료
2025-07-28 22:30:25,749 - INFO - 백테스트 결과에서 종목 로드: ['062040']
2025-07-28 22:30:25,749 - INFO -   - 062040: 수익률 23.0%, 승률 60.0%, 전략: momentum
2025-07-28 22:30:26,077 - INFO - 기존 토큰을 재사용합니다. (만료: 2025-07-29 22:20:02)
2025-07-28 22:30:26,077 - INFO - 🚀 KIS API 모멘텀 자동매매 시작!
2025-07-28 22:30:26,077 - INFO - 대상 종목: 062040
2025-07-28 22:30:26,077 - INFO - 실행 간격: 5분
2025-07-28 22:30:26,418 - INFO - 토큰 준비 완료 ✅
2025-07-28 22:30:26,419 - INFO - 장 시간 외 - 대기 중...
2025-07-28 22:33:19,697 - INFO - 사용자가 프로그램을 종료했습니다.
2025-07-28 22:33:20,353 - INFO - 자동매매 프로그램 종료
2025-07-28 22:38:31,844 - INFO - 백테스트 결과에서 종목 로드: ['062040']
2025-07-28 22:38:31,844 - INFO -   - 062040: 수익률 23.0%, 승률 60.0%, 전략: momentum
2025-07-28 22:38:32,215 - INFO - 기존 토큰을 재사용합니다. (만료: 2025-07-29 22:20:02)
2025-07-28 22:38:32,215 - INFO - 🚀 KIS API 모멘텀 자동매매 시작!
2025-07-28 22:38:32,215 - INFO - 대상 종목: 062040
2025-07-28 22:38:32,216 - INFO - 실행 간격: 5분
2025-07-28 22:54:30,846 - INFO - 백테스트 결과에서 종목 로드: ['062040']
2025-07-28 22:54:30,847 - INFO -   - 062040: 수익률 23.0%, 승률 60.0%, 전략: momentum
2025-07-28 22:54:31,265 - INFO - 기존 토큰을 재사용합니다. (만료: 2025-07-29 22:20:02)
2025-07-28 22:54:31,266 - INFO - 🚀 KIS API 모멘텀 자동매매 시작!
2025-07-28 22:54:31,266 - INFO - 대상 종목: 062040
2025-07-28 22:54:31,266 - INFO - 실행 간격: 5분
2025-07-28 22:58:55,027 - INFO - 백테스트 결과에서 종목 로드: ['062040']
2025-07-28 22:58:55,027 - INFO -   - 062040: 수익률 23.0%, 승률 60.0%, 전략: momentum
2025-07-28 22:58:55,368 - INFO - 기존 토큰을 재사용합니다. (만료: 2025-07-29 22:20:02)
2025-07-28 22:58:55,369 - INFO - 🚀 KIS API 모멘텀 자동매매 시작!
2025-07-28 22:58:55,369 - INFO - 대상 종목: 062040
2025-07-28 22:58:55,369 - INFO - 실행 간격: 5분
2025-07-29 08:53:52,852 - INFO - 백테스트 결과에서 종목 로드: ['062040']
2025-07-29 08:53:52,852 - INFO -   - 062040: 수익률 23.0%, 승률 60.0%, 전략: momentum
2025-07-29 08:53:53,443 - INFO - 기존 토큰을 재사용합니다. (만료: 2025-07-29 22:20:02)
2025-07-29 08:53:53,444 - INFO - 🚀 KIS API 모멘텀 자동매매 시작!
2025-07-29 08:53:53,444 - INFO - 대상 종목: 062040
2025-07-29 08:53:53,444 - INFO - 실행 간격: 5분
2025-07-29 09:07:55,175 - INFO - 백테스트 결과에서 종목 로드: ['062040']
2025-07-29 09:07:55,175 - INFO -   - 062040: 수익률 14.45%, 승률 50.0%, 전략: momentum
2025-07-29 09:07:55,596 - INFO - 기존 토큰을 재사용합니다. (만료: 2025-07-29 22:20:02)
2025-07-29 09:07:55,596 - INFO - 🚀 KIS API 모멘텀 자동매매 시작!
2025-07-29 09:07:55,596 - INFO - 대상 종목: 062040
2025-07-29 09:07:55,597 - INFO - 실행 간격: 5분
2025-07-29 09:32:10,536 - INFO - 백테스트 결과에서 종목 로드: ['062040']
2025-07-29 09:32:10,536 - INFO -   - 062040: 수익률 14.45%, 승률 50.0%, 전략: momentum
2025-07-29 09:32:10,952 - INFO - 기존 토큰을 재사용합니다. (만료: 2025-07-29 22:20:02)
2025-07-29 09:33:01,629 - INFO - 백테스트 결과에서 종목 로드: ['062040']
2025-07-29 09:33:01,630 - INFO -   - 062040: 수익률 14.45%, 승률 50.0%, 전략: momentum
2025-07-29 09:33:02,101 - INFO - 기존 토큰을 재사용합니다. (만료: 2025-07-29 22:20:02)
2025-07-29 09:33:02,101 - INFO - 🐛 디버그 모드로 실행 중...
2025-07-29 09:33:02,101 - INFO - 대상 종목: 062040
2025-07-29 09:33:02,101 - INFO - 실행 간격: 1분
2025-07-29 09:33:02,101 - INFO - 토큰 준비 완료 ✅
2025-07-29 09:33:02,101 - INFO - 
============================================================
2025-07-29 09:33:02,102 - INFO - 디버그 사이클 - 2025-07-29 09:33:02
2025-07-29 09:33:02,102 - INFO - ============================================================
2025-07-29 09:33:02,184 - INFO - 062040 - 전략: momentum, 신호: SELL, 강도: 0.05, 현재가: 110,000원
2025-07-29 09:33:03,191 - INFO - 다음 실행: 1분 후
2025-07-29 09:34:03,194 - INFO - 
============================================================
2025-07-29 09:34:03,195 - INFO - 디버그 사이클 - 2025-07-29 09:34:03
2025-07-29 09:34:03,195 - INFO - ============================================================
2025-07-29 09:34:03,263 - INFO - 062040 - 전략: momentum, 신호: SELL, 강도: 0.23, 현재가: 110,000원
2025-07-29 09:34:04,276 - INFO - 다음 실행: 1분 후
2025-07-29 09:34:11,845 - INFO - 디버그 모드 종료
2025-07-29 09:34:22,029 - INFO - 백테스트 결과에서 종목 로드: ['062040']
2025-07-29 09:34:22,029 - INFO -   - 062040: 수익률 14.45%, 승률 50.0%, 전략: momentum
2025-07-29 09:34:22,518 - INFO - 기존 토큰을 재사용합니다. (만료: 2025-07-29 22:20:02)
2025-07-29 09:34:22,518 - INFO - 🚀 KIS API 모멘텀 자동매매 시작!
2025-07-29 09:34:22,518 - INFO - 대상 종목: 062040
2025-07-29 09:34:22,518 - INFO - 실행 간격: 5분
2025-07-29 09:34:22,984 - INFO - 토큰 준비 완료 ✅
2025-07-29 09:34:22,985 - INFO - 📊 거래 사이클 시작 - 2025-07-29 09:34:22
2025-07-29 09:34:23,094 - INFO - 062040 - 전략: momentum, 신호: SELL, 강도: 0.23, 현재가: 110,000원
2025-07-29 09:34:24,102 - INFO - ✅ 거래 사이클 완료

2025-07-29 09:34:24,103 - INFO - 다음 실행 예정: 09:39:22
2025-07-29 09:39:24,083 - INFO - 📊 거래 사이클 시작 - 2025-07-29 09:39:24
2025-07-29 09:39:24,189 - INFO - 062040 - 전략: momentum, 신호: HOLD, 강도: 0.00, 현재가: 109,900원
2025-07-29 09:39:25,197 - INFO - ✅ 거래 사이클 완료

2025-07-29 09:39:25,198 - INFO - 다음 실행 예정: 09:44:24
2025-07-29 09:44:25,209 - INFO - 📊 거래 사이클 시작 - 2025-07-29 09:44:25
2025-07-29 09:44:25,342 - INFO - 062040 - 전략: momentum, 신호: SELL, 강도: 0.09, 현재가: 110,000원
2025-07-29 09:44:26,355 - INFO - ✅ 거래 사이클 완료

2025-07-29 09:44:26,355 - INFO - 다음 실행 예정: 09:49:25
2025-07-29 09:49:26,366 - INFO - 📊 거래 사이클 시작 - 2025-07-29 09:49:26
2025-07-29 09:49:26,481 - INFO - 062040 - 전략: momentum, 신호: HOLD, 강도: 0.00, 현재가: 110,500원
2025-07-29 09:49:27,494 - INFO - ✅ 거래 사이클 완료

2025-07-29 09:49:27,494 - INFO - 다음 실행 예정: 09:54:26
2025-07-29 09:54:27,559 - INFO - 📊 거래 사이클 시작 - 2025-07-29 09:54:27
2025-07-29 09:54:27,667 - INFO - 062040 - 전략: momentum, 신호: HOLD, 강도: 0.00, 현재가: 111,200원
2025-07-29 09:54:28,675 - INFO - ✅ 거래 사이클 완료

2025-07-29 09:54:28,675 - INFO - 다음 실행 예정: 09:59:27
2025-07-29 09:59:28,694 - INFO - 📊 거래 사이클 시작 - 2025-07-29 09:59:28
2025-07-29 09:59:28,766 - INFO - 062040 - 전략: momentum, 신호: HOLD, 강도: 0.00, 현재가: 111,200원
2025-07-29 09:59:29,779 - INFO - ✅ 거래 사이클 완료

2025-07-29 09:59:29,779 - INFO - 다음 실행 예정: 10:04:28
2025-07-29 10:04:29,799 - INFO - 📊 거래 사이클 시작 - 2025-07-29 10:04:29
2025-07-29 10:04:29,903 - INFO - 062040 - 전략: momentum, 신호: SELL, 강도: 0.18, 현재가: 110,500원
2025-07-29 10:04:30,907 - INFO - ✅ 거래 사이클 완료

2025-07-29 10:04:30,907 - INFO - 다음 실행 예정: 10:09:29
2025-07-29 10:09:30,918 - INFO - 📊 거래 사이클 시작 - 2025-07-29 10:09:30
2025-07-29 10:09:31,009 - INFO - 062040 - 전략: momentum, 신호: HOLD, 강도: 0.00, 현재가: 110,800원
2025-07-29 10:09:32,023 - INFO - ✅ 거래 사이클 완료

2025-07-29 10:09:32,023 - INFO - 다음 실행 예정: 10:14:30
2025-07-29 10:14:32,042 - INFO - 📊 거래 사이클 시작 - 2025-07-29 10:14:32
2025-07-29 10:14:32,158 - INFO - 062040 - 전략: momentum, 신호: SELL, 강도: 0.41, 현재가: 110,200원
2025-07-29 10:14:33,171 - INFO - ✅ 거래 사이클 완료

2025-07-29 10:14:33,172 - INFO - 다음 실행 예정: 10:19:32
2025-07-29 10:19:33,191 - INFO - 📊 거래 사이클 시작 - 2025-07-29 10:19:33
2025-07-29 10:19:33,286 - INFO - 062040 - 전략: momentum, 신호: SELL, 강도: 0.18, 현재가: 110,700원
2025-07-29 10:19:34,296 - INFO - ✅ 거래 사이클 완료

2025-07-29 10:19:34,297 - INFO - 다음 실행 예정: 10:24:33
2025-07-29 10:23:43,447 - INFO - 사용자가 프로그램을 종료했습니다.
2025-07-29 10:23:43,998 - INFO - 자동매매 프로그램 종료
2025-07-29 10:23:45,842 - INFO - 백테스트 결과에서 종목 로드: ['042660', '161580', '062040', '014620']
2025-07-29 10:23:45,842 - INFO -   - 042660: 수익률 43.66%, 승률 61.5%, 전략: scalping
2025-07-29 10:23:45,842 - INFO -   - 161580: 수익률 24.73%, 승률 70.4%, 전략: scalping
2025-07-29 10:23:45,842 - INFO -   - 062040: 수익률 15.28%, 승률 50.0%, 전략: momentum
2025-07-29 10:23:45,842 - INFO -   - 014620: 수익률 14.92%, 승률 60.7%, 전략: scalping
2025-07-29 10:23:46,208 - INFO - 기존 토큰을 재사용합니다. (만료: 2025-07-29 22:20:02)
2025-07-29 10:23:46,208 - INFO - 🚀 KIS API 모멘텀 자동매매 시작!
2025-07-29 10:23:46,208 - INFO - 대상 종목: 042660, 161580, 062040, 014620
2025-07-29 10:23:46,208 - INFO - 실행 간격: 5분
2025-07-29 10:23:46,527 - INFO - 토큰 준비 완료 ✅
2025-07-29 10:23:46,527 - INFO - 📊 거래 사이클 시작 - 2025-07-29 10:23:46
2025-07-29 10:23:46,611 - INFO - 042660 - 전략: scalping, 신호: SELL, 강도: 4.00, 현재가: 99,500원
2025-07-29 10:23:46,611 - ERROR - 042660 처리 중 오류: 'momentum'
2025-07-29 10:23:48,097 - INFO - 161580 - 전략: scalping, 신호: HOLD, 강도: 0.00, 현재가: 33,250원
2025-07-29 10:23:49,154 - INFO - 062040 - 전략: momentum, 신호: HOLD, 강도: 0.00, 현재가: 110,800원
2025-07-29 10:23:50,226 - INFO - 014620 - 전략: scalping, 신호: SELL, 강도: 4.00, 현재가: 32,000원
2025-07-29 10:23:50,226 - ERROR - 014620 처리 중 오류: 'momentum'
2025-07-29 10:23:51,654 - INFO - ✅ 거래 사이클 완료

2025-07-29 10:23:51,654 - INFO - 다음 실행 예정: 10:28:46
2025-07-29 10:23:52,594 - INFO - 사용자가 프로그램을 종료했습니다.
2025-07-29 10:23:52,984 - INFO - 자동매매 프로그램 종료
