2025-07-31 12:39:47,266 [INFO] 📊 시가총액 상위 200개 종목 분석 시작...
2025-07-31 12:39:47,363 [INFO] 삼성전자: 시가총액 상위 종목 제외(1)
2025-07-31 12:39:47,363 [INFO] SK하이닉스: 시가총액 상위 종목 제외(2)
2025-07-31 12:39:47,363 [INFO] LG에너지솔루션: 시가총액 상위 종목 제외(3)
2025-07-31 12:39:47,363 [INFO] 삼성바이오로직스: 시가총액 상위 종목 제외(4)
2025-07-31 12:39:47,363 [INFO] 한화에어로스페이스: 시가총액 상위 종목 제외(5)
2025-07-31 12:39:47,363 [INFO] HD현대중공업: 시가총액 상위 종목 제외(6)
2025-07-31 12:39:47,363 [INFO] 현대차: 시가총액 상위 종목 제외(7)
2025-07-31 12:39:47,363 [INFO] KB금융: 시가총액 상위 종목 제외(8)
2025-07-31 12:39:47,363 [INFO] 셀트리온: 시가총액 상위 종목 제외(9)
2025-07-31 12:39:47,364 [INFO] 기아: 시가총액 상위 종목 제외(10)
2025-07-31 12:39:47,364 [INFO] 두산에너빌리티: 시가총액 상위 종목 제외(11)
2025-07-31 12:39:47,364 [INFO] NAVER: 시가총액 상위 종목 제외(12)
2025-07-31 12:39:47,364 [INFO] 한화오션: 시가총액 상위 종목 제외(13)
2025-07-31 12:39:47,364 [INFO] 신한지주: 시가총액 상위 종목 제외(14)
2025-07-31 12:39:47,364 [INFO] 삼성물산: 시가총액 상위 종목 제외(15)
2025-07-31 12:39:47,364 [INFO] 현대모비스: 시가총액 상위 종목 제외(16)
2025-07-31 12:39:47,364 [INFO] HD한국조선해양: 시가총액 상위 종목 제외(17)
2025-07-31 12:39:47,364 [INFO] POSCO홀딩스: 시가총액 상위 종목 제외(18)
2025-07-31 12:39:47,364 [INFO] 삼성생명: 시가총액 상위 종목 제외(19)
2025-07-31 12:39:47,364 [INFO] 카카오: 시가총액 상위 종목 제외(20)
2025-07-31 12:39:47,364 [INFO] 한국전력: 시가총액 상위 종목 제외(21)
2025-07-31 12:39:47,364 [INFO] 하나금융지주: 시가총액 상위 종목 제외(22)
2025-07-31 12:39:47,364 [INFO] HMM: 시가총액 상위 종목 제외(23)
2025-07-31 12:39:47,364 [INFO] 현대로템: 시가총액 상위 종목 제외(24)
2025-07-31 12:39:47,364 [INFO] LG화학: 시가총액 상위 종목 제외(25)
2025-07-31 12:39:47,364 [INFO] SK스퀘어: 시가총액 상위 종목 제외(26)
2025-07-31 12:39:47,364 [INFO] 삼성화재: 시가총액 상위 종목 제외(27)
2025-07-31 12:39:47,364 [INFO] HD현대일렉트릭: 시가총액 상위 종목 제외(28)
2025-07-31 12:39:47,364 [INFO] 삼성중공업: 시가총액 상위 종목 제외(29)
2025-07-31 12:39:47,364 [INFO] SK이노베이션: 시가총액 상위 종목 제외(30)
2025-07-31 12:39:47,364 [INFO] 삼성SDI: 시가총액 상위 종목 제외(31)
2025-07-31 12:39:47,364 [INFO] 고려아연: 시가총액 상위 종목 제외(32)
2025-07-31 12:39:47,364 [INFO] KT&G: 시가총액 상위 종목 제외(33)
2025-07-31 12:39:47,364 [INFO] 크래프톤: 시가총액 상위 종목 제외(34)
2025-07-31 12:39:47,364 [INFO] 기업은행: 시가총액 상위 종목 제외(35)
2025-07-31 12:39:47,364 [INFO] SK: 시가총액 상위 종목 제외(36)
2025-07-31 12:39:47,365 [INFO] LIG넥스원: 시가총액 상위 종목 제외(37)
2025-07-31 12:39:47,365 [INFO] KT: 시가총액 상위 종목 제외(38)
2025-07-31 12:39:47,365 [INFO] 카카오뱅크: 시가총액 상위 종목 제외(39)
2025-07-31 12:39:47,365 [INFO] LG전자: 시가총액 상위 종목 제외(40)
2025-07-31 12:39:47,365 [INFO] LG: 시가총액 상위 종목 제외(41)
2025-07-31 12:39:47,365 [INFO] 삼성에스디에스: 시가총액 상위 종목 제외(42)
2025-07-31 12:39:47,365 [INFO] SK텔레콤: 시가총액 상위 종목 제외(43)
2025-07-31 12:39:47,365 [INFO] 한화시스템: 시가총액 상위 종목 제외(44)
2025-07-31 12:39:47,365 [INFO] 효성중공업: 시가총액 상위 종목 제외(45)
2025-07-31 12:39:47,365 [INFO] HD현대: 시가총액 상위 종목 제외(46)
2025-07-31 12:39:47,365 [INFO] 포스코퓨처엠: 시가총액 상위 종목 제외(47)
2025-07-31 12:39:47,444 [INFO] 삼성전기: 시가총액 상위 종목 제외(48)
2025-07-31 12:39:47,444 [INFO] 현대글로비스: 시가총액 상위 종목 제외(49)
2025-07-31 12:39:47,444 [INFO] 미래에셋증권: 시가총액 상위 종목 제외(50)
2025-07-31 12:39:48,229 [INFO] ❌ 삼양식품: 외국인 매수 추세 아님:[-9425, -7315, -14097, 10701]:distributing
2025-07-31 12:39:50,438 [INFO] ❌ LS ELECTRIC: 외국인 매수 추세 아님:[-41748, 19166, -28298, -20546]:distributing
2025-07-31 12:39:51,269 [INFO] ❌ DB손해보험: 외국인 매수 추세 아님:[-9304, -10266, 2481, -16680]:distributing
2025-07-31 12:39:52,880 [INFO] ❌ 포스코인터내셔널: 외국인 매수 추세 아님:[-107214, -46700, -60457, -144780]:distributing
2025-07-31 12:39:55,188 [INFO] ❌ 코웨이: 외국인 매수 추세 아님:[-46919, -66090, -70432, -40992]:distributing
2025-07-31 12:39:55,997 [INFO] ❌ SK바이오팜: 외국인 매수 추세 아님:[-9926, -2955, -29347, -34839]:distributing
2025-07-31 12:39:59,745 [INFO] ❌ LG씨엔에스: 외국인 매수 추세 아님:[-6867, -138122, -57926, -3725]:distributing
2025-07-31 12:40:02,027 [INFO] ❌ 삼성카드: 외국인 매수 추세 아님:[-5107, -11134, -46042, 11369]:distributing
2025-07-31 12:40:07,811 [INFO] ❌ 삼성E&A: 외국인 매수 추세 아님:[-342330, 642931, -67298, -299163]:distributing
2025-07-31 12:40:07,893 [INFO] ❌ 넷마블: 외국인 매수 추세 아님:[4282, -26561, -14295, -32707]:distributing
2025-07-31 12:40:12,560 [INFO] ❌ 풍산: 외국인 매수 추세 아님:[-90422, 14027, -11728, -5906]:distributing
2025-07-31 12:40:17,828 [INFO] ❌ SKC: 외국인 매수 추세 아님:[-9796, -18369, -14783, -69177]:distributing
2025-07-31 12:40:18,651 [INFO] ❌ 포스코DX: 외국인 매수 추세 아님:[-34077, 34390, -17522, -45150]:distributing
2025-07-31 12:40:20,587 [INFO] ❌ SK바이오사이언스: 외국인 매수 추세 아님:[4118, -6456, -12051, -5854]:distributing
2025-07-31 12:40:22,272 [INFO] ❌ 한전기술: 외국인 매수 추세 아님:[-92227, -69772, -16300, 24192]:distributing
2025-07-31 12:40:22,364 [INFO] ❌ 한미사이언스: 외국인 매수 추세 아님:[-9060, 27159, -75140, -21019]:distributing
2025-07-31 12:40:29,310 [INFO] ❌ 대한전선: 외국인 매수 추세 아님:[-37063, 155155, -38008, -34189]:distributing
2025-07-31 12:40:32,400 [INFO] ❌ F&F: 외국인 매수 추세 아님:[-4822, -7942, 1077, -1724]:distributing
2025-07-31 12:40:37,740 [INFO] ❌ RISE 머니마켓액티브: 외국인 매수 추세 아님:[-192, -1767, 152, -1]:distributing
2025-07-31 12:40:46,183 [INFO] ❌ 미스토홀딩스: 외국인 매수 추세 아님:[-4975, 4665, -33682, -11140]:distributing
2025-07-31 12:40:47,873 [INFO] ❌ 일진전기: 외국인 매수 추세 아님:[-99931, 118186, -51716, -33860]:distributing
2025-07-31 12:40:51,812 [INFO] ❌ BGF리테일: 외국인 매수 추세 아님:[-9195, -1114, 4903, -3419]:distributing
2025-07-31 12:40:54,094 [INFO] ❌ 씨에스윈드: 외국인 매수 추세 아님:[-45175, -133785, -84406, -41036]:distributing
2025-07-31 12:40:54,948 [INFO] ❌ 호텔신라: 외국인 매수 추세 아님:[-27521, -27294, -397833, -40053]:distributing
2025-07-31 12:40:55,772 [INFO] ❌ OCI홀딩스: 외국인 매수 추세 아님:[-33427, -28809, -64208, 121838]:distributing
2025-07-31 12:40:56,652 [INFO] ❌ DN오토모티브: 외국인 매수 추세 아님:[-1990, -9254, -19622, -36222]:distributing
2025-07-31 12:40:59,583 [INFO] ❌ HD현대건설기계: 외국인 매수 추세 아님:[-245, -34704, -2829, 61277]:distributing
2025-07-31 12:40:59,650 [INFO] ❌ RISE 종합채권(A-이상)액티브: 외국인 매수 추세 아님:[0, 0, 0, 0]:distributing
2025-07-31 12:40:59,719 [INFO] ❌ HL만도: 외국인 매수 추세 아님:[-67528, 4736, -80097, -71061]:distributing
2025-07-31 12:41:02,859 [INFO] ❌ HDC현대산업개발: 외국인 매수 추세 아님:[-52804, 203517, -22024, -68704]:distributing
2025-07-31 12:41:02,938 [INFO] ❌ 에스엘: 외국인 매수 추세 아님:[-1188, -4474, -44376, -26928]:distributing
2025-07-31 12:41:03,033 [INFO] ❌ 두산퓨얼셀: 외국인 매수 추세 아님:[-1798, -8475, 10479, -21198]:distributing
2025-07-31 12:41:05,505 [INFO] ❌ 하이트진로: 외국인 매수 추세 아님:[-29352, 13999, -21889, -4713]:distributing
2025-07-31 12:41:05,590 [INFO] ❌ 한올바이오파마: 외국인 매수 추세 아님:[-51971, -13202, -88246, -410048]:distributing
2025-07-31 12:41:05,680 [INFO] ❌ HDC: 외국인 매수 추세 아님:[35399, -10748, -16024, -40760]:distributing
2025-07-31 12:41:08,956 [INFO] ❌ 동양생명: 외국인 매수 추세 아님:[-49288, -44997, -106917, -36597]:distributing
2025-07-31 12:41:09,051 [INFO] ❌ 이수스페셜티케미컬: 외국인 매수 추세 아님:[10768, -7726, -2636, -16847]:distributing
2025-07-31 12:41:09,853 [INFO] ❌ 금호타이어: 외국인 매수 추세 아님:[-118901, -340451, -103827, -147790]:distributing
2025-07-31 12:41:13,180 [INFO] ❌ 경동나비엔: 외국인 매수 추세 아님:[-8160, 25492, -6928, -16255]:distributing
2025-07-31 12:41:13,257 [INFO] ❌ 코스모신소재: 외국인 매수 추세 아님:[76164, -73431, -25776, -21552]:distributing
2025-07-31 12:41:14,840 [INFO] ❌ LX인터내셔널: 외국인 매수 추세 아님:[15544, -3686, -10730, -7895]:distributing
2025-07-31 12:41:18,790 [INFO] ❌ 종근당: 외국인 매수 추세 아님:[-19682, -13570, -9452, -4263]:distributing
2025-07-31 12:41:18,870 [INFO] ❌ 대덕전자: 외국인 매수 추세 아님:[551737, -30788, -10705, -9007]:distributing
2025-07-31 12:41:19,019 [INFO] ❌ 롯데웰푸드: 외국인 매수 추세 아님:[-1650, -1098, -5891, -5107]:distributing
2025-07-31 12:41:20,727 [INFO] ❌ RISE 미국S&P500: 외국인 매수 추세 아님:[2261, -375, -622, -336]:distributing
2025-07-31 12:41:22,315 [INFO] ❌ 롯데정밀화학: 외국인 매수 추세 아님:[-9249, -9611, -3961, -1303]:distributing
2025-07-31 12:41:22,387 [INFO] ❌ 태광산업: 외국인 매수 추세 아님:[-205, -18, 1075, -318]:distributing
2025-07-31 12:41:23,888 [INFO] ❌ 쿠쿠홀딩스: 외국인 매수 추세 아님:[-866, 1055, -5097, -1855]:distributing
2025-07-31 12:41:23,979 [INFO] ❌ RISE CD금리액티브(합성): 외국인 매수 추세 아님:[0, -30, 0, 0]:distributing
2025-07-31 12:41:24,069 [INFO] ❌ DL: 외국인 매수 추세 아님:[-515, -21118, -28817, -22417]:distributing
2025-07-31 12:41:24,141 [INFO] ❌ 1Q 머니마켓액티브: 외국인 매수 추세 아님:[60, 0, 0, 0]:distributing
2025-07-31 12:41:24,980 [INFO] ❌ RISE 단기특수은행채액티브: 외국인 매수 추세 아님:[0, 0, 0, 0]:distributing
2025-07-31 12:41:25,907 [INFO] ❌ KB발해인프라: 외국인 매수 추세 아님:[-420, -7794, -16483, -11775]:distributing
2025-07-31 12:41:25,981 [INFO] ❌ 효성티앤씨: 외국인 매수 추세 아님:[-2633, -10364, -6543, -304]:distributing
2025-07-31 12:41:29,053 [INFO] ❌ 교보증권: 외국인 매수 추세 아님:[-604, -64613, 25928, -18484]:distributing
2025-07-31 12:41:29,142 [INFO] ❌ NICE평가정보: 외국인 매수 추세 아님:[-12215, 7376, -1954, -539]:distributing
2025-07-31 12:41:29,976 [INFO] ❌ SOL 종합채권(AA-이상)액티브: 외국인 매수 추세 아님:[0, -17, 0, 0]:distributing
2025-07-31 12:41:30,082 [INFO] ❌ STX엔진: 외국인 매수 추세 아님:[20677, -23312, -219182, -79999]:distributing
2025-07-31 12:41:31,714 [INFO] ❌ 세방전지: 외국인 매수 추세 아님:[5863, -5457, -5457, -8413]:distributing
2025-07-31 12:41:32,530 [INFO] ❌ LX세미콘: 외국인 매수 추세 아님:[4166, -20894, -13377, -50740]:distributing
2025-07-31 12:41:35,523 [INFO] ❌ 율촌화학: 외국인 매수 추세 아님:[-55404, -89002, -88358, -11777]:distributing
2025-07-31 12:41:35,628 [INFO] ❌ CJ CGV: 외국인 매수 추세 아님:[-44592, -80018, -156324, -8613]:distributing
2025-07-31 12:41:36,430 [INFO] ❌ 세아제강지주: 외국인 매수 추세 아님:[-1607, 327, -2968, -1127]:distributing
2025-07-31 12:41:37,252 [INFO] ❌ 영풍: 외국인 매수 추세 아님:[4341, -1366, -1836, -4125]:distributing
2025-07-31 12:41:38,134 [INFO] ❌ SK이터닉스: 외국인 매수 추세 아님:[-28789, -56168, -42408, -135260]:distributing
2025-07-31 12:41:41,194 [INFO] ❌ 세진중공업: 외국인 매수 추세 아님:[-116086, 14133, -193627, -95772]:distributing
2025-07-31 12:41:41,269 [INFO] ❌ 빙그레: 외국인 매수 추세 아님:[-11820, -5069, -23627, -15549]:distributing
2025-07-31 12:41:41,344 [INFO] ❌ 케이카: 외국인 매수 추세 아님:[-3043, -9905, 10813, -34740]:distributing
2025-07-31 12:41:41,423 [INFO] ❌ 파미셀: 외국인 매수 추세 아님:[-72477, 8210, -22825, -12605]:distributing
2025-07-31 12:41:42,245 [INFO] ❌ HJ중공업: 외국인 매수 추세 아님:[-131779, -197081, -148409, 2239]:distributing
2025-07-31 12:41:43,824 [INFO] ❌ 미원에스씨: 외국인 매수 추세 아님:[58, -93, -51, -349]:distributing
2025-07-31 12:41:45,459 [INFO] ❌ 보령: 외국인 매수 추세 아님:[-30779, -58492, -72024, -296840]:distributing
2025-07-31 12:41:46,441 [INFO] ❌ 전진건설로봇: 외국인 매수 추세 아님:[-8316, 413, -8984, -9303]:distributing
2025-07-31 12:41:46,510 [INFO] ❌ KG모빌리티: 외국인 매수 추세 아님:[37257, -3948, -64664, -21204]:distributing
2025-07-31 12:41:49,593 [INFO] ❌ 현대홈쇼핑: 외국인 매수 추세 아님:[-1864, 385, -5235, -5694]:distributing
2025-07-31 12:41:54,473 [INFO] ❌ 금양: 외국인 매수 추세 아님:[0, 0, 0, 0]:distributing
2025-07-31 12:41:56,065 [INFO] ❌ 아이에스동서: 외국인 매수 추세 아님:[-9539, 378, -7774, -17705]:distributing
2025-07-31 12:41:57,078 [INFO] ❌ 카프로: 외국인 매수 추세 아님:[0, 0, 0, 0]:distributing
2025-07-31 12:41:57,995 [INFO] ❌ 케이씨텍: 외국인 매수 추세 아님:[-93670, -62397, 32392, -20229]:distributing
2025-07-31 12:41:58,869 [INFO] ❌ 일진하이솔루스: 외국인 매수 추세 아님:[-2648, -5780, 1745, -999]:distributing
2025-07-31 12:41:58,979 [INFO] ❌ 솔루스첨단소재: 외국인 매수 추세 아님:[43717, -8772, -3622, -6279]:distributing
2025-07-31 12:41:59,075 [INFO] ❌ KG스틸: 외국인 매수 추세 아님:[-23763, -12058, -38047, 17293]:distributing
2025-07-31 12:41:59,906 [INFO] ❌ 넥센타이어: 외국인 매수 추세 아님:[7631, -11077, -46078, -29006]:distributing
2025-07-31 12:41:59,977 [INFO] ❌ 애경케미칼: 외국인 매수 추세 아님:[8238, -14029, -5126, -11806]:distributing
2025-07-31 12:42:00,055 [INFO] ❌ 신성통상: 외국인 매수 추세 아님:[39458, -18227, -21366, -46122]:distributing
2025-07-31 12:42:01,753 [INFO] ❌ 유니드: 외국인 매수 추세 아님:[502, -2475, -6437, -18214]:distributing
2025-07-31 12:42:04,781 [INFO] ❌ 풀무원: 외국인 매수 추세 아님:[-133967, -240303, -25901, -64683]:distributing
2025-07-31 12:42:04,873 [INFO] ❌ 제주항공: 외국인 매수 추세 아님:[4174, -9115, -11993, -7035]:distributing
2025-07-31 12:42:06,573 [INFO] ❌ 삼양사: 외국인 매수 추세 아님:[-4442, -769, -1267, 147]:distributing
2025-07-31 12:42:07,384 [INFO] ❌ 바이오노트: 외국인 매수 추세 아님:[18157, -7771, -36163, -4171]:distributing
2025-07-31 12:42:07,479 [INFO] ❌ 퍼시스: 외국인 매수 추세 아님:[7, -92, -72, -127]:distributing
2025-07-31 12:42:07,561 [INFO] ❌ PI첨단소재: 외국인 매수 추세 아님:[-61629, -21675, -12566, 10360]:distributing
2025-07-31 12:42:09,916 [INFO] ❌ 세아홀딩스: 외국인 매수 추세 아님:[-57, -571, -537, 549]:distributing
2025-07-31 12:42:10,052 [INFO] ❌ JW중외제약: 외국인 매수 추세 아님:[2947, -9341, -17845, -17560]:distributing
2025-07-31 12:42:10,151 [INFO] ❌ KCC글라스: 외국인 매수 추세 아님:[-234, 3864, -3035, -7620]:distributing
2025-07-31 12:42:16,388 [INFO] ❌ NICE: 외국인 매수 추세 아님:[8024, -6451, -21544, -13601]:distributing
2025-07-31 12:42:16,480 [INFO] ❌ 고려제강: 외국인 매수 추세 아님:[1156, -1419, -5663, -3065]:distributing
2025-07-31 12:42:17,395 [INFO] ❌ TCC스틸: 외국인 매수 추세 아님:[-150956, -192085, -41027, -29201]:distributing
2025-07-31 12:42:17,544 [INFO] ❌ 지누스: 외국인 매수 추세 아님:[-4217, -52245, -45776, -40480]:distributing
2025-07-31 12:42:17,612 [INFO] ❌ SPC삼립: 외국인 매수 추세 아님:[-289, 561, -5024, -1846]:distributing
2025-07-31 12:42:20,210 [INFO] ❌ 화승엔터프라이즈: 외국인 매수 추세 아님:[10593, -33791, -30613, -32494]:distributing
2025-07-31 12:42:20,306 [INFO] ❌ 명신산업: 외국인 매수 추세 아님:[86716, -17209, -8479, -16654]:distributing
2025-07-31 12:42:22,181 [INFO] ❌ 동아에스티: 외국인 매수 추세 아님:[-904, 2683, -16711, -8721]:distributing
2025-07-31 12:42:22,311 [INFO] ❌ 애경산업: 외국인 매수 추세 아님:[-4224, -1244, -3334, -4721]:distributing
2025-07-31 12:42:22,443 [INFO] ❌ 세아제강: 외국인 매수 추세 아님:[-3315, -1873, -2955, -3816]:distributing
2025-07-31 12:42:25,512 [INFO] ❌ 흥아해운: 외국인 매수 추세 아님:[-217999, -156715, -73584, 308432]:distributing
2025-07-31 12:42:27,190 [INFO] ❌ 한세실업: 외국인 매수 추세 아님:[-16965, -21332, -25033, -24934]:distributing
2025-07-31 12:42:27,282 [INFO] ❌ 해성디에스: 외국인 매수 추세 아님:[-21471, -16899, -11172, 5858]:distributing
2025-07-31 12:42:29,679 [INFO] ❌ 신세계인터내셔날: 외국인 매수 추세 아님:[33723, -2854, -29513, -14827]:distributing
2025-07-31 12:42:30,572 [INFO] ❌ 삼아알미늄: 외국인 매수 추세 아님:[5014, -89525, -123043, -42287]:distributing
2025-07-31 12:42:30,685 [INFO] ❌ 더본코리아: 외국인 매수 추세 아님:[267, -4267, -11606, -4223]:distributing
2025-07-31 12:42:30,807 [INFO] ❌ 대한제강: 외국인 매수 추세 아님:[-1852, 2780, -3754, -1983]:distributing
2025-07-31 12:42:30,979 [INFO] ❌ 영진약품: 외국인 매수 추세 아님:[-7981, -1076, -49117, -53392]:distributing
2025-07-31 12:42:31,120 [INFO] ❌ 한일현대시멘트: 외국인 매수 추세 아님:[51418, -2493, -5251, -4279]:distributing
2025-07-31 12:42:31,120 [INFO] ⚡ **[약한 매수신호 (2점)]**
- 대한해운 (005880) - 2점
  📊 [거래량급증, 컵앤핸들]
- 후성 (093370) - 2점
  📊 [골든크로스, 컵앤핸들]
2025-07-31 12:42:31,962 [INFO] weak 종목: 2개
2025-07-31 12:42:31,963 [INFO] 📈 **[다중신호 종목 요약]**
🚀 초강력 신호: 0개
🔥 강력 신호: 0개
⭐ 보통 신호: 0개
⚡ 약한 신호: 2개
💡 단일 신호: 51개
📊 **총 다중신호 종목: 2개**
2025-07-31 12:42:32,819 [INFO] 분석 완료!
