2025-08-01 09:30:02,617 [INFO] 📊 시가총액 상위 200개 종목 분석 시작...
2025-08-01 09:30:02,819 [INFO] 삼성전자: 분석 대상 포함(1)
2025-08-01 09:30:02,819 [INFO] SK하이닉스: 분석 대상 포함(2)
2025-08-01 09:30:02,820 [INFO] LG에너지솔루션: 분석 대상 포함(3)
2025-08-01 09:30:02,820 [INFO] 삼성바이오로직스: 분석 대상 포함(4)
2025-08-01 09:30:02,820 [INFO] 한화에어로스페이스: 분석 대상 포함(5)
2025-08-01 09:30:02,820 [INFO] 현대차: 분석 대상 포함(6)
2025-08-01 09:30:02,820 [INFO] HD현대중공업: 분석 대상 포함(7)
2025-08-01 09:30:02,820 [INFO] KB금융: 분석 대상 포함(8)
2025-08-01 09:30:02,821 [INFO] 기아: 분석 대상 포함(9)
2025-08-01 09:30:02,821 [INFO] 두산에너빌리티: 분석 대상 포함(10)
2025-08-01 09:30:02,821 [INFO] 셀트리온: 분석 대상 포함(11)
2025-08-01 09:30:02,821 [INFO] NAVER: 분석 대상 포함(12)
2025-08-01 09:30:02,821 [INFO] 한화오션: 분석 대상 포함(13)
2025-08-01 09:30:02,821 [INFO] 신한지주: 분석 대상 포함(14)
2025-08-01 09:30:02,821 [INFO] 삼성물산: 분석 대상 포함(15)
2025-08-01 09:30:02,822 [INFO] 현대모비스: 분석 대상 포함(16)
2025-08-01 09:30:02,822 [INFO] 카카오: 분석 대상 포함(17)
2025-08-01 09:30:02,822 [INFO] 삼성생명: 분석 대상 포함(18)
2025-08-01 09:30:02,822 [INFO] HD한국조선해양: 분석 대상 포함(19)
2025-08-01 09:30:02,822 [INFO] 한국전력: 분석 대상 포함(20)
2025-08-01 09:30:02,822 [INFO] POSCO홀딩스: 분석 대상 포함(21)
2025-08-01 09:30:02,822 [INFO] 하나금융지주: 분석 대상 포함(22)
2025-08-01 09:30:02,822 [INFO] HMM: 분석 대상 포함(23)
2025-08-01 09:30:02,823 [INFO] 현대로템: 분석 대상 포함(24)
2025-08-01 09:30:02,823 [INFO] LG화학: 분석 대상 포함(25)
2025-08-01 09:30:02,823 [INFO] 삼성화재: 분석 대상 포함(26)
2025-08-01 09:30:02,823 [INFO] SK스퀘어: 분석 대상 포함(27)
2025-08-01 09:30:02,823 [INFO] HD현대일렉트릭: 분석 대상 포함(28)
2025-08-01 09:30:02,823 [INFO] 삼성중공업: 분석 대상 포함(29)
2025-08-01 09:30:02,824 [INFO] SK이노베이션: 분석 대상 포함(30)
2025-08-01 09:30:02,824 [INFO] KT&G: 분석 대상 포함(31)
2025-08-01 09:30:02,824 [INFO] 삼성SDI: 분석 대상 포함(32)
2025-08-01 09:30:02,824 [INFO] 고려아연: 분석 대상 포함(33)
2025-08-01 09:30:02,824 [INFO] 기업은행: 분석 대상 포함(34)
2025-08-01 09:30:02,824 [INFO] 크래프톤: 분석 대상 포함(35)
2025-08-01 09:30:02,824 [INFO] SK: 분석 대상 포함(36)
2025-08-01 09:30:02,824 [INFO] KT: 분석 대상 포함(37)
2025-08-01 09:30:02,825 [INFO] LIG넥스원: 분석 대상 포함(38)
2025-08-01 09:30:02,825 [INFO] 카카오뱅크: 분석 대상 포함(39)
2025-08-01 09:30:02,825 [INFO] LG전자: 분석 대상 포함(40)
2025-08-01 09:30:02,825 [INFO] LG: 분석 대상 포함(41)
2025-08-01 09:30:02,825 [INFO] 삼성에스디에스: 분석 대상 포함(42)
2025-08-01 09:30:02,825 [INFO] SK텔레콤: 분석 대상 포함(43)
2025-08-01 09:30:02,826 [INFO] 한화시스템: 분석 대상 포함(44)
2025-08-01 09:30:02,826 [INFO] 현대글로비스: 분석 대상 포함(45)
2025-08-01 09:30:02,826 [INFO] 효성중공업: 분석 대상 포함(46)
2025-08-01 09:30:02,826 [INFO] 삼성전기: 분석 대상 포함(47)
2025-08-01 09:30:02,989 [INFO] 포스코퓨처엠: 분석 대상 포함(48)
2025-08-01 09:30:02,990 [INFO] 삼양식품: 분석 대상 포함(49)
2025-08-01 09:30:02,990 [INFO] 하이브: 분석 대상 포함(50)
2025-08-01 09:30:02,990 [INFO] 미래에셋증권: 분석 대상 포함(51)
2025-08-01 09:30:02,990 [INFO] HD현대: 분석 대상 포함(52)
2025-08-01 09:30:02,990 [INFO] 두산: 분석 대상 포함(53)
2025-08-01 09:30:02,990 [INFO] 유한양행: 분석 대상 포함(54)
2025-08-01 09:30:02,991 [INFO] LS ELECTRIC: 분석 대상 포함(55)
2025-08-01 09:30:02,991 [INFO] DB손해보험: 분석 대상 포함(56)
2025-08-01 09:30:02,991 [INFO] HD현대마린솔루션: 분석 대상 포함(57)
2025-08-01 09:30:02,991 [INFO] 대한항공: 분석 대상 포함(58)
2025-08-01 09:30:02,991 [INFO] 포스코인터내셔널: 분석 대상 포함(59)
2025-08-01 09:30:02,992 [INFO] 한미반도체: 분석 대상 포함(60)
2025-08-01 09:30:02,992 [INFO] 카카오페이: 분석 대상 포함(61)
2025-08-01 09:30:02,992 [INFO] HD현대미포: 분석 대상 포함(62)
2025-08-01 09:30:02,992 [INFO] 코웨이: 분석 대상 포함(63)
2025-08-01 09:30:02,992 [INFO] 한국금융지주: 분석 대상 포함(64)
2025-08-01 09:30:02,992 [INFO] 아모레퍼시픽: 분석 대상 포함(65)
2025-08-01 09:30:02,992 [INFO] SK바이오팜: 분석 대상 포함(66)
2025-08-01 09:30:02,993 [INFO] 현대건설: 분석 대상 포함(67)
2025-08-01 09:30:02,993 [INFO] 한진칼: 분석 대상 포함(68)
2025-08-01 09:30:02,993 [INFO] 한화: 분석 대상 포함(69)
2025-08-01 09:30:02,993 [INFO] S-Oil: 분석 대상 포함(70)
2025-08-01 09:30:02,993 [INFO] 에이피알: 분석 대상 포함(71)
2025-08-01 09:30:02,993 [INFO] LG씨엔에스: 분석 대상 포함(72)
2025-08-01 09:30:02,993 [INFO] LG유플러스: 분석 대상 포함(73)
2025-08-01 09:30:02,994 [INFO] NH투자증권: 분석 대상 포함(74)
2025-08-01 09:30:02,994 [INFO] 삼성증권: 분석 대상 포함(75)
2025-08-01 09:30:02,994 [INFO] 삼성카드: 분석 대상 포함(76)
2025-08-01 09:30:02,994 [INFO] 맥쿼리인프라: 분석 대상 포함(77)
2025-08-01 09:30:02,994 [INFO] 한국타이어앤테크놀로지: 분석 대상 포함(78)
2025-08-01 09:30:02,994 [INFO] 키움증권: 분석 대상 포함(79)
2025-08-01 09:30:02,995 [INFO] LG디스플레이: 분석 대상 포함(80)
2025-08-01 09:30:02,995 [INFO] 한화솔루션: 분석 대상 포함(81)
2025-08-01 09:30:02,995 [INFO] LS: 분석 대상 포함(82)
2025-08-01 09:30:02,995 [INFO] 두산밥캣: 분석 대상 포함(83)
2025-08-01 09:30:02,995 [INFO] 삼성E&A: 분석 대상 포함(84)
2025-08-01 09:30:02,995 [INFO] 넷마블: 분석 대상 포함(85)
2025-08-01 09:30:02,995 [INFO] 이수페타시스: 분석 대상 포함(86)
2025-08-01 09:30:02,996 [INFO] 현대제철: 분석 대상 포함(87)
2025-08-01 09:30:02,996 [INFO] LG생활건강: 분석 대상 포함(88)
2025-08-01 09:30:03,242 [INFO] BNK금융지주: 분석 대상 포함(89)
2025-08-01 09:30:03,243 [INFO] GS: 분석 대상 포함(90)
2025-08-01 09:30:03,243 [INFO] 오리온: 분석 대상 포함(91)
2025-08-01 09:30:03,243 [INFO] JB금융지주: 분석 대상 포함(92)
2025-08-01 09:30:03,243 [INFO] CJ: 분석 대상 포함(93)
2025-08-01 09:30:03,243 [INFO] 현대오토에버: 분석 대상 포함(94)
2025-08-01 09:30:03,243 [INFO] 풍산: 분석 대상 포함(95)
2025-08-01 09:30:03,243 [INFO] 엔씨소프트: 분석 대상 포함(96)
2025-08-01 09:30:03,244 [INFO] 강원랜드: 분석 대상 포함(97)
2025-08-01 09:30:03,244 [INFO] 한국가스공사: 분석 대상 포함(98)
2025-08-01 09:30:03,244 [INFO] 두산로보틱스: 분석 대상 포함(99)
2025-08-01 09:30:03,244 [INFO] CJ제일제당: 분석 대상 포함(100)
2025-08-01 09:30:03,244 [INFO] SKC: 분석 대상 포함(101)
2025-08-01 09:30:03,244 [INFO] LG이노텍: 분석 대상 포함(102)
2025-08-01 09:30:03,244 [INFO] 산일전기: 분석 대상 포함(103)
2025-08-01 09:30:03,245 [INFO] 포스코DX: 분석 대상 포함(104)
2025-08-01 09:30:03,245 [INFO] 에코프로머티: 분석 대상 포함(105)
2025-08-01 09:30:03,245 [INFO] 한미약품: 분석 대상 포함(106)
2025-08-01 09:30:03,245 [INFO] SK바이오사이언스: 분석 대상 포함(107)
2025-08-01 09:30:03,245 [INFO] 대한조선: 분석 대상 포함(108)
2025-08-01 09:30:03,245 [INFO] 한전기술: 분석 대상 포함(109)
2025-08-01 09:30:03,246 [INFO] 현대엘리베이터: 분석 대상 포함(110)
2025-08-01 09:30:03,246 [INFO] 한미사이언스: 분석 대상 포함(111)
2025-08-01 09:30:03,246 [INFO] KCC: 분석 대상 포함(112)
2025-08-01 09:30:03,246 [INFO] 금호석유화학: 분석 대상 포함(113)
2025-08-01 09:30:03,246 [INFO] 한화비전: 분석 대상 포함(114)
2025-08-01 09:30:03,246 [INFO] 한화생명: 분석 대상 포함(115)
2025-08-01 09:30:03,246 [INFO] 대한전선: 분석 대상 포함(116)
2025-08-01 09:30:03,247 [INFO] 동서: 분석 대상 포함(117)
2025-08-01 09:30:03,247 [INFO] 한화엔진: 분석 대상 포함(118)
2025-08-01 09:30:03,247 [INFO] HD현대인프라코어: 분석 대상 포함(119)
2025-08-01 09:30:03,247 [INFO] 롯데지주: 분석 대상 포함(120)
2025-08-01 09:30:03,247 [INFO] 서울보증보험: 분석 대상 포함(121)
2025-08-01 09:30:03,247 [INFO] 에스원: 분석 대상 포함(122)
2025-08-01 09:30:03,248 [INFO] 롯데케미칼: 분석 대상 포함(123)
2025-08-01 09:30:03,248 [INFO] 코스맥스: 분석 대상 포함(124)
2025-08-01 09:30:03,248 [INFO] 영원무역: 분석 대상 포함(125)
2025-08-01 09:30:03,248 [INFO] F&F: 분석 대상 포함(126)
2025-08-01 09:30:03,248 [INFO] 엘앤에프: 분석 대상 포함(127)
2025-08-01 09:30:03,248 [INFO] 이마트: 분석 대상 포함(128)
2025-08-01 09:30:03,422 [INFO] 시프트업: 분석 대상 포함(129)
2025-08-01 09:30:03,422 [INFO] RISE 머니마켓액티브: 분석 대상 포함(130)
2025-08-01 09:30:03,423 [INFO] SK가스: 분석 대상 포함(131)
2025-08-01 09:30:03,423 [INFO] 달바글로벌: 분석 대상 포함(132)
2025-08-01 09:30:03,423 [INFO] 농심: 분석 대상 포함(133)
2025-08-01 09:30:03,423 [INFO] 현대해상: 분석 대상 포함(134)
2025-08-01 09:30:03,423 [INFO] 아모레퍼시픽홀딩스: 분석 대상 포함(135)
2025-08-01 09:30:03,423 [INFO] 제일기획: 분석 대상 포함(136)
2025-08-01 09:30:03,423 [INFO] 한전KPS: 분석 대상 포함(137)
2025-08-01 09:30:03,424 [INFO] 한국앤컴퍼니: 분석 대상 포함(138)
2025-08-01 09:30:03,424 [INFO] 한국콜마: 분석 대상 포함(139)
2025-08-01 09:30:03,424 [INFO] 팬오션: 분석 대상 포함(140)
2025-08-01 09:30:03,424 [INFO] 한온시스템: 분석 대상 포함(141)
2025-08-01 09:30:03,424 [INFO] HD현대마린엔진: 분석 대상 포함(142)
2025-08-01 09:30:03,425 [INFO] iM금융지주: 분석 대상 포함(143)
2025-08-01 09:30:03,425 [INFO] 미스토홀딩스: 분석 대상 포함(144)
2025-08-01 09:30:03,425 [INFO] 더존비즈온: 분석 대상 포함(145)
2025-08-01 09:30:03,425 [INFO] 코리안리: 분석 대상 포함(146)
2025-08-01 09:30:03,425 [INFO] 신영증권: 분석 대상 포함(147)
2025-08-01 09:30:03,425 [INFO] 롯데쇼핑: 분석 대상 포함(148)
2025-08-01 09:30:03,425 [INFO] CJ대한통운: 분석 대상 포함(149)
2025-08-01 09:30:03,426 [INFO] 한솔케미칼: 분석 대상 포함(150)
2025-08-01 09:30:03,426 [INFO] DB하이텍: 분석 대상 포함(151)
2025-08-01 09:30:03,426 [INFO] 일진전기: 분석 대상 포함(152)
2025-08-01 09:30:03,426 [INFO] 동원산업: 분석 대상 포함(153)
2025-08-01 09:30:03,426 [INFO] 아시아나항공: 분석 대상 포함(154)
2025-08-01 09:30:03,426 [INFO] BGF리테일: 분석 대상 포함(155)
2025-08-01 09:30:03,426 [INFO] SK아이이테크놀로지: 분석 대상 포함(156)
2025-08-01 09:30:03,426 [INFO] 씨에스윈드: 분석 대상 포함(157)
2025-08-01 09:30:03,427 [INFO] 영원무역홀딩스: 분석 대상 포함(158)
2025-08-01 09:30:03,427 [INFO] SNT다이내믹스: 분석 대상 포함(159)
2025-08-01 09:30:03,427 [INFO] 호텔신라: 분석 대상 포함(160)
2025-08-01 09:30:03,427 [INFO] OCI홀딩스: 분석 대상 포함(161)
2025-08-01 09:30:03,427 [INFO] DL이앤씨: 분석 대상 포함(162)
2025-08-01 09:30:03,427 [INFO] DN오토모티브: 분석 대상 포함(163)
2025-08-01 09:30:03,428 [INFO] 대웅제약: 분석 대상 포함(164)
2025-08-01 09:30:03,428 [INFO] GS건설: 분석 대상 포함(165)
2025-08-01 09:30:03,428 [INFO] 녹십자: 분석 대상 포함(166)
2025-08-01 09:30:03,428 [INFO] RISE 종합채권(A-이상)액티브: 분석 대상 포함(167)
2025-08-01 09:30:03,428 [INFO] 파라다이스: 분석 대상 포함(168)
2025-08-01 09:30:03,428 [INFO] 신세계: 분석 대상 포함(169)
2025-08-01 09:30:03,428 [INFO] HL만도: 분석 대상 포함(170)
2025-08-01 09:30:03,589 [INFO] HD현대건설기계: 분석 대상 포함(171)
2025-08-01 09:30:03,589 [INFO] 현대백화점: 분석 대상 포함(172)
2025-08-01 09:30:03,589 [INFO] 오뚜기: 분석 대상 포함(173)
2025-08-01 09:30:03,590 [INFO] 한국카본: 분석 대상 포함(174)
2025-08-01 09:30:03,590 [INFO] 에스엘: 분석 대상 포함(175)
2025-08-01 09:30:03,590 [INFO] RISE 200: 분석 대상 포함(176)
2025-08-01 09:30:03,590 [INFO] HDC현대산업개발: 분석 대상 포함(177)
2025-08-01 09:30:03,590 [INFO] 두산퓨얼셀: 분석 대상 포함(178)
2025-08-01 09:30:03,591 [INFO] 효성: 분석 대상 포함(179)
2025-08-01 09:30:03,591 [INFO] 엠앤씨솔루션: 분석 대상 포함(180)
2025-08-01 09:30:03,591 [INFO] 하이트진로: 분석 대상 포함(181)
2025-08-01 09:30:03,591 [INFO] 한일시멘트: 분석 대상 포함(182)
2025-08-01 09:30:03,591 [INFO] 한올바이오파마: 분석 대상 포함(183)
2025-08-01 09:30:03,591 [INFO] 롯데관광개발: 분석 대상 포함(184)
2025-08-01 09:30:03,591 [INFO] 오리온홀딩스: 분석 대상 포함(185)
2025-08-01 09:30:03,592 [INFO] 동양생명: 분석 대상 포함(186)
2025-08-01 09:30:03,592 [INFO] 금호타이어: 분석 대상 포함(187)
2025-08-01 09:30:03,592 [INFO] HDC: 분석 대상 포함(188)
2025-08-01 09:30:03,592 [INFO] GS리테일: 분석 대상 포함(189)
2025-08-01 09:30:03,592 [INFO] 현대위아: 분석 대상 포함(190)
2025-08-01 09:30:03,592 [INFO] 대웅: 분석 대상 포함(191)
2025-08-01 09:30:03,593 [INFO] 롯데에너지머티리얼즈: 분석 대상 포함(192)
2025-08-01 09:30:03,593 [INFO] 현대지에프홀딩스: 분석 대상 포함(193)
2025-08-01 09:30:03,593 [INFO] 이수스페셜티케미컬: 분석 대상 포함(194)
2025-08-01 09:30:03,593 [INFO] 미래에셋생명: 분석 대상 포함(195)
2025-08-01 09:30:03,594 [INFO] 코스모신소재: 분석 대상 포함(196)
2025-08-01 09:30:03,594 [INFO] 대신증권: 분석 대상 포함(197)
2025-08-01 09:30:03,594 [INFO] SOL 조선TOP3플러스: 분석 대상 포함(198)
2025-08-01 09:30:03,594 [INFO] LX인터내셔널: 분석 대상 포함(199)
2025-08-01 09:30:03,594 [INFO] 경동나비엔: 분석 대상 포함(200)
2025-08-01 09:30:03,594 [INFO] 에스디바이오센서: 분석 대상 포함(201)
2025-08-01 09:30:03,594 [INFO] 더블유게임즈: 분석 대상 포함(202)
2025-08-01 09:30:03,594 [INFO] 롯데칠성: 분석 대상 포함(203)
2025-08-01 09:30:03,595 [INFO] 한화투자증권: 분석 대상 포함(204)
2025-08-01 09:30:03,756 [INFO] SK오션플랜트: 분석 대상 포함(205)
2025-08-01 09:30:03,756 [INFO] 대덕전자: 분석 대상 포함(206)
2025-08-01 09:30:03,756 [INFO] 종근당: 분석 대상 포함(207)
2025-08-01 09:30:03,757 [INFO] SK케미칼: 분석 대상 포함(208)
2025-08-01 09:30:03,757 [INFO] 롯데렌탈: 분석 대상 포함(209)
2025-08-01 09:30:03,757 [INFO] 세아베스틸지주: 분석 대상 포함(210)
2025-08-01 09:30:03,757 [INFO] 롯데웰푸드: 분석 대상 포함(211)
2025-08-01 09:30:03,757 [INFO] RISE 미국S&P500: 분석 대상 포함(212)
2025-08-01 09:30:03,758 [INFO] RISE 미국나스닥100: 분석 대상 포함(213)
2025-08-01 09:30:03,758 [INFO] 코오롱인더: 분석 대상 포함(214)
2025-08-01 09:30:03,758 [INFO] 태광산업: 분석 대상 포함(215)
2025-08-01 09:30:03,758 [INFO] 한샘: 분석 대상 포함(216)
2025-08-01 09:30:03,758 [INFO] LS에코에너지: 분석 대상 포함(217)
2025-08-01 09:30:03,758 [INFO] 롯데정밀화학: 분석 대상 포함(218)
2025-08-01 09:30:03,758 [INFO] 쿠쿠홀딩스: 분석 대상 포함(219)
2025-08-01 09:30:03,759 [INFO] RISE CD금리액티브(합성): 분석 대상 포함(220)
2025-08-01 09:30:03,759 [INFO] 1Q 머니마켓액티브: 분석 대상 포함(221)
2025-08-01 09:30:03,759 [INFO] RISE 단기특수은행채액티브: 분석 대상 포함(222)
2025-08-01 09:30:03,759 [INFO] KB발해인프라: 분석 대상 포함(223)
2025-08-01 09:30:03,759 [INFO] 가온전선: 분석 대상 포함(224)
2025-08-01 09:30:03,760 [INFO] STX엔진: 분석 대상 포함(225)
2025-08-01 09:30:03,760 [INFO] 효성티앤씨: 분석 대상 포함(226)
2025-08-01 09:30:03,760 [INFO] DL: 분석 대상 포함(227)
2025-08-01 09:30:03,760 [INFO] SK네트웍스: 분석 대상 포함(228)
2025-08-01 09:30:03,760 [INFO] SNT에너지: 분석 대상 포함(229)
2025-08-01 09:30:03,760 [INFO] 지역난방공사: 분석 대상 포함(230)
2025-08-01 09:30:03,761 [INFO] SK디스커버리: 분석 대상 포함(231)
2025-08-01 09:30:03,761 [INFO] KIWOOM 200TR: 분석 대상 포함(232)
2025-08-01 09:30:03,761 [INFO] SOL 종합채권(AA-이상)액티브: 분석 대상 포함(233)
2025-08-01 09:30:03,761 [INFO] NICE평가정보: 분석 대상 포함(234)
2025-08-01 09:30:03,761 [INFO] 교보증권: 분석 대상 포함(235)
2025-08-01 09:30:03,761 [INFO] GKL: 분석 대상 포함(236)
2025-08-01 09:30:03,762 [INFO] SOL 초단기채권액티브: 분석 대상 포함(237)
2025-08-01 09:30:03,762 [INFO] NHN: 분석 대상 포함(238)
2025-08-01 09:30:03,762 [INFO] 세방전지: 분석 대상 포함(239)
2025-08-01 09:30:03,932 [INFO] LX세미콘: 분석 대상 포함(240)
2025-08-01 09:30:03,933 [INFO] SNT홀딩스: 분석 대상 포함(241)
2025-08-01 09:30:03,933 [INFO] 프레스티지바이오파마: 분석 대상 포함(242)
2025-08-01 09:30:03,933 [INFO] 동원시스템즈: 분석 대상 포함(243)
2025-08-01 09:30:03,933 [INFO] SNT모티브: 분석 대상 포함(244)
2025-08-01 09:30:03,934 [INFO] HS효성첨단소재: 분석 대상 포함(245)
2025-08-01 09:30:03,934 [INFO] CJ CGV: 분석 대상 포함(246)
2025-08-01 09:30:03,934 [INFO] 율촌화학: 분석 대상 포함(247)
2025-08-01 09:30:03,934 [INFO] DI동일: 분석 대상 포함(248)
2025-08-01 09:30:03,934 [INFO] 하나투어: 분석 대상 포함(249)
2025-08-01 09:30:03,934 [INFO] 세아제강지주: 분석 대상 포함(250)
2025-08-01 09:30:03,934 [INFO] 대상: 분석 대상 포함(251)
2025-08-01 09:30:03,935 [INFO] SK이터닉스: 분석 대상 포함(252)
2025-08-01 09:30:03,935 [INFO] 영풍: 분석 대상 포함(253)
2025-08-01 09:30:03,935 [INFO] 이노션: 분석 대상 포함(254)
2025-08-01 09:30:03,935 [INFO] 솔루엠: 분석 대상 포함(255)
2025-08-01 09:30:03,935 [INFO] 미원상사: 분석 대상 포함(256)
2025-08-01 09:30:03,936 [INFO] 빙그레: 분석 대상 포함(257)
2025-08-01 09:30:03,936 [INFO] 케이카: 분석 대상 포함(258)
2025-08-01 09:30:03,936 [INFO] HJ중공업: 분석 대상 포함(259)
2025-08-01 09:30:03,936 [INFO] 파미셀: 분석 대상 포함(260)
2025-08-01 09:30:03,937 [INFO] 세진중공업: 분석 대상 포함(261)
2025-08-01 09:30:03,937 [INFO] 녹십자홀딩스: 분석 대상 포함(262)
2025-08-01 09:30:03,938 [INFO] F&F홀딩스: 분석 대상 포함(263)
2025-08-01 09:30:03,938 [INFO] 동아쏘시오홀딩스: 분석 대상 포함(264)
2025-08-01 09:30:03,938 [INFO] 미원에스씨: 분석 대상 포함(265)
2025-08-01 09:30:03,938 [INFO] 삼양홀딩스: 분석 대상 포함(266)
2025-08-01 09:30:03,938 [INFO] 보령: 분석 대상 포함(267)
2025-08-01 09:30:03,938 [INFO] 유안타증권: 분석 대상 포함(268)
2025-08-01 09:30:03,939 [INFO] GS피앤엘: 분석 대상 포함(269)
2025-08-01 09:30:04,105 [INFO] TKG휴켐스: 분석 대상 포함(270)
2025-08-01 09:30:04,105 [INFO] 덴티움: 분석 대상 포함(271)
2025-08-01 09:30:04,106 [INFO] 전진건설로봇: 분석 대상 포함(272)
2025-08-01 09:30:04,106 [INFO] 아세아: 분석 대상 포함(273)
2025-08-01 09:30:04,106 [INFO] KG모빌리티: 분석 대상 포함(274)
2025-08-01 09:30:04,106 [INFO] 현대홈쇼핑: 분석 대상 포함(275)
2025-08-01 09:30:04,106 [INFO] 한화손해보험: 분석 대상 포함(276)
2025-08-01 09:30:04,107 [INFO] 풍산홀딩스: 분석 대상 포함(277)
2025-08-01 09:30:04,107 [INFO] 한국단자: 분석 대상 포함(278)
2025-08-01 09:30:04,107 [INFO] TIMEFOLIO 글로벌AI인공지능액티브: 분석 대상 포함(279)
2025-08-01 09:30:04,107 [INFO] 태영건설: 분석 대상 포함(280)
2025-08-01 09:30:04,107 [INFO] 대한유화: 분석 대상 포함(281)
2025-08-01 09:30:04,108 [INFO] 신풍제약: 분석 대상 포함(282)
2025-08-01 09:30:04,108 [INFO] KIWOOM 국고채10년: 분석 대상 포함(283)
2025-08-01 09:30:04,108 [INFO] 금양: 분석 대상 포함(284)
2025-08-01 09:30:04,108 [INFO] LX홀딩스: 분석 대상 포함(285)
2025-08-01 09:30:04,109 [INFO] 카프로: 분석 대상 포함(286)
2025-08-01 09:30:04,109 [INFO] 코스모화학: 분석 대상 포함(287)
2025-08-01 09:30:04,109 [INFO] 케이씨텍: 분석 대상 포함(288)
2025-08-01 09:30:04,109 [INFO] 쿠쿠홈시스: 분석 대상 포함(289)
2025-08-01 09:30:04,109 [INFO] 아이에스동서: 분석 대상 포함(290)
2025-08-01 09:30:04,109 [INFO] 솔루스첨단소재: 분석 대상 포함(291)
2025-08-01 09:30:04,110 [INFO] 일동제약: 분석 대상 포함(292)
2025-08-01 09:30:04,110 [INFO] 일진하이솔루스: 분석 대상 포함(293)
2025-08-01 09:30:04,110 [INFO] 대한해운: 분석 대상 포함(294)
2025-08-01 09:30:04,110 [INFO] 코오롱: 분석 대상 포함(295)
2025-08-01 09:30:04,110 [INFO] KG스틸: 분석 대상 포함(296)
2025-08-01 09:30:04,110 [INFO] 신성통상: 분석 대상 포함(297)
2025-08-01 09:30:04,111 [INFO] LF: 분석 대상 포함(298)
2025-08-01 09:30:04,111 [INFO] 넥센타이어: 분석 대상 포함(299)
2025-08-01 09:30:04,111 [INFO] 한국쉘석유: 분석 대상 포함(300)
2025-08-01 09:30:04,111 [INFO] 현대그린푸드: 분석 대상 포함(301)
2025-08-01 09:30:04,111 [INFO] 애경케미칼: 분석 대상 포함(302)
2025-08-01 09:30:04,112 [INFO] 풀무원: 분석 대상 포함(303)
2025-08-01 09:30:04,274 [INFO] 한일홀딩스: 분석 대상 포함(304)
2025-08-01 09:30:04,275 [INFO] E1: 분석 대상 포함(305)
2025-08-01 09:30:04,275 [INFO] 삼천리: 분석 대상 포함(306)
2025-08-01 09:30:04,275 [INFO] 제주항공: 분석 대상 포함(307)
2025-08-01 09:30:04,275 [INFO] 유니드: 분석 대상 포함(308)
2025-08-01 09:30:04,275 [INFO] 삼양사: 분석 대상 포함(309)
2025-08-01 09:30:04,275 [INFO] 아세아시멘트: 분석 대상 포함(310)
2025-08-01 09:30:04,276 [INFO] 바이오노트: 분석 대상 포함(311)
2025-08-01 09:30:04,276 [INFO] 롯데손해보험: 분석 대상 포함(312)
2025-08-01 09:30:04,276 [INFO] 퍼시스: 분석 대상 포함(313)
2025-08-01 09:30:04,276 [INFO] 부국증권: 분석 대상 포함(314)
2025-08-01 09:30:04,276 [INFO] 동국제강: 분석 대상 포함(315)
2025-08-01 09:30:04,276 [INFO] 세아홀딩스: 분석 대상 포함(316)
2025-08-01 09:30:04,276 [INFO] JW중외제약: 분석 대상 포함(317)
2025-08-01 09:30:04,277 [INFO] 엠씨넥스: 분석 대상 포함(318)
2025-08-01 09:30:04,277 [INFO] PI첨단소재: 분석 대상 포함(319)
2025-08-01 09:30:04,277 [INFO] 제주은행: 분석 대상 포함(320)
2025-08-01 09:30:04,277 [INFO] KCC글라스: 분석 대상 포함(321)
2025-08-01 09:30:04,278 [INFO] 현대차증권: 분석 대상 포함(322)
2025-08-01 09:30:04,278 [INFO] 후성: 분석 대상 포함(323)
2025-08-01 09:30:04,278 [INFO] OCI: 분석 대상 포함(324)
2025-08-01 09:30:04,278 [INFO] KIWOOM 종합채권(AA-이상)액티브: 분석 대상 포함(325)
2025-08-01 09:30:04,278 [INFO] 비에이치: 분석 대상 포함(326)
2025-08-01 09:30:04,279 [INFO] HD현대에너지솔루션: 분석 대상 포함(327)
2025-08-01 09:30:04,279 [INFO] RISE KIS국고채30년Enhanced: 분석 대상 포함(328)
2025-08-01 09:30:04,279 [INFO] NICE: 분석 대상 포함(329)
2025-08-01 09:30:04,279 [INFO] 고려제강: 분석 대상 포함(330)
2025-08-01 09:30:04,280 [INFO] 신도리코: 분석 대상 포함(331)
2025-08-01 09:30:04,280 [INFO] 콜마홀딩스: 분석 대상 포함(332)
2025-08-01 09:30:04,584 [INFO] SPC삼립: 분석 대상 포함(333)
2025-08-01 09:30:04,584 [INFO] 지누스: 분석 대상 포함(334)
2025-08-01 09:30:04,584 [INFO] 진에어: 분석 대상 포함(335)
2025-08-01 09:30:04,584 [INFO] TCC스틸: 분석 대상 포함(336)
2025-08-01 09:30:04,585 [INFO] DS단석: 분석 대상 포함(337)
2025-08-01 09:30:04,585 [INFO] 화승엔터프라이즈: 분석 대상 포함(338)
2025-08-01 09:30:04,585 [INFO] 명신산업: 분석 대상 포함(339)
2025-08-01 09:30:04,585 [INFO] 조광피혁: 분석 대상 포함(340)
2025-08-01 09:30:04,586 [INFO] 신대양제지: 분석 대상 포함(341)
2025-08-01 09:30:04,586 [INFO] 동아에스티: 분석 대상 포함(342)
2025-08-01 09:30:04,586 [INFO] 애경산업: 분석 대상 포함(343)
2025-08-01 09:30:04,586 [INFO] KIWOOM 200: 분석 대상 포함(344)
2025-08-01 09:30:04,586 [INFO] 쏘카: 분석 대상 포함(345)
2025-08-01 09:30:04,587 [INFO] TIMEFOLIO 미국나스닥100액티브: 분석 대상 포함(346)
2025-08-01 09:30:04,587 [INFO] RISE 미국30년국채엔화노출(합성 H): 분석 대상 포함(347)
2025-08-01 09:30:04,587 [INFO] 세아제강: 분석 대상 포함(348)
2025-08-01 09:30:04,587 [INFO] 맵스리얼티1: 분석 대상 포함(349)
2025-08-01 09:30:04,587 [INFO] 흥아해운: 분석 대상 포함(350)
2025-08-01 09:30:04,587 [INFO] 드림텍: 분석 대상 포함(351)
2025-08-01 09:30:04,587 [INFO] 한세실업: 분석 대상 포함(352)
2025-08-01 09:30:04,588 [INFO] 해성디에스: 분석 대상 포함(353)
2025-08-01 09:30:04,588 [INFO] 스틱인베스트먼트: 분석 대상 포함(354)
2025-08-01 09:30:04,588 [INFO] 한전산업: 분석 대상 포함(355)
2025-08-01 09:30:04,588 [INFO] 티웨이항공: 분석 대상 포함(356)
2025-08-01 09:30:04,588 [INFO] 신세계인터내셔날: 분석 대상 포함(357)
2025-08-01 09:30:04,589 [INFO] 자화전자: 분석 대상 포함(358)
2025-08-01 09:30:04,589 [INFO] 영진약품: 분석 대상 포함(359)
2025-08-01 09:30:04,589 [INFO] 더본코리아: 분석 대상 포함(360)
2025-08-01 09:30:04,589 [INFO] 대한제강: 분석 대상 포함(361)
2025-08-01 09:30:04,589 [INFO] 한일현대시멘트: 분석 대상 포함(362)
2025-08-01 09:41:48,493 [INFO] 💡 **[단일 매수신호 (1점)]**
- 하이브 (352820) - 1점
  📊 [MACD돌파직전]
- 한미반도체 (042700) - 1점
  📊 [MACD골든크로스]
2025-08-01 09:41:49,522 [INFO] single 종목: 2개
2025-08-01 09:41:49,522 [INFO] 📈 **[다중신호 종목 요약]**
🚀 초강력 신호: 0개
🔥 강력 신호: 0개
⭐ 보통 신호: 0개
⚡ 약한 신호: 0개
💡 단일 신호: 2개
📊 **총 다중신호 종목: 0개**
2025-08-01 09:41:50,560 [INFO] 분석 완료!
2025-08-01 12:30:02,516 [INFO] 📊 시가총액 상위 200개 종목 분석 시작...
2025-08-01 12:30:02,725 [INFO] 삼성전자: 분석 대상 포함(1)
2025-08-01 12:30:02,726 [INFO] SK하이닉스: 분석 대상 포함(2)
2025-08-01 12:30:02,726 [INFO] LG에너지솔루션: 분석 대상 포함(3)
2025-08-01 12:30:02,726 [INFO] 삼성바이오로직스: 분석 대상 포함(4)
2025-08-01 12:30:02,726 [INFO] 한화에어로스페이스: 분석 대상 포함(5)
2025-08-01 12:30:02,726 [INFO] 현대차: 분석 대상 포함(6)
2025-08-01 12:30:02,727 [INFO] HD현대중공업: 분석 대상 포함(7)
2025-08-01 12:30:02,727 [INFO] 기아: 분석 대상 포함(8)
2025-08-01 12:30:02,727 [INFO] KB금융: 분석 대상 포함(9)
2025-08-01 12:30:02,728 [INFO] 셀트리온: 분석 대상 포함(10)
2025-08-01 12:30:02,728 [INFO] 두산에너빌리티: 분석 대상 포함(11)
2025-08-01 12:30:02,728 [INFO] NAVER: 분석 대상 포함(12)
2025-08-01 12:30:02,728 [INFO] 한화오션: 분석 대상 포함(13)
2025-08-01 12:30:02,728 [INFO] 신한지주: 분석 대상 포함(14)
2025-08-01 12:30:02,728 [INFO] 삼성물산: 분석 대상 포함(15)
2025-08-01 12:30:02,728 [INFO] 현대모비스: 분석 대상 포함(16)
2025-08-01 12:30:02,729 [INFO] 카카오: 분석 대상 포함(17)
2025-08-01 12:30:02,729 [INFO] 삼성생명: 분석 대상 포함(18)
2025-08-01 12:30:02,729 [INFO] HD한국조선해양: 분석 대상 포함(19)
2025-08-01 12:30:02,729 [INFO] POSCO홀딩스: 분석 대상 포함(20)
2025-08-01 12:30:02,729 [INFO] HMM: 분석 대상 포함(21)
2025-08-01 12:30:02,730 [INFO] 하나금융지주: 분석 대상 포함(22)
2025-08-01 12:30:02,730 [INFO] 한국전력: 분석 대상 포함(23)
2025-08-01 12:30:02,730 [INFO] 현대로템: 분석 대상 포함(24)
2025-08-01 12:30:02,730 [INFO] LG화학: 분석 대상 포함(25)
2025-08-01 12:30:02,730 [INFO] 삼성화재: 분석 대상 포함(26)
2025-08-01 12:30:02,730 [INFO] SK스퀘어: 분석 대상 포함(27)
2025-08-01 12:30:02,731 [INFO] HD현대일렉트릭: 분석 대상 포함(28)
2025-08-01 12:30:02,731 [INFO] 삼성중공업: 분석 대상 포함(29)
2025-08-01 12:30:02,731 [INFO] KT&G: 분석 대상 포함(30)
2025-08-01 12:30:02,731 [INFO] SK이노베이션: 분석 대상 포함(31)
2025-08-01 12:30:02,731 [INFO] 삼성SDI: 분석 대상 포함(32)
2025-08-01 12:30:02,731 [INFO] 고려아연: 분석 대상 포함(33)
2025-08-01 12:30:02,732 [INFO] 기업은행: 분석 대상 포함(34)
2025-08-01 12:30:02,732 [INFO] 크래프톤: 분석 대상 포함(35)
2025-08-01 12:30:02,732 [INFO] SK: 분석 대상 포함(36)
2025-08-01 12:30:02,732 [INFO] KT: 분석 대상 포함(37)
2025-08-01 12:30:02,732 [INFO] 카카오뱅크: 분석 대상 포함(38)
2025-08-01 12:30:02,732 [INFO] LIG넥스원: 분석 대상 포함(39)
2025-08-01 12:30:02,732 [INFO] LG전자: 분석 대상 포함(40)
2025-08-01 12:30:02,733 [INFO] 삼성에스디에스: 분석 대상 포함(41)
2025-08-01 12:30:02,733 [INFO] SK텔레콤: 분석 대상 포함(42)
2025-08-01 12:30:02,733 [INFO] LG: 분석 대상 포함(43)
2025-08-01 12:30:02,733 [INFO] 효성중공업: 분석 대상 포함(44)
2025-08-01 12:30:02,733 [INFO] 현대글로비스: 분석 대상 포함(45)
2025-08-01 12:30:02,733 [INFO] 한화시스템: 분석 대상 포함(46)
2025-08-01 12:30:02,733 [INFO] 삼성전기: 분석 대상 포함(47)
2025-08-01 12:30:02,910 [INFO] 포스코퓨처엠: 분석 대상 포함(48)
2025-08-01 12:30:02,910 [INFO] 삼양식품: 분석 대상 포함(49)
2025-08-01 12:30:02,910 [INFO] 하이브: 분석 대상 포함(50)
2025-08-01 12:30:02,910 [INFO] 미래에셋증권: 분석 대상 포함(51)
2025-08-01 12:30:02,910 [INFO] HD현대: 분석 대상 포함(52)
2025-08-01 12:30:02,910 [INFO] 두산: 분석 대상 포함(53)
2025-08-01 12:30:02,911 [INFO] 유한양행: 분석 대상 포함(54)
2025-08-01 12:30:02,911 [INFO] LS ELECTRIC: 분석 대상 포함(55)
2025-08-01 12:30:02,911 [INFO] DB손해보험: 분석 대상 포함(56)
2025-08-01 12:30:02,911 [INFO] HD현대마린솔루션: 분석 대상 포함(57)
2025-08-01 12:30:02,911 [INFO] 대한항공: 분석 대상 포함(58)
2025-08-01 12:30:02,911 [INFO] 포스코인터내셔널: 분석 대상 포함(59)
2025-08-01 12:30:02,912 [INFO] 한미반도체: 분석 대상 포함(60)
2025-08-01 12:30:02,912 [INFO] 카카오페이: 분석 대상 포함(61)
2025-08-01 12:30:02,912 [INFO] HD현대미포: 분석 대상 포함(62)
2025-08-01 12:30:02,912 [INFO] 코웨이: 분석 대상 포함(63)
2025-08-01 12:30:02,912 [INFO] 아모레퍼시픽: 분석 대상 포함(64)
2025-08-01 12:30:02,912 [INFO] 한국금융지주: 분석 대상 포함(65)
2025-08-01 12:30:02,912 [INFO] 현대건설: 분석 대상 포함(66)
2025-08-01 12:30:02,913 [INFO] SK바이오팜: 분석 대상 포함(67)
2025-08-01 12:30:02,913 [INFO] 한진칼: 분석 대상 포함(68)
2025-08-01 12:30:02,913 [INFO] 한화: 분석 대상 포함(69)
2025-08-01 12:30:02,913 [INFO] S-Oil: 분석 대상 포함(70)
2025-08-01 12:30:02,913 [INFO] LG씨엔에스: 분석 대상 포함(71)
2025-08-01 12:30:02,913 [INFO] 에이피알: 분석 대상 포함(72)
2025-08-01 12:30:02,914 [INFO] LG유플러스: 분석 대상 포함(73)
2025-08-01 12:30:02,914 [INFO] NH투자증권: 분석 대상 포함(74)
2025-08-01 12:30:02,914 [INFO] 삼성증권: 분석 대상 포함(75)
2025-08-01 12:30:02,914 [INFO] 삼성카드: 분석 대상 포함(76)
2025-08-01 12:30:02,914 [INFO] 맥쿼리인프라: 분석 대상 포함(77)
2025-08-01 12:30:02,914 [INFO] 한국타이어앤테크놀로지: 분석 대상 포함(78)
2025-08-01 12:30:02,914 [INFO] LG디스플레이: 분석 대상 포함(79)
2025-08-01 12:30:02,915 [INFO] 키움증권: 분석 대상 포함(80)
2025-08-01 12:30:02,915 [INFO] LS: 분석 대상 포함(81)
2025-08-01 12:30:02,915 [INFO] 한화솔루션: 분석 대상 포함(82)
2025-08-01 12:30:02,915 [INFO] 두산밥캣: 분석 대상 포함(83)
2025-08-01 12:30:02,915 [INFO] 삼성E&A: 분석 대상 포함(84)
2025-08-01 12:30:02,915 [INFO] 넷마블: 분석 대상 포함(85)
2025-08-01 12:30:02,916 [INFO] 이수페타시스: 분석 대상 포함(86)
2025-08-01 12:30:02,916 [INFO] LG생활건강: 분석 대상 포함(87)
2025-08-01 12:30:02,916 [INFO] 현대제철: 분석 대상 포함(88)
2025-08-01 12:30:03,151 [INFO] BNK금융지주: 분석 대상 포함(89)
2025-08-01 12:30:03,152 [INFO] GS: 분석 대상 포함(90)
2025-08-01 12:30:03,152 [INFO] 오리온: 분석 대상 포함(91)
2025-08-01 12:30:03,152 [INFO] CJ: 분석 대상 포함(92)
2025-08-01 12:30:03,152 [INFO] JB금융지주: 분석 대상 포함(93)
2025-08-01 12:30:03,152 [INFO] 현대오토에버: 분석 대상 포함(94)
2025-08-01 12:30:03,153 [INFO] 엔씨소프트: 분석 대상 포함(95)
2025-08-01 12:30:03,153 [INFO] 강원랜드: 분석 대상 포함(96)
2025-08-01 12:30:03,153 [INFO] 한국가스공사: 분석 대상 포함(97)
2025-08-01 12:30:03,153 [INFO] 두산로보틱스: 분석 대상 포함(98)
2025-08-01 12:30:03,153 [INFO] 풍산: 분석 대상 포함(99)
2025-08-01 12:30:03,153 [INFO] CJ제일제당: 분석 대상 포함(100)
2025-08-01 12:30:03,153 [INFO] SKC: 분석 대상 포함(101)
2025-08-01 12:30:03,154 [INFO] LG이노텍: 분석 대상 포함(102)
2025-08-01 12:30:03,154 [INFO] 산일전기: 분석 대상 포함(103)
2025-08-01 12:30:03,154 [INFO] 한미약품: 분석 대상 포함(104)
2025-08-01 12:30:03,154 [INFO] 포스코DX: 분석 대상 포함(105)
2025-08-01 12:30:03,154 [INFO] SK바이오사이언스: 분석 대상 포함(106)
2025-08-01 12:30:03,154 [INFO] 대한조선: 분석 대상 포함(107)
2025-08-01 12:30:03,154 [INFO] 에코프로머티: 분석 대상 포함(108)
2025-08-01 12:30:03,155 [INFO] 한전기술: 분석 대상 포함(109)
2025-08-01 12:30:03,155 [INFO] 현대엘리베이터: 분석 대상 포함(110)
2025-08-01 12:30:03,155 [INFO] 한미사이언스: 분석 대상 포함(111)
2025-08-01 12:30:03,155 [INFO] 금호석유화학: 분석 대상 포함(112)
2025-08-01 12:30:03,155 [INFO] KCC: 분석 대상 포함(113)
2025-08-01 12:30:03,155 [INFO] 한화비전: 분석 대상 포함(114)
2025-08-01 12:30:03,155 [INFO] 한화생명: 분석 대상 포함(115)
2025-08-01 12:30:03,156 [INFO] 한화엔진: 분석 대상 포함(116)
2025-08-01 12:30:03,156 [INFO] 동서: 분석 대상 포함(117)
2025-08-01 12:30:03,156 [INFO] HD현대인프라코어: 분석 대상 포함(118)
2025-08-01 12:30:03,156 [INFO] 대한전선: 분석 대상 포함(119)
2025-08-01 12:30:03,156 [INFO] 롯데지주: 분석 대상 포함(120)
2025-08-01 12:30:03,156 [INFO] 서울보증보험: 분석 대상 포함(121)
2025-08-01 12:30:03,157 [INFO] 에스원: 분석 대상 포함(122)
2025-08-01 12:30:03,157 [INFO] 롯데케미칼: 분석 대상 포함(123)
2025-08-01 12:30:03,157 [INFO] 코스맥스: 분석 대상 포함(124)
2025-08-01 12:30:03,157 [INFO] 영원무역: 분석 대상 포함(125)
2025-08-01 12:30:03,157 [INFO] F&F: 분석 대상 포함(126)
2025-08-01 12:30:03,157 [INFO] 엘앤에프: 분석 대상 포함(127)
2025-08-01 12:30:03,157 [INFO] 이마트: 분석 대상 포함(128)
2025-08-01 12:30:03,339 [INFO] 시프트업: 분석 대상 포함(129)
2025-08-01 12:30:03,340 [INFO] RISE 머니마켓액티브: 분석 대상 포함(130)
2025-08-01 12:30:03,340 [INFO] 달바글로벌: 분석 대상 포함(131)
2025-08-01 12:30:03,340 [INFO] 아모레퍼시픽홀딩스: 분석 대상 포함(132)
2025-08-01 12:30:03,340 [INFO] 농심: 분석 대상 포함(133)
2025-08-01 12:30:03,340 [INFO] 현대해상: 분석 대상 포함(134)
2025-08-01 12:30:03,340 [INFO] SK가스: 분석 대상 포함(135)
2025-08-01 12:30:03,340 [INFO] 제일기획: 분석 대상 포함(136)
2025-08-01 12:30:03,341 [INFO] 한전KPS: 분석 대상 포함(137)
2025-08-01 12:30:03,341 [INFO] 한국앤컴퍼니: 분석 대상 포함(138)
2025-08-01 12:30:03,341 [INFO] iM금융지주: 분석 대상 포함(139)
2025-08-01 12:30:03,341 [INFO] 한국콜마: 분석 대상 포함(140)
2025-08-01 12:30:03,341 [INFO] 팬오션: 분석 대상 포함(141)
2025-08-01 12:30:03,342 [INFO] 한온시스템: 분석 대상 포함(142)
2025-08-01 12:30:03,342 [INFO] 미스토홀딩스: 분석 대상 포함(143)
2025-08-01 12:30:03,342 [INFO] HD현대마린엔진: 분석 대상 포함(144)
2025-08-01 12:30:03,342 [INFO] 더존비즈온: 분석 대상 포함(145)
2025-08-01 12:30:03,342 [INFO] 코리안리: 분석 대상 포함(146)
2025-08-01 12:30:03,342 [INFO] CJ대한통운: 분석 대상 포함(147)
2025-08-01 12:30:03,342 [INFO] 롯데쇼핑: 분석 대상 포함(148)
2025-08-01 12:30:03,342 [INFO] 신영증권: 분석 대상 포함(149)
2025-08-01 12:30:03,343 [INFO] 일진전기: 분석 대상 포함(150)
2025-08-01 12:30:03,343 [INFO] DB하이텍: 분석 대상 포함(151)
2025-08-01 12:30:03,343 [INFO] 한솔케미칼: 분석 대상 포함(152)
2025-08-01 12:30:03,343 [INFO] 동원산업: 분석 대상 포함(153)
2025-08-01 12:30:03,343 [INFO] BGF리테일: 분석 대상 포함(154)
2025-08-01 12:30:03,343 [INFO] 아시아나항공: 분석 대상 포함(155)
2025-08-01 12:30:03,343 [INFO] SNT다이내믹스: 분석 대상 포함(156)
2025-08-01 12:30:03,344 [INFO] SK아이이테크놀로지: 분석 대상 포함(157)
2025-08-01 12:30:03,344 [INFO] 씨에스윈드: 분석 대상 포함(158)
2025-08-01 12:30:03,344 [INFO] 영원무역홀딩스: 분석 대상 포함(159)
2025-08-01 12:30:03,344 [INFO] 호텔신라: 분석 대상 포함(160)
2025-08-01 12:30:03,344 [INFO] OCI홀딩스: 분석 대상 포함(161)
2025-08-01 12:30:03,344 [INFO] DL이앤씨: 분석 대상 포함(162)
2025-08-01 12:30:03,345 [INFO] 대웅제약: 분석 대상 포함(163)
2025-08-01 12:30:03,345 [INFO] DN오토모티브: 분석 대상 포함(164)
2025-08-01 12:30:03,345 [INFO] 신세계: 분석 대상 포함(165)
2025-08-01 12:30:03,345 [INFO] RISE 종합채권(A-이상)액티브: 분석 대상 포함(166)
2025-08-01 12:30:03,345 [INFO] 녹십자: 분석 대상 포함(167)
2025-08-01 12:30:03,345 [INFO] 파라다이스: 분석 대상 포함(168)
2025-08-01 12:30:03,345 [INFO] GS건설: 분석 대상 포함(169)
2025-08-01 12:30:03,562 [INFO] HL만도: 분석 대상 포함(170)
2025-08-01 12:30:03,563 [INFO] HD현대건설기계: 분석 대상 포함(171)
2025-08-01 12:30:03,563 [INFO] 오뚜기: 분석 대상 포함(172)
2025-08-01 12:30:03,563 [INFO] 현대백화점: 분석 대상 포함(173)
2025-08-01 12:30:03,563 [INFO] 에스엘: 분석 대상 포함(174)
2025-08-01 12:30:03,564 [INFO] 한국카본: 분석 대상 포함(175)
2025-08-01 12:30:03,564 [INFO] RISE 200: 분석 대상 포함(176)
2025-08-01 12:30:03,564 [INFO] HDC현대산업개발: 분석 대상 포함(177)
2025-08-01 12:30:03,564 [INFO] 두산퓨얼셀: 분석 대상 포함(178)
2025-08-01 12:30:03,564 [INFO] 엠앤씨솔루션: 분석 대상 포함(179)
2025-08-01 12:30:03,564 [INFO] 한일시멘트: 분석 대상 포함(180)
2025-08-01 12:30:03,565 [INFO] 하이트진로: 분석 대상 포함(181)
2025-08-01 12:30:03,565 [INFO] 효성: 분석 대상 포함(182)
2025-08-01 12:30:03,565 [INFO] 롯데관광개발: 분석 대상 포함(183)
2025-08-01 12:30:03,565 [INFO] 동양생명: 분석 대상 포함(184)
2025-08-01 12:30:03,565 [INFO] 한올바이오파마: 분석 대상 포함(185)
2025-08-01 12:30:03,565 [INFO] HDC: 분석 대상 포함(186)
2025-08-01 12:30:03,566 [INFO] 금호타이어: 분석 대상 포함(187)
2025-08-01 12:30:03,566 [INFO] GS리테일: 분석 대상 포함(188)
2025-08-01 12:30:03,566 [INFO] 오리온홀딩스: 분석 대상 포함(189)
2025-08-01 12:30:03,566 [INFO] 현대위아: 분석 대상 포함(190)
2025-08-01 12:30:03,566 [INFO] 대웅: 분석 대상 포함(191)
2025-08-01 12:30:03,566 [INFO] 롯데에너지머티리얼즈: 분석 대상 포함(192)
2025-08-01 12:30:03,567 [INFO] 현대지에프홀딩스: 분석 대상 포함(193)
2025-08-01 12:30:03,567 [INFO] 이수스페셜티케미컬: 분석 대상 포함(194)
2025-08-01 12:30:03,567 [INFO] 경동나비엔: 분석 대상 포함(195)
2025-08-01 12:30:03,567 [INFO] SOL 조선TOP3플러스: 분석 대상 포함(196)
2025-08-01 12:30:03,568 [INFO] 코스모신소재: 분석 대상 포함(197)
2025-08-01 12:30:03,568 [INFO] 미래에셋생명: 분석 대상 포함(198)
2025-08-01 12:30:03,568 [INFO] LX인터내셔널: 분석 대상 포함(199)
2025-08-01 12:30:03,568 [INFO] 대신증권: 분석 대상 포함(200)
2025-08-01 12:30:03,568 [INFO] 에스디바이오센서: 분석 대상 포함(201)
2025-08-01 12:30:03,568 [INFO] 롯데칠성: 분석 대상 포함(202)
2025-08-01 12:30:03,568 [INFO] 더블유게임즈: 분석 대상 포함(203)
2025-08-01 12:30:03,569 [INFO] 한화투자증권: 분석 대상 포함(204)
2025-08-01 12:30:03,749 [INFO] SK오션플랜트: 분석 대상 포함(205)
2025-08-01 12:30:03,750 [INFO] 종근당: 분석 대상 포함(206)
2025-08-01 12:30:03,750 [INFO] 롯데웰푸드: 분석 대상 포함(207)
2025-08-01 12:30:03,750 [INFO] SK케미칼: 분석 대상 포함(208)
2025-08-01 12:30:03,750 [INFO] 대덕전자: 분석 대상 포함(209)
2025-08-01 12:30:03,750 [INFO] 세아베스틸지주: 분석 대상 포함(210)
2025-08-01 12:30:03,751 [INFO] 롯데렌탈: 분석 대상 포함(211)
2025-08-01 12:30:03,751 [INFO] RISE 미국S&P500: 분석 대상 포함(212)
2025-08-01 12:30:03,751 [INFO] RISE 미국나스닥100: 분석 대상 포함(213)
2025-08-01 12:30:03,751 [INFO] 코오롱인더: 분석 대상 포함(214)
2025-08-01 12:30:03,751 [INFO] 태광산업: 분석 대상 포함(215)
2025-08-01 12:30:03,752 [INFO] LS에코에너지: 분석 대상 포함(216)
2025-08-01 12:30:03,752 [INFO] 한샘: 분석 대상 포함(217)
2025-08-01 12:30:03,752 [INFO] 롯데정밀화학: 분석 대상 포함(218)
2025-08-01 12:30:03,752 [INFO] RISE CD금리액티브(합성): 분석 대상 포함(219)
2025-08-01 12:30:03,752 [INFO] 1Q 머니마켓액티브: 분석 대상 포함(220)
2025-08-01 12:30:03,752 [INFO] RISE 단기특수은행채액티브: 분석 대상 포함(221)
2025-08-01 12:30:03,753 [INFO] 쿠쿠홀딩스: 분석 대상 포함(222)
2025-08-01 12:30:03,753 [INFO] 가온전선: 분석 대상 포함(223)
2025-08-01 12:30:03,753 [INFO] KB발해인프라: 분석 대상 포함(224)
2025-08-01 12:30:03,753 [INFO] STX엔진: 분석 대상 포함(225)
2025-08-01 12:30:03,753 [INFO] 효성티앤씨: 분석 대상 포함(226)
2025-08-01 12:30:03,754 [INFO] SK네트웍스: 분석 대상 포함(227)
2025-08-01 12:30:03,754 [INFO] DL: 분석 대상 포함(228)
2025-08-01 12:30:03,754 [INFO] SK디스커버리: 분석 대상 포함(229)
2025-08-01 12:30:03,754 [INFO] 지역난방공사: 분석 대상 포함(230)
2025-08-01 12:30:03,754 [INFO] NICE평가정보: 분석 대상 포함(231)
2025-08-01 12:30:03,754 [INFO] KIWOOM 200TR: 분석 대상 포함(232)
2025-08-01 12:30:03,754 [INFO] SOL 종합채권(AA-이상)액티브: 분석 대상 포함(233)
2025-08-01 12:30:03,755 [INFO] 교보증권: 분석 대상 포함(234)
2025-08-01 12:30:03,755 [INFO] SNT에너지: 분석 대상 포함(235)
2025-08-01 12:30:03,755 [INFO] GKL: 분석 대상 포함(236)
2025-08-01 12:30:03,755 [INFO] SOL 초단기채권액티브: 분석 대상 포함(237)
2025-08-01 12:30:03,755 [INFO] NHN: 분석 대상 포함(238)
2025-08-01 12:30:03,933 [INFO] 세방전지: 분석 대상 포함(239)
2025-08-01 12:30:03,934 [INFO] SNT홀딩스: 분석 대상 포함(240)
2025-08-01 12:30:03,934 [INFO] LX세미콘: 분석 대상 포함(241)
2025-08-01 12:30:03,934 [INFO] 동원시스템즈: 분석 대상 포함(242)
2025-08-01 12:30:03,934 [INFO] HS효성첨단소재: 분석 대상 포함(243)
2025-08-01 12:30:03,934 [INFO] 프레스티지바이오파마: 분석 대상 포함(244)
2025-08-01 12:30:03,934 [INFO] SNT모티브: 분석 대상 포함(245)
2025-08-01 12:30:03,935 [INFO] CJ CGV: 분석 대상 포함(246)
2025-08-01 12:30:03,935 [INFO] DI동일: 분석 대상 포함(247)
2025-08-01 12:30:03,935 [INFO] 율촌화학: 분석 대상 포함(248)
2025-08-01 12:30:03,935 [INFO] 하나투어: 분석 대상 포함(249)
2025-08-01 12:30:03,935 [INFO] 세아제강지주: 분석 대상 포함(250)
2025-08-01 12:30:03,935 [INFO] 대상: 분석 대상 포함(251)
2025-08-01 12:30:03,936 [INFO] SK이터닉스: 분석 대상 포함(252)
2025-08-01 12:30:03,936 [INFO] 영풍: 분석 대상 포함(253)
2025-08-01 12:30:03,936 [INFO] 이노션: 분석 대상 포함(254)
2025-08-01 12:30:03,936 [INFO] 미원상사: 분석 대상 포함(255)
2025-08-01 12:30:03,936 [INFO] 솔루엠: 분석 대상 포함(256)
2025-08-01 12:30:03,937 [INFO] 빙그레: 분석 대상 포함(257)
2025-08-01 12:30:03,937 [INFO] 케이카: 분석 대상 포함(258)
2025-08-01 12:30:03,937 [INFO] 세진중공업: 분석 대상 포함(259)
2025-08-01 12:30:03,937 [INFO] 파미셀: 분석 대상 포함(260)
2025-08-01 12:30:03,938 [INFO] HJ중공업: 분석 대상 포함(261)
2025-08-01 12:30:03,938 [INFO] 녹십자홀딩스: 분석 대상 포함(262)
2025-08-01 12:30:03,938 [INFO] F&F홀딩스: 분석 대상 포함(263)
2025-08-01 12:30:03,938 [INFO] 동아쏘시오홀딩스: 분석 대상 포함(264)
2025-08-01 12:30:03,938 [INFO] 미원에스씨: 분석 대상 포함(265)
2025-08-01 12:30:03,938 [INFO] 보령: 분석 대상 포함(266)
2025-08-01 12:30:03,939 [INFO] 삼양홀딩스: 분석 대상 포함(267)
2025-08-01 12:30:03,939 [INFO] TKG휴켐스: 분석 대상 포함(268)
2025-08-01 12:30:03,939 [INFO] 유안타증권: 분석 대상 포함(269)
2025-08-01 12:30:04,121 [INFO] GS피앤엘: 분석 대상 포함(270)
2025-08-01 12:30:04,122 [INFO] 덴티움: 분석 대상 포함(271)
2025-08-01 12:30:04,122 [INFO] 아세아: 분석 대상 포함(272)
2025-08-01 12:30:04,122 [INFO] 전진건설로봇: 분석 대상 포함(273)
2025-08-01 12:30:04,122 [INFO] KG모빌리티: 분석 대상 포함(274)
2025-08-01 12:30:04,123 [INFO] 한화손해보험: 분석 대상 포함(275)
2025-08-01 12:30:04,123 [INFO] 현대홈쇼핑: 분석 대상 포함(276)
2025-08-01 12:30:04,123 [INFO] TIMEFOLIO 글로벌AI인공지능액티브: 분석 대상 포함(277)
2025-08-01 12:30:04,123 [INFO] 대한유화: 분석 대상 포함(278)
2025-08-01 12:30:04,123 [INFO] 한국단자: 분석 대상 포함(279)
2025-08-01 12:30:04,124 [INFO] 태영건설: 분석 대상 포함(280)
2025-08-01 12:30:04,124 [INFO] 신풍제약: 분석 대상 포함(281)
2025-08-01 12:30:04,124 [INFO] 풀무원: 분석 대상 포함(282)
2025-08-01 12:30:04,124 [INFO] 금양: 분석 대상 포함(283)
2025-08-01 12:30:04,124 [INFO] KIWOOM 국고채10년: 분석 대상 포함(284)
2025-08-01 12:30:04,124 [INFO] 풍산홀딩스: 분석 대상 포함(285)
2025-08-01 12:30:04,125 [INFO] 카프로: 분석 대상 포함(286)
2025-08-01 12:30:04,125 [INFO] LX홀딩스: 분석 대상 포함(287)
2025-08-01 12:30:04,125 [INFO] 쿠쿠홈시스: 분석 대상 포함(288)
2025-08-01 12:30:04,125 [INFO] 케이씨텍: 분석 대상 포함(289)
2025-08-01 12:30:04,125 [INFO] 코스모화학: 분석 대상 포함(290)
2025-08-01 12:30:04,125 [INFO] 아이에스동서: 분석 대상 포함(291)
2025-08-01 12:30:04,126 [INFO] 일진하이솔루스: 분석 대상 포함(292)
2025-08-01 12:30:04,126 [INFO] 솔루스첨단소재: 분석 대상 포함(293)
2025-08-01 12:30:04,126 [INFO] 신성통상: 분석 대상 포함(294)
2025-08-01 12:30:04,126 [INFO] LF: 분석 대상 포함(295)
2025-08-01 12:30:04,126 [INFO] 대한해운: 분석 대상 포함(296)
2025-08-01 12:30:04,126 [INFO] KG스틸: 분석 대상 포함(297)
2025-08-01 12:30:04,126 [INFO] 한국쉘석유: 분석 대상 포함(298)
2025-08-01 12:30:04,127 [INFO] 한일홀딩스: 분석 대상 포함(299)
2025-08-01 12:30:04,127 [INFO] 현대그린푸드: 분석 대상 포함(300)
2025-08-01 12:30:04,127 [INFO] 애경케미칼: 분석 대상 포함(301)
2025-08-01 12:30:04,127 [INFO] 코오롱: 분석 대상 포함(302)
2025-08-01 12:30:04,127 [INFO] 넥센타이어: 분석 대상 포함(303)
2025-08-01 12:30:04,313 [INFO] 일동제약: 분석 대상 포함(304)
2025-08-01 12:30:04,313 [INFO] E1: 분석 대상 포함(305)
2025-08-01 12:30:04,313 [INFO] 제주항공: 분석 대상 포함(306)
2025-08-01 12:30:04,313 [INFO] 유니드: 분석 대상 포함(307)
2025-08-01 12:30:04,314 [INFO] 아세아시멘트: 분석 대상 포함(308)
2025-08-01 12:30:04,314 [INFO] 삼천리: 분석 대상 포함(309)
2025-08-01 12:30:04,314 [INFO] 삼양사: 분석 대상 포함(310)
2025-08-01 12:30:04,314 [INFO] 바이오노트: 분석 대상 포함(311)
2025-08-01 12:30:04,314 [INFO] 퍼시스: 분석 대상 포함(312)
2025-08-01 12:30:04,314 [INFO] 롯데손해보험: 분석 대상 포함(313)
2025-08-01 12:30:04,315 [INFO] 부국증권: 분석 대상 포함(314)
2025-08-01 12:30:04,315 [INFO] 동국제강: 분석 대상 포함(315)
2025-08-01 12:30:04,315 [INFO] JW중외제약: 분석 대상 포함(316)
2025-08-01 12:30:04,315 [INFO] 세아홀딩스: 분석 대상 포함(317)
2025-08-01 12:30:04,316 [INFO] 엠씨넥스: 분석 대상 포함(318)
2025-08-01 12:30:04,316 [INFO] PI첨단소재: 분석 대상 포함(319)
2025-08-01 12:30:04,316 [INFO] KCC글라스: 분석 대상 포함(320)
2025-08-01 12:30:04,316 [INFO] OCI: 분석 대상 포함(321)
2025-08-01 12:30:04,316 [INFO] 제주은행: 분석 대상 포함(322)
2025-08-01 12:30:04,317 [INFO] KIWOOM 종합채권(AA-이상)액티브: 분석 대상 포함(323)
2025-08-01 12:30:04,317 [INFO] 후성: 분석 대상 포함(324)
2025-08-01 12:30:04,317 [INFO] 현대차증권: 분석 대상 포함(325)
2025-08-01 12:30:04,317 [INFO] HD현대에너지솔루션: 분석 대상 포함(326)
2025-08-01 12:30:04,317 [INFO] 비에이치: 분석 대상 포함(327)
2025-08-01 12:30:04,318 [INFO] RISE KIS국고채30년Enhanced: 분석 대상 포함(328)
2025-08-01 12:30:04,318 [INFO] 고려제강: 분석 대상 포함(329)
2025-08-01 12:30:04,318 [INFO] NICE: 분석 대상 포함(330)
2025-08-01 12:30:04,318 [INFO] 신도리코: 분석 대상 포함(331)
2025-08-01 12:30:04,318 [INFO] 콜마홀딩스: 분석 대상 포함(332)
2025-08-01 12:30:04,665 [INFO] SPC삼립: 분석 대상 포함(333)
2025-08-01 12:30:04,665 [INFO] 지누스: 분석 대상 포함(334)
2025-08-01 12:30:04,665 [INFO] 진에어: 분석 대상 포함(335)
2025-08-01 12:30:04,665 [INFO] 화승엔터프라이즈: 분석 대상 포함(336)
2025-08-01 12:30:04,665 [INFO] DS단석: 분석 대상 포함(337)
2025-08-01 12:30:04,666 [INFO] TCC스틸: 분석 대상 포함(338)
2025-08-01 12:30:04,666 [INFO] 조광피혁: 분석 대상 포함(339)
2025-08-01 12:30:04,666 [INFO] 명신산업: 분석 대상 포함(340)
2025-08-01 12:30:04,666 [INFO] 동아에스티: 분석 대상 포함(341)
2025-08-01 12:30:04,667 [INFO] 애경산업: 분석 대상 포함(342)
2025-08-01 12:30:04,667 [INFO] 신대양제지: 분석 대상 포함(343)
2025-08-01 12:30:04,667 [INFO] TIMEFOLIO 미국나스닥100액티브: 분석 대상 포함(344)
2025-08-01 12:30:04,667 [INFO] 쏘카: 분석 대상 포함(345)
2025-08-01 12:30:04,667 [INFO] RISE 미국30년국채엔화노출(합성 H): 분석 대상 포함(346)
2025-08-01 12:30:04,668 [INFO] KIWOOM 200: 분석 대상 포함(347)
2025-08-01 12:30:04,668 [INFO] 맵스리얼티1: 분석 대상 포함(348)
2025-08-01 12:30:04,668 [INFO] 세아제강: 분석 대상 포함(349)
2025-08-01 12:30:04,668 [INFO] 흥아해운: 분석 대상 포함(350)
2025-08-01 12:30:04,668 [INFO] 드림텍: 분석 대상 포함(351)
2025-08-01 12:30:04,668 [INFO] 한세실업: 분석 대상 포함(352)
2025-08-01 12:30:04,668 [INFO] 스틱인베스트먼트: 분석 대상 포함(353)
2025-08-01 12:30:04,669 [INFO] 티웨이항공: 분석 대상 포함(354)
2025-08-01 12:30:04,669 [INFO] 해성디에스: 분석 대상 포함(355)
2025-08-01 12:30:04,669 [INFO] 신세계인터내셔날: 분석 대상 포함(356)
2025-08-01 12:30:04,669 [INFO] 한전산업: 분석 대상 포함(357)
2025-08-01 12:30:04,670 [INFO] 더본코리아: 분석 대상 포함(358)
2025-08-01 12:30:04,670 [INFO] 영진약품: 분석 대상 포함(359)
2025-08-01 12:30:04,670 [INFO] 한일현대시멘트: 분석 대상 포함(360)
2025-08-01 12:30:04,670 [INFO] 자화전자: 분석 대상 포함(361)
2025-08-01 12:30:04,670 [INFO] 대한제강: 분석 대상 포함(362)
2025-08-01 12:41:46,287 [INFO] 💡 **[단일 매수신호 (1점)]**
- 한미반도체 (042700) - 1점
  📊 [MACD돌파직전]
2025-08-01 12:41:47,253 [INFO] single 종목: 1개
2025-08-01 12:41:47,253 [INFO] 📈 **[다중신호 종목 요약]**
🚀 초강력 신호: 0개
🔥 강력 신호: 0개
⭐ 보통 신호: 0개
⚡ 약한 신호: 0개
💡 단일 신호: 1개
📊 **총 다중신호 종목: 0개**
2025-08-01 12:41:48,214 [INFO] 분석 완료!
2025-08-01 17:30:02,784 [INFO] 📊 시가총액 상위 200개 종목 분석 시작...
2025-08-01 17:30:02,981 [INFO] 삼성전자: 분석 대상 포함(1)
2025-08-01 17:30:02,982 [INFO] SK하이닉스: 분석 대상 포함(2)
2025-08-01 17:30:02,982 [INFO] LG에너지솔루션: 분석 대상 포함(3)
2025-08-01 17:30:02,982 [INFO] 삼성바이오로직스: 분석 대상 포함(4)
2025-08-01 17:30:02,982 [INFO] 한화에어로스페이스: 분석 대상 포함(5)
2025-08-01 17:30:02,983 [INFO] 현대차: 분석 대상 포함(6)
2025-08-01 17:30:02,983 [INFO] HD현대중공업: 분석 대상 포함(7)
2025-08-01 17:30:02,983 [INFO] KB금융: 분석 대상 포함(8)
2025-08-01 17:30:02,983 [INFO] 기아: 분석 대상 포함(9)
2025-08-01 17:30:02,983 [INFO] 셀트리온: 분석 대상 포함(10)
2025-08-01 17:30:02,983 [INFO] 두산에너빌리티: 분석 대상 포함(11)
2025-08-01 17:30:02,984 [INFO] 한화오션: 분석 대상 포함(12)
2025-08-01 17:30:02,984 [INFO] NAVER: 분석 대상 포함(13)
2025-08-01 17:30:02,984 [INFO] 신한지주: 분석 대상 포함(14)
2025-08-01 17:30:02,984 [INFO] 삼성물산: 분석 대상 포함(15)
2025-08-01 17:30:02,984 [INFO] 현대모비스: 분석 대상 포함(16)
2025-08-01 17:30:02,984 [INFO] 카카오: 분석 대상 포함(17)
2025-08-01 17:30:02,984 [INFO] HD한국조선해양: 분석 대상 포함(18)
2025-08-01 17:30:02,985 [INFO] 삼성생명: 분석 대상 포함(19)
2025-08-01 17:30:02,985 [INFO] HMM: 분석 대상 포함(20)
2025-08-01 17:30:02,985 [INFO] POSCO홀딩스: 분석 대상 포함(21)
2025-08-01 17:30:02,985 [INFO] 하나금융지주: 분석 대상 포함(22)
2025-08-01 17:30:02,985 [INFO] 한국전력: 분석 대상 포함(23)
2025-08-01 17:30:02,985 [INFO] 현대로템: 분석 대상 포함(24)
2025-08-01 17:30:02,985 [INFO] LG화학: 분석 대상 포함(25)
2025-08-01 17:30:02,986 [INFO] 삼성화재: 분석 대상 포함(26)
2025-08-01 17:30:02,986 [INFO] SK스퀘어: 분석 대상 포함(27)
2025-08-01 17:30:02,986 [INFO] HD현대일렉트릭: 분석 대상 포함(28)
2025-08-01 17:30:02,986 [INFO] 삼성중공업: 분석 대상 포함(29)
2025-08-01 17:30:02,986 [INFO] KT&G: 분석 대상 포함(30)
2025-08-01 17:30:02,986 [INFO] SK이노베이션: 분석 대상 포함(31)
2025-08-01 17:30:02,986 [INFO] 삼성SDI: 분석 대상 포함(32)
2025-08-01 17:30:02,987 [INFO] 고려아연: 분석 대상 포함(33)
2025-08-01 17:30:02,987 [INFO] 크래프톤: 분석 대상 포함(34)
2025-08-01 17:30:02,987 [INFO] 기업은행: 분석 대상 포함(35)
2025-08-01 17:30:02,987 [INFO] SK: 분석 대상 포함(36)
2025-08-01 17:30:02,987 [INFO] KT: 분석 대상 포함(37)
2025-08-01 17:30:02,987 [INFO] LIG넥스원: 분석 대상 포함(38)
2025-08-01 17:30:02,987 [INFO] 카카오뱅크: 분석 대상 포함(39)
2025-08-01 17:30:02,988 [INFO] LG전자: 분석 대상 포함(40)
2025-08-01 17:30:02,988 [INFO] SK텔레콤: 분석 대상 포함(41)
2025-08-01 17:30:02,988 [INFO] LG: 분석 대상 포함(42)
2025-08-01 17:30:02,988 [INFO] 삼성에스디에스: 분석 대상 포함(43)
2025-08-01 17:30:02,988 [INFO] 한화시스템: 분석 대상 포함(44)
2025-08-01 17:30:02,988 [INFO] 현대글로비스: 분석 대상 포함(45)
2025-08-01 17:30:02,988 [INFO] 효성중공업: 분석 대상 포함(46)
2025-08-01 17:30:02,989 [INFO] 삼양식품: 분석 대상 포함(47)
2025-08-01 17:30:03,159 [INFO] 삼성전기: 분석 대상 포함(48)
2025-08-01 17:30:03,160 [INFO] 포스코퓨처엠: 분석 대상 포함(49)
2025-08-01 17:30:03,160 [INFO] 하이브: 분석 대상 포함(50)
2025-08-01 17:30:03,160 [INFO] 미래에셋증권: 분석 대상 포함(51)
2025-08-01 17:30:03,160 [INFO] HD현대: 분석 대상 포함(52)
2025-08-01 17:30:03,160 [INFO] 두산: 분석 대상 포함(53)
2025-08-01 17:30:03,161 [INFO] 유한양행: 분석 대상 포함(54)
2025-08-01 17:30:03,161 [INFO] LS ELECTRIC: 분석 대상 포함(55)
2025-08-01 17:30:03,161 [INFO] DB손해보험: 분석 대상 포함(56)
2025-08-01 17:30:03,161 [INFO] HD현대마린솔루션: 분석 대상 포함(57)
2025-08-01 17:30:03,161 [INFO] 대한항공: 분석 대상 포함(58)
2025-08-01 17:30:03,161 [INFO] 포스코인터내셔널: 분석 대상 포함(59)
2025-08-01 17:30:03,162 [INFO] 한미반도체: 분석 대상 포함(60)
2025-08-01 17:30:03,162 [INFO] 카카오페이: 분석 대상 포함(61)
2025-08-01 17:30:03,162 [INFO] HD현대미포: 분석 대상 포함(62)
2025-08-01 17:30:03,162 [INFO] 아모레퍼시픽: 분석 대상 포함(63)
2025-08-01 17:30:03,162 [INFO] 코웨이: 분석 대상 포함(64)
2025-08-01 17:30:03,162 [INFO] 한국금융지주: 분석 대상 포함(65)
2025-08-01 17:30:03,162 [INFO] SK바이오팜: 분석 대상 포함(66)
2025-08-01 17:30:03,162 [INFO] 현대건설: 분석 대상 포함(67)
2025-08-01 17:30:03,163 [INFO] 한진칼: 분석 대상 포함(68)
2025-08-01 17:30:03,163 [INFO] 한화: 분석 대상 포함(69)
2025-08-01 17:30:03,163 [INFO] S-Oil: 분석 대상 포함(70)
2025-08-01 17:30:03,163 [INFO] LG씨엔에스: 분석 대상 포함(71)
2025-08-01 17:30:03,163 [INFO] 에이피알: 분석 대상 포함(72)
2025-08-01 17:30:03,164 [INFO] LG유플러스: 분석 대상 포함(73)
2025-08-01 17:30:03,164 [INFO] NH투자증권: 분석 대상 포함(74)
2025-08-01 17:30:03,164 [INFO] 삼성증권: 분석 대상 포함(75)
2025-08-01 17:30:03,164 [INFO] 삼성카드: 분석 대상 포함(76)
2025-08-01 17:30:03,164 [INFO] 맥쿼리인프라: 분석 대상 포함(77)
2025-08-01 17:30:03,164 [INFO] 한국타이어앤테크놀로지: 분석 대상 포함(78)
2025-08-01 17:30:03,165 [INFO] LG디스플레이: 분석 대상 포함(79)
2025-08-01 17:30:03,165 [INFO] 키움증권: 분석 대상 포함(80)
2025-08-01 17:30:03,165 [INFO] LS: 분석 대상 포함(81)
2025-08-01 17:30:03,165 [INFO] 한화솔루션: 분석 대상 포함(82)
2025-08-01 17:30:03,165 [INFO] 두산밥캣: 분석 대상 포함(83)
2025-08-01 17:30:03,165 [INFO] 삼성E&A: 분석 대상 포함(84)
2025-08-01 17:30:03,165 [INFO] 넷마블: 분석 대상 포함(85)
2025-08-01 17:30:03,166 [INFO] LG생활건강: 분석 대상 포함(86)
2025-08-01 17:30:03,166 [INFO] 이수페타시스: 분석 대상 포함(87)
2025-08-01 17:30:03,166 [INFO] 현대제철: 분석 대상 포함(88)
2025-08-01 17:30:03,389 [INFO] BNK금융지주: 분석 대상 포함(89)
2025-08-01 17:30:03,389 [INFO] GS: 분석 대상 포함(90)
2025-08-01 17:30:03,390 [INFO] 오리온: 분석 대상 포함(91)
2025-08-01 17:30:03,390 [INFO] CJ: 분석 대상 포함(92)
2025-08-01 17:30:03,390 [INFO] JB금융지주: 분석 대상 포함(93)
2025-08-01 17:30:03,390 [INFO] 엔씨소프트: 분석 대상 포함(94)
2025-08-01 17:30:03,390 [INFO] 현대오토에버: 분석 대상 포함(95)
2025-08-01 17:30:03,390 [INFO] 강원랜드: 분석 대상 포함(96)
2025-08-01 17:30:03,390 [INFO] 한국가스공사: 분석 대상 포함(97)
2025-08-01 17:30:03,391 [INFO] 풍산: 분석 대상 포함(98)
2025-08-01 17:30:03,391 [INFO] 두산로보틱스: 분석 대상 포함(99)
2025-08-01 17:30:03,391 [INFO] CJ제일제당: 분석 대상 포함(100)
2025-08-01 17:30:03,391 [INFO] SKC: 분석 대상 포함(101)
2025-08-01 17:30:03,391 [INFO] LG이노텍: 분석 대상 포함(102)
2025-08-01 17:30:03,391 [INFO] 산일전기: 분석 대상 포함(103)
2025-08-01 17:30:03,392 [INFO] 대한조선: 분석 대상 포함(104)
2025-08-01 17:30:03,392 [INFO] 한미약품: 분석 대상 포함(105)
2025-08-01 17:30:03,392 [INFO] 포스코DX: 분석 대상 포함(106)
2025-08-01 17:30:03,392 [INFO] SK바이오사이언스: 분석 대상 포함(107)
2025-08-01 17:30:03,392 [INFO] 에코프로머티: 분석 대상 포함(108)
2025-08-01 17:30:03,392 [INFO] 현대엘리베이터: 분석 대상 포함(109)
2025-08-01 17:30:03,393 [INFO] 한전기술: 분석 대상 포함(110)
2025-08-01 17:30:03,393 [INFO] KCC: 분석 대상 포함(111)
2025-08-01 17:30:03,393 [INFO] 한미사이언스: 분석 대상 포함(112)
2025-08-01 17:30:03,393 [INFO] 금호석유화학: 분석 대상 포함(113)
2025-08-01 17:30:03,393 [INFO] 한화비전: 분석 대상 포함(114)
2025-08-01 17:30:03,393 [INFO] 한화엔진: 분석 대상 포함(115)
2025-08-01 17:30:03,393 [INFO] HD현대인프라코어: 분석 대상 포함(116)
2025-08-01 17:30:03,393 [INFO] 동서: 분석 대상 포함(117)
2025-08-01 17:30:03,394 [INFO] 한화생명: 분석 대상 포함(118)
2025-08-01 17:30:03,394 [INFO] 대한전선: 분석 대상 포함(119)
2025-08-01 17:30:03,394 [INFO] 롯데지주: 분석 대상 포함(120)
2025-08-01 17:30:03,394 [INFO] 서울보증보험: 분석 대상 포함(121)
2025-08-01 17:30:03,394 [INFO] 에스원: 분석 대상 포함(122)
2025-08-01 17:30:03,395 [INFO] 롯데케미칼: 분석 대상 포함(123)
2025-08-01 17:30:03,395 [INFO] 코스맥스: 분석 대상 포함(124)
2025-08-01 17:30:03,395 [INFO] F&F: 분석 대상 포함(125)
2025-08-01 17:30:03,395 [INFO] 영원무역: 분석 대상 포함(126)
2025-08-01 17:30:03,395 [INFO] 엘앤에프: 분석 대상 포함(127)
2025-08-01 17:30:03,395 [INFO] 이마트: 분석 대상 포함(128)
2025-08-01 17:30:03,573 [INFO] 시프트업: 분석 대상 포함(129)
2025-08-01 17:30:03,573 [INFO] RISE 머니마켓액티브: 분석 대상 포함(130)
2025-08-01 17:30:03,573 [INFO] 아모레퍼시픽홀딩스: 분석 대상 포함(131)
2025-08-01 17:30:03,573 [INFO] 달바글로벌: 분석 대상 포함(132)
2025-08-01 17:30:03,574 [INFO] SK가스: 분석 대상 포함(133)
2025-08-01 17:30:03,574 [INFO] 농심: 분석 대상 포함(134)
2025-08-01 17:30:03,574 [INFO] 현대해상: 분석 대상 포함(135)
2025-08-01 17:30:03,574 [INFO] 제일기획: 분석 대상 포함(136)
2025-08-01 17:30:03,574 [INFO] 한전KPS: 분석 대상 포함(137)
2025-08-01 17:30:03,575 [INFO] 한국콜마: 분석 대상 포함(138)
2025-08-01 17:30:03,575 [INFO] HD현대마린엔진: 분석 대상 포함(139)
2025-08-01 17:30:03,575 [INFO] iM금융지주: 분석 대상 포함(140)
2025-08-01 17:30:03,575 [INFO] 한국앤컴퍼니: 분석 대상 포함(141)
2025-08-01 17:30:03,575 [INFO] 미스토홀딩스: 분석 대상 포함(142)
2025-08-01 17:30:03,575 [INFO] 한온시스템: 분석 대상 포함(143)
2025-08-01 17:30:03,575 [INFO] 팬오션: 분석 대상 포함(144)
2025-08-01 17:30:03,576 [INFO] 더존비즈온: 분석 대상 포함(145)
2025-08-01 17:30:03,576 [INFO] 코리안리: 분석 대상 포함(146)
2025-08-01 17:30:03,576 [INFO] 롯데쇼핑: 분석 대상 포함(147)
2025-08-01 17:30:03,576 [INFO] 일진전기: 분석 대상 포함(148)
2025-08-01 17:30:03,576 [INFO] CJ대한통운: 분석 대상 포함(149)
2025-08-01 17:30:03,576 [INFO] 신영증권: 분석 대상 포함(150)
2025-08-01 17:30:03,576 [INFO] DB하이텍: 분석 대상 포함(151)
2025-08-01 17:30:03,576 [INFO] BGF리테일: 분석 대상 포함(152)
2025-08-01 17:30:03,577 [INFO] 한솔케미칼: 분석 대상 포함(153)
2025-08-01 17:30:03,577 [INFO] 동원산업: 분석 대상 포함(154)
2025-08-01 17:30:03,577 [INFO] 아시아나항공: 분석 대상 포함(155)
2025-08-01 17:30:03,577 [INFO] SNT다이내믹스: 분석 대상 포함(156)
2025-08-01 17:30:03,577 [INFO] 씨에스윈드: 분석 대상 포함(157)
2025-08-01 17:30:03,577 [INFO] SK아이이테크놀로지: 분석 대상 포함(158)
2025-08-01 17:30:03,578 [INFO] 호텔신라: 분석 대상 포함(159)
2025-08-01 17:30:03,578 [INFO] 영원무역홀딩스: 분석 대상 포함(160)
2025-08-01 17:30:03,578 [INFO] OCI홀딩스: 분석 대상 포함(161)
2025-08-01 17:30:03,578 [INFO] DL이앤씨: 분석 대상 포함(162)
2025-08-01 17:30:03,578 [INFO] 대웅제약: 분석 대상 포함(163)
2025-08-01 17:30:03,579 [INFO] DN오토모티브: 분석 대상 포함(164)
2025-08-01 17:30:03,579 [INFO] RISE 종합채권(A-이상)액티브: 분석 대상 포함(165)
2025-08-01 17:30:03,579 [INFO] 신세계: 분석 대상 포함(166)
2025-08-01 17:30:03,579 [INFO] 파라다이스: 분석 대상 포함(167)
2025-08-01 17:30:03,579 [INFO] GS건설: 분석 대상 포함(168)
2025-08-01 17:30:03,579 [INFO] 녹십자: 분석 대상 포함(169)
2025-08-01 17:30:03,743 [INFO] HD현대건설기계: 분석 대상 포함(170)
2025-08-01 17:30:03,743 [INFO] HL만도: 분석 대상 포함(171)
2025-08-01 17:30:03,744 [INFO] 오뚜기: 분석 대상 포함(172)
2025-08-01 17:30:03,744 [INFO] 현대백화점: 분석 대상 포함(173)
2025-08-01 17:30:03,744 [INFO] 한국카본: 분석 대상 포함(174)
2025-08-01 17:30:03,744 [INFO] 에스엘: 분석 대상 포함(175)
2025-08-01 17:30:03,744 [INFO] RISE 200: 분석 대상 포함(176)
2025-08-01 17:30:03,745 [INFO] HDC현대산업개발: 분석 대상 포함(177)
2025-08-01 17:30:03,745 [INFO] 엠앤씨솔루션: 분석 대상 포함(178)
2025-08-01 17:30:03,745 [INFO] 두산퓨얼셀: 분석 대상 포함(179)
2025-08-01 17:30:03,745 [INFO] 효성: 분석 대상 포함(180)
2025-08-01 17:30:03,745 [INFO] 하이트진로: 분석 대상 포함(181)
2025-08-01 17:30:03,746 [INFO] 한일시멘트: 분석 대상 포함(182)
2025-08-01 17:30:03,746 [INFO] 롯데관광개발: 분석 대상 포함(183)
2025-08-01 17:30:03,746 [INFO] 한올바이오파마: 분석 대상 포함(184)
2025-08-01 17:30:03,746 [INFO] 금호타이어: 분석 대상 포함(185)
2025-08-01 17:30:03,746 [INFO] 동양생명: 분석 대상 포함(186)
2025-08-01 17:30:03,746 [INFO] HDC: 분석 대상 포함(187)
2025-08-01 17:30:03,747 [INFO] GS리테일: 분석 대상 포함(188)
2025-08-01 17:30:03,747 [INFO] 오리온홀딩스: 분석 대상 포함(189)
2025-08-01 17:30:03,747 [INFO] 현대위아: 분석 대상 포함(190)
2025-08-01 17:30:03,748 [INFO] 롯데에너지머티리얼즈: 분석 대상 포함(191)
2025-08-01 17:30:03,748 [INFO] 대웅: 분석 대상 포함(192)
2025-08-01 17:30:03,748 [INFO] 현대지에프홀딩스: 분석 대상 포함(193)
2025-08-01 17:30:03,748 [INFO] 경동나비엔: 분석 대상 포함(194)
2025-08-01 17:30:03,748 [INFO] 이수스페셜티케미컬: 분석 대상 포함(195)
2025-08-01 17:30:03,749 [INFO] SOL 조선TOP3플러스: 분석 대상 포함(196)
2025-08-01 17:30:03,749 [INFO] 롯데칠성: 분석 대상 포함(197)
2025-08-01 17:30:03,749 [INFO] 코스모신소재: 분석 대상 포함(198)
2025-08-01 17:30:03,749 [INFO] 미래에셋생명: 분석 대상 포함(199)
2025-08-01 17:30:03,749 [INFO] 대신증권: 분석 대상 포함(200)
2025-08-01 17:30:03,749 [INFO] 에스디바이오센서: 분석 대상 포함(201)
2025-08-01 17:30:03,749 [INFO] 더블유게임즈: 분석 대상 포함(202)
2025-08-01 17:30:03,750 [INFO] 한화투자증권: 분석 대상 포함(203)
2025-08-01 17:30:03,750 [INFO] SK오션플랜트: 분석 대상 포함(204)
2025-08-01 17:30:03,916 [INFO] LX인터내셔널: 분석 대상 포함(205)
2025-08-01 17:30:03,916 [INFO] 종근당: 분석 대상 포함(206)
2025-08-01 17:30:03,916 [INFO] 대덕전자: 분석 대상 포함(207)
2025-08-01 17:30:03,916 [INFO] 롯데웰푸드: 분석 대상 포함(208)
2025-08-01 17:30:03,916 [INFO] RISE 미국S&P500: 분석 대상 포함(209)
2025-08-01 17:30:03,916 [INFO] SK케미칼: 분석 대상 포함(210)
2025-08-01 17:30:03,917 [INFO] RISE 미국나스닥100: 분석 대상 포함(211)
2025-08-01 17:30:03,917 [INFO] 롯데렌탈: 분석 대상 포함(212)
2025-08-01 17:30:03,917 [INFO] 세아베스틸지주: 분석 대상 포함(213)
2025-08-01 17:30:03,917 [INFO] 태광산업: 분석 대상 포함(214)
2025-08-01 17:30:03,917 [INFO] 코오롱인더: 분석 대상 포함(215)
2025-08-01 17:30:03,918 [INFO] LS에코에너지: 분석 대상 포함(216)
2025-08-01 17:30:03,918 [INFO] 한샘: 분석 대상 포함(217)
2025-08-01 17:30:03,918 [INFO] 롯데정밀화학: 분석 대상 포함(218)
2025-08-01 17:30:03,918 [INFO] RISE CD금리액티브(합성): 분석 대상 포함(219)
2025-08-01 17:30:03,918 [INFO] 1Q 머니마켓액티브: 분석 대상 포함(220)
2025-08-01 17:30:03,918 [INFO] RISE 단기특수은행채액티브: 분석 대상 포함(221)
2025-08-01 17:30:03,919 [INFO] 쿠쿠홀딩스: 분석 대상 포함(222)
2025-08-01 17:30:03,919 [INFO] 가온전선: 분석 대상 포함(223)
2025-08-01 17:30:03,919 [INFO] KB발해인프라: 분석 대상 포함(224)
2025-08-01 17:30:03,919 [INFO] STX엔진: 분석 대상 포함(225)
2025-08-01 17:30:03,920 [INFO] SK네트웍스: 분석 대상 포함(226)
2025-08-01 17:30:03,920 [INFO] 효성티앤씨: 분석 대상 포함(227)
2025-08-01 17:30:03,920 [INFO] SOL 종합채권(AA-이상)액티브: 분석 대상 포함(228)
2025-08-01 17:30:03,920 [INFO] 지역난방공사: 분석 대상 포함(229)
2025-08-01 17:30:03,920 [INFO] KIWOOM 200TR: 분석 대상 포함(230)
2025-08-01 17:30:03,920 [INFO] SK디스커버리: 분석 대상 포함(231)
2025-08-01 17:30:03,921 [INFO] DL: 분석 대상 포함(232)
2025-08-01 17:30:03,921 [INFO] SNT에너지: 분석 대상 포함(233)
2025-08-01 17:30:03,921 [INFO] NICE평가정보: 분석 대상 포함(234)
2025-08-01 17:30:03,921 [INFO] 교보증권: 분석 대상 포함(235)
2025-08-01 17:30:03,921 [INFO] SOL 초단기채권액티브: 분석 대상 포함(236)
2025-08-01 17:30:03,921 [INFO] GKL: 분석 대상 포함(237)
2025-08-01 17:30:03,921 [INFO] NHN: 분석 대상 포함(238)
2025-08-01 17:30:04,085 [INFO] SNT홀딩스: 분석 대상 포함(239)
2025-08-01 17:30:04,085 [INFO] 세방전지: 분석 대상 포함(240)
2025-08-01 17:30:04,086 [INFO] LX세미콘: 분석 대상 포함(241)
2025-08-01 17:30:04,086 [INFO] 동원시스템즈: 분석 대상 포함(242)
2025-08-01 17:30:04,086 [INFO] 프레스티지바이오파마: 분석 대상 포함(243)
2025-08-01 17:30:04,086 [INFO] HS효성첨단소재: 분석 대상 포함(244)
2025-08-01 17:30:04,086 [INFO] SNT모티브: 분석 대상 포함(245)
2025-08-01 17:30:04,086 [INFO] CJ CGV: 분석 대상 포함(246)
2025-08-01 17:30:04,087 [INFO] DI동일: 분석 대상 포함(247)
2025-08-01 17:30:04,087 [INFO] 율촌화학: 분석 대상 포함(248)
2025-08-01 17:30:04,087 [INFO] 하나투어: 분석 대상 포함(249)
2025-08-01 17:30:04,087 [INFO] 세아제강지주: 분석 대상 포함(250)
2025-08-01 17:30:04,087 [INFO] SK이터닉스: 분석 대상 포함(251)
2025-08-01 17:30:04,087 [INFO] 대상: 분석 대상 포함(252)
2025-08-01 17:30:04,088 [INFO] 영풍: 분석 대상 포함(253)
2025-08-01 17:30:04,088 [INFO] 미원상사: 분석 대상 포함(254)
2025-08-01 17:30:04,088 [INFO] 이노션: 분석 대상 포함(255)
2025-08-01 17:30:04,088 [INFO] 솔루엠: 분석 대상 포함(256)
2025-08-01 17:30:04,088 [INFO] 세진중공업: 분석 대상 포함(257)
2025-08-01 17:30:04,089 [INFO] 빙그레: 분석 대상 포함(258)
2025-08-01 17:30:04,089 [INFO] 케이카: 분석 대상 포함(259)
2025-08-01 17:30:04,089 [INFO] 파미셀: 분석 대상 포함(260)
2025-08-01 17:30:04,089 [INFO] HJ중공업: 분석 대상 포함(261)
2025-08-01 17:30:04,089 [INFO] F&F홀딩스: 분석 대상 포함(262)
2025-08-01 17:30:04,090 [INFO] 미원에스씨: 분석 대상 포함(263)
2025-08-01 17:30:04,090 [INFO] 녹십자홀딩스: 분석 대상 포함(264)
2025-08-01 17:30:04,090 [INFO] 동아쏘시오홀딩스: 분석 대상 포함(265)
2025-08-01 17:30:04,090 [INFO] 보령: 분석 대상 포함(266)
2025-08-01 17:30:04,090 [INFO] TKG휴켐스: 분석 대상 포함(267)
2025-08-01 17:30:04,091 [INFO] 삼양홀딩스: 분석 대상 포함(268)
2025-08-01 17:30:04,253 [INFO] GS피앤엘: 분석 대상 포함(269)
2025-08-01 17:30:04,254 [INFO] 덴티움: 분석 대상 포함(270)
2025-08-01 17:30:04,254 [INFO] 유안타증권: 분석 대상 포함(271)
2025-08-01 17:30:04,254 [INFO] KG모빌리티: 분석 대상 포함(272)
2025-08-01 17:30:04,254 [INFO] 아세아: 분석 대상 포함(273)
2025-08-01 17:30:04,254 [INFO] 전진건설로봇: 분석 대상 포함(274)
2025-08-01 17:30:04,255 [INFO] 풀무원: 분석 대상 포함(275)
2025-08-01 17:30:04,255 [INFO] 한화손해보험: 분석 대상 포함(276)
2025-08-01 17:30:04,255 [INFO] 현대홈쇼핑: 분석 대상 포함(277)
2025-08-01 17:30:04,255 [INFO] TIMEFOLIO 글로벌AI인공지능액티브: 분석 대상 포함(278)
2025-08-01 17:30:04,255 [INFO] 대한유화: 분석 대상 포함(279)
2025-08-01 17:30:04,256 [INFO] 한국단자: 분석 대상 포함(280)
2025-08-01 17:30:04,256 [INFO] 태영건설: 분석 대상 포함(281)
2025-08-01 17:30:04,256 [INFO] 금양: 분석 대상 포함(282)
2025-08-01 17:30:04,256 [INFO] 신풍제약: 분석 대상 포함(283)
2025-08-01 17:30:04,256 [INFO] KIWOOM 국고채10년: 분석 대상 포함(284)
2025-08-01 17:30:04,257 [INFO] 카프로: 분석 대상 포함(285)
2025-08-01 17:30:04,257 [INFO] 풍산홀딩스: 분석 대상 포함(286)
2025-08-01 17:30:04,257 [INFO] LX홀딩스: 분석 대상 포함(287)
2025-08-01 17:30:04,257 [INFO] 쿠쿠홈시스: 분석 대상 포함(288)
2025-08-01 17:30:04,257 [INFO] 케이씨텍: 분석 대상 포함(289)
2025-08-01 17:30:04,257 [INFO] 코스모화학: 분석 대상 포함(290)
2025-08-01 17:30:04,258 [INFO] 아이에스동서: 분석 대상 포함(291)
2025-08-01 17:30:04,258 [INFO] 솔루스첨단소재: 분석 대상 포함(292)
2025-08-01 17:30:04,258 [INFO] 일진하이솔루스: 분석 대상 포함(293)
2025-08-01 17:30:04,258 [INFO] 신성통상: 분석 대상 포함(294)
2025-08-01 17:30:04,258 [INFO] 대한해운: 분석 대상 포함(295)
2025-08-01 17:30:04,258 [INFO] LF: 분석 대상 포함(296)
2025-08-01 17:30:04,259 [INFO] 현대그린푸드: 분석 대상 포함(297)
2025-08-01 17:30:04,259 [INFO] 한일홀딩스: 분석 대상 포함(298)
2025-08-01 17:30:04,259 [INFO] KG스틸: 분석 대상 포함(299)
2025-08-01 17:30:04,259 [INFO] 한국쉘석유: 분석 대상 포함(300)
2025-08-01 17:30:04,259 [INFO] 코오롱: 분석 대상 포함(301)
2025-08-01 17:30:04,259 [INFO] 넥센타이어: 분석 대상 포함(302)
2025-08-01 17:30:04,259 [INFO] 일동제약: 분석 대상 포함(303)
2025-08-01 17:30:04,433 [INFO] 애경케미칼: 분석 대상 포함(304)
2025-08-01 17:30:04,433 [INFO] E1: 분석 대상 포함(305)
2025-08-01 17:30:04,433 [INFO] 유니드: 분석 대상 포함(306)
2025-08-01 17:30:04,433 [INFO] 제주항공: 분석 대상 포함(307)
2025-08-01 17:30:04,434 [INFO] 삼천리: 분석 대상 포함(308)
2025-08-01 17:30:04,434 [INFO] 삼양사: 분석 대상 포함(309)
2025-08-01 17:30:04,434 [INFO] 아세아시멘트: 분석 대상 포함(310)
2025-08-01 17:30:04,434 [INFO] 퍼시스: 분석 대상 포함(311)
2025-08-01 17:30:04,434 [INFO] 바이오노트: 분석 대상 포함(312)
2025-08-01 17:30:04,434 [INFO] JW중외제약: 분석 대상 포함(313)
2025-08-01 17:30:04,434 [INFO] 부국증권: 분석 대상 포함(314)
2025-08-01 17:30:04,435 [INFO] 동국제강: 분석 대상 포함(315)
2025-08-01 17:30:04,435 [INFO] 롯데손해보험: 분석 대상 포함(316)
2025-08-01 17:30:04,435 [INFO] 엠씨넥스: 분석 대상 포함(317)
2025-08-01 17:30:04,435 [INFO] 세아홀딩스: 분석 대상 포함(318)
2025-08-01 17:30:04,435 [INFO] PI첨단소재: 분석 대상 포함(319)
2025-08-01 17:30:04,436 [INFO] 제주은행: 분석 대상 포함(320)
2025-08-01 17:30:04,436 [INFO] KIWOOM 종합채권(AA-이상)액티브: 분석 대상 포함(321)
2025-08-01 17:30:04,436 [INFO] KCC글라스: 분석 대상 포함(322)
2025-08-01 17:30:04,436 [INFO] 후성: 분석 대상 포함(323)
2025-08-01 17:30:04,436 [INFO] OCI: 분석 대상 포함(324)
2025-08-01 17:30:04,437 [INFO] 현대차증권: 분석 대상 포함(325)
2025-08-01 17:30:04,437 [INFO] 고려제강: 분석 대상 포함(326)
2025-08-01 17:30:04,437 [INFO] 비에이치: 분석 대상 포함(327)
2025-08-01 17:30:04,437 [INFO] HD현대에너지솔루션: 분석 대상 포함(328)
2025-08-01 17:30:04,437 [INFO] RISE KIS국고채30년Enhanced: 분석 대상 포함(329)
2025-08-01 17:30:04,437 [INFO] 신도리코: 분석 대상 포함(330)
2025-08-01 17:30:04,438 [INFO] NICE: 분석 대상 포함(331)
2025-08-01 17:30:04,438 [INFO] 콜마홀딩스: 분석 대상 포함(332)
2025-08-01 17:30:04,747 [INFO] SPC삼립: 분석 대상 포함(333)
2025-08-01 17:30:04,748 [INFO] 지누스: 분석 대상 포함(334)
2025-08-01 17:30:04,748 [INFO] 진에어: 분석 대상 포함(335)
2025-08-01 17:30:04,748 [INFO] 화승엔터프라이즈: 분석 대상 포함(336)
2025-08-01 17:30:04,748 [INFO] TCC스틸: 분석 대상 포함(337)
2025-08-01 17:30:04,749 [INFO] 쏘카: 분석 대상 포함(338)
2025-08-01 17:30:04,749 [INFO] 명신산업: 분석 대상 포함(339)
2025-08-01 17:30:04,749 [INFO] 조광피혁: 분석 대상 포함(340)
2025-08-01 17:30:04,749 [INFO] TIMEFOLIO 미국나스닥100액티브: 분석 대상 포함(341)
2025-08-01 17:30:04,750 [INFO] RISE 미국30년국채엔화노출(합성 H): 분석 대상 포함(342)
2025-08-01 17:30:04,750 [INFO] 동아에스티: 분석 대상 포함(343)
2025-08-01 17:30:04,750 [INFO] 애경산업: 분석 대상 포함(344)
2025-08-01 17:30:04,750 [INFO] DS단석: 분석 대상 포함(345)
2025-08-01 17:30:04,750 [INFO] 맵스리얼티1: 분석 대상 포함(346)
2025-08-01 17:30:04,750 [INFO] 신대양제지: 분석 대상 포함(347)
2025-08-01 17:30:04,751 [INFO] KIWOOM 200: 분석 대상 포함(348)
2025-08-01 17:30:04,751 [INFO] 세아제강: 분석 대상 포함(349)
2025-08-01 17:30:04,751 [INFO] 흥아해운: 분석 대상 포함(350)
2025-08-01 17:30:04,751 [INFO] 한세실업: 분석 대상 포함(351)
2025-08-01 17:30:04,751 [INFO] 드림텍: 분석 대상 포함(352)
2025-08-01 17:30:04,751 [INFO] 스틱인베스트먼트: 분석 대상 포함(353)
2025-08-01 17:30:04,752 [INFO] 해성디에스: 분석 대상 포함(354)
2025-08-01 17:30:04,752 [INFO] 티웨이항공: 분석 대상 포함(355)
2025-08-01 17:30:04,752 [INFO] 신세계인터내셔날: 분석 대상 포함(356)
2025-08-01 17:30:04,752 [INFO] 한전산업: 분석 대상 포함(357)
2025-08-01 17:30:04,752 [INFO] 영진약품: 분석 대상 포함(358)
2025-08-01 17:30:04,753 [INFO] 더본코리아: 분석 대상 포함(359)
2025-08-01 17:30:04,753 [INFO] 자화전자: 분석 대상 포함(360)
2025-08-01 17:30:04,753 [INFO] 한일현대시멘트: 분석 대상 포함(361)
2025-08-01 17:30:04,754 [INFO] HANARO 200: 분석 대상 포함(362)
2025-08-01 17:42:07,865 [INFO] 💡 **[단일 매수신호 (1점)]**
- 한미반도체 (042700) - 1점
  📊 [MACD돌파직전]
- 부국증권 (001270) - 1점
  📊 [외국인기관매수]
2025-08-01 17:42:08,954 [INFO] single 종목: 2개
2025-08-01 17:42:08,954 [INFO] 📈 **[다중신호 종목 요약]**
🚀 초강력 신호: 0개
🔥 강력 신호: 0개
⭐ 보통 신호: 0개
⚡ 약한 신호: 0개
💡 단일 신호: 2개
📊 **총 다중신호 종목: 0개**
2025-08-01 17:42:09,937 [INFO] 분석 완료!
