2025-07-29 10:10:02,733 [INFO] 📊 시가총액 상위 200개 종목 분석 시작...
2025-07-29 10:10:02,941 [INFO] 삼성전자: 시가총액 상위 종목 제외(1)
2025-07-29 10:10:02,942 [INFO] SK하이닉스: 시가총액 상위 종목 제외(2)
2025-07-29 10:10:02,942 [INFO] LG에너지솔루션: 시가총액 상위 종목 제외(3)
2025-07-29 10:10:02,942 [INFO] 삼성바이오로직스: 시가총액 상위 종목 제외(4)
2025-07-29 10:10:02,942 [INFO] 한화에어로스페이스: 시가총액 상위 종목 제외(5)
2025-07-29 10:10:02,943 [INFO] 현대차: 시가총액 상위 종목 제외(6)
2025-07-29 10:10:02,943 [INFO] KB금융: 시가총액 상위 종목 제외(7)
2025-07-29 10:10:02,943 [INFO] 기아: 시가총액 상위 종목 제외(8)
2025-07-29 10:10:02,943 [INFO] HD현대중공업: 시가총액 상위 종목 제외(9)
2025-07-29 10:10:02,943 [INFO] 두산에너빌리티: 시가총액 상위 종목 제외(10)
2025-07-29 10:10:02,944 [INFO] 셀트리온: 시가총액 상위 종목 제외(11)
2025-07-29 10:10:02,944 [INFO] NAVER: 시가총액 상위 종목 제외(12)
2025-07-29 10:10:02,944 [INFO] 신한지주: 시가총액 상위 종목 제외(13)
2025-07-29 10:10:02,944 [INFO] 한화오션: 시가총액 상위 종목 제외(14)
2025-07-29 10:10:02,945 [INFO] 삼성물산: 시가총액 상위 종목 제외(15)
2025-07-29 10:10:02,945 [INFO] 현대모비스: 시가총액 상위 종목 제외(16)
2025-07-29 10:10:02,945 [INFO] 한국전력: 시가총액 상위 종목 제외(17)
2025-07-29 10:10:02,945 [INFO] POSCO홀딩스: 시가총액 상위 종목 제외(18)
2025-07-29 10:10:02,945 [INFO] 삼성생명: 시가총액 상위 종목 제외(19)
2025-07-29 10:10:02,945 [INFO] 카카오: 시가총액 상위 종목 제외(20)
2025-07-29 10:10:02,945 [INFO] HD한국조선해양: 시가총액 상위 종목 제외(21)
2025-07-29 10:10:02,946 [INFO] 하나금융지주: 시가총액 상위 종목 제외(22)
2025-07-29 10:10:02,946 [INFO] HMM: 시가총액 상위 종목 제외(23)
2025-07-29 10:10:02,946 [INFO] LG화학: 시가총액 상위 종목 제외(24)
2025-07-29 10:10:02,946 [INFO] 현대로템: 시가총액 상위 종목 제외(25)
2025-07-29 10:10:02,946 [INFO] 삼성화재: 시가총액 상위 종목 제외(26)
2025-07-29 10:10:02,946 [INFO] SK스퀘어: 시가총액 상위 종목 제외(27)
2025-07-29 10:10:02,947 [INFO] HD현대일렉트릭: 시가총액 상위 종목 제외(28)
2025-07-29 10:10:02,947 [INFO] SK이노베이션: 시가총액 상위 종목 제외(29)
2025-07-29 10:10:02,947 [INFO] 삼성중공업: 시가총액 상위 종목 제외(30)
2025-07-29 10:10:02,947 [INFO] 고려아연: 시가총액 상위 종목 제외(31)
2025-07-29 10:10:02,947 [INFO] KT&G: 시가총액 상위 종목 제외(32)
2025-07-29 10:10:02,947 [INFO] 크래프톤: 시가총액 상위 종목 제외(33)
2025-07-29 10:10:02,948 [INFO] 삼성SDI: 시가총액 상위 종목 제외(34)
2025-07-29 10:10:02,948 [INFO] 기업은행: 시가총액 상위 종목 제외(35)
2025-07-29 10:10:02,948 [INFO] SK: 시가총액 상위 종목 제외(36)
2025-07-29 10:10:02,948 [INFO] KT: 시가총액 상위 종목 제외(37)
2025-07-29 10:10:02,948 [INFO] 카카오뱅크: 시가총액 상위 종목 제외(38)
2025-07-29 10:10:02,948 [INFO] LIG넥스원: 시가총액 상위 종목 제외(39)
2025-07-29 10:10:02,948 [INFO] LG전자: 시가총액 상위 종목 제외(40)
2025-07-29 10:10:02,949 [INFO] LG: 시가총액 상위 종목 제외(41)
2025-07-29 10:10:02,949 [INFO] 삼성에스디에스: 시가총액 상위 종목 제외(42)
2025-07-29 10:10:02,949 [INFO] 효성중공업: 시가총액 상위 종목 제외(43)
2025-07-29 10:10:02,949 [INFO] SK텔레콤: 시가총액 상위 종목 제외(44)
2025-07-29 10:10:02,949 [INFO] 포스코퓨처엠: 시가총액 상위 종목 제외(45)
2025-07-29 10:10:02,949 [INFO] 한화시스템: 시가총액 상위 종목 제외(46)
2025-07-29 10:10:02,949 [INFO] HD현대: 시가총액 상위 종목 제외(47)
2025-07-29 10:10:03,110 [INFO] 현대글로비스: 시가총액 상위 종목 제외(48)
2025-07-29 10:10:03,110 [INFO] 미래에셋증권: 시가총액 상위 종목 제외(49)
2025-07-29 10:10:03,110 [INFO] 하이브: 시가총액 상위 종목 제외(50)
2025-07-29 10:13:43,258 [INFO] ⚡ **[약한 매수신호 (2점)]**
- SK디스커버리 (006120) - 2점
  📊 [볼린저밴드복귀, 엔벨로프반등]
2025-07-29 10:13:44,160 [INFO] weak 종목: 1개
2025-07-29 10:13:44,160 [INFO] 💡 **[단일 매수신호 (1점)]**
- 아모레퍼시픽 (090430) - 1점
  📊 [볼린저밴드복귀]
- 두산밥캣 (241560) - 1점
  📊 [볼린저밴드복귀]
- 한미약품 (128940) - 1점
  📊 [볼린저밴드복귀]
- SK가스 (018670) - 1점
  📊 [볼린저밴드복귀]
- 아모레퍼시픽홀딩스 (002790) - 1점
  📊 [볼린저밴드복귀]
- 롯데쇼핑 (023530) - 1점
  📊 [볼린저밴드복귀]
- BGF리테일 (282330) - 1점
  📊 [볼린저밴드복귀]
- GS건설 (006360) - 1점
  📊 [볼린저밴드복귀]
- 현대백화점 (069960) - 1점
  📊 [볼린저밴드복귀]
- 하이트진로 (000080) - 1점
  📊 [볼린저밴드복귀]
- SK네트웍스 (001740) - 1점
  📊 [볼린저밴드복귀]
- 이노션 (214320) - 1점
  📊 [볼린저밴드복귀]
- 빙그레 (005180) - 1점
  📊 [볼린저밴드복귀]
- 동아쏘시오홀딩스 (000640) - 1점
  📊 [볼린저밴드복귀]
- LX홀딩스 (383800) - 1점
  📊 [볼린저밴드복귀]
- 제주항공 (089590) - 1점
  📊 [볼린저밴드복귀]
- KCC글라스 (344820) - 1점
  📊 [볼린저밴드복귀]
- 신도리코 (029530) - 1점
  📊 [볼린저밴드복귀]
- 진에어 (272450) - 1점
  📊 [볼린저밴드복귀]
- 스틱인베스트먼트 (026890) - 1점
  📊 [엔벨로프반등]
- 신대양제지 (016590) - 1점
  📊 [볼린저밴드복귀]
- 더본코리아 (475560) - 1점
  📊 [볼린저밴드복귀]
2025-07-29 10:13:45,120 [INFO] single 종목: 22개
2025-07-29 10:13:45,120 [INFO] 📈 **[다중신호 종목 요약]**
🚀 초강력 신호: 0개
🔥 강력 신호: 0개
⭐ 보통 신호: 0개
⚡ 약한 신호: 1개
💡 단일 신호: 22개
📊 **총 다중신호 종목: 1개**
2025-07-29 10:13:46,083 [INFO] 분석 완료!
