2025-07-28 10:00:03,764 [INFO] 📊 시가총액 상위 200개 종목 분석 시작...
2025-07-28 10:00:03,986 [INFO] 삼성전자: 시가총액 상위 종목 제외(1)
2025-07-28 10:00:03,986 [INFO] SK하이닉스: 시가총액 상위 종목 제외(2)
2025-07-28 10:00:03,987 [INFO] LG에너지솔루션: 시가총액 상위 종목 제외(3)
2025-07-28 10:00:03,987 [INFO] 삼성바이오로직스: 시가총액 상위 종목 제외(4)
2025-07-28 10:00:03,987 [INFO] 한화에어로스페이스: 시가총액 상위 종목 제외(5)
2025-07-28 10:00:03,987 [INFO] 현대차: 시가총액 상위 종목 제외(6)
2025-07-28 10:00:03,987 [INFO] KB금융: 시가총액 상위 종목 제외(7)
2025-07-28 10:00:03,987 [INFO] 기아: 시가총액 상위 종목 제외(8)
2025-07-28 10:00:03,988 [INFO] HD현대중공업: 시가총액 상위 종목 제외(9)
2025-07-28 10:00:03,988 [INFO] 두산에너빌리티: 시가총액 상위 종목 제외(10)
2025-07-28 10:00:03,988 [INFO] 셀트리온: 시가총액 상위 종목 제외(11)
2025-07-28 10:00:03,988 [INFO] NAVER: 시가총액 상위 종목 제외(12)
2025-07-28 10:00:03,988 [INFO] 신한지주: 시가총액 상위 종목 제외(13)
2025-07-28 10:00:03,988 [INFO] 한화오션: 시가총액 상위 종목 제외(14)
2025-07-28 10:00:03,988 [INFO] 삼성물산: 시가총액 상위 종목 제외(15)
2025-07-28 10:00:03,988 [INFO] 현대모비스: 시가총액 상위 종목 제외(16)
2025-07-28 10:00:03,989 [INFO] POSCO홀딩스: 시가총액 상위 종목 제외(17)
2025-07-28 10:00:03,989 [INFO] HD한국조선해양: 시가총액 상위 종목 제외(18)
2025-07-28 10:00:03,989 [INFO] 한국전력: 시가총액 상위 종목 제외(19)
2025-07-28 10:00:03,989 [INFO] 삼성생명: 시가총액 상위 종목 제외(20)
2025-07-28 10:00:03,989 [INFO] 카카오: 시가총액 상위 종목 제외(21)
2025-07-28 10:00:03,989 [INFO] 하나금융지주: 시가총액 상위 종목 제외(22)
2025-07-28 10:00:03,989 [INFO] HMM: 시가총액 상위 종목 제외(23)
2025-07-28 10:00:03,989 [INFO] LG화학: 시가총액 상위 종목 제외(24)
2025-07-28 10:00:03,990 [INFO] 현대로템: 시가총액 상위 종목 제외(25)
2025-07-28 10:00:03,990 [INFO] SK스퀘어: 시가총액 상위 종목 제외(26)
2025-07-28 10:00:03,990 [INFO] 삼성화재: 시가총액 상위 종목 제외(27)
2025-07-28 10:00:03,990 [INFO] HD현대일렉트릭: 시가총액 상위 종목 제외(28)
2025-07-28 10:00:03,990 [INFO] SK이노베이션: 시가총액 상위 종목 제외(29)
2025-07-28 10:00:03,990 [INFO] 삼성중공업: 시가총액 상위 종목 제외(30)
2025-07-28 10:00:03,991 [INFO] 고려아연: 시가총액 상위 종목 제외(31)
2025-07-28 10:00:03,991 [INFO] 크래프톤: 시가총액 상위 종목 제외(32)
2025-07-28 10:00:03,991 [INFO] KT&G: 시가총액 상위 종목 제외(33)
2025-07-28 10:00:03,991 [INFO] 삼성SDI: 시가총액 상위 종목 제외(34)
2025-07-28 10:00:03,991 [INFO] 기업은행: 시가총액 상위 종목 제외(35)
2025-07-28 10:00:03,991 [INFO] SK: 시가총액 상위 종목 제외(36)
2025-07-28 10:00:03,991 [INFO] KT: 시가총액 상위 종목 제외(37)
2025-07-28 10:00:03,992 [INFO] 카카오뱅크: 시가총액 상위 종목 제외(38)
2025-07-28 10:00:03,992 [INFO] LIG넥스원: 시가총액 상위 종목 제외(39)
2025-07-28 10:00:03,992 [INFO] LG전자: 시가총액 상위 종목 제외(40)
2025-07-28 10:00:03,992 [INFO] LG: 시가총액 상위 종목 제외(41)
2025-07-28 10:00:03,992 [INFO] 삼성에스디에스: 시가총액 상위 종목 제외(42)
2025-07-28 10:00:03,992 [INFO] 효성중공업: 시가총액 상위 종목 제외(43)
2025-07-28 10:00:03,992 [INFO] SK텔레콤: 시가총액 상위 종목 제외(44)
2025-07-28 10:00:03,992 [INFO] HD현대: 시가총액 상위 종목 제외(45)
2025-07-28 10:00:03,993 [INFO] 포스코퓨처엠: 시가총액 상위 종목 제외(46)
2025-07-28 10:00:03,993 [INFO] 한화시스템: 시가총액 상위 종목 제외(47)
2025-07-28 10:00:04,162 [INFO] 미래에셋증권: 시가총액 상위 종목 제외(48)
2025-07-28 10:00:04,163 [INFO] 현대글로비스: 시가총액 상위 종목 제외(49)
2025-07-28 10:00:04,163 [INFO] 하이브: 시가총액 상위 종목 제외(50)
2025-07-28 10:00:08,438 [INFO] ❌ 포스코인터내셔널: 외국인 매수 추세 아님:[-144780, -76926, 104278, -116839]:distributing
2025-07-28 10:00:08,523 [INFO] ❌ DB손해보험: 외국인 매수 추세 아님:[-16680, -641, -15463, -34497]:distributing
2025-07-28 10:00:15,016 [INFO] ❌ 코웨이: 외국인 매수 추세 아님:[-40992, -65309, -112589, -70226]:distributing
2025-07-28 10:00:21,253 [INFO] ❌ LG씨엔에스: 외국인 매수 추세 아님:[-3725, -136829, -36418, -9071]:distributing
2025-07-28 10:00:21,366 [INFO] ❌ 한화솔루션: 외국인 매수 추세 아님:[469347, -162926, -513912, -287382]:distributing
2025-07-28 10:00:22,291 [INFO] ❌ 에이피알: 외국인 매수 추세 아님:[64829, -118895, -3535, -56950]:distributing
2025-07-28 10:00:24,783 [INFO] ❌ 삼성카드: 외국인 매수 추세 아님:[11369, -24493, -16736, -7825]:distributing
2025-07-28 10:00:26,559 [INFO] ❌ 맥쿼리인프라: 외국인 매수 추세 아님:[-237592, -486159, -316808, -156351]:distributing
2025-07-28 10:00:33,160 [INFO] ❌ GS: 외국인 매수 추세 아님:[-16003, -65448, -36602, -51697]:distributing
2025-07-28 10:00:33,268 [INFO] ❌ 풍산: 외국인 매수 추세 아님:[-5906, -89047, -1645, 24231]:distributing
2025-07-28 10:00:33,377 [INFO] ❌ JB금융지주: 외국인 매수 추세 아님:[-69008, -26612, -46321, -118149]:distributing
2025-07-28 10:00:39,352 [INFO] ❌ 포스코DX: 외국인 매수 추세 아님:[-45150, -128713, 106762, -142661]:distributing
2025-07-28 10:00:41,545 [INFO] ❌ CJ제일제당: 외국인 매수 추세 아님:[2742, -14346, -3765, -866]:distributing
2025-07-28 10:00:41,644 [INFO] ❌ 에코프로머티: 외국인 매수 추세 아님:[-35496, -22414, -41456, -113752]:distributing
2025-07-28 10:00:41,774 [INFO] ❌ LG이노텍: 외국인 매수 추세 아님:[-11840, 79508, -23056, -72665]:distributing
2025-07-28 10:00:41,903 [INFO] ❌ SK바이오사이언스: 외국인 매수 추세 아님:[-5854, -7325, 143, -10963]:distributing
2025-07-28 10:00:44,593 [INFO] ❌ 금호석유화학: 외국인 매수 추세 아님:[-37864, -20088, -6258, -21494]:distributing
2025-07-28 10:00:44,700 [INFO] ❌ 한미사이언스: 외국인 매수 추세 아님:[-21019, -4085, -24380, 51406]:distributing
2025-07-28 10:00:46,490 [INFO] ❌ 동서: 외국인 매수 추세 아님:[-7208, -17056, -15400, -3860]:distributing
2025-07-28 10:00:49,039 [INFO] ❌ 대한전선: 외국인 매수 추세 아님:[-34189, -226845, 74164, -188648]:distributing
2025-07-28 10:00:51,697 [INFO] ❌ 서울보증보험: 외국인 매수 추세 아님:[-7045, 19136, -305, -12815]:distributing
2025-07-28 10:00:51,787 [INFO] ❌ F&F: 외국인 매수 추세 아님:[-1724, -386, 6721, -4106]:distributing
2025-07-28 10:00:54,799 [INFO] ❌ 시프트업: 외국인 매수 추세 아님:[-37665, -51775, -17900, -20684]:distributing
2025-07-28 10:01:00,666 [INFO] ❌ 농심: 외국인 매수 추세 아님:[-5259, -43523, -10969, -2407]:distributing
2025-07-28 10:01:02,508 [INFO] ❌ RISE 머니마켓액티브: 외국인 매수 추세 아님:[-1, 0, 505, 0]:distributing
2025-07-28 10:01:07,835 [INFO] ❌ 미스토홀딩스: 외국인 매수 추세 아님:[-11140, 853, -8367, -5818]:distributing
2025-07-28 10:01:07,925 [INFO] ❌ 신영증권: 외국인 매수 추세 아님:[-1756, -7613, -7270, -29958]:distributing
2025-07-28 10:01:08,030 [INFO] ❌ SK아이이테크놀로지: 외국인 매수 추세 아님:[6704, -53, -9548, -7727]:distributing
2025-07-28 10:01:09,059 [INFO] ❌ 코리안리: 외국인 매수 추세 아님:[-72050, -63435, -70055, -303961]:distributing
2025-07-28 10:01:10,835 [INFO] ❌ 씨에스윈드: 외국인 매수 추세 아님:[-41036, -339894, -26979, -83162]:distributing
2025-07-28 10:01:11,770 [INFO] ❌ 일진전기: 외국인 매수 추세 아님:[-33860, 124272, -16603, -44216]:distributing
2025-07-28 10:01:11,842 [INFO] ❌ 아시아나항공: 외국인 매수 추세 아님:[-10087, -26922, -17572, -14278]:distributing
2025-07-28 10:01:11,906 [INFO] ❌ BGF리테일: 외국인 매수 추세 아님:[-3419, -12186, -4702, 6373]:distributing
2025-07-28 10:01:12,010 [INFO] ❌ 호텔신라: 외국인 매수 추세 아님:[-40053, -53719, -10617, 48048]:distributing
2025-07-28 10:01:15,515 [INFO] ❌ 동원산업: 외국인 매수 추세 아님:[-1149, -10530, -1125, 8306]:distributing
2025-07-28 10:01:19,669 [INFO] ❌ HL만도: 외국인 매수 추세 아님:[-71061, -42283, 95916, -69313]:distributing
2025-07-28 10:01:22,389 [INFO] ❌ 에스엘: 외국인 매수 추세 아님:[-26928, -42857, 215524, -40565]:distributing
2025-07-28 10:01:22,494 [INFO] ❌ 오뚜기: 외국인 매수 추세 아님:[-726, -2492, -570, -295]:distributing
2025-07-28 10:01:22,571 [INFO] ❌ RISE 종합채권(A-이상)액티브: 외국인 매수 추세 아님:[0, 0, 0, 0]:distributing
2025-07-28 10:01:24,416 [INFO] ❌ 두산퓨얼셀: 외국인 매수 추세 아님:[-21198, -9272, 15245, -23188]:distributing
2025-07-28 10:01:25,362 [INFO] ❌ 한올바이오파마: 외국인 매수 추세 아님:[-410048, -115802, -75693, -105369]:distributing
2025-07-28 10:01:26,353 [INFO] ❌ 하이트진로: 외국인 매수 추세 아님:[-4713, -66399, -39642, -38708]:distributing
2025-07-28 10:01:27,380 [INFO] ❌ 동양생명: 외국인 매수 추세 아님:[-36597, -6492, -16596, 21270]:distributing
2025-07-28 10:01:28,237 [INFO] ❌ 현대위아: 외국인 매수 추세 아님:[-4321, -19645, 2493, -23260]:distributing
2025-07-28 10:01:28,323 [INFO] ❌ 오리온홀딩스: 외국인 매수 추세 아님:[37348, -4257, -9912, -16413]:distributing
2025-07-28 10:01:28,411 [INFO] ❌ 금호타이어: 외국인 매수 추세 아님:[-147790, -202391, 12315, -251823]:distributing
2025-07-28 10:01:29,361 [INFO] ❌ 이수스페셜티케미컬: 외국인 매수 추세 아님:[-16847, -17213, -172568, 29707]:distributing
2025-07-28 10:01:29,421 [INFO] ❌ HDC: 외국인 매수 추세 아님:[-40760, -22956, -18432, 2483]:distributing
2025-07-28 10:01:30,431 [INFO] ❌ 롯데에너지머티리얼즈: 외국인 매수 추세 아님:[-14908, -21259, -18673, -18767]:distributing
2025-07-28 10:01:34,066 [INFO] ❌ 경동나비엔: 외국인 매수 추세 아님:[-16255, -5751, -13040, -32450]:distributing
2025-07-28 10:01:34,143 [INFO] ❌ 코스모신소재: 외국인 매수 추세 아님:[-21552, -48262, -62678, -44835]:distributing
2025-07-28 10:01:34,215 [INFO] ❌ LX인터내셔널: 외국인 매수 추세 아님:[-7895, -21235, -37335, -12701]:distributing
2025-07-28 10:01:37,700 [INFO] ❌ 더블유게임즈: 외국인 매수 추세 아님:[-1405, 291, -6102, -1362]:distributing
2025-07-28 10:01:37,795 [INFO] ❌ SK오션플랜트: 외국인 매수 추세 아님:[-35892, -67310, -45919, 12990]:distributing
2025-07-28 10:01:41,170 [INFO] ❌ 종근당: 외국인 매수 추세 아님:[-4263, -2026, -1170, 2923]:distributing
2025-07-28 10:01:42,073 [INFO] ❌ 태광산업: 외국인 매수 추세 아님:[-318, -576, -627, 327]:distributing
2025-07-28 10:01:42,166 [INFO] ❌ 롯데웰푸드: 외국인 매수 추세 아님:[-5107, -8592, -6309, -3569]:distributing
2025-07-28 10:01:42,266 [INFO] ❌ DL: 외국인 매수 추세 아님:[-22417, -10496, -32265, -32055]:distributing
2025-07-28 10:01:42,343 [INFO] ❌ 효성티앤씨: 외국인 매수 추세 아님:[-304, -3907, -2866, -3590]:distributing
2025-07-28 10:01:43,272 [INFO] ❌ 롯데정밀화학: 외국인 매수 추세 아님:[-1303, -6716, -6381, -15968]:distributing
2025-07-28 10:01:44,210 [INFO] ❌ 쿠쿠홀딩스: 외국인 매수 추세 아님:[-1855, -2695, -6210, -1039]:distributing
2025-07-28 10:01:44,290 [INFO] ❌ 한샘: 외국인 매수 추세 아님:[-2160, -9239, -11845, -11867]:distributing
2025-07-28 10:01:44,371 [INFO] ❌ RISE CD금리액티브(합성): 외국인 매수 추세 아님:[0, 0, 0, 0]:distributing
2025-07-28 10:01:44,441 [INFO] ❌ 1Q 머니마켓액티브: 외국인 매수 추세 아님:[0, 0, 0, 0]:distributing
2025-07-28 10:01:44,516 [INFO] ❌ 가온전선: 외국인 매수 추세 아님:[-2149, 664, -5684, -10424]:distributing
2025-07-28 10:01:44,606 [INFO] ❌ RISE 단기특수은행채액티브: 외국인 매수 추세 아님:[0, 0, 796, 0]:distributing
2025-07-28 10:01:46,260 [INFO] ❌ KB발해인프라: 외국인 매수 추세 아님:[-11775, -4510, -9647, -15526]:distributing
2025-07-28 10:01:46,324 [INFO] ❌ 세방전지: 외국인 매수 추세 아님:[-8413, -18378, 18776, -14269]:distributing
2025-07-28 10:01:49,827 [INFO] ❌ KIWOOM 200TR: 외국인 매수 추세 아님:[-191, 403, -153, -137]:distributing
2025-07-28 10:01:49,895 [INFO] ❌ NICE평가정보: 외국인 매수 추세 아님:[-539, 17335, -5843, -5173]:distributing
2025-07-28 10:01:51,649 [INFO] ❌ SOL 종합채권(AA-이상)액티브: 외국인 매수 추세 아님:[0, 0, -1, 0]:distributing
2025-07-28 10:01:53,329 [INFO] ❌ HS효성첨단소재: 외국인 매수 추세 아님:[-649, -5395, -1785, -3475]:distributing
2025-07-28 10:01:53,411 [INFO] ❌ 세아제강지주: 외국인 매수 추세 아님:[-1127, -362, 5873, -46]:distributing
2025-07-28 10:01:55,299 [INFO] ❌ 동원시스템즈: 외국인 매수 추세 아님:[1781, -1691, -1963, -4194]:distributing
2025-07-28 10:01:56,253 [INFO] ❌ SNT모티브: 외국인 매수 추세 아님:[-20206, -13206, 3578, -4876]:distributing
2025-07-28 10:01:57,236 [INFO] ❌ 동원F&B: 외국인 매수 추세 아님:[0, 0, 0, 0]:distributing
2025-07-28 10:01:57,317 [INFO] ❌ SK이터닉스: 외국인 매수 추세 아님:[-135260, 40461, -47166, -15836]:distributing
2025-07-28 10:01:57,412 [INFO] ❌ CJ CGV: 외국인 매수 추세 아님:[-8613, -70866, -240894, -78261]:distributing
2025-07-28 10:02:02,591 [INFO] ❌ 빙그레: 외국인 매수 추세 아님:[-15549, -47088, -8516, -11419]:distributing
2025-07-28 10:02:04,385 [INFO] ❌ 동아쏘시오홀딩스: 외국인 매수 추세 아님:[-2975, -1541, -3058, 235]:distributing
2025-07-28 10:02:04,477 [INFO] ❌ 솔루엠: 외국인 매수 추세 아님:[-29858, -33365, -15049, -30853]:distributing
2025-07-28 10:02:04,556 [INFO] ❌ 미원상사: 외국인 매수 추세 아님:[-534, -2258, -838, 282]:distributing
2025-07-28 10:02:05,455 [INFO] ❌ 보령: 외국인 매수 추세 아님:[-296840, 42461, -10421, -20875]:distributing
2025-07-28 10:02:07,235 [INFO] ❌ 케이카: 외국인 매수 추세 아님:[-34740, -8784, 16122, -8780]:distributing
2025-07-28 10:02:07,328 [INFO] ❌ 미원에스씨: 외국인 매수 추세 아님:[-349, -384, -329, -523]:distributing
2025-07-28 10:02:08,334 [INFO] ❌ 덴티움: 외국인 매수 추세 아님:[6108, -8760, -7143, -4733]:distributing
2025-07-28 10:02:08,399 [INFO] ❌ 전진건설로봇: 외국인 매수 추세 아님:[-9303, -6930, 1244, -4680]:distributing
2025-07-28 10:02:08,482 [INFO] ❌ KG모빌리티: 외국인 매수 추세 아님:[-21204, -46346, 51367, -18123]:distributing
2025-07-28 10:02:09,421 [INFO] ❌ TKG휴켐스: 외국인 매수 추세 아님:[-727, -7853, -2871, 44600]:distributing
2025-07-28 10:02:11,280 [INFO] ❌ 아세아: 외국인 매수 추세 아님:[-218, -337, 446, -462]:distributing
2025-07-28 10:02:11,383 [INFO] ❌ 현대홈쇼핑: 외국인 매수 추세 아님:[-5694, -4697, -4945, -2544]:distributing
2025-07-28 10:02:11,468 [INFO] ❌ 한국단자: 외국인 매수 추세 아님:[-15177, -13083, 10532, -8703]:distributing
2025-07-28 10:02:11,568 [INFO] ❌ 대한유화: 외국인 매수 추세 아님:[3680, -3833, -4278, -18558]:distributing
2025-07-28 10:02:15,027 [INFO] ❌ 금양: 외국인 매수 추세 아님:[0, 0, 0, 0]:distributing
2025-07-28 10:02:15,159 [INFO] ❌ KIWOOM 국고채10년: 외국인 매수 추세 아님:[-13, 0, 0, 0]:distributing
2025-07-28 10:02:16,877 [INFO] ❌ 코스모화학: 외국인 매수 추세 아님:[7311, -3067, -12341, -2896]:distributing
2025-07-28 10:02:17,743 [INFO] ❌ 카프로: 외국인 매수 추세 아님:[0, 0, 0, 0]:distributing
2025-07-28 10:02:19,620 [INFO] ❌ 아이에스동서: 외국인 매수 추세 아님:[-17705, -1300, -11409, -8290]:distributing
2025-07-28 10:02:20,508 [INFO] ❌ 케이씨텍: 외국인 매수 추세 아님:[-20229, 536, -14401, -17543]:distributing
2025-07-28 10:02:20,576 [INFO] ❌ 애경케미칼: 외국인 매수 추세 아님:[-11806, -8794, 5853, -22695]:distributing
2025-07-28 10:02:23,087 [INFO] ❌ 부국증권: 외국인 매수 추세 아님:[152, -11299, -12632, -21148]:distributing
2025-07-28 10:02:23,178 [INFO] ❌ 한국쉘석유: 외국인 매수 추세 아님:[151, -177, -312, -224]:distributing
2025-07-28 10:02:25,979 [INFO] ❌ 제주은행: 외국인 매수 추세 아님:[-98068, -71963, 32632, -20806]:distributing
2025-07-28 10:02:26,064 [INFO] ❌ 유니드: 외국인 매수 추세 아님:[-18214, -12948, -7681, 2879]:distributing
2025-07-28 10:02:26,142 [INFO] ❌ 현대그린푸드: 외국인 매수 추세 아님:[-10133, -20143, -2747, -2089]:distributing
2025-07-28 10:02:26,919 [INFO] ❌ 제주항공: 외국인 매수 추세 아님:[-7035, -11870, -20512, -36125]:distributing
2025-07-28 10:02:27,010 [INFO] ❌ 한일홀딩스: 외국인 매수 추세 아님:[430, -3573, -1269, -3070]:distributing
2025-07-28 10:02:27,086 [INFO] ❌ 롯데손해보험: 외국인 매수 추세 아님:[-42346, -115774, 55631, -376946]:distributing
2025-07-28 10:02:27,226 [INFO] ❌ LF: 외국인 매수 추세 아님:[13501, -18899, -349, -1522]:distributing
2025-07-28 10:02:27,298 [INFO] ❌ 삼양사: 외국인 매수 추세 아님:[147, -1129, -3202, -1080]:distributing
2025-07-28 10:02:28,269 [INFO] ❌ 퍼시스: 외국인 매수 추세 아님:[-127, -353, -1, -103]:distributing
2025-07-28 10:02:29,224 [INFO] ❌ 동국제강: 외국인 매수 추세 아님:[11767, -53708, -4003, -3090]:distributing
2025-07-28 10:02:29,284 [INFO] ❌ JW중외제약: 외국인 매수 추세 아님:[-17560, -11777, -25078, -4073]:distributing
2025-07-28 10:02:30,257 [INFO] ❌ 풀무원: 외국인 매수 추세 아님:[-64683, -114745, -168904, -17927]:distributing
2025-07-28 10:02:32,045 [INFO] ❌ KCC글라스: 외국인 매수 추세 아님:[-7620, -6826, -1143, -7174]:distributing
2025-07-28 10:02:32,157 [INFO] ❌ 후성: 외국인 매수 추세 아님:[85014, -41807, -4031, -9374]:distributing
2025-07-28 10:02:32,237 [INFO] ❌ 비에이치: 외국인 매수 추세 아님:[-29680, -204901, -117961, 51062]:distributing
2025-07-28 10:02:32,308 [INFO] ❌ NICE: 외국인 매수 추세 아님:[-13601, -16410, -36366, -15407]:distributing
2025-07-28 10:02:32,395 [INFO] ❌ KIWOOM 종합채권(AA-이상)액티브: 외국인 매수 추세 아님:[0, 0, 0, 0]:distributing
2025-07-28 10:02:34,174 [INFO] ❌ 고려제강: 외국인 매수 추세 아님:[-3065, -2656, 3540, -429]:distributing
2025-07-28 10:02:35,111 [INFO] ❌ RISE KIS국고채30년Enhanced: 외국인 매수 추세 아님:[677, -445, -480, -54]:distributing
2025-07-28 10:02:35,188 [INFO] ❌ TCC스틸: 외국인 매수 추세 아님:[-29201, 6070, -37729, -45006]:distributing
2025-07-28 10:02:35,253 [INFO] ❌ SPC삼립: 외국인 매수 추세 아님:[-1846, -4175, -827, -990]:distributing
2025-07-28 10:02:36,096 [INFO] ❌ 진에어: 외국인 매수 추세 아님:[-15791, -36364, -5142, -26188]:distributing
2025-07-28 10:02:36,170 [INFO] ❌ 지누스: 외국인 매수 추세 아님:[-40480, -70183, -5753, -28764]:distributing
2025-07-28 10:02:36,245 [INFO] ❌ 화승엔터프라이즈: 외국인 매수 추세 아님:[-32494, -56645, -20239, -19161]:distributing
2025-07-28 10:02:36,334 [INFO] ❌ 아세아시멘트: 외국인 매수 추세 아님:[-5980, -5660, 25465, -1007]:distributing
2025-07-28 10:02:37,250 [INFO] ❌ 동아에스티: 외국인 매수 추세 아님:[-8721, -2409, -3351, -3418]:distributing
2025-07-28 10:02:37,334 [INFO] ❌ 명신산업: 외국인 매수 추세 아님:[-16654, -2643, 26095, -39919]:distributing
2025-07-28 10:02:38,262 [INFO] ❌ 애경산업: 외국인 매수 추세 아님:[-4721, -7385, -6295, -8113]:distributing
2025-07-28 10:02:43,290 [INFO] ❌ 신세계인터내셔날: 외국인 매수 추세 아님:[-14827, 18376, -1156, -14554]:distributing
2025-07-28 10:02:43,356 [INFO] ❌ 스틱인베스트먼트: 외국인 매수 추세 아님:[19020, -1823, -28050, -16475]:distributing
2025-07-28 10:02:43,429 [INFO] ❌ 드림텍: 외국인 매수 추세 아님:[-35964, -8668, -46879, -16]:distributing
2025-07-28 10:02:43,512 [INFO] ❌ 티웨이항공: 외국인 매수 추세 아님:[21630, -31679, -6957, -20002]:distributing
2025-07-28 10:02:47,640 [INFO] ❌ 더본코리아: 외국인 매수 추세 아님:[-4223, -12708, -2156, -8577]:distributing
2025-07-28 10:02:47,717 [INFO] ❌ 삼아알미늄: 외국인 매수 추세 아님:[-42287, -30368, -15032, -7261]:distributing
2025-07-28 10:02:47,811 [INFO] ❌ 대한제강: 외국인 매수 추세 아님:[-1983, -3461, -1986, 7335]:distributing
2025-07-28 10:02:47,875 [INFO] ❌ 영진약품: 외국인 매수 추세 아님:[-53392, -121569, -69696, -84057]:distributing
2025-07-28 10:02:47,930 [INFO] ❌ SBS: 외국인 매수 추세 아님:[0, 0, 0, 0]:distributing
2025-07-28 10:02:47,930 [INFO] ⚡ **[약한 매수신호 (2점)]**
- HD현대마린솔루션 (443060) - 2점
  📊 [골든크로스, 컵앤핸들]
- HJ중공업 (097230) - 2점
  📊 [거래량급증, 컵앤핸들]
- 세진중공업 (075580) - 2점
  📊 [거래량급증, 컵앤핸들]
2025-07-28 10:02:49,223 [INFO] weak 종목: 3개
2025-07-28 10:02:49,223 [INFO] 🔍 **[인기 신호 조합 패턴]**
• **거래량급증 + 컵앤핸들** (2개 종목)
  → HJ중공업(097230), 세진중공업(075580)
2025-07-28 10:02:50,202 [INFO] 신호 조합 패턴: 2개
2025-07-28 10:02:50,202 [INFO] 📈 **[다중신호 종목 요약]**
🚀 초강력 신호: 0개
🔥 강력 신호: 0개
⭐ 보통 신호: 0개
⚡ 약한 신호: 3개
💡 단일 신호: 38개
📊 **총 다중신호 종목: 3개**
2025-07-28 10:02:51,379 [INFO] 분석 완료!
2025-07-28 10:08:40,058 [INFO] 📊 시가총액 상위 200개 종목 분석 시작...
2025-07-28 10:08:40,157 [INFO] 삼성전자: 시가총액 상위 종목 제외(1)
2025-07-28 10:08:40,157 [INFO] SK하이닉스: 시가총액 상위 종목 제외(2)
2025-07-28 10:08:40,157 [INFO] LG에너지솔루션: 시가총액 상위 종목 제외(3)
2025-07-28 10:08:40,157 [INFO] 삼성바이오로직스: 시가총액 상위 종목 제외(4)
2025-07-28 10:08:40,157 [INFO] 한화에어로스페이스: 시가총액 상위 종목 제외(5)
2025-07-28 10:08:40,157 [INFO] 현대차: 시가총액 상위 종목 제외(6)
2025-07-28 10:08:40,157 [INFO] KB금융: 시가총액 상위 종목 제외(7)
2025-07-28 10:08:40,157 [INFO] 기아: 시가총액 상위 종목 제외(8)
2025-07-28 10:08:40,157 [INFO] HD현대중공업: 시가총액 상위 종목 제외(9)
2025-07-28 10:08:40,157 [INFO] 두산에너빌리티: 시가총액 상위 종목 제외(10)
2025-07-28 10:08:40,157 [INFO] 셀트리온: 시가총액 상위 종목 제외(11)
2025-07-28 10:08:40,157 [INFO] NAVER: 시가총액 상위 종목 제외(12)
2025-07-28 10:08:40,157 [INFO] 신한지주: 시가총액 상위 종목 제외(13)
2025-07-28 10:08:40,157 [INFO] 한화오션: 시가총액 상위 종목 제외(14)
2025-07-28 10:08:40,157 [INFO] 삼성물산: 시가총액 상위 종목 제외(15)
2025-07-28 10:08:40,157 [INFO] 현대모비스: 시가총액 상위 종목 제외(16)
2025-07-28 10:08:40,157 [INFO] POSCO홀딩스: 시가총액 상위 종목 제외(17)
2025-07-28 10:08:40,157 [INFO] HD한국조선해양: 시가총액 상위 종목 제외(18)
2025-07-28 10:08:40,157 [INFO] 한국전력: 시가총액 상위 종목 제외(19)
2025-07-28 10:08:40,158 [INFO] 삼성생명: 시가총액 상위 종목 제외(20)
2025-07-28 10:08:40,158 [INFO] 카카오: 시가총액 상위 종목 제외(21)
2025-07-28 10:08:40,158 [INFO] HMM: 시가총액 상위 종목 제외(22)
2025-07-28 10:08:40,158 [INFO] 하나금융지주: 시가총액 상위 종목 제외(23)
2025-07-28 10:08:40,158 [INFO] LG화학: 시가총액 상위 종목 제외(24)
2025-07-28 10:08:40,158 [INFO] 현대로템: 시가총액 상위 종목 제외(25)
2025-07-28 10:08:40,158 [INFO] SK스퀘어: 시가총액 상위 종목 제외(26)
2025-07-28 10:08:40,158 [INFO] 삼성화재: 시가총액 상위 종목 제외(27)
2025-07-28 10:08:40,158 [INFO] HD현대일렉트릭: 시가총액 상위 종목 제외(28)
2025-07-28 10:08:40,158 [INFO] SK이노베이션: 시가총액 상위 종목 제외(29)
2025-07-28 10:08:40,158 [INFO] 삼성중공업: 시가총액 상위 종목 제외(30)
2025-07-28 10:08:40,158 [INFO] 고려아연: 시가총액 상위 종목 제외(31)
2025-07-28 10:08:40,158 [INFO] 크래프톤: 시가총액 상위 종목 제외(32)
2025-07-28 10:08:40,158 [INFO] KT&G: 시가총액 상위 종목 제외(33)
2025-07-28 10:08:40,158 [INFO] 삼성SDI: 시가총액 상위 종목 제외(34)
2025-07-28 10:08:40,158 [INFO] 기업은행: 시가총액 상위 종목 제외(35)
2025-07-28 10:08:40,158 [INFO] SK: 시가총액 상위 종목 제외(36)
2025-07-28 10:08:40,158 [INFO] KT: 시가총액 상위 종목 제외(37)
2025-07-28 10:08:40,158 [INFO] 카카오뱅크: 시가총액 상위 종목 제외(38)
2025-07-28 10:08:40,158 [INFO] LIG넥스원: 시가총액 상위 종목 제외(39)
2025-07-28 10:08:40,158 [INFO] LG전자: 시가총액 상위 종목 제외(40)
2025-07-28 10:08:40,158 [INFO] LG: 시가총액 상위 종목 제외(41)
2025-07-28 10:08:40,158 [INFO] 삼성에스디에스: 시가총액 상위 종목 제외(42)
2025-07-28 10:08:40,158 [INFO] 효성중공업: 시가총액 상위 종목 제외(43)
2025-07-28 10:08:40,158 [INFO] SK텔레콤: 시가총액 상위 종목 제외(44)
2025-07-28 10:08:40,158 [INFO] HD현대: 시가총액 상위 종목 제외(45)
2025-07-28 10:08:40,158 [INFO] 포스코퓨처엠: 시가총액 상위 종목 제외(46)
2025-07-28 10:08:40,158 [INFO] 미래에셋증권: 시가총액 상위 종목 제외(47)
2025-07-28 10:08:40,250 [INFO] 한화시스템: 시가총액 상위 종목 제외(48)
2025-07-28 10:08:40,250 [INFO] 현대글로비스: 시가총액 상위 종목 제외(49)
2025-07-28 10:08:40,250 [INFO] 하이브: 시가총액 상위 종목 제외(50)
2025-07-28 10:08:43,212 [INFO] ❌ 포스코인터내셔널: 외국인 매수 추세 아님:[-144780, -76926, 104278, -116839]:distributing
2025-07-28 10:08:43,305 [INFO] ❌ DB손해보험: 외국인 매수 추세 아님:[-16680, -641, -15463, -34497]:distributing
2025-07-28 10:08:48,670 [INFO] ❌ 코웨이: 외국인 매수 추세 아님:[-40992, -65309, -112589, -70226]:distributing
2025-07-28 18:00:02,868 [INFO] 📊 시가총액 상위 200개 종목 분석 시작...
2025-07-28 18:00:03,066 [INFO] 삼성전자: 시가총액 상위 종목 제외(1)
2025-07-28 18:00:03,066 [INFO] SK하이닉스: 시가총액 상위 종목 제외(2)
2025-07-28 18:00:03,066 [INFO] LG에너지솔루션: 시가총액 상위 종목 제외(3)
2025-07-28 18:00:03,066 [INFO] 삼성바이오로직스: 시가총액 상위 종목 제외(4)
2025-07-28 18:00:03,066 [INFO] 한화에어로스페이스: 시가총액 상위 종목 제외(5)
2025-07-28 18:00:03,067 [INFO] 현대차: 시가총액 상위 종목 제외(6)
2025-07-28 18:00:03,067 [INFO] KB금융: 시가총액 상위 종목 제외(7)
2025-07-28 18:00:03,067 [INFO] 기아: 시가총액 상위 종목 제외(8)
2025-07-28 18:00:03,067 [INFO] HD현대중공업: 시가총액 상위 종목 제외(9)
2025-07-28 18:00:03,067 [INFO] 셀트리온: 시가총액 상위 종목 제외(10)
2025-07-28 18:00:03,068 [INFO] 두산에너빌리티: 시가총액 상위 종목 제외(11)
2025-07-28 18:00:03,068 [INFO] NAVER: 시가총액 상위 종목 제외(12)
2025-07-28 18:00:03,068 [INFO] 신한지주: 시가총액 상위 종목 제외(13)
2025-07-28 18:00:03,068 [INFO] 한화오션: 시가총액 상위 종목 제외(14)
2025-07-28 18:00:03,068 [INFO] 삼성물산: 시가총액 상위 종목 제외(15)
2025-07-28 18:00:03,068 [INFO] 현대모비스: 시가총액 상위 종목 제외(16)
2025-07-28 18:00:03,068 [INFO] POSCO홀딩스: 시가총액 상위 종목 제외(17)
2025-07-28 18:00:03,068 [INFO] 한국전력: 시가총액 상위 종목 제외(18)
2025-07-28 18:00:03,068 [INFO] HD한국조선해양: 시가총액 상위 종목 제외(19)
2025-07-28 18:00:03,069 [INFO] 삼성생명: 시가총액 상위 종목 제외(20)
2025-07-28 18:00:03,069 [INFO] 카카오: 시가총액 상위 종목 제외(21)
2025-07-28 18:00:03,069 [INFO] HMM: 시가총액 상위 종목 제외(22)
2025-07-28 18:00:03,069 [INFO] 하나금융지주: 시가총액 상위 종목 제외(23)
2025-07-28 18:00:03,069 [INFO] LG화학: 시가총액 상위 종목 제외(24)
2025-07-28 18:00:03,069 [INFO] 현대로템: 시가총액 상위 종목 제외(25)
2025-07-28 18:00:03,070 [INFO] 삼성화재: 시가총액 상위 종목 제외(26)
2025-07-28 18:00:03,070 [INFO] SK스퀘어: 시가총액 상위 종목 제외(27)
2025-07-28 18:00:03,070 [INFO] HD현대일렉트릭: 시가총액 상위 종목 제외(28)
2025-07-28 18:00:03,070 [INFO] SK이노베이션: 시가총액 상위 종목 제외(29)
2025-07-28 18:00:03,070 [INFO] 삼성중공업: 시가총액 상위 종목 제외(30)
2025-07-28 18:00:03,070 [INFO] 고려아연: 시가총액 상위 종목 제외(31)
2025-07-28 18:00:03,070 [INFO] KT&G: 시가총액 상위 종목 제외(32)
2025-07-28 18:00:03,071 [INFO] 크래프톤: 시가총액 상위 종목 제외(33)
2025-07-28 18:00:03,071 [INFO] 삼성SDI: 시가총액 상위 종목 제외(34)
2025-07-28 18:00:03,071 [INFO] 기업은행: 시가총액 상위 종목 제외(35)
2025-07-28 18:00:03,071 [INFO] SK: 시가총액 상위 종목 제외(36)
2025-07-28 18:00:03,071 [INFO] KT: 시가총액 상위 종목 제외(37)
2025-07-28 18:00:03,071 [INFO] 카카오뱅크: 시가총액 상위 종목 제외(38)
2025-07-28 18:00:03,071 [INFO] LIG넥스원: 시가총액 상위 종목 제외(39)
2025-07-28 18:00:03,071 [INFO] LG전자: 시가총액 상위 종목 제외(40)
2025-07-28 18:00:03,072 [INFO] LG: 시가총액 상위 종목 제외(41)
2025-07-28 18:00:03,072 [INFO] 삼성에스디에스: 시가총액 상위 종목 제외(42)
2025-07-28 18:00:03,072 [INFO] 효성중공업: 시가총액 상위 종목 제외(43)
2025-07-28 18:00:03,072 [INFO] SK텔레콤: 시가총액 상위 종목 제외(44)
2025-07-28 18:00:03,072 [INFO] 포스코퓨처엠: 시가총액 상위 종목 제외(45)
2025-07-28 18:00:03,072 [INFO] HD현대: 시가총액 상위 종목 제외(46)
2025-07-28 18:00:03,072 [INFO] 현대글로비스: 시가총액 상위 종목 제외(47)
2025-07-28 18:00:03,228 [INFO] 미래에셋증권: 시가총액 상위 종목 제외(48)
2025-07-28 18:00:03,229 [INFO] 한화시스템: 시가총액 상위 종목 제외(49)
2025-07-28 18:00:03,229 [INFO] 하이브: 시가총액 상위 종목 제외(50)
2025-07-28 18:00:07,383 [INFO] ❌ 포스코인터내셔널: 외국인 매수 추세 아님:[-60457, -144780, -76926, 104278, -116839]:distributing
2025-07-28 18:00:07,448 [INFO] ❌ DB손해보험: 외국인 매수 추세 아님:[2481, -16680, -641, -15463, -34497]:distributing
2025-07-28 18:00:12,319 [INFO] ❌ 코웨이: 외국인 매수 추세 아님:[-70562, -40992, -65309, -112589, -70226]:distributing
2025-07-28 18:00:18,650 [INFO] ❌ LG씨엔에스: 외국인 매수 추세 아님:[-57926, -3725, -136829, -36418, -9071]:distributing
2025-07-28 18:00:18,721 [INFO] ❌ 한화솔루션: 외국인 매수 추세 아님:[-427616, 469347, -162926, -513912, -287382]:distributing
2025-07-28 18:00:22,811 [INFO] ❌ 삼성카드: 외국인 매수 추세 아님:[-46042, 11369, -24493, -16736, -7825]:distributing
2025-07-28 18:00:24,587 [INFO] ❌ 맥쿼리인프라: 외국인 매수 추세 아님:[-125526, -237592, -486159, -316808, -156351]:distributing
2025-07-28 18:00:29,288 [INFO] ❌ GS: 외국인 매수 추세 아님:[90515, -16003, -65448, -36602, -51697]:distributing
2025-07-28 18:00:30,108 [INFO] ❌ 풍산: 외국인 매수 추세 아님:[-11728, -5906, -89047, -1645, 24231]:distributing
2025-07-28 18:00:31,782 [INFO] ❌ JB금융지주: 외국인 매수 추세 아님:[326572, -69008, -26612, -46321, -118149]:distributing
2025-07-28 18:00:36,422 [INFO] ❌ 포스코DX: 외국인 매수 추세 아님:[-17522, -45150, -128713, 106762, -142661]:distributing
2025-07-28 18:00:37,226 [INFO] ❌ CJ제일제당: 외국인 매수 추세 아님:[-11338, 2742, -14346, -3765, -866]:distributing
2025-07-28 18:00:37,283 [INFO] ❌ 에코프로머티: 외국인 매수 추세 아님:[12718, -35496, -22414, -41456, -113752]:distributing
2025-07-28 18:00:38,167 [INFO] ❌ SK바이오사이언스: 외국인 매수 추세 아님:[-12051, -5854, -7325, 143, -10963]:distributing
2025-07-28 18:00:41,229 [INFO] ❌ 금호석유화학: 외국인 매수 추세 아님:[-9169, -37864, -20088, -6258, -21494]:distributing
2025-07-28 18:00:42,100 [INFO] ❌ 한미사이언스: 외국인 매수 추세 아님:[-75140, -21019, -4085, -24380, 51406]:distributing
2025-07-28 18:00:43,759 [INFO] ❌ 동서: 외국인 매수 추세 아님:[570, -7208, -17056, -15400, -3860]:distributing
2025-07-28 18:00:45,468 [INFO] ❌ 대한전선: 외국인 매수 추세 아님:[-38008, -34189, -226845, 74164, -188648]:distributing
2025-07-28 18:00:51,164 [INFO] ❌ 시프트업: 외국인 매수 추세 아님:[2366, -37665, -51775, -17900, -20684]:distributing
2025-07-28 18:00:55,850 [INFO] ❌ 농심: 외국인 매수 추세 아님:[-2425, -5259, -43523, -10969, -2407]:distributing
2025-07-28 18:01:03,792 [INFO] ❌ 미스토홀딩스: 외국인 매수 추세 아님:[-33682, -11140, 853, -8367, -5818]:distributing
2025-07-28 18:01:03,871 [INFO] ❌ 신영증권: 외국인 매수 추세 아님:[6002, -1756, -7613, -7270, -29958]:distributing
2025-07-28 18:01:03,939 [INFO] ❌ SK아이이테크놀로지: 외국인 매수 추세 아님:[-11571, 6704, -53, -9548, -7727]:distributing
2025-07-28 18:01:05,672 [INFO] ❌ 코리안리: 외국인 매수 추세 아님:[32577, -72050, -63435, -70055, -303961]:distributing
2025-07-28 18:01:07,376 [INFO] ❌ 씨에스윈드: 외국인 매수 추세 아님:[-84406, -41036, -339894, -26979, -83162]:distributing
2025-07-28 18:01:07,456 [INFO] ❌ 일진전기: 외국인 매수 추세 아님:[-51716, -33860, 124272, -16603, -44216]:distributing
2025-07-28 18:01:08,286 [INFO] ❌ 아시아나항공: 외국인 매수 추세 아님:[-35491, -10087, -26922, -17572, -14278]:distributing
2025-07-28 18:01:09,174 [INFO] ❌ 호텔신라: 외국인 매수 추세 아님:[-397833, -40053, -53719, -10617, 48048]:distributing
2025-07-28 18:01:16,439 [INFO] ❌ HL만도: 외국인 매수 추세 아님:[-80097, -71061, -42283, 95916, -69313]:distributing
2025-07-28 18:01:18,844 [INFO] ❌ 에스엘: 외국인 매수 추세 아님:[-44376, -26928, -42857, 215524, -40565]:distributing
2025-07-28 18:01:18,903 [INFO] ❌ RISE 종합채권(A-이상)액티브: 외국인 매수 추세 아님:[0, 0, 0, 0, 0]:distributing
2025-07-28 18:01:18,969 [INFO] ❌ 오뚜기: 외국인 매수 추세 아님:[-1907, -726, -2492, -570, -295]:distributing
2025-07-28 18:01:22,159 [INFO] ❌ 한올바이오파마: 외국인 매수 추세 아님:[-88246, -410048, -115802, -75693, -105369]:distributing
2025-07-28 18:01:23,033 [INFO] ❌ 하이트진로: 외국인 매수 추세 아님:[-21889, -4713, -66399, -39642, -38708]:distributing
2025-07-28 18:01:25,295 [INFO] ❌ 금호타이어: 외국인 매수 추세 아님:[-103827, -147790, -202391, 12315, -251823]:distributing
2025-07-28 18:01:26,075 [INFO] ❌ 이수스페셜티케미컬: 외국인 매수 추세 아님:[-2636, -16847, -17213, -172568, 29707]:distributing
2025-07-28 18:01:26,130 [INFO] ❌ 동양생명: 외국인 매수 추세 아님:[-106917, -36597, -6492, -16596, 21270]:distributing
2025-07-28 18:01:26,187 [INFO] ❌ HDC: 외국인 매수 추세 아님:[-16024, -40760, -22956, -18432, 2483]:distributing
2025-07-28 18:01:28,509 [INFO] ❌ 롯데에너지머티리얼즈: 외국인 매수 추세 아님:[-1611, -14908, -21259, -18673, -18767]:distributing
2025-07-28 18:01:31,002 [INFO] ❌ 코스모신소재: 외국인 매수 추세 아님:[-25776, -21552, -48262, -62678, -44835]:distributing
2025-07-28 18:01:31,056 [INFO] ❌ LX인터내셔널: 외국인 매수 추세 아님:[-10730, -7895, -21235, -37335, -12701]:distributing
2025-07-28 18:01:31,133 [INFO] ❌ 경동나비엔: 외국인 매수 추세 아님:[-6928, -16255, -5751, -13040, -32450]:distributing
2025-07-28 18:01:35,982 [INFO] ❌ SK오션플랜트: 외국인 매수 추세 아님:[-63426, -35892, -67310, -45919, 12990]:distributing
2025-07-28 18:01:38,213 [INFO] ❌ 종근당: 외국인 매수 추세 아님:[-9452, -4263, -2026, -1170, 2923]:distributing
2025-07-28 18:01:39,910 [INFO] ❌ 롯데웰푸드: 외국인 매수 추세 아님:[-5891, -5107, -8592, -6309, -3569]:distributing
2025-07-28 18:01:40,824 [INFO] ❌ DL: 외국인 매수 추세 아님:[-28817, -22417, -10496, -32265, -32055]:distributing
2025-07-28 18:01:40,888 [INFO] ❌ 롯데정밀화학: 외국인 매수 추세 아님:[-3961, -1303, -6716, -6381, -15968]:distributing
2025-07-28 18:01:41,757 [INFO] ❌ 효성티앤씨: 외국인 매수 추세 아님:[-6543, -304, -3907, -2866, -3590]:distributing
2025-07-28 18:01:42,658 [INFO] ❌ 한샘: 외국인 매수 추세 아님:[-9787, -2160, -9239, -11845, -11867]:distributing
2025-07-28 18:01:43,443 [INFO] ❌ 쿠쿠홀딩스: 외국인 매수 추세 아님:[-5097, -1855, -2695, -6210, -1039]:distributing
2025-07-28 18:01:43,507 [INFO] ❌ RISE CD금리액티브(합성): 외국인 매수 추세 아님:[0, 0, 0, 0, 0]:distributing
2025-07-28 18:01:43,582 [INFO] ❌ 1Q 머니마켓액티브: 외국인 매수 추세 아님:[0, 0, 0, 0, 0]:distributing
2025-07-28 18:01:43,650 [INFO] ❌ RISE 단기특수은행채액티브: 외국인 매수 추세 아님:[0, 0, 0, 796, 0]:distributing
2025-07-28 18:01:43,714 [INFO] ❌ KB발해인프라: 외국인 매수 추세 아님:[-16483, -11775, -4510, -9647, -15526]:distributing
2025-07-28 18:01:45,480 [INFO] ❌ 세방전지: 외국인 매수 추세 아님:[-5457, -8413, -18378, 18776, -14269]:distributing
2025-07-28 18:01:47,881 [INFO] ❌ KIWOOM 200TR: 외국인 매수 추세 아님:[-10, -191, 403, -153, -137]:distributing
2025-07-28 18:01:49,550 [INFO] ❌ SOL 종합채권(AA-이상)액티브: 외국인 매수 추세 아님:[0, 0, 0, -1, 0]:distributing
2025-07-28 18:01:49,620 [INFO] ❌ NICE평가정보: 외국인 매수 추세 아님:[-1954, -539, 17335, -5843, -5173]:distributing
2025-07-28 18:01:52,904 [INFO] ❌ HS효성첨단소재: 외국인 매수 추세 아님:[92, -649, -5395, -1785, -3475]:distributing
2025-07-28 18:01:52,969 [INFO] ❌ 세아제강지주: 외국인 매수 추세 아님:[-2968, -1127, -362, 5873, -46]:distributing
2025-07-28 18:01:53,037 [INFO] ❌ SNT모티브: 외국인 매수 추세 아님:[-478, -20206, -13206, 3578, -4876]:distributing
2025-07-28 18:01:55,545 [INFO] ❌ 동원F&B: 외국인 매수 추세 아님:[0, 0, 0, 0]:distributing
2025-07-28 18:01:55,608 [INFO] ❌ CJ CGV: 외국인 매수 추세 아님:[-156324, -8613, -70866, -240894, -78261]:distributing
2025-07-28 18:01:55,675 [INFO] ❌ SK이터닉스: 외국인 매수 추세 아님:[-42408, -135260, 40461, -47166, -15836]:distributing
2025-07-28 18:01:58,947 [INFO] ❌ 솔루엠: 외국인 매수 추세 아님:[48022, -29858, -33365, -15049, -30853]:distributing
2025-07-28 18:01:59,829 [INFO] ❌ 빙그레: 외국인 매수 추세 아님:[-23627, -15549, -47088, -8516, -11419]:distributing
2025-07-28 18:02:04,574 [INFO] ❌ 동아쏘시오홀딩스: 외국인 매수 추세 아님:[-10, -2975, -1541, -3058, 235]:distributing
2025-07-28 18:02:05,509 [INFO] ❌ 미원에스씨: 외국인 매수 추세 아님:[-51, -349, -384, -329, -523]:distributing
2025-07-28 18:02:05,585 [INFO] ❌ 보령: 외국인 매수 추세 아님:[-72024, -296840, 42461, -10421, -20875]:distributing
2025-07-28 18:02:06,456 [INFO] ❌ 덴티움: 외국인 매수 추세 아님:[-14152, 6108, -8760, -7143, -4733]:distributing
2025-07-28 18:02:07,994 [INFO] ❌ KG모빌리티: 외국인 매수 추세 아님:[-64664, -21204, -46346, 51367, -18123]:distributing
2025-07-28 18:02:10,235 [INFO] ❌ 전진건설로봇: 외국인 매수 추세 아님:[-8984, -9303, -6930, 1244, -4680]:distributing
2025-07-28 18:02:10,298 [INFO] ❌ 아세아: 외국인 매수 추세 아님:[-775, -218, -337, 446, -462]:distributing
2025-07-28 18:02:10,394 [INFO] ❌ 현대홈쇼핑: 외국인 매수 추세 아님:[-5235, -5694, -4697, -4945, -2544]:distributing
2025-07-28 18:02:10,446 [INFO] ❌ 한국단자: 외국인 매수 추세 아님:[-2122, -15177, -13083, 10532, -8703]:distributing
2025-07-28 18:02:12,823 [INFO] ❌ 코스모화학: 외국인 매수 추세 아님:[-11358, 7311, -3067, -12341, -2896]:distributing
2025-07-28 18:02:13,652 [INFO] ❌ 금양: 외국인 매수 추세 아님:[0, 0, 0, 0]:distributing
2025-07-28 18:02:13,713 [INFO] ❌ KIWOOM 국고채10년: 외국인 매수 추세 아님:[10, -13, 0, 0, 0]:distributing
2025-07-28 18:02:16,021 [INFO] ❌ 카프로: 외국인 매수 추세 아님:[0, 0, 0, 0]:distributing
2025-07-28 18:02:18,373 [INFO] ❌ 아이에스동서: 외국인 매수 추세 아님:[-7774, -17705, -1300, -11409, -8290]:distributing
2025-07-28 18:02:20,630 [INFO] ❌ 애경케미칼: 외국인 매수 추세 아님:[-5126, -11806, -8794, 5853, -22695]:distributing
2025-07-28 18:02:23,798 [INFO] ❌ 한국쉘석유: 외국인 매수 추세 아님:[-1943, 151, -177, -312, -224]:distributing
2025-07-28 18:02:23,856 [INFO] ❌ 제주은행: 외국인 매수 추세 아님:[-5203, -98068, -71963, 32632, -20806]:distributing
2025-07-28 18:02:23,924 [INFO] ❌ 유니드: 외국인 매수 추세 아님:[-6437, -18214, -12948, -7681, 2879]:distributing
2025-07-28 18:02:24,755 [INFO] ❌ 현대그린푸드: 외국인 매수 추세 아님:[-11186, -10133, -20143, -2747, -2089]:distributing
2025-07-28 18:02:25,540 [INFO] ❌ LF: 외국인 매수 추세 아님:[-14273, 13501, -18899, -349, -1522]:distributing
2025-07-28 18:02:26,298 [INFO] ❌ 제주항공: 외국인 매수 추세 아님:[-11993, -7035, -11870, -20512, -36125]:distributing
2025-07-28 18:02:27,161 [INFO] ❌ 삼양사: 외국인 매수 추세 아님:[-1267, 147, -1129, -3202, -1080]:distributing
2025-07-28 18:02:27,224 [INFO] ❌ 퍼시스: 외국인 매수 추세 아님:[-72, -127, -353, -1, -103]:distributing
2025-07-28 18:02:27,283 [INFO] ❌ 한일홀딩스: 외국인 매수 추세 아님:[-5424, 430, -3573, -1269, -3070]:distributing
2025-07-28 18:02:27,336 [INFO] ❌ 동국제강: 외국인 매수 추세 아님:[-1900, 11767, -53708, -4003, -3090]:distributing
2025-07-28 18:02:29,819 [INFO] ❌ JW중외제약: 외국인 매수 추세 아님:[-17845, -17560, -11777, -25078, -4073]:distributing
2025-07-28 18:02:30,675 [INFO] ❌ TCC스틸: 외국인 매수 추세 아님:[-41027, -29201, 6070, -37729, -45006]:distributing
2025-07-28 18:02:31,510 [INFO] ❌ 비에이치: 외국인 매수 추세 아님:[-40619, -29680, -204901, -117961, 51062]:distributing
2025-07-28 18:02:31,579 [INFO] ❌ KCC글라스: 외국인 매수 추세 아님:[-3035, -7620, -6826, -1143, -7174]:distributing
2025-07-28 18:02:31,632 [INFO] ❌ 풀무원: 외국인 매수 추세 아님:[-25901, -64683, -114745, -168904, -17927]:distributing
2025-07-28 18:02:32,456 [INFO] ❌ KIWOOM 종합채권(AA-이상)액티브: 외국인 매수 추세 아님:[9, 0, 0, 0, 0]:distributing
2025-07-28 18:02:32,513 [INFO] ❌ NICE: 외국인 매수 추세 아님:[-21544, -13601, -16410, -36366, -15407]:distributing
2025-07-28 18:02:32,585 [INFO] ❌ 고려제강: 외국인 매수 추세 아님:[-5663, -3065, -2656, 3540, -429]:distributing
2025-07-28 18:02:35,815 [INFO] ❌ SPC삼립: 외국인 매수 추세 아님:[-5024, -1846, -4175, -827, -990]:distributing
2025-07-28 18:02:35,870 [INFO] ❌ 진에어: 외국인 매수 추세 아님:[-59081, -15791, -36364, -5142, -26188]:distributing
2025-07-28 18:02:35,923 [INFO] ❌ 지누스: 외국인 매수 추세 아님:[-45776, -40480, -70183, -5753, -28764]:distributing
2025-07-28 18:02:36,648 [INFO] ❌ 화승엔터프라이즈: 외국인 매수 추세 아님:[-30613, -32494, -56645, -20239, -19161]:distributing
2025-07-28 18:02:37,543 [INFO] ❌ 명신산업: 외국인 매수 추세 아님:[-8479, -16654, -2643, 26095, -39919]:distributing
2025-07-28 18:02:38,340 [INFO] ❌ 동아에스티: 외국인 매수 추세 아님:[-16711, -8721, -2409, -3351, -3418]:distributing
2025-07-28 18:02:38,405 [INFO] ❌ 애경산업: 외국인 매수 추세 아님:[-3334, -4721, -7385, -6295, -8113]:distributing
2025-07-28 18:02:44,660 [INFO] ❌ 신세계인터내셔날: 외국인 매수 추세 아님:[-29513, -14827, 18376, -1156, -14554]:distributing
2025-07-28 18:02:44,718 [INFO] ❌ 드림텍: 외국인 매수 추세 아님:[17027, -35964, -8668, -46879, -16]:distributing
2025-07-28 18:02:48,443 [INFO] ❌ 티웨이항공: 외국인 매수 추세 아님:[-22496, 21630, -31679, -6957, -20002]:distributing
2025-07-28 18:02:48,503 [INFO] ❌ 더본코리아: 외국인 매수 추세 아님:[-11606, -4223, -12708, -2156, -8577]:distributing
2025-07-28 18:02:48,558 [INFO] ❌ 삼아알미늄: 외국인 매수 추세 아님:[-123043, -42287, -30368, -15032, -7261]:distributing
2025-07-28 18:02:49,431 [INFO] ❌ 영진약품: 외국인 매수 추세 아님:[-49117, -53392, -121569, -69696, -84057]:distributing
2025-07-28 18:02:49,483 [INFO] ❌ SBS: 외국인 매수 추세 아님:[0, 0, 0, 0, 0]:distributing
2025-07-28 18:02:49,483 [INFO] 🔥 **[강력 매수신호 (4점)]**
- 케이씨텍 (281820) - 4점
  📊 [골든크로스, 거래량급증, 컵앤핸들, 기관연속매수]
2025-07-28 18:02:50,785 [INFO] strong 종목: 1개
2025-07-28 18:02:50,785 [INFO] ⭐ **[보통 매수신호 (3점)]**
- 두산퓨얼셀 (336260) - 3점
  📊 [골든크로스, 컵앤핸들, 기관연속매수]
- LS에코에너지 (229640) - 3점
  📊 [거래량급증, 컵앤핸들, 기관연속매수]
- STX엔진 (077970) - 3점
  📊 [거래량급증, 컵앤핸들, 기관연속매수]
2025-07-28 18:02:51,746 [INFO] moderate 종목: 3개
2025-07-28 18:02:51,746 [INFO] ⚡ **[약한 매수신호 (2점)]**
- 삼성전기 (009150) - 2점
  📊 [컵앤핸들, 외국인매수추세]
  💰 [21481, 38832, 9942, 49210, 24164]
- LG디스플레이 (034220) - 2점
  📊 [거래량급증, 컵앤핸들]
- 이수페타시스 (007660) - 2점
  📊 [컵앤핸들, 외국인매수추세]
  💰 [97861, 117277, 456191, 95663, 160946]
- 엔씨소프트 (036570) - 2점
  📊 [볼린저밴드복귀, 외국인매수추세]
  💰 [1692, 8658, 8909, 9722, 838]
- 산일전기 (062040) - 2점
  📊 [거래량급증, 컵앤핸들]
- 한화비전 (489790) - 2점
  📊 [컵앤핸들, 기관연속매수]
- HD현대인프라코어 (042670) - 2점
  📊 [컵앤핸들, 기관연속매수]
- 엘앤에프 (066970) - 2점
  📊 [컵앤핸들, 기관연속매수]
- HD현대마린엔진 (071970) - 2점
  📊 [컵앤핸들, 기관연속매수]
- DN오토모티브 (007340) - 2점
  📊 [컵앤핸들, 기관연속매수]
- HD현대건설기계 (267270) - 2점
  📊 [컵앤핸들, 기관연속매수]
- SOL 조선TOP3플러스 (466920) - 2점
  📊 [거래량급증, 컵앤핸들]
- SNT에너지 (100840) - 2점
  📊 [컵앤핸들, 외국인매수추세]
  💰 [73466, 177336, 14827, 25758, 4034]
- 대덕전자 (353200) - 2점
  📊 [컵앤핸들, 기관연속매수]
- 율촌화학 (008730) - 2점
  📊 [거래량급증, 컵앤핸들]
- F&F홀딩스 (007700) - 2점
  📊 [외국인매수추세, 기관연속매수]
  💰 [8976, 2852, 7897, 5671, 5393]
- HJ중공업 (097230) - 2점
  📊 [거래량급증, 기관연속매수]
- 세진중공업 (075580) - 2점
  📊 [거래량급증, 컵앤핸들]
- 일진하이솔루스 (271940) - 2점
  📊 [컵앤핸들, 기관연속매수]
- 엠씨넥스 (097520) - 2점
  📊 [컵앤핸들, 외국인매수추세]
  💰 [29604, 3675, 10330, 4056, 8749]
- DS단석 (017860) - 2점
  📊 [거래량급증, 컵앤핸들]
2025-07-28 18:02:52,701 [INFO] weak 종목: 21개
2025-07-28 18:02:52,701 [INFO] 🔍 **[인기 신호 조합 패턴]**
• **기관연속매수 + 컵앤핸들** (8개 종목)
  → 한화비전(489790), HD현대인프라코어(042670), 엘앤에프(066970), HD현대마린엔진(071970), DN오토모티브(007340)
  → 외 3개 종목
• **거래량급증 + 컵앤핸들** (6개 종목)
  → LG디스플레이(034220), 산일전기(062040), SOL 조선TOP3플러스(466920), 율촌화학(008730), 세진중공업(075580)
  → 외 1개 종목
• **외국인매수추세 + 컵앤핸들** (4개 종목)
  → 삼성전기(009150), 이수페타시스(007660), SNT에너지(100840), 엠씨넥스(097520)
• **거래량급증 + 기관연속매수 + 컵앤핸들** (2개 종목)
  → LS에코에너지(229640), STX엔진(077970)
2025-07-28 18:02:53,671 [INFO] 신호 조합 패턴: 9개
2025-07-28 18:02:53,671 [INFO] 📈 **[다중신호 종목 요약]**
🚀 초강력 신호: 0개
🔥 강력 신호: 1개
⭐ 보통 신호: 3개
⚡ 약한 신호: 21개
💡 단일 신호: 54개
📊 **총 다중신호 종목: 25개**
2025-07-28 18:02:54,579 [INFO] 분석 완료!
2025-07-28 22:21:19,164 [INFO] 📊 시가총액 상위 200개 종목 분석 시작...
2025-07-28 22:21:19,297 [INFO] 삼성전자: 시가총액 상위 종목 제외(1)
2025-07-28 22:21:19,297 [INFO] SK하이닉스: 시가총액 상위 종목 제외(2)
2025-07-28 22:21:19,297 [INFO] LG에너지솔루션: 시가총액 상위 종목 제외(3)
2025-07-28 22:21:19,297 [INFO] 삼성바이오로직스: 시가총액 상위 종목 제외(4)
2025-07-28 22:21:19,297 [INFO] 한화에어로스페이스: 시가총액 상위 종목 제외(5)
2025-07-28 22:21:19,298 [INFO] 현대차: 시가총액 상위 종목 제외(6)
2025-07-28 22:21:19,298 [INFO] KB금융: 시가총액 상위 종목 제외(7)
2025-07-28 22:21:19,298 [INFO] 기아: 시가총액 상위 종목 제외(8)
2025-07-28 22:21:19,298 [INFO] HD현대중공업: 시가총액 상위 종목 제외(9)
2025-07-28 22:21:19,298 [INFO] 셀트리온: 시가총액 상위 종목 제외(10)
2025-07-28 22:21:19,298 [INFO] 두산에너빌리티: 시가총액 상위 종목 제외(11)
2025-07-28 22:21:19,298 [INFO] NAVER: 시가총액 상위 종목 제외(12)
2025-07-28 22:21:19,298 [INFO] 신한지주: 시가총액 상위 종목 제외(13)
2025-07-28 22:21:19,298 [INFO] 한화오션: 시가총액 상위 종목 제외(14)
2025-07-28 22:21:19,298 [INFO] 삼성물산: 시가총액 상위 종목 제외(15)
2025-07-28 22:21:19,298 [INFO] 현대모비스: 시가총액 상위 종목 제외(16)
2025-07-28 22:21:19,298 [INFO] POSCO홀딩스: 시가총액 상위 종목 제외(17)
2025-07-28 22:21:19,298 [INFO] 한국전력: 시가총액 상위 종목 제외(18)
2025-07-28 22:21:19,298 [INFO] HD한국조선해양: 시가총액 상위 종목 제외(19)
2025-07-28 22:21:19,298 [INFO] 삼성생명: 시가총액 상위 종목 제외(20)
2025-07-28 22:21:19,298 [INFO] 카카오: 시가총액 상위 종목 제외(21)
2025-07-28 22:21:19,298 [INFO] HMM: 시가총액 상위 종목 제외(22)
2025-07-28 22:21:19,299 [INFO] 하나금융지주: 시가총액 상위 종목 제외(23)
2025-07-28 22:21:19,299 [INFO] LG화학: 시가총액 상위 종목 제외(24)
2025-07-28 22:21:19,299 [INFO] 현대로템: 시가총액 상위 종목 제외(25)
2025-07-28 22:21:19,299 [INFO] 삼성화재: 시가총액 상위 종목 제외(26)
2025-07-28 22:21:19,299 [INFO] SK스퀘어: 시가총액 상위 종목 제외(27)
2025-07-28 22:21:19,299 [INFO] HD현대일렉트릭: 시가총액 상위 종목 제외(28)
2025-07-28 22:21:19,299 [INFO] SK이노베이션: 시가총액 상위 종목 제외(29)
2025-07-28 22:21:19,299 [INFO] 삼성중공업: 시가총액 상위 종목 제외(30)
2025-07-28 22:21:19,299 [INFO] 고려아연: 시가총액 상위 종목 제외(31)
2025-07-28 22:21:19,299 [INFO] KT&G: 시가총액 상위 종목 제외(32)
2025-07-28 22:21:19,299 [INFO] 크래프톤: 시가총액 상위 종목 제외(33)
2025-07-28 22:21:19,299 [INFO] 삼성SDI: 시가총액 상위 종목 제외(34)
2025-07-28 22:21:19,299 [INFO] 기업은행: 시가총액 상위 종목 제외(35)
2025-07-28 22:21:19,299 [INFO] SK: 시가총액 상위 종목 제외(36)
2025-07-28 22:21:19,299 [INFO] KT: 시가총액 상위 종목 제외(37)
2025-07-28 22:21:19,299 [INFO] 카카오뱅크: 시가총액 상위 종목 제외(38)
2025-07-28 22:21:19,299 [INFO] LIG넥스원: 시가총액 상위 종목 제외(39)
2025-07-28 22:21:19,299 [INFO] LG전자: 시가총액 상위 종목 제외(40)
2025-07-28 22:21:19,299 [INFO] LG: 시가총액 상위 종목 제외(41)
2025-07-28 22:21:19,299 [INFO] 삼성에스디에스: 시가총액 상위 종목 제외(42)
2025-07-28 22:21:19,300 [INFO] 효성중공업: 시가총액 상위 종목 제외(43)
2025-07-28 22:21:19,300 [INFO] SK텔레콤: 시가총액 상위 종목 제외(44)
2025-07-28 22:21:19,300 [INFO] 포스코퓨처엠: 시가총액 상위 종목 제외(45)
2025-07-28 22:21:19,300 [INFO] HD현대: 시가총액 상위 종목 제외(46)
2025-07-28 22:21:19,300 [INFO] 현대글로비스: 시가총액 상위 종목 제외(47)
2025-07-28 22:21:19,400 [INFO] 미래에셋증권: 시가총액 상위 종목 제외(48)
2025-07-28 22:21:19,400 [INFO] 한화시스템: 시가총액 상위 종목 제외(49)
2025-07-28 22:21:19,400 [INFO] 하이브: 시가총액 상위 종목 제외(50)
2025-07-28 22:21:23,254 [INFO] ❌ 포스코인터내셔널: 외국인 매수 추세 아님:[-60457, -144780, -76926, 104278, -116839]:distributing
2025-07-28 22:21:23,519 [INFO] ❌ DB손해보험: 외국인 매수 추세 아님:[2481, -16680, -641, -15463, -34497]:distributing
2025-07-28 22:21:30,091 [INFO] ❌ 코웨이: 외국인 매수 추세 아님:[-70432, -40992, -65309, -112589, -70226]:distributing
2025-07-28 22:21:37,953 [INFO] ❌ LG씨엔에스: 외국인 매수 추세 아님:[-57926, -3725, -136829, -36418, -9071]:distributing
2025-07-28 22:21:38,126 [INFO] ❌ 한화솔루션: 외국인 매수 추세 아님:[-427616, 469347, -162926, -513912, -287382]:distributing
2025-07-28 22:21:43,233 [INFO] ❌ 삼성카드: 외국인 매수 추세 아님:[-46042, 11369, -24493, -16736, -7825]:distributing
2025-07-28 22:21:45,222 [INFO] ❌ 맥쿼리인프라: 외국인 매수 추세 아님:[-125526, -237592, -486159, -316808, -156351]:distributing
2025-07-28 22:21:51,652 [INFO] ❌ GS: 외국인 매수 추세 아님:[90515, -16003, -65448, -36602, -51697]:distributing
2025-07-28 22:21:52,728 [INFO] ❌ 풍산: 외국인 매수 추세 아님:[-11728, -5906, -89047, -1645, 24231]:distributing
2025-07-28 22:21:55,128 [INFO] ❌ JB금융지주: 외국인 매수 추세 아님:[326572, -69008, -26612, -46321, -118149]:distributing
2025-07-28 22:22:01,703 [INFO] ❌ 포스코DX: 외국인 매수 추세 아님:[-17522, -45150, -128713, 106762, -142661]:distributing
2025-07-28 22:22:03,587 [INFO] ❌ CJ제일제당: 외국인 매수 추세 아님:[-11338, 2742, -14346, -3765, -866]:distributing
2025-07-28 22:22:03,839 [INFO] ❌ 에코프로머티: 외국인 매수 추세 아님:[12718, -35496, -22414, -41456, -113752]:distributing
2025-07-28 22:22:05,251 [INFO] ❌ SK바이오사이언스: 외국인 매수 추세 아님:[-12051, -5854, -7325, 143, -10963]:distributing
2025-07-28 22:22:09,347 [INFO] ❌ 금호석유화학: 외국인 매수 추세 아님:[-9169, -37864, -20088, -6258, -21494]:distributing
2025-07-28 22:22:10,640 [INFO] ❌ 한미사이언스: 외국인 매수 추세 아님:[-75140, -21019, -4085, -24380, 51406]:distributing
2025-07-28 22:22:12,446 [INFO] ❌ 동서: 외국인 매수 추세 아님:[570, -7208, -17056, -15400, -3860]:distributing
2025-07-28 22:22:14,353 [INFO] ❌ 대한전선: 외국인 매수 추세 아님:[-38008, -34189, -226845, 74164, -188648]:distributing
