2025-08-13 14:48:42,746 - INFO - 📋 포지션 이력 로드: 9개 종목
2025-08-13 14:48:42,747 - INFO - 백테스트 결과에서 5개 종목 로드
2025-08-13 14:48:42,747 - INFO - 종목명 47개 로드
2025-08-13 14:48:42,747 - INFO - ✅ 자동매매 시스템 초기화 완료
2025-08-13 14:48:42,747 - INFO - 🚀 하이브리드 전략 시작
2025-08-13 14:48:42,747 - INFO - 📊 일봉 분석 + 분봉 실행 시스템
2025-08-13 14:48:42,747 - INFO - ⏰ 체크 간격: 30분
2025-08-13 14:48:43,120 - INFO - 🕐 현재 시간: 2025-08-13 14:48:43
2025-08-13 14:48:43,120 - INFO - 📊 시장 상태: OPEN - 장 시간 중 (마감까지 0시간 41분)
2025-08-13 14:48:43,120 - INFO - 📊 하이브리드 사이클 시작 - 14:48:43
2025-08-13 14:48:43,120 - INFO - 🎯 종목별 하이브리드 분석 시작 (총 5개)
2025-08-13 14:48:43,121 - INFO - 🔍 [1/5] LG디스플레이(034220) 하이브리드 분석 시작
2025-08-13 14:48:43,121 - INFO - 📅 LG디스플레이(034220) 일봉 전략 분석 실행
2025-08-13 14:48:43,198 - INFO - 📊 LG디스플레이(034220) 일봉 분석 완료: BUY (강도: 5.00, 현재가: 13,030.0원)
2025-08-13 14:48:43,199 - INFO - 🎯 LG디스플레이(034220) BUY 최적 타이밍 분석
2025-08-13 14:48:43,300 - INFO - ⏰ LG디스플레이(034220) 타이밍 부적절: 점수 3/5
2025-08-13 14:48:43,301 - INFO - ⏰ LG디스플레이(034220) 타이밍 부적절: 기준 미달
2025-08-13 14:48:43,301 - INFO - ⏸️ LG디스플레이(034220) 매매 조건 미충족
2025-08-13 14:48:45,311 - INFO - 🔍 [2/5] 에이피알(278470) 하이브리드 분석 시작
2025-08-13 14:48:45,312 - INFO - 📅 에이피알(278470) 일봉 전략 분석 실행
2025-08-13 14:48:45,388 - INFO - 📊 에이피알(278470) 일봉 분석 완료: HOLD (강도: 0.00, 현재가: 206,000.0원)
2025-08-13 14:48:45,388 - INFO - ⏸️ 에이피알(278470) 매매 조건 미충족
2025-08-13 14:48:47,398 - INFO - 🔍 [3/5] 한화시스템(272210) 하이브리드 분석 시작
2025-08-13 14:48:47,399 - INFO - 📅 한화시스템(272210) 일봉 전략 분석 실행
2025-08-13 14:48:47,468 - INFO - 📊 한화시스템(272210) 일봉 분석 완료: HOLD (강도: 0.00, 현재가: 52,000.0원)
2025-08-13 14:48:47,469 - INFO - ⏸️ 한화시스템(272210) 매매 조건 미충족
2025-08-13 14:48:49,475 - INFO - 🔍 [4/5] DB하이텍(000990) 하이브리드 분석 시작
2025-08-13 14:48:49,476 - INFO - 📅 DB하이텍(000990) 일봉 전략 분석 실행
2025-08-13 14:48:49,557 - INFO - 📊 DB하이텍(000990) 일봉 분석 완료: BUY (강도: 5.00, 현재가: 47,250.0원)
2025-08-13 14:48:49,557 - INFO - 🎯 DB하이텍(000990) BUY 최적 타이밍 분석
2025-08-13 14:48:49,634 - INFO - ✅ DB하이텍(000990) 타이밍 적절: 점수 4/5 (분봉상승추세, 적정변동폭, 스프레드양호)
2025-08-13 14:48:49,634 - INFO - 🚫 000990 매수 불가: 재매수 금지 기간 중 (남은 시간: 0.8시간)
2025-08-13 14:48:49,634 - INFO - ⏸️ DB하이텍(000990) 매매 조건 미충족
2025-08-13 14:48:51,643 - INFO - 🔍 [5/5] 산일전기(062040) 하이브리드 분석 시작
2025-08-13 14:48:51,643 - INFO - 📅 산일전기(062040) 일봉 전략 분석 실행
2025-08-13 14:48:51,723 - INFO - 📊 산일전기(062040) 일봉 분석 완료: HOLD (강도: 0.00, 현재가: 114,700.0원)
2025-08-13 14:48:51,723 - INFO - ⏸️ 산일전기(062040) 매매 조건 미충족
2025-08-13 14:48:53,733 - INFO - 💼 기존 포지션 손익 관리 중...
2025-08-13 14:48:53,734 - INFO - ✅ 하이브리드 사이클 완료 (이번 사이클 거래: 0회)
2025-08-13 14:48:53,734 - INFO - ⏰ 다음 하이브리드 체크: 15:18:43 (30분 후)
